[0.644s] Invoking command in '/home/uditr/mybot_ws/src/mybot_py_programs': PYTHONPATH=/home/uditr/mybot_ws/build/mybot_py_programs/prefix_override:/usr/lib/python3/dist-packages/colcon_core/task/python/colcon_distutils_commands:/home/uditr/mybot_ws/install/mybot_py_programs/lib/python3.10/site-packages:${PYTHONPATH} /usr/bin/python3 -W ignore:setup.py install is deprecated setup.py egg_info --egg-base ../../build/mybot_py_programs build --build-base /home/uditr/mybot_ws/build/mybot_py_programs/build install --record /home/uditr/mybot_ws/build/mybot_py_programs/install.log --single-version-externally-managed install_data
[0.921s] running egg_info
[0.921s] writing ../../build/mybot_py_programs/mybot_py_programs.egg-info/PKG-INFO
[0.922s] writing dependency_links to ../../build/mybot_py_programs/mybot_py_programs.egg-info/dependency_links.txt
[0.922s] writing entry points to ../../build/mybot_py_programs/mybot_py_programs.egg-info/entry_points.txt
[0.922s] writing requirements to ../../build/mybot_py_programs/mybot_py_programs.egg-info/requires.txt
[0.922s] writing top-level names to ../../build/mybot_py_programs/mybot_py_programs.egg-info/top_level.txt
[0.924s] reading manifest file '../../build/mybot_py_programs/mybot_py_programs.egg-info/SOURCES.txt'
[0.925s] writing manifest file '../../build/mybot_py_programs/mybot_py_programs.egg-info/SOURCES.txt'
[0.925s] running build
[0.926s] running build_py
[0.926s] running install
[0.926s] running install_lib
[0.928s] running install_data
[0.928s] running install_egg_info
[0.930s] removing '/home/uditr/mybot_ws/install/mybot_py_programs/lib/python3.10/site-packages/mybot_py_programs-0.0.0-py3.10.egg-info' (and everything under it)
[0.930s] Copying ../../build/mybot_py_programs/mybot_py_programs.egg-info to /home/uditr/mybot_ws/install/mybot_py_programs/lib/python3.10/site-packages/mybot_py_programs-0.0.0-py3.10.egg-info
[0.931s] running install_scripts
[0.956s] Installing simple_controller script to /home/uditr/mybot_ws/install/mybot_py_programs/lib/mybot_py_programs
[0.956s] Installing simple_parameter script to /home/uditr/mybot_ws/install/mybot_py_programs/lib/mybot_py_programs
[0.956s] Installing simple_publisher script to /home/uditr/mybot_ws/install/mybot_py_programs/lib/mybot_py_programs
[0.956s] Installing simple_subscriber script to /home/uditr/mybot_ws/install/mybot_py_programs/lib/mybot_py_programs
[0.956s] Installing simple_turtlesim_kinematics script to /home/uditr/mybot_ws/install/mybot_py_programs/lib/mybot_py_programs
[0.957s] writing list of installed files to '/home/uditr/mybot_ws/build/mybot_py_programs/install.log'
[0.984s] Invoked command in '/home/uditr/mybot_ws/src/mybot_py_programs' returned '0': PYTHONPATH=/home/uditr/mybot_ws/build/mybot_py_programs/prefix_override:/usr/lib/python3/dist-packages/colcon_core/task/python/colcon_distutils_commands:/home/uditr/mybot_ws/install/mybot_py_programs/lib/python3.10/site-packages:${PYTHONPATH} /usr/bin/python3 -W ignore:setup.py install is deprecated setup.py egg_info --egg-base ../../build/mybot_py_programs build --build-base /home/uditr/mybot_ws/build/mybot_py_programs/build install --record /home/uditr/mybot_ws/build/mybot_py_programs/install.log --single-version-externally-managed install_data
