[0.553s] DEBUG:colcon:Command line arguments: ['/usr/bin/colcon', 'build']
[0.553s] DEBUG:colcon:Parsed command line arguments: Namespace(log_base=None, log_level=None, verb_name='build', build_base='build', install_base='install', merge_install=False, symlink_install=False, test_result_base=None, continue_on_error=False, executor='parallel', parallel_workers=8, event_handlers=None, ignore_user_meta=False, metas=['./colcon.meta'], base_paths=['.'], packages_ignore=None, packages_ignore_regex=None, paths=None, packages_up_to=None, packages_up_to_regex=None, packages_above=None, packages_above_and_dependencies=None, packages_above_depth=None, packages_select_by_dep=None, packages_skip_by_dep=None, packages_skip_up_to=None, packages_select_build_failed=False, packages_skip_build_finished=False, packages_select_test_failures=False, packages_skip_test_passed=False, packages_select=None, packages_skip=None, packages_select_regex=None, packages_skip_regex=None, packages_start=None, packages_end=None, allow_overriding=[], cmake_args=None, cmake_target=None, cmake_target_skip_unavailable=False, cmake_clean_cache=False, cmake_clean_first=False, cmake_force_configure=False, ament_cmake_args=None, catkin_cmake_args=None, catkin_skip_building_tests=False, mixin_files=None, mixin=None, verb_parser=<colcon_mixin.mixin.mixin_argument.MixinArgumentDecorator object at 0x7cfee08f3340>, verb_extension=<colcon_core.verb.build.BuildVerb object at 0x7cfee08f2e60>, main=<bound method BuildVerb.main of <colcon_core.verb.build.BuildVerb object at 0x7cfee08f2e60>>, mixin_verb=('build',))
[5.633s] Level 1:colcon.colcon_core.package_discovery:discover_packages(colcon_meta) check parameters
[5.633s] Level 1:colcon.colcon_core.package_discovery:discover_packages(recursive) check parameters
[5.633s] Level 1:colcon.colcon_core.package_discovery:discover_packages(ignore) check parameters
[5.633s] Level 1:colcon.colcon_core.package_discovery:discover_packages(path) check parameters
[5.633s] Level 1:colcon.colcon_core.package_discovery:discover_packages(colcon_meta) discover
[5.633s] Level 1:colcon.colcon_core.package_discovery:discover_packages(recursive) discover
[5.633s] INFO:colcon.colcon_core.package_discovery:Crawling recursively for packages in '/home/uditr/mybot_ws/src'
[5.633s] Level 1:colcon.colcon_core.package_identification:_identify(.) by extensions ['ignore', 'ignore_ament_install']
[5.633s] Level 1:colcon.colcon_core.package_identification:_identify(.) by extension 'ignore'
[5.633s] Level 1:colcon.colcon_core.package_identification:_identify(.) by extension 'ignore_ament_install'
[5.633s] Level 1:colcon.colcon_core.package_identification:_identify(.) by extensions ['colcon_pkg']
[5.633s] Level 1:colcon.colcon_core.package_identification:_identify(.) by extension 'colcon_pkg'
[5.633s] Level 1:colcon.colcon_core.package_identification:_identify(.) by extensions ['colcon_meta']
[5.633s] Level 1:colcon.colcon_core.package_identification:_identify(.) by extension 'colcon_meta'
[5.633s] Level 1:colcon.colcon_core.package_identification:_identify(.) by extensions ['ros']
[5.633s] Level 1:colcon.colcon_core.package_identification:_identify(.) by extension 'ros'
[5.641s] Level 1:colcon.colcon_core.package_identification:_identify(.) by extensions ['cmake', 'python']
[5.641s] Level 1:colcon.colcon_core.package_identification:_identify(.) by extension 'cmake'
[5.641s] Level 1:colcon.colcon_core.package_identification:_identify(.) by extension 'python'
[5.641s] Level 1:colcon.colcon_core.package_identification:_identify(.) by extensions ['python_setup_py']
[5.641s] Level 1:colcon.colcon_core.package_identification:_identify(.) by extension 'python_setup_py'
[5.641s] Level 1:colcon.colcon_core.package_identification:_identify(build) by extensions ['ignore', 'ignore_ament_install']
[5.641s] Level 1:colcon.colcon_core.package_identification:_identify(build) by extension 'ignore'
[5.642s] Level 1:colcon.colcon_core.package_identification:_identify(build) ignored
[5.642s] Level 1:colcon.colcon_core.package_identification:_identify(install) by extensions ['ignore', 'ignore_ament_install']
[5.642s] Level 1:colcon.colcon_core.package_identification:_identify(install) by extension 'ignore'
[5.642s] Level 1:colcon.colcon_core.package_identification:_identify(install) ignored
[5.642s] Level 1:colcon.colcon_core.package_identification:_identify(log) by extensions ['ignore', 'ignore_ament_install']
[5.642s] Level 1:colcon.colcon_core.package_identification:_identify(log) by extension 'ignore'
[5.642s] Level 1:colcon.colcon_core.package_identification:_identify(log) ignored
[5.642s] Level 1:colcon.colcon_core.package_identification:_identify(mybot_controller) by extensions ['ignore', 'ignore_ament_install']
[5.642s] Level 1:colcon.colcon_core.package_identification:_identify(mybot_controller) by extension 'ignore'
[5.642s] Level 1:colcon.colcon_core.package_identification:_identify(mybot_controller) by extension 'ignore_ament_install'
[5.642s] Level 1:colcon.colcon_core.package_identification:_identify(mybot_controller) by extensions ['colcon_pkg']
[5.642s] Level 1:colcon.colcon_core.package_identification:_identify(mybot_controller) by extension 'colcon_pkg'
[5.642s] Level 1:colcon.colcon_core.package_identification:_identify(mybot_controller) by extensions ['colcon_meta']
[5.642s] Level 1:colcon.colcon_core.package_identification:_identify(mybot_controller) by extension 'colcon_meta'
[5.642s] Level 1:colcon.colcon_core.package_identification:_identify(mybot_controller) by extensions ['ros']
[5.642s] Level 1:colcon.colcon_core.package_identification:_identify(mybot_controller) by extension 'ros'
[5.680s] DEBUG:colcon.colcon_core.package_identification:Package 'mybot_controller' with type 'ros.ament_cmake' and name 'mybot_controller'
[5.707s] Level 1:colcon.colcon_core.package_identification:_identify(mybot_cpp_programs) by extensions ['ignore', 'ignore_ament_install']
[5.707s] Level 1:colcon.colcon_core.package_identification:_identify(mybot_cpp_programs) by extension 'ignore'
[5.707s] Level 1:colcon.colcon_core.package_identification:_identify(mybot_cpp_programs) by extension 'ignore_ament_install'
[5.707s] Level 1:colcon.colcon_core.package_identification:_identify(mybot_cpp_programs) by extensions ['colcon_pkg']
[5.707s] Level 1:colcon.colcon_core.package_identification:_identify(mybot_cpp_programs) by extension 'colcon_pkg'
[5.707s] Level 1:colcon.colcon_core.package_identification:_identify(mybot_cpp_programs) by extensions ['colcon_meta']
[5.707s] Level 1:colcon.colcon_core.package_identification:_identify(mybot_cpp_programs) by extension 'colcon_meta'
[5.707s] Level 1:colcon.colcon_core.package_identification:_identify(mybot_cpp_programs) by extensions ['ros']
[5.707s] Level 1:colcon.colcon_core.package_identification:_identify(mybot_cpp_programs) by extension 'ros'
[5.723s] DEBUG:colcon.colcon_core.package_identification:Package 'mybot_cpp_programs' with type 'ros.ament_cmake' and name 'mybot_cpp_programs'
[5.724s] Level 1:colcon.colcon_core.package_identification:_identify(mybot_description) by extensions ['ignore', 'ignore_ament_install']
[5.724s] Level 1:colcon.colcon_core.package_identification:_identify(mybot_description) by extension 'ignore'
[5.724s] Level 1:colcon.colcon_core.package_identification:_identify(mybot_description) by extension 'ignore_ament_install'
[5.724s] Level 1:colcon.colcon_core.package_identification:_identify(mybot_description) by extensions ['colcon_pkg']
[5.724s] Level 1:colcon.colcon_core.package_identification:_identify(mybot_description) by extension 'colcon_pkg'
[5.724s] Level 1:colcon.colcon_core.package_identification:_identify(mybot_description) by extensions ['colcon_meta']
[5.724s] Level 1:colcon.colcon_core.package_identification:_identify(mybot_description) by extension 'colcon_meta'
[5.724s] Level 1:colcon.colcon_core.package_identification:_identify(mybot_description) by extensions ['ros']
[5.724s] Level 1:colcon.colcon_core.package_identification:_identify(mybot_description) by extension 'ros'
[5.729s] DEBUG:colcon.colcon_core.package_identification:Package 'mybot_description' with type 'ros.ament_cmake' and name 'mybot_description'
[5.751s] Level 1:colcon.colcon_core.package_identification:_identify(mybot_py_programs) by extensions ['ignore', 'ignore_ament_install']
[5.751s] Level 1:colcon.colcon_core.package_identification:_identify(mybot_py_programs) by extension 'ignore'
[5.751s] Level 1:colcon.colcon_core.package_identification:_identify(mybot_py_programs) by extension 'ignore_ament_install'
[5.751s] Level 1:colcon.colcon_core.package_identification:_identify(mybot_py_programs) by extensions ['colcon_pkg']
[5.751s] Level 1:colcon.colcon_core.package_identification:_identify(mybot_py_programs) by extension 'colcon_pkg'
[5.751s] Level 1:colcon.colcon_core.package_identification:_identify(mybot_py_programs) by extensions ['colcon_meta']
[5.751s] Level 1:colcon.colcon_core.package_identification:_identify(mybot_py_programs) by extension 'colcon_meta'
[5.751s] Level 1:colcon.colcon_core.package_identification:_identify(mybot_py_programs) by extensions ['ros']
[5.751s] Level 1:colcon.colcon_core.package_identification:_identify(mybot_py_programs) by extension 'ros'
[5.764s] DEBUG:colcon.colcon_core.package_identification:Package 'mybot_py_programs' with type 'ros.ament_python' and name 'mybot_py_programs'
[5.764s] Level 1:colcon.colcon_core.package_discovery:discover_packages(recursive) using defaults
[5.764s] Level 1:colcon.colcon_core.package_discovery:discover_packages(ignore) discover
[5.764s] Level 1:colcon.colcon_core.package_discovery:discover_packages(ignore) using defaults
[5.764s] Level 1:colcon.colcon_core.package_discovery:discover_packages(path) discover
[5.764s] Level 1:colcon.colcon_core.package_discovery:discover_packages(path) using defaults
[6.034s] Level 1:colcon.colcon_core.package_discovery:discover_packages(prefix_path) check parameters
[6.034s] Level 1:colcon.colcon_core.package_discovery:discover_packages(prefix_path) discover
[6.038s] DEBUG:colcon.colcon_installed_package_information.package_discovery:Found 366 installed packages in /opt/ros/humble
[6.040s] Level 1:colcon.colcon_core.package_discovery:discover_packages(prefix_path) using defaults
[8.342s] Level 5:colcon.colcon_core.verb:set package 'mybot_controller' build argument 'cmake_args' from command line to 'None'
[8.342s] Level 5:colcon.colcon_core.verb:set package 'mybot_controller' build argument 'cmake_target' from command line to 'None'
[8.342s] Level 5:colcon.colcon_core.verb:set package 'mybot_controller' build argument 'cmake_target_skip_unavailable' from command line to 'False'
[8.342s] Level 5:colcon.colcon_core.verb:set package 'mybot_controller' build argument 'cmake_clean_cache' from command line to 'False'
[8.342s] Level 5:colcon.colcon_core.verb:set package 'mybot_controller' build argument 'cmake_clean_first' from command line to 'False'
[8.342s] Level 5:colcon.colcon_core.verb:set package 'mybot_controller' build argument 'cmake_force_configure' from command line to 'False'
[8.342s] Level 5:colcon.colcon_core.verb:set package 'mybot_controller' build argument 'ament_cmake_args' from command line to 'None'
[8.342s] Level 5:colcon.colcon_core.verb:set package 'mybot_controller' build argument 'catkin_cmake_args' from command line to 'None'
[8.342s] Level 5:colcon.colcon_core.verb:set package 'mybot_controller' build argument 'catkin_skip_building_tests' from command line to 'False'
[8.342s] DEBUG:colcon.colcon_core.verb:Building package 'mybot_controller' with the following arguments: {'ament_cmake_args': None, 'build_base': '/home/uditr/mybot_ws/src/build/mybot_controller', 'catkin_cmake_args': None, 'catkin_skip_building_tests': False, 'cmake_args': None, 'cmake_clean_cache': False, 'cmake_clean_first': False, 'cmake_force_configure': False, 'cmake_target': None, 'cmake_target_skip_unavailable': False, 'install_base': '/home/uditr/mybot_ws/src/install/mybot_controller', 'merge_install': False, 'path': '/home/uditr/mybot_ws/src/mybot_controller', 'symlink_install': False, 'test_result_base': None}
[8.343s] Level 5:colcon.colcon_core.verb:set package 'mybot_cpp_programs' build argument 'cmake_args' from command line to 'None'
[8.343s] Level 5:colcon.colcon_core.verb:set package 'mybot_cpp_programs' build argument 'cmake_target' from command line to 'None'
[8.343s] Level 5:colcon.colcon_core.verb:set package 'mybot_cpp_programs' build argument 'cmake_target_skip_unavailable' from command line to 'False'
[8.343s] Level 5:colcon.colcon_core.verb:set package 'mybot_cpp_programs' build argument 'cmake_clean_cache' from command line to 'False'
[8.343s] Level 5:colcon.colcon_core.verb:set package 'mybot_cpp_programs' build argument 'cmake_clean_first' from command line to 'False'
[8.343s] Level 5:colcon.colcon_core.verb:set package 'mybot_cpp_programs' build argument 'cmake_force_configure' from command line to 'False'
[8.343s] Level 5:colcon.colcon_core.verb:set package 'mybot_cpp_programs' build argument 'ament_cmake_args' from command line to 'None'
[8.343s] Level 5:colcon.colcon_core.verb:set package 'mybot_cpp_programs' build argument 'catkin_cmake_args' from command line to 'None'
[8.343s] Level 5:colcon.colcon_core.verb:set package 'mybot_cpp_programs' build argument 'catkin_skip_building_tests' from command line to 'False'
[8.343s] DEBUG:colcon.colcon_core.verb:Building package 'mybot_cpp_programs' with the following arguments: {'ament_cmake_args': None, 'build_base': '/home/uditr/mybot_ws/src/build/mybot_cpp_programs', 'catkin_cmake_args': None, 'catkin_skip_building_tests': False, 'cmake_args': None, 'cmake_clean_cache': False, 'cmake_clean_first': False, 'cmake_force_configure': False, 'cmake_target': None, 'cmake_target_skip_unavailable': False, 'install_base': '/home/uditr/mybot_ws/src/install/mybot_cpp_programs', 'merge_install': False, 'path': '/home/uditr/mybot_ws/src/mybot_cpp_programs', 'symlink_install': False, 'test_result_base': None}
[8.343s] Level 5:colcon.colcon_core.verb:set package 'mybot_description' build argument 'cmake_args' from command line to 'None'
[8.343s] Level 5:colcon.colcon_core.verb:set package 'mybot_description' build argument 'cmake_target' from command line to 'None'
[8.343s] Level 5:colcon.colcon_core.verb:set package 'mybot_description' build argument 'cmake_target_skip_unavailable' from command line to 'False'
[8.343s] Level 5:colcon.colcon_core.verb:set package 'mybot_description' build argument 'cmake_clean_cache' from command line to 'False'
[8.343s] Level 5:colcon.colcon_core.verb:set package 'mybot_description' build argument 'cmake_clean_first' from command line to 'False'
[8.343s] Level 5:colcon.colcon_core.verb:set package 'mybot_description' build argument 'cmake_force_configure' from command line to 'False'
[8.343s] Level 5:colcon.colcon_core.verb:set package 'mybot_description' build argument 'ament_cmake_args' from command line to 'None'
[8.343s] Level 5:colcon.colcon_core.verb:set package 'mybot_description' build argument 'catkin_cmake_args' from command line to 'None'
[8.343s] Level 5:colcon.colcon_core.verb:set package 'mybot_description' build argument 'catkin_skip_building_tests' from command line to 'False'
[8.344s] DEBUG:colcon.colcon_core.verb:Building package 'mybot_description' with the following arguments: {'ament_cmake_args': None, 'build_base': '/home/uditr/mybot_ws/src/build/mybot_description', 'catkin_cmake_args': None, 'catkin_skip_building_tests': False, 'cmake_args': None, 'cmake_clean_cache': False, 'cmake_clean_first': False, 'cmake_force_configure': False, 'cmake_target': None, 'cmake_target_skip_unavailable': False, 'install_base': '/home/uditr/mybot_ws/src/install/mybot_description', 'merge_install': False, 'path': '/home/uditr/mybot_ws/src/mybot_description', 'symlink_install': False, 'test_result_base': None}
[8.344s] Level 5:colcon.colcon_core.verb:set package 'mybot_py_programs' build argument 'cmake_args' from command line to 'None'
[8.344s] Level 5:colcon.colcon_core.verb:set package 'mybot_py_programs' build argument 'cmake_target' from command line to 'None'
[8.344s] Level 5:colcon.colcon_core.verb:set package 'mybot_py_programs' build argument 'cmake_target_skip_unavailable' from command line to 'False'
[8.344s] Level 5:colcon.colcon_core.verb:set package 'mybot_py_programs' build argument 'cmake_clean_cache' from command line to 'False'
[8.344s] Level 5:colcon.colcon_core.verb:set package 'mybot_py_programs' build argument 'cmake_clean_first' from command line to 'False'
[8.344s] Level 5:colcon.colcon_core.verb:set package 'mybot_py_programs' build argument 'cmake_force_configure' from command line to 'False'
[8.344s] Level 5:colcon.colcon_core.verb:set package 'mybot_py_programs' build argument 'ament_cmake_args' from command line to 'None'
[8.344s] Level 5:colcon.colcon_core.verb:set package 'mybot_py_programs' build argument 'catkin_cmake_args' from command line to 'None'
[8.344s] Level 5:colcon.colcon_core.verb:set package 'mybot_py_programs' build argument 'catkin_skip_building_tests' from command line to 'False'
[8.344s] DEBUG:colcon.colcon_core.verb:Building package 'mybot_py_programs' with the following arguments: {'ament_cmake_args': None, 'build_base': '/home/uditr/mybot_ws/src/build/mybot_py_programs', 'catkin_cmake_args': None, 'catkin_skip_building_tests': False, 'cmake_args': None, 'cmake_clean_cache': False, 'cmake_clean_first': False, 'cmake_force_configure': False, 'cmake_target': None, 'cmake_target_skip_unavailable': False, 'install_base': '/home/uditr/mybot_ws/src/install/mybot_py_programs', 'merge_install': False, 'path': '/home/uditr/mybot_ws/src/mybot_py_programs', 'symlink_install': False, 'test_result_base': None}
[8.344s] INFO:colcon.colcon_core.executor:Executing jobs using 'parallel' executor
[8.345s] DEBUG:colcon.colcon_parallel_executor.executor.parallel:run_until_complete
[8.345s] INFO:colcon.colcon_ros.task.ament_cmake.build:Building ROS package in '/home/uditr/mybot_ws/src/mybot_controller' with build type 'ament_cmake'
[8.345s] INFO:colcon.colcon_cmake.task.cmake.build:Building CMake package in '/home/uditr/mybot_ws/src/mybot_controller'
[8.364s] INFO:colcon.colcon_core.plugin_system:Skipping extension 'colcon_core.shell.bat': Not used on non-Windows systems
[8.365s] INFO:colcon.colcon_core.shell:Skip shell extension 'powershell' for command environment: Not usable outside of PowerShell
[8.365s] DEBUG:colcon.colcon_core.shell:Skip shell extension 'dsv' for command environment
[8.369s] INFO:colcon.colcon_ros.task.ament_cmake.build:Building ROS package in '/home/uditr/mybot_ws/src/mybot_cpp_programs' with build type 'ament_cmake'
[8.370s] INFO:colcon.colcon_cmake.task.cmake.build:Building CMake package in '/home/uditr/mybot_ws/src/mybot_cpp_programs'
[8.370s] INFO:colcon.colcon_core.shell:Skip shell extension 'powershell' for command environment: Not usable outside of PowerShell
[8.370s] DEBUG:colcon.colcon_core.shell:Skip shell extension 'dsv' for command environment
[8.395s] INFO:colcon.colcon_ros.task.ament_cmake.build:Building ROS package in '/home/uditr/mybot_ws/src/mybot_description' with build type 'ament_cmake'
[8.395s] INFO:colcon.colcon_cmake.task.cmake.build:Building CMake package in '/home/uditr/mybot_ws/src/mybot_description'
[8.396s] INFO:colcon.colcon_core.shell:Skip shell extension 'powershell' for command environment: Not usable outside of PowerShell
[8.396s] DEBUG:colcon.colcon_core.shell:Skip shell extension 'dsv' for command environment
[8.398s] INFO:colcon.colcon_ros.task.ament_python.build:Building ROS package in '/home/uditr/mybot_ws/src/mybot_py_programs' with build type 'ament_python'
[8.398s] Level 1:colcon.colcon_core.shell:create_environment_hook('mybot_py_programs', 'ament_prefix_path')
[8.398s] INFO:colcon.colcon_core.shell:Creating environment hook '/home/uditr/mybot_ws/src/install/mybot_py_programs/share/mybot_py_programs/hook/ament_prefix_path.ps1'
[8.462s] INFO:colcon.colcon_core.shell:Creating environment descriptor '/home/uditr/mybot_ws/src/install/mybot_py_programs/share/mybot_py_programs/hook/ament_prefix_path.dsv'
[8.463s] INFO:colcon.colcon_core.shell:Creating environment hook '/home/uditr/mybot_ws/src/install/mybot_py_programs/share/mybot_py_programs/hook/ament_prefix_path.sh'
[8.464s] INFO:colcon.colcon_core.shell:Skip shell extension 'powershell' for command environment: Not usable outside of PowerShell
[8.464s] DEBUG:colcon.colcon_core.shell:Skip shell extension 'dsv' for command environment
[8.469s] DEBUG:colcon.colcon_core.event_handler.log_command:Invoking command in '/home/uditr/mybot_ws/src/build/mybot_controller': CMAKE_PREFIX_PATH=/opt/ros/humble /usr/bin/cmake /home/uditr/mybot_ws/src/mybot_controller -DCMAKE_INSTALL_PREFIX=/home/uditr/mybot_ws/src/install/mybot_controller
[8.735s] DEBUG:colcon.colcon_core.event_handler.log_command:Invoking command in '/home/uditr/mybot_ws/src/build/mybot_cpp_programs': CMAKE_PREFIX_PATH=/opt/ros/humble /usr/bin/cmake --build /home/uditr/mybot_ws/src/build/mybot_cpp_programs -- -j8 -l8
[8.736s] DEBUG:colcon.colcon_core.event_handler.log_command:Invoking command in '/home/uditr/mybot_ws/src/build/mybot_description': CMAKE_PREFIX_PATH=/opt/ros/humble /usr/bin/cmake /home/uditr/mybot_ws/src/mybot_description -DCMAKE_INSTALL_PREFIX=/home/uditr/mybot_ws/src/install/mybot_description
[9.229s] INFO:colcon.colcon_core.task.python.build:Building Python package in '/home/uditr/mybot_ws/src/mybot_py_programs'
[9.229s] INFO:colcon.colcon_core.shell:Skip shell extension 'powershell' for command environment: Not usable outside of PowerShell
[9.229s] DEBUG:colcon.colcon_core.shell:Skip shell extension 'dsv' for command environment
[11.674s] DEBUG:colcon.colcon_core.event_handler.log_command:Invoked command in '/home/uditr/mybot_ws/src/build/mybot_cpp_programs' returned '0': CMAKE_PREFIX_PATH=/opt/ros/humble /usr/bin/cmake --build /home/uditr/mybot_ws/src/build/mybot_cpp_programs -- -j8 -l8
[11.696s] DEBUG:colcon.colcon_core.event_handler.log_command:Invoking command in '/home/uditr/mybot_ws/src/build/mybot_cpp_programs': CMAKE_PREFIX_PATH=/opt/ros/humble /usr/bin/cmake --install /home/uditr/mybot_ws/src/build/mybot_cpp_programs
[12.522s] Level 1:colcon.colcon_core.environment:create_environment_scripts_only(mybot_cpp_programs)
[12.523s] DEBUG:colcon.colcon_core.event_handler.log_command:Invoked command in '/home/uditr/mybot_ws/src/build/mybot_cpp_programs' returned '0': CMAKE_PREFIX_PATH=/opt/ros/humble /usr/bin/cmake --install /home/uditr/mybot_ws/src/build/mybot_cpp_programs
[12.588s] Level 1:colcon.colcon_core.environment:checking '/home/uditr/mybot_ws/src/install/mybot_cpp_programs' for CMake module files
[12.589s] Level 1:colcon.colcon_core.environment:checking '/home/uditr/mybot_ws/src/install/mybot_cpp_programs' for CMake config files
[12.589s] Level 1:colcon.colcon_core.shell:create_environment_hook('mybot_cpp_programs', 'cmake_prefix_path')
[12.589s] INFO:colcon.colcon_core.shell:Creating environment hook '/home/uditr/mybot_ws/src/install/mybot_cpp_programs/share/mybot_cpp_programs/hook/cmake_prefix_path.ps1'
[12.590s] INFO:colcon.colcon_core.shell:Creating environment descriptor '/home/uditr/mybot_ws/src/install/mybot_cpp_programs/share/mybot_cpp_programs/hook/cmake_prefix_path.dsv'
[12.590s] INFO:colcon.colcon_core.shell:Creating environment hook '/home/uditr/mybot_ws/src/install/mybot_cpp_programs/share/mybot_cpp_programs/hook/cmake_prefix_path.sh'
[12.591s] Level 1:colcon.colcon_core.environment:checking '/home/uditr/mybot_ws/src/install/mybot_cpp_programs/bin'
[12.591s] Level 1:colcon.colcon_core.environment:checking '/home/uditr/mybot_ws/src/install/mybot_cpp_programs/lib/pkgconfig/mybot_cpp_programs.pc'
[12.591s] Level 1:colcon.colcon_core.environment:checking '/home/uditr/mybot_ws/src/install/mybot_cpp_programs/lib/python3.10/site-packages'
[12.591s] Level 1:colcon.colcon_core.environment:checking '/home/uditr/mybot_ws/src/install/mybot_cpp_programs/bin'
[12.591s] INFO:colcon.colcon_core.shell:Creating package script '/home/uditr/mybot_ws/src/install/mybot_cpp_programs/share/mybot_cpp_programs/package.ps1'
[12.593s] INFO:colcon.colcon_core.shell:Creating package descriptor '/home/uditr/mybot_ws/src/install/mybot_cpp_programs/share/mybot_cpp_programs/package.dsv'
[12.655s] INFO:colcon.colcon_core.shell:Creating package script '/home/uditr/mybot_ws/src/install/mybot_cpp_programs/share/mybot_cpp_programs/package.sh'
[12.727s] INFO:colcon.colcon_core.shell:Creating package script '/home/uditr/mybot_ws/src/install/mybot_cpp_programs/share/mybot_cpp_programs/package.bash'
[12.752s] INFO:colcon.colcon_core.shell:Creating package script '/home/uditr/mybot_ws/src/install/mybot_cpp_programs/share/mybot_cpp_programs/package.zsh'
[12.887s] Level 1:colcon.colcon_core.environment:create_file_with_runtime_dependencies(/home/uditr/mybot_ws/src/install/mybot_cpp_programs/share/colcon-core/packages/mybot_cpp_programs)
[13.042s] Level 1:colcon.colcon_core.environment:create_environment_scripts_only(mybot_cpp_programs)
[13.042s] Level 1:colcon.colcon_core.environment:checking '/home/uditr/mybot_ws/src/install/mybot_cpp_programs' for CMake module files
[13.043s] Level 1:colcon.colcon_core.environment:checking '/home/uditr/mybot_ws/src/install/mybot_cpp_programs' for CMake config files
[13.043s] Level 1:colcon.colcon_core.shell:create_environment_hook('mybot_cpp_programs', 'cmake_prefix_path')
[13.043s] INFO:colcon.colcon_core.shell:Creating environment hook '/home/uditr/mybot_ws/src/install/mybot_cpp_programs/share/mybot_cpp_programs/hook/cmake_prefix_path.ps1'
[13.044s] INFO:colcon.colcon_core.shell:Creating environment descriptor '/home/uditr/mybot_ws/src/install/mybot_cpp_programs/share/mybot_cpp_programs/hook/cmake_prefix_path.dsv'
[13.044s] INFO:colcon.colcon_core.shell:Creating environment hook '/home/uditr/mybot_ws/src/install/mybot_cpp_programs/share/mybot_cpp_programs/hook/cmake_prefix_path.sh'
[13.044s] Level 1:colcon.colcon_core.environment:checking '/home/uditr/mybot_ws/src/install/mybot_cpp_programs/bin'
[13.044s] Level 1:colcon.colcon_core.environment:checking '/home/uditr/mybot_ws/src/install/mybot_cpp_programs/lib/pkgconfig/mybot_cpp_programs.pc'
[13.044s] Level 1:colcon.colcon_core.environment:checking '/home/uditr/mybot_ws/src/install/mybot_cpp_programs/lib/python3.10/site-packages'
[13.045s] Level 1:colcon.colcon_core.environment:checking '/home/uditr/mybot_ws/src/install/mybot_cpp_programs/bin'
[13.045s] INFO:colcon.colcon_core.shell:Creating package script '/home/uditr/mybot_ws/src/install/mybot_cpp_programs/share/mybot_cpp_programs/package.ps1'
[13.045s] INFO:colcon.colcon_core.shell:Creating package descriptor '/home/uditr/mybot_ws/src/install/mybot_cpp_programs/share/mybot_cpp_programs/package.dsv'
[13.045s] INFO:colcon.colcon_core.shell:Creating package script '/home/uditr/mybot_ws/src/install/mybot_cpp_programs/share/mybot_cpp_programs/package.sh'
[13.046s] INFO:colcon.colcon_core.shell:Creating package script '/home/uditr/mybot_ws/src/install/mybot_cpp_programs/share/mybot_cpp_programs/package.bash'
[13.046s] INFO:colcon.colcon_core.shell:Creating package script '/home/uditr/mybot_ws/src/install/mybot_cpp_programs/share/mybot_cpp_programs/package.zsh'
[13.046s] Level 1:colcon.colcon_core.environment:create_file_with_runtime_dependencies(/home/uditr/mybot_ws/src/install/mybot_cpp_programs/share/colcon-core/packages/mybot_cpp_programs)
[26.311s] DEBUG:colcon.colcon_core.event_handler.log_command:Invoking command in '/home/uditr/mybot_ws/src/mybot_py_programs': PYTHONPATH=/home/uditr/mybot_ws/src/build/mybot_py_programs/prefix_override:/usr/lib/python3/dist-packages/colcon_core/task/python/colcon_distutils_commands:/home/uditr/mybot_ws/src/install/mybot_py_programs/lib/python3.10/site-packages:${PYTHONPATH} /usr/bin/python3 -W ignore:setup.py install is deprecated setup.py egg_info --egg-base ../build/mybot_py_programs build --build-base /home/uditr/mybot_ws/src/build/mybot_py_programs/build install --record /home/uditr/mybot_ws/src/build/mybot_py_programs/install.log --single-version-externally-managed install_data
[27.916s] Level 1:colcon.colcon_core.environment:checking '/home/uditr/mybot_ws/src/install/mybot_py_programs' for CMake module files
[27.916s] DEBUG:colcon.colcon_core.event_handler.log_command:Invoked command in '/home/uditr/mybot_ws/src/mybot_py_programs' returned '0': PYTHONPATH=/home/uditr/mybot_ws/src/build/mybot_py_programs/prefix_override:/usr/lib/python3/dist-packages/colcon_core/task/python/colcon_distutils_commands:/home/uditr/mybot_ws/src/install/mybot_py_programs/lib/python3.10/site-packages:${PYTHONPATH} /usr/bin/python3 -W ignore:setup.py install is deprecated setup.py egg_info --egg-base ../build/mybot_py_programs build --build-base /home/uditr/mybot_ws/src/build/mybot_py_programs/build install --record /home/uditr/mybot_ws/src/build/mybot_py_programs/install.log --single-version-externally-managed install_data
[27.917s] Level 1:colcon.colcon_core.environment:checking '/home/uditr/mybot_ws/src/install/mybot_py_programs' for CMake config files
[28.074s] Level 1:colcon.colcon_core.environment:checking '/home/uditr/mybot_ws/src/install/mybot_py_programs/lib'
[28.074s] Level 1:colcon.colcon_core.environment:checking '/home/uditr/mybot_ws/src/install/mybot_py_programs/bin'
[28.074s] Level 1:colcon.colcon_core.environment:checking '/home/uditr/mybot_ws/src/install/mybot_py_programs/lib/pkgconfig/mybot_py_programs.pc'
[28.074s] Level 1:colcon.colcon_core.environment:checking '/home/uditr/mybot_ws/src/install/mybot_py_programs/lib/python3.10/site-packages'
[28.075s] Level 1:colcon.colcon_core.shell:create_environment_hook('mybot_py_programs', 'pythonpath')
[28.075s] INFO:colcon.colcon_core.shell:Creating environment hook '/home/uditr/mybot_ws/src/install/mybot_py_programs/share/mybot_py_programs/hook/pythonpath.ps1'
[28.075s] INFO:colcon.colcon_core.shell:Creating environment descriptor '/home/uditr/mybot_ws/src/install/mybot_py_programs/share/mybot_py_programs/hook/pythonpath.dsv'
[28.075s] INFO:colcon.colcon_core.shell:Creating environment hook '/home/uditr/mybot_ws/src/install/mybot_py_programs/share/mybot_py_programs/hook/pythonpath.sh'
[28.076s] Level 1:colcon.colcon_core.environment:checking '/home/uditr/mybot_ws/src/install/mybot_py_programs/bin'
[28.076s] Level 1:colcon.colcon_core.environment:create_environment_scripts_only(mybot_py_programs)
[28.076s] INFO:colcon.colcon_core.shell:Creating package script '/home/uditr/mybot_ws/src/install/mybot_py_programs/share/mybot_py_programs/package.ps1'
[28.076s] INFO:colcon.colcon_core.shell:Creating package descriptor '/home/uditr/mybot_ws/src/install/mybot_py_programs/share/mybot_py_programs/package.dsv'
[28.077s] INFO:colcon.colcon_core.shell:Creating package script '/home/uditr/mybot_ws/src/install/mybot_py_programs/share/mybot_py_programs/package.sh'
[28.077s] INFO:colcon.colcon_core.shell:Creating package script '/home/uditr/mybot_ws/src/install/mybot_py_programs/share/mybot_py_programs/package.bash'
[28.077s] INFO:colcon.colcon_core.shell:Creating package script '/home/uditr/mybot_ws/src/install/mybot_py_programs/share/mybot_py_programs/package.zsh'
[28.078s] Level 1:colcon.colcon_core.environment:create_file_with_runtime_dependencies(/home/uditr/mybot_ws/src/install/mybot_py_programs/share/colcon-core/packages/mybot_py_programs)
[42.415s] DEBUG:colcon.colcon_core.event_handler.log_command:Invoked command in '/home/uditr/mybot_ws/src/build/mybot_controller' returned '0': CMAKE_PREFIX_PATH=/opt/ros/humble /usr/bin/cmake /home/uditr/mybot_ws/src/mybot_controller -DCMAKE_INSTALL_PREFIX=/home/uditr/mybot_ws/src/install/mybot_controller
[42.416s] DEBUG:colcon.colcon_core.event_handler.log_command:Invoking command in '/home/uditr/mybot_ws/src/build/mybot_controller': CMAKE_PREFIX_PATH=/opt/ros/humble /usr/bin/cmake --build /home/uditr/mybot_ws/src/build/mybot_controller -- -j8 -l8
[42.426s] DEBUG:colcon.colcon_core.event_handler.log_command:Invoked command in '/home/uditr/mybot_ws/src/build/mybot_description' returned '0': CMAKE_PREFIX_PATH=/opt/ros/humble /usr/bin/cmake /home/uditr/mybot_ws/src/mybot_description -DCMAKE_INSTALL_PREFIX=/home/uditr/mybot_ws/src/install/mybot_description
[42.428s] DEBUG:colcon.colcon_core.event_handler.log_command:Invoking command in '/home/uditr/mybot_ws/src/build/mybot_description': CMAKE_PREFIX_PATH=/opt/ros/humble /usr/bin/cmake --build /home/uditr/mybot_ws/src/build/mybot_description -- -j8 -l8
[42.449s] DEBUG:colcon.colcon_core.event_handler.log_command:Invoked command in '/home/uditr/mybot_ws/src/build/mybot_controller' returned '0': CMAKE_PREFIX_PATH=/opt/ros/humble /usr/bin/cmake --build /home/uditr/mybot_ws/src/build/mybot_controller -- -j8 -l8
[42.461s] DEBUG:colcon.colcon_core.event_handler.log_command:Invoked command in '/home/uditr/mybot_ws/src/build/mybot_description' returned '0': CMAKE_PREFIX_PATH=/opt/ros/humble /usr/bin/cmake --build /home/uditr/mybot_ws/src/build/mybot_description -- -j8 -l8
[42.468s] DEBUG:colcon.colcon_core.event_handler.log_command:Invoking command in '/home/uditr/mybot_ws/src/build/mybot_controller': CMAKE_PREFIX_PATH=/opt/ros/humble /usr/bin/cmake --install /home/uditr/mybot_ws/src/build/mybot_controller
[42.479s] Level 1:colcon.colcon_core.environment:create_environment_scripts_only(mybot_controller)
[42.480s] Level 1:colcon.colcon_core.environment:checking '/home/uditr/mybot_ws/src/install/mybot_controller' for CMake module files
[42.480s] DEBUG:colcon.colcon_core.event_handler.log_command:Invoked command in '/home/uditr/mybot_ws/src/build/mybot_controller' returned '0': CMAKE_PREFIX_PATH=/opt/ros/humble /usr/bin/cmake --install /home/uditr/mybot_ws/src/build/mybot_controller
[42.480s] Level 1:colcon.colcon_core.environment:checking '/home/uditr/mybot_ws/src/install/mybot_controller' for CMake config files
[42.480s] Level 1:colcon.colcon_core.shell:create_environment_hook('mybot_controller', 'cmake_prefix_path')
[42.481s] INFO:colcon.colcon_core.shell:Creating environment hook '/home/uditr/mybot_ws/src/install/mybot_controller/share/mybot_controller/hook/cmake_prefix_path.ps1'
[42.481s] INFO:colcon.colcon_core.shell:Creating environment descriptor '/home/uditr/mybot_ws/src/install/mybot_controller/share/mybot_controller/hook/cmake_prefix_path.dsv'
[42.481s] INFO:colcon.colcon_core.shell:Creating environment hook '/home/uditr/mybot_ws/src/install/mybot_controller/share/mybot_controller/hook/cmake_prefix_path.sh'
[42.482s] Level 1:colcon.colcon_core.environment:checking '/home/uditr/mybot_ws/src/install/mybot_controller/bin'
[42.482s] Level 1:colcon.colcon_core.environment:checking '/home/uditr/mybot_ws/src/install/mybot_controller/lib/pkgconfig/mybot_controller.pc'
[42.482s] Level 1:colcon.colcon_core.environment:checking '/home/uditr/mybot_ws/src/install/mybot_controller/lib/python3.10/site-packages'
[42.482s] Level 1:colcon.colcon_core.environment:checking '/home/uditr/mybot_ws/src/install/mybot_controller/bin'
[42.483s] INFO:colcon.colcon_core.shell:Creating package script '/home/uditr/mybot_ws/src/install/mybot_controller/share/mybot_controller/package.ps1'
[42.483s] INFO:colcon.colcon_core.shell:Creating package descriptor '/home/uditr/mybot_ws/src/install/mybot_controller/share/mybot_controller/package.dsv'
[42.483s] INFO:colcon.colcon_core.shell:Creating package script '/home/uditr/mybot_ws/src/install/mybot_controller/share/mybot_controller/package.sh'
[42.484s] INFO:colcon.colcon_core.shell:Creating package script '/home/uditr/mybot_ws/src/install/mybot_controller/share/mybot_controller/package.bash'
[42.484s] INFO:colcon.colcon_core.shell:Creating package script '/home/uditr/mybot_ws/src/install/mybot_controller/share/mybot_controller/package.zsh'
[42.484s] Level 1:colcon.colcon_core.environment:create_file_with_runtime_dependencies(/home/uditr/mybot_ws/src/install/mybot_controller/share/colcon-core/packages/mybot_controller)
[42.486s] DEBUG:colcon.colcon_core.event_handler.log_command:Invoking command in '/home/uditr/mybot_ws/src/build/mybot_description': CMAKE_PREFIX_PATH=/opt/ros/humble /usr/bin/cmake --install /home/uditr/mybot_ws/src/build/mybot_description
[42.502s] Level 1:colcon.colcon_core.environment:create_environment_scripts_only(mybot_controller)
[42.502s] Level 1:colcon.colcon_core.environment:checking '/home/uditr/mybot_ws/src/install/mybot_controller' for CMake module files
[42.502s] Level 1:colcon.colcon_core.environment:checking '/home/uditr/mybot_ws/src/install/mybot_controller' for CMake config files
[42.502s] Level 1:colcon.colcon_core.shell:create_environment_hook('mybot_controller', 'cmake_prefix_path')
[42.503s] INFO:colcon.colcon_core.shell:Creating environment hook '/home/uditr/mybot_ws/src/install/mybot_controller/share/mybot_controller/hook/cmake_prefix_path.ps1'
[42.503s] INFO:colcon.colcon_core.shell:Creating environment descriptor '/home/uditr/mybot_ws/src/install/mybot_controller/share/mybot_controller/hook/cmake_prefix_path.dsv'
[42.503s] INFO:colcon.colcon_core.shell:Creating environment hook '/home/uditr/mybot_ws/src/install/mybot_controller/share/mybot_controller/hook/cmake_prefix_path.sh'
[42.504s] Level 1:colcon.colcon_core.environment:checking '/home/uditr/mybot_ws/src/install/mybot_controller/bin'
[42.504s] Level 1:colcon.colcon_core.environment:checking '/home/uditr/mybot_ws/src/install/mybot_controller/lib/pkgconfig/mybot_controller.pc'
[42.504s] Level 1:colcon.colcon_core.environment:checking '/home/uditr/mybot_ws/src/install/mybot_controller/lib/python3.10/site-packages'
[42.504s] Level 1:colcon.colcon_core.environment:checking '/home/uditr/mybot_ws/src/install/mybot_controller/bin'
[42.504s] INFO:colcon.colcon_core.shell:Creating package script '/home/uditr/mybot_ws/src/install/mybot_controller/share/mybot_controller/package.ps1'
[42.505s] INFO:colcon.colcon_core.shell:Creating package descriptor '/home/uditr/mybot_ws/src/install/mybot_controller/share/mybot_controller/package.dsv'
[42.505s] INFO:colcon.colcon_core.shell:Creating package script '/home/uditr/mybot_ws/src/install/mybot_controller/share/mybot_controller/package.sh'
[42.506s] INFO:colcon.colcon_core.shell:Creating package script '/home/uditr/mybot_ws/src/install/mybot_controller/share/mybot_controller/package.bash'
[42.506s] INFO:colcon.colcon_core.shell:Creating package script '/home/uditr/mybot_ws/src/install/mybot_controller/share/mybot_controller/package.zsh'
[42.506s] Level 1:colcon.colcon_core.environment:create_file_with_runtime_dependencies(/home/uditr/mybot_ws/src/install/mybot_controller/share/colcon-core/packages/mybot_controller)
[47.773s] Level 1:colcon.colcon_core.environment:create_environment_scripts_only(mybot_description)
[47.773s] Level 1:colcon.colcon_core.environment:checking '/home/uditr/mybot_ws/src/install/mybot_description' for CMake module files
[47.774s] DEBUG:colcon.colcon_core.event_handler.log_command:Invoked command in '/home/uditr/mybot_ws/src/build/mybot_description' returned '0': CMAKE_PREFIX_PATH=/opt/ros/humble /usr/bin/cmake --install /home/uditr/mybot_ws/src/build/mybot_description
[47.774s] Level 1:colcon.colcon_core.environment:checking '/home/uditr/mybot_ws/src/install/mybot_description' for CMake config files
[47.774s] Level 1:colcon.colcon_core.shell:create_environment_hook('mybot_description', 'cmake_prefix_path')
[47.775s] INFO:colcon.colcon_core.shell:Creating environment hook '/home/uditr/mybot_ws/src/install/mybot_description/share/mybot_description/hook/cmake_prefix_path.ps1'
[47.775s] INFO:colcon.colcon_core.shell:Creating environment descriptor '/home/uditr/mybot_ws/src/install/mybot_description/share/mybot_description/hook/cmake_prefix_path.dsv'
[47.775s] INFO:colcon.colcon_core.shell:Creating environment hook '/home/uditr/mybot_ws/src/install/mybot_description/share/mybot_description/hook/cmake_prefix_path.sh'
[47.776s] Level 1:colcon.colcon_core.environment:checking '/home/uditr/mybot_ws/src/install/mybot_description/bin'
[47.776s] Level 1:colcon.colcon_core.environment:checking '/home/uditr/mybot_ws/src/install/mybot_description/lib/pkgconfig/mybot_description.pc'
[47.776s] Level 1:colcon.colcon_core.environment:checking '/home/uditr/mybot_ws/src/install/mybot_description/lib/python3.10/site-packages'
[47.776s] Level 1:colcon.colcon_core.environment:checking '/home/uditr/mybot_ws/src/install/mybot_description/bin'
[47.776s] INFO:colcon.colcon_core.shell:Creating package script '/home/uditr/mybot_ws/src/install/mybot_description/share/mybot_description/package.ps1'
[47.777s] INFO:colcon.colcon_core.shell:Creating package descriptor '/home/uditr/mybot_ws/src/install/mybot_description/share/mybot_description/package.dsv'
[47.777s] INFO:colcon.colcon_core.shell:Creating package script '/home/uditr/mybot_ws/src/install/mybot_description/share/mybot_description/package.sh'
[47.777s] INFO:colcon.colcon_core.shell:Creating package script '/home/uditr/mybot_ws/src/install/mybot_description/share/mybot_description/package.bash'
[47.777s] INFO:colcon.colcon_core.shell:Creating package script '/home/uditr/mybot_ws/src/install/mybot_description/share/mybot_description/package.zsh'
[47.778s] Level 1:colcon.colcon_core.environment:create_file_with_runtime_dependencies(/home/uditr/mybot_ws/src/install/mybot_description/share/colcon-core/packages/mybot_description)
[47.792s] Level 1:colcon.colcon_core.environment:create_environment_scripts_only(mybot_description)
[47.793s] Level 1:colcon.colcon_core.environment:checking '/home/uditr/mybot_ws/src/install/mybot_description' for CMake module files
[47.793s] Level 1:colcon.colcon_core.environment:checking '/home/uditr/mybot_ws/src/install/mybot_description' for CMake config files
[47.793s] Level 1:colcon.colcon_core.shell:create_environment_hook('mybot_description', 'cmake_prefix_path')
[47.793s] INFO:colcon.colcon_core.shell:Creating environment hook '/home/uditr/mybot_ws/src/install/mybot_description/share/mybot_description/hook/cmake_prefix_path.ps1'
[47.794s] INFO:colcon.colcon_core.shell:Creating environment descriptor '/home/uditr/mybot_ws/src/install/mybot_description/share/mybot_description/hook/cmake_prefix_path.dsv'
[47.794s] INFO:colcon.colcon_core.shell:Creating environment hook '/home/uditr/mybot_ws/src/install/mybot_description/share/mybot_description/hook/cmake_prefix_path.sh'
[47.794s] Level 1:colcon.colcon_core.environment:checking '/home/uditr/mybot_ws/src/install/mybot_description/bin'
[47.795s] Level 1:colcon.colcon_core.environment:checking '/home/uditr/mybot_ws/src/install/mybot_description/lib/pkgconfig/mybot_description.pc'
[47.795s] Level 1:colcon.colcon_core.environment:checking '/home/uditr/mybot_ws/src/install/mybot_description/lib/python3.10/site-packages'
[47.795s] Level 1:colcon.colcon_core.environment:checking '/home/uditr/mybot_ws/src/install/mybot_description/bin'
[47.795s] INFO:colcon.colcon_core.shell:Creating package script '/home/uditr/mybot_ws/src/install/mybot_description/share/mybot_description/package.ps1'
[47.795s] INFO:colcon.colcon_core.shell:Creating package descriptor '/home/uditr/mybot_ws/src/install/mybot_description/share/mybot_description/package.dsv'
[47.869s] INFO:colcon.colcon_core.shell:Creating package script '/home/uditr/mybot_ws/src/install/mybot_description/share/mybot_description/package.sh'
[47.870s] INFO:colcon.colcon_core.shell:Creating package script '/home/uditr/mybot_ws/src/install/mybot_description/share/mybot_description/package.bash'
[47.870s] INFO:colcon.colcon_core.shell:Creating package script '/home/uditr/mybot_ws/src/install/mybot_description/share/mybot_description/package.zsh'
[47.870s] Level 1:colcon.colcon_core.environment:create_file_with_runtime_dependencies(/home/uditr/mybot_ws/src/install/mybot_description/share/colcon-core/packages/mybot_description)
[47.870s] DEBUG:colcon.colcon_parallel_executor.executor.parallel:closing loop
[47.871s] DEBUG:colcon.colcon_parallel_executor.executor.parallel:loop closed
[47.871s] DEBUG:colcon.colcon_parallel_executor.executor.parallel:run_until_complete finished with '0'
[47.871s] DEBUG:colcon.colcon_core.event_reactor:joining thread
[48.629s] INFO:colcon.colcon_core.plugin_system:Skipping extension 'colcon_notification.desktop_notification.terminal_notifier': Not used on non-Darwin systems
[48.629s] INFO:colcon.colcon_core.plugin_system:Skipping extension 'colcon_notification.desktop_notification.win32': Not used on non-Windows systems
[48.629s] INFO:colcon.colcon_notification.desktop_notification:Sending desktop notification using 'notify2'
[48.636s] DEBUG:colcon.colcon_core.event_reactor:joined thread
[48.636s] INFO:colcon.colcon_core.shell:Creating prefix script '/home/uditr/mybot_ws/src/install/local_setup.ps1'
[48.734s] INFO:colcon.colcon_core.shell:Creating prefix util module '/home/uditr/mybot_ws/src/install/_local_setup_util_ps1.py'
[48.819s] INFO:colcon.colcon_core.shell:Creating prefix chain script '/home/uditr/mybot_ws/src/install/setup.ps1'
[48.887s] INFO:colcon.colcon_core.shell:Creating prefix script '/home/uditr/mybot_ws/src/install/local_setup.sh'
[49.143s] INFO:colcon.colcon_core.shell:Creating prefix util module '/home/uditr/mybot_ws/src/install/_local_setup_util_sh.py'
[49.143s] INFO:colcon.colcon_core.shell:Creating prefix chain script '/home/uditr/mybot_ws/src/install/setup.sh'
[49.237s] INFO:colcon.colcon_core.shell:Creating prefix script '/home/uditr/mybot_ws/src/install/local_setup.bash'
[49.300s] INFO:colcon.colcon_core.shell:Creating prefix chain script '/home/uditr/mybot_ws/src/install/setup.bash'
[49.352s] INFO:colcon.colcon_core.shell:Creating prefix script '/home/uditr/mybot_ws/src/install/local_setup.zsh'
[49.369s] INFO:colcon.colcon_core.shell:Creating prefix chain script '/home/uditr/mybot_ws/src/install/setup.zsh'
