[0.072s] Invoking command in '/home/uditr/mybot_ws/build/mybot_cpp_programs': CMAKE_PREFIX_PATH=/opt/ros/humble /usr/bin/cmake --build /home/uditr/mybot_ws/build/mybot_cpp_programs -- -j8 -l8
[0.980s] Invoked command in '/home/uditr/mybot_ws/build/mybot_cpp_programs' returned '0': CMAKE_PREFIX_PATH=/opt/ros/humble /usr/bin/cmake --build /home/uditr/mybot_ws/build/mybot_cpp_programs -- -j8 -l8
[1.057s] Invoking command in '/home/uditr/mybot_ws/build/mybot_cpp_programs': CMAKE_PREFIX_PATH=/opt/ros/humble /usr/bin/cmake --install /home/uditr/mybot_ws/build/mybot_cpp_programs
[1.076s] -- Install configuration: ""
[1.077s] -- Execute custom install script
[1.078s] -- Up-to-date symlink: /home/uditr/mybot_ws/install/mybot_cpp_programs/share/ament_index/resource_index/package_run_dependencies/mybot_cpp_programs
[1.079s] -- Up-to-date symlink: /home/uditr/mybot_ws/install/mybot_cpp_programs/share/ament_index/resource_index/parent_prefix_path/mybot_cpp_programs
[1.080s] -- Up-to-date symlink: /home/uditr/mybot_ws/install/mybot_cpp_programs/share/mybot_cpp_programs/environment/ament_prefix_path.sh
[1.080s] -- Up-to-date symlink: /home/uditr/mybot_ws/install/mybot_cpp_programs/share/mybot_cpp_programs/environment/ament_prefix_path.dsv
[1.081s] -- Up-to-date symlink: /home/uditr/mybot_ws/install/mybot_cpp_programs/share/mybot_cpp_programs/environment/path.sh
[1.082s] -- Up-to-date symlink: /home/uditr/mybot_ws/install/mybot_cpp_programs/share/mybot_cpp_programs/environment/path.dsv
[1.083s] -- Up-to-date symlink: /home/uditr/mybot_ws/install/mybot_cpp_programs/share/mybot_cpp_programs/local_setup.bash
[1.083s] -- Up-to-date symlink: /home/uditr/mybot_ws/install/mybot_cpp_programs/share/mybot_cpp_programs/local_setup.sh
[1.085s] -- Up-to-date symlink: /home/uditr/mybot_ws/install/mybot_cpp_programs/share/mybot_cpp_programs/local_setup.zsh
[1.086s] -- Up-to-date symlink: /home/uditr/mybot_ws/install/mybot_cpp_programs/share/mybot_cpp_programs/local_setup.dsv
[1.087s] -- Symlinking: /home/uditr/mybot_ws/install/mybot_cpp_programs/share/mybot_cpp_programs/package.dsv
[1.122s] -- Up-to-date symlink: /home/uditr/mybot_ws/install/mybot_cpp_programs/share/ament_index/resource_index/packages/mybot_cpp_programs
[1.123s] -- Up-to-date symlink: /home/uditr/mybot_ws/install/mybot_cpp_programs/share/mybot_cpp_programs/cmake/mybot_cpp_programsConfig.cmake
[1.123s] -- Up-to-date symlink: /home/uditr/mybot_ws/install/mybot_cpp_programs/share/mybot_cpp_programs/cmake/mybot_cpp_programsConfig-version.cmake
[1.124s] -- Up-to-date symlink: /home/uditr/mybot_ws/install/mybot_cpp_programs/share/mybot_cpp_programs/package.xml
[1.172s] Invoked command in '/home/uditr/mybot_ws/build/mybot_cpp_programs' returned '0': CMAKE_PREFIX_PATH=/opt/ros/humble /usr/bin/cmake --install /home/uditr/mybot_ws/build/mybot_cpp_programs
