[0.019s] Invoking command in '/home/uditr/mybot_ws/build/mybot_controller': CMAKE_PREFIX_PATH=/opt/ros/humble /usr/bin/cmake --build /home/uditr/mybot_ws/build/mybot_controller -- -j8 -l8
[0.255s] Invoked command in '/home/uditr/mybot_ws/build/mybot_controller' returned '0': CMAKE_PREFIX_PATH=/opt/ros/humble /usr/bin/cmake --build /home/uditr/mybot_ws/build/mybot_controller -- -j8 -l8
[0.283s] Invoking command in '/home/uditr/mybot_ws/build/mybot_controller': CMAKE_PREFIX_PATH=/opt/ros/humble /usr/bin/cmake --install /home/uditr/mybot_ws/build/mybot_controller
[0.291s] -- Install configuration: ""
[0.291s] -- Up-to-date: /home/uditr/mybot_ws/install/mybot_controller/share/mybot_controller/config
[0.291s] -- Installing: /home/uditr/mybot_ws/install/mybot_controller/share/mybot_controller/config/mybot_controllers.yaml
[0.292s] -- Up-to-date: /home/uditr/mybot_ws/install/mybot_controller/share/ament_index/resource_index/package_run_dependencies/mybot_controller
[0.292s] -- Up-to-date: /home/uditr/mybot_ws/install/mybot_controller/share/ament_index/resource_index/parent_prefix_path/mybot_controller
[0.292s] -- Up-to-date: /home/uditr/mybot_ws/install/mybot_controller/share/mybot_controller/environment/ament_prefix_path.sh
[0.293s] -- Up-to-date: /home/uditr/mybot_ws/install/mybot_controller/share/mybot_controller/environment/ament_prefix_path.dsv
[0.293s] -- Up-to-date: /home/uditr/mybot_ws/install/mybot_controller/share/mybot_controller/environment/path.sh
[0.293s] -- Up-to-date: /home/uditr/mybot_ws/install/mybot_controller/share/mybot_controller/environment/path.dsv
[0.294s] -- Up-to-date: /home/uditr/mybot_ws/install/mybot_controller/share/mybot_controller/local_setup.bash
[0.294s] -- Up-to-date: /home/uditr/mybot_ws/install/mybot_controller/share/mybot_controller/local_setup.sh
[0.294s] -- Up-to-date: /home/uditr/mybot_ws/install/mybot_controller/share/mybot_controller/local_setup.zsh
[0.296s] -- Up-to-date: /home/uditr/mybot_ws/install/mybot_controller/share/mybot_controller/local_setup.dsv
[0.297s] -- Installing: /home/uditr/mybot_ws/install/mybot_controller/share/mybot_controller/package.dsv
[0.298s] -- Up-to-date: /home/uditr/mybot_ws/install/mybot_controller/share/ament_index/resource_index/packages/mybot_controller
[0.298s] -- Up-to-date: /home/uditr/mybot_ws/install/mybot_controller/share/mybot_controller/cmake/mybot_controllerConfig.cmake
[0.298s] -- Up-to-date: /home/uditr/mybot_ws/install/mybot_controller/share/mybot_controller/cmake/mybot_controllerConfig-version.cmake
[0.299s] -- Up-to-date: /home/uditr/mybot_ws/install/mybot_controller/share/mybot_controller/package.xml
[0.317s] Invoked command in '/home/uditr/mybot_ws/build/mybot_controller' returned '0': CMAKE_PREFIX_PATH=/opt/ros/humble /usr/bin/cmake --install /home/uditr/mybot_ws/build/mybot_controller
