[0.192s] Invoking command in '/home/uditr/mybot_ws/build/mybot_description': CMAKE_PREFIX_PATH=/opt/ros/humble /usr/bin/cmake --build /home/uditr/mybot_ws/build/mybot_description -- -j8 -l8
[3.365s] Invoked command in '/home/uditr/mybot_ws/build/mybot_description' returned '0': CMAKE_PREFIX_PATH=/opt/ros/humble /usr/bin/cmake --build /home/uditr/mybot_ws/build/mybot_description -- -j8 -l8
[3.386s] Invoking command in '/home/uditr/mybot_ws/build/mybot_description': CMAKE_PREFIX_PATH=/opt/ros/humble /usr/bin/cmake --install /home/uditr/mybot_ws/build/mybot_description
[3.419s] -- Install configuration: ""
[3.467s] -- Execute custom install script
[3.591s] -- Up-to-date symlink: /home/uditr/mybot_ws/install/mybot_description/share/mybot_description/meshesmain/base_link.STL
[3.592s] -- Up-to-date symlink: /home/uditr/mybot_ws/install/mybot_description/share/mybot_description/meshesmain/can.STL
[3.614s] -- Up-to-date symlink: /home/uditr/mybot_ws/install/mybot_description/share/mybot_description/meshesmain/caster_front_link.STL
[3.614s] -- Up-to-date symlink: /home/uditr/mybot_ws/install/mybot_description/share/mybot_description/meshesmain/caster_rear_link.STL
[3.636s] -- Up-to-date symlink: /home/uditr/mybot_ws/install/mybot_description/share/mybot_description/meshesmain/imu_link.STL
[3.636s] -- Up-to-date symlink: /home/uditr/mybot_ws/install/mybot_description/share/mybot_description/meshesmain/wheel_left_link.STL
[3.638s] -- Up-to-date symlink: /home/uditr/mybot_ws/install/mybot_description/share/mybot_description/meshesmain/wheel_right_link.STL
[3.768s] -- Up-to-date symlink: /home/uditr/mybot_ws/install/mybot_description/share/mybot_description/urdf/materials.xacro
[3.769s] -- Up-to-date symlink: /home/uditr/mybot_ws/install/mybot_description/share/mybot_description/urdf/mybot.urdf.xacro
[3.770s] -- Up-to-date symlink: /home/uditr/mybot_ws/install/mybot_description/share/mybot_description/urdf/mybot_gazebo.xacro
[3.770s] -- Up-to-date symlink: /home/uditr/mybot_ws/install/mybot_description/share/mybot_description/urdf/mybot_ros2_control.xacro
[3.772s] -- Up-to-date symlink: /home/uditr/mybot_ws/install/mybot_description/share/mybot_description/models/ground_plane/model-1_2.sdf
[3.772s] -- Up-to-date symlink: /home/uditr/mybot_ws/install/mybot_description/share/mybot_description/models/ground_plane/model-1_3.sdf
[3.772s] -- Up-to-date symlink: /home/uditr/mybot_ws/install/mybot_description/share/mybot_description/models/ground_plane/model-1_4.sdf
[3.772s] -- Up-to-date symlink: /home/uditr/mybot_ws/install/mybot_description/share/mybot_description/models/ground_plane/model.config
[3.773s] -- Up-to-date symlink: /home/uditr/mybot_ws/install/mybot_description/share/mybot_description/models/ground_plane/model.sdf
[3.773s] -- Up-to-date symlink: /home/uditr/mybot_ws/install/mybot_description/share/mybot_description/models/sun/model-1_2.sdf
[3.774s] -- Up-to-date symlink: /home/uditr/mybot_ws/install/mybot_description/share/mybot_description/models/sun/model-1_3.sdf
[3.774s] -- Up-to-date symlink: /home/uditr/mybot_ws/install/mybot_description/share/mybot_description/models/sun/model-1_4.sdf
[3.774s] -- Up-to-date symlink: /home/uditr/mybot_ws/install/mybot_description/share/mybot_description/models/sun/model.config
[3.775s] -- Up-to-date symlink: /home/uditr/mybot_ws/install/mybot_description/share/mybot_description/models/sun/model.sdf
[3.775s] -- Up-to-date symlink: /home/uditr/mybot_ws/install/mybot_description/share/mybot_description/launch/display.launch.py
[3.776s] -- Up-to-date symlink: /home/uditr/mybot_ws/install/mybot_description/share/mybot_description/launch/gazebo.launch.py
[3.777s] -- Up-to-date symlink: /home/uditr/mybot_ws/install/mybot_description/share/mybot_description/rviz/display.rviz
[3.886s] -- Up-to-date symlink: /home/uditr/mybot_ws/install/mybot_description/share/ament_index/resource_index/package_run_dependencies/mybot_description
[3.887s] -- Up-to-date symlink: /home/uditr/mybot_ws/install/mybot_description/share/ament_index/resource_index/parent_prefix_path/mybot_description
[3.942s] -- Up-to-date symlink: /home/uditr/mybot_ws/install/mybot_description/share/mybot_description/environment/ament_prefix_path.sh
[3.946s] -- Up-to-date symlink: /home/uditr/mybot_ws/install/mybot_description/share/mybot_description/environment/ament_prefix_path.dsv
[3.947s] -- Up-to-date symlink: /home/uditr/mybot_ws/install/mybot_description/share/mybot_description/environment/path.sh
[3.958s] -- Up-to-date symlink: /home/uditr/mybot_ws/install/mybot_description/share/mybot_description/environment/path.dsv
[3.969s] -- Up-to-date symlink: /home/uditr/mybot_ws/install/mybot_description/share/mybot_description/local_setup.bash
[3.969s] -- Up-to-date symlink: /home/uditr/mybot_ws/install/mybot_description/share/mybot_description/local_setup.sh
[3.991s] -- Up-to-date symlink: /home/uditr/mybot_ws/install/mybot_description/share/mybot_description/local_setup.zsh
[3.991s] -- Up-to-date symlink: /home/uditr/mybot_ws/install/mybot_description/share/mybot_description/local_setup.dsv
[3.992s] -- Symlinking: /home/uditr/mybot_ws/install/mybot_description/share/mybot_description/package.dsv
[4.046s] -- Up-to-date symlink: /home/uditr/mybot_ws/install/mybot_description/share/ament_index/resource_index/packages/mybot_description
[4.048s] -- Up-to-date symlink: /home/uditr/mybot_ws/install/mybot_description/share/mybot_description/cmake/mybot_descriptionConfig.cmake
[4.068s] -- Up-to-date symlink: /home/uditr/mybot_ws/install/mybot_description/share/mybot_description/cmake/mybot_descriptionConfig-version.cmake
[4.069s] -- Up-to-date symlink: /home/uditr/mybot_ws/install/mybot_description/share/mybot_description/package.xml
[4.070s] Invoked command in '/home/uditr/mybot_ws/build/mybot_description' returned '0': CMAKE_PREFIX_PATH=/opt/ros/humble /usr/bin/cmake --install /home/uditr/mybot_ws/build/mybot_description
