[0.078s] DEBUG:colcon:Command line arguments: ['/usr/bin/colcon', 'build']
[0.078s] DEBUG:colcon:Parsed command line arguments: Namespace(log_base=None, log_level=None, verb_name='build', build_base='build', install_base='install', merge_install=False, symlink_install=False, test_result_base=None, continue_on_error=False, executor='parallel', parallel_workers=8, event_handlers=None, ignore_user_meta=False, metas=['./colcon.meta'], base_paths=['.'], packages_ignore=None, packages_ignore_regex=None, paths=None, packages_up_to=None, packages_up_to_regex=None, packages_above=None, packages_above_and_dependencies=None, packages_above_depth=None, packages_select_by_dep=None, packages_skip_by_dep=None, packages_skip_up_to=None, packages_select_build_failed=False, packages_skip_build_finished=False, packages_select_test_failures=False, packages_skip_test_passed=False, packages_select=None, packages_skip=None, packages_select_regex=None, packages_skip_regex=None, packages_start=None, packages_end=None, allow_overriding=[], cmake_args=None, cmake_target=None, cmake_target_skip_unavailable=False, cmake_clean_cache=False, cmake_clean_first=False, cmake_force_configure=False, ament_cmake_args=None, catkin_cmake_args=None, catkin_skip_building_tests=False, mixin_files=None, mixin=None, verb_parser=<colcon_mixin.mixin.mixin_argument.MixinArgumentDecorator object at 0x7e3b09103220>, verb_extension=<colcon_core.verb.build.BuildVerb object at 0x7e3b09102d40>, main=<bound method BuildVerb.main of <colcon_core.verb.build.BuildVerb object at 0x7e3b09102d40>>, mixin_verb=('build',))
[1.338s] Level 1:colcon.colcon_core.package_discovery:discover_packages(colcon_meta) check parameters
[1.339s] Level 1:colcon.colcon_core.package_discovery:discover_packages(recursive) check parameters
[1.339s] Level 1:colcon.colcon_core.package_discovery:discover_packages(ignore) check parameters
[1.340s] Level 1:colcon.colcon_core.package_discovery:discover_packages(path) check parameters
[1.340s] Level 1:colcon.colcon_core.package_discovery:discover_packages(colcon_meta) discover
[1.340s] Level 1:colcon.colcon_core.package_discovery:discover_packages(recursive) discover
[1.340s] INFO:colcon.colcon_core.package_discovery:Crawling recursively for packages in '/home/uditr/mybot_ws/src'
[1.340s] Level 1:colcon.colcon_core.package_identification:_identify(.) by extensions ['ignore', 'ignore_ament_install']
[1.340s] Level 1:colcon.colcon_core.package_identification:_identify(.) by extension 'ignore'
[1.340s] Level 1:colcon.colcon_core.package_identification:_identify(.) by extension 'ignore_ament_install'
[1.340s] Level 1:colcon.colcon_core.package_identification:_identify(.) by extensions ['colcon_pkg']
[1.340s] Level 1:colcon.colcon_core.package_identification:_identify(.) by extension 'colcon_pkg'
[1.340s] Level 1:colcon.colcon_core.package_identification:_identify(.) by extensions ['colcon_meta']
[1.340s] Level 1:colcon.colcon_core.package_identification:_identify(.) by extension 'colcon_meta'
[1.340s] Level 1:colcon.colcon_core.package_identification:_identify(.) by extensions ['ros']
[1.340s] Level 1:colcon.colcon_core.package_identification:_identify(.) by extension 'ros'
[1.348s] Level 1:colcon.colcon_core.package_identification:_identify(.) by extensions ['cmake', 'python']
[1.348s] Level 1:colcon.colcon_core.package_identification:_identify(.) by extension 'cmake'
[1.348s] Level 1:colcon.colcon_core.package_identification:_identify(.) by extension 'python'
[1.348s] Level 1:colcon.colcon_core.package_identification:_identify(.) by extensions ['python_setup_py']
[1.348s] Level 1:colcon.colcon_core.package_identification:_identify(.) by extension 'python_setup_py'
[1.348s] Level 1:colcon.colcon_core.package_identification:_identify(build) by extensions ['ignore', 'ignore_ament_install']
[1.348s] Level 1:colcon.colcon_core.package_identification:_identify(build) by extension 'ignore'
[1.348s] Level 1:colcon.colcon_core.package_identification:_identify(build) ignored
[1.348s] Level 1:colcon.colcon_core.package_identification:_identify(install) by extensions ['ignore', 'ignore_ament_install']
[1.348s] Level 1:colcon.colcon_core.package_identification:_identify(install) by extension 'ignore'
[1.348s] Level 1:colcon.colcon_core.package_identification:_identify(install) ignored
[1.348s] Level 1:colcon.colcon_core.package_identification:_identify(log) by extensions ['ignore', 'ignore_ament_install']
[1.348s] Level 1:colcon.colcon_core.package_identification:_identify(log) by extension 'ignore'
[1.348s] Level 1:colcon.colcon_core.package_identification:_identify(log) ignored
[1.348s] Level 1:colcon.colcon_core.package_identification:_identify(mybot_cpp_programs) by extensions ['ignore', 'ignore_ament_install']
[1.348s] Level 1:colcon.colcon_core.package_identification:_identify(mybot_cpp_programs) by extension 'ignore'
[1.348s] Level 1:colcon.colcon_core.package_identification:_identify(mybot_cpp_programs) by extension 'ignore_ament_install'
[1.348s] Level 1:colcon.colcon_core.package_identification:_identify(mybot_cpp_programs) by extensions ['colcon_pkg']
[1.348s] Level 1:colcon.colcon_core.package_identification:_identify(mybot_cpp_programs) by extension 'colcon_pkg'
[1.348s] Level 1:colcon.colcon_core.package_identification:_identify(mybot_cpp_programs) by extensions ['colcon_meta']
[1.348s] Level 1:colcon.colcon_core.package_identification:_identify(mybot_cpp_programs) by extension 'colcon_meta'
[1.348s] Level 1:colcon.colcon_core.package_identification:_identify(mybot_cpp_programs) by extensions ['ros']
[1.349s] Level 1:colcon.colcon_core.package_identification:_identify(mybot_cpp_programs) by extension 'ros'
[1.453s] DEBUG:colcon.colcon_core.package_identification:Package 'mybot_cpp_programs' with type 'ros.ament_cmake' and name 'mybot_cpp_programs'
[1.453s] Level 1:colcon.colcon_core.package_identification:_identify(mybot_py_programs) by extensions ['ignore', 'ignore_ament_install']
[1.453s] Level 1:colcon.colcon_core.package_identification:_identify(mybot_py_programs) by extension 'ignore'
[1.453s] Level 1:colcon.colcon_core.package_identification:_identify(mybot_py_programs) by extension 'ignore_ament_install'
[1.453s] Level 1:colcon.colcon_core.package_identification:_identify(mybot_py_programs) by extensions ['colcon_pkg']
[1.453s] Level 1:colcon.colcon_core.package_identification:_identify(mybot_py_programs) by extension 'colcon_pkg'
[1.454s] Level 1:colcon.colcon_core.package_identification:_identify(mybot_py_programs) by extensions ['colcon_meta']
[1.454s] Level 1:colcon.colcon_core.package_identification:_identify(mybot_py_programs) by extension 'colcon_meta'
[1.454s] Level 1:colcon.colcon_core.package_identification:_identify(mybot_py_programs) by extensions ['ros']
[1.454s] Level 1:colcon.colcon_core.package_identification:_identify(mybot_py_programs) by extension 'ros'
[1.454s] DEBUG:colcon.colcon_core.package_identification:Package 'mybot_py_programs' with type 'ros.ament_python' and name 'mybot_py_programs'
[1.454s] Level 1:colcon.colcon_core.package_discovery:discover_packages(recursive) using defaults
[1.454s] Level 1:colcon.colcon_core.package_discovery:discover_packages(ignore) discover
[1.454s] Level 1:colcon.colcon_core.package_discovery:discover_packages(ignore) using defaults
[1.454s] Level 1:colcon.colcon_core.package_discovery:discover_packages(path) discover
[1.454s] Level 1:colcon.colcon_core.package_discovery:discover_packages(path) using defaults
[1.476s] Level 1:colcon.colcon_core.package_discovery:discover_packages(prefix_path) check parameters
[1.476s] Level 1:colcon.colcon_core.package_discovery:discover_packages(prefix_path) discover
[1.503s] DEBUG:colcon.colcon_installed_package_information.package_discovery:Found 364 installed packages in /opt/ros/humble
[1.505s] Level 1:colcon.colcon_core.package_discovery:discover_packages(prefix_path) using defaults
[1.534s] Level 5:colcon.colcon_core.verb:set package 'mybot_cpp_programs' build argument 'cmake_args' from command line to 'None'
[1.534s] Level 5:colcon.colcon_core.verb:set package 'mybot_cpp_programs' build argument 'cmake_target' from command line to 'None'
[1.534s] Level 5:colcon.colcon_core.verb:set package 'mybot_cpp_programs' build argument 'cmake_target_skip_unavailable' from command line to 'False'
[1.534s] Level 5:colcon.colcon_core.verb:set package 'mybot_cpp_programs' build argument 'cmake_clean_cache' from command line to 'False'
[1.534s] Level 5:colcon.colcon_core.verb:set package 'mybot_cpp_programs' build argument 'cmake_clean_first' from command line to 'False'
[1.534s] Level 5:colcon.colcon_core.verb:set package 'mybot_cpp_programs' build argument 'cmake_force_configure' from command line to 'False'
[1.534s] Level 5:colcon.colcon_core.verb:set package 'mybot_cpp_programs' build argument 'ament_cmake_args' from command line to 'None'
[1.534s] Level 5:colcon.colcon_core.verb:set package 'mybot_cpp_programs' build argument 'catkin_cmake_args' from command line to 'None'
[1.534s] Level 5:colcon.colcon_core.verb:set package 'mybot_cpp_programs' build argument 'catkin_skip_building_tests' from command line to 'False'
[1.534s] DEBUG:colcon.colcon_core.verb:Building package 'mybot_cpp_programs' with the following arguments: {'ament_cmake_args': None, 'build_base': '/home/uditr/mybot_ws/src/build/mybot_cpp_programs', 'catkin_cmake_args': None, 'catkin_skip_building_tests': False, 'cmake_args': None, 'cmake_clean_cache': False, 'cmake_clean_first': False, 'cmake_force_configure': False, 'cmake_target': None, 'cmake_target_skip_unavailable': False, 'install_base': '/home/uditr/mybot_ws/src/install/mybot_cpp_programs', 'merge_install': False, 'path': '/home/uditr/mybot_ws/src/mybot_cpp_programs', 'symlink_install': False, 'test_result_base': None}
[1.534s] Level 5:colcon.colcon_core.verb:set package 'mybot_py_programs' build argument 'cmake_args' from command line to 'None'
[1.534s] Level 5:colcon.colcon_core.verb:set package 'mybot_py_programs' build argument 'cmake_target' from command line to 'None'
[1.534s] Level 5:colcon.colcon_core.verb:set package 'mybot_py_programs' build argument 'cmake_target_skip_unavailable' from command line to 'False'
[1.534s] Level 5:colcon.colcon_core.verb:set package 'mybot_py_programs' build argument 'cmake_clean_cache' from command line to 'False'
[1.534s] Level 5:colcon.colcon_core.verb:set package 'mybot_py_programs' build argument 'cmake_clean_first' from command line to 'False'
[1.534s] Level 5:colcon.colcon_core.verb:set package 'mybot_py_programs' build argument 'cmake_force_configure' from command line to 'False'
[1.534s] Level 5:colcon.colcon_core.verb:set package 'mybot_py_programs' build argument 'ament_cmake_args' from command line to 'None'
[1.534s] Level 5:colcon.colcon_core.verb:set package 'mybot_py_programs' build argument 'catkin_cmake_args' from command line to 'None'
[1.534s] Level 5:colcon.colcon_core.verb:set package 'mybot_py_programs' build argument 'catkin_skip_building_tests' from command line to 'False'
[1.534s] DEBUG:colcon.colcon_core.verb:Building package 'mybot_py_programs' with the following arguments: {'ament_cmake_args': None, 'build_base': '/home/uditr/mybot_ws/src/build/mybot_py_programs', 'catkin_cmake_args': None, 'catkin_skip_building_tests': False, 'cmake_args': None, 'cmake_clean_cache': False, 'cmake_clean_first': False, 'cmake_force_configure': False, 'cmake_target': None, 'cmake_target_skip_unavailable': False, 'install_base': '/home/uditr/mybot_ws/src/install/mybot_py_programs', 'merge_install': False, 'path': '/home/uditr/mybot_ws/src/mybot_py_programs', 'symlink_install': False, 'test_result_base': None}
[1.534s] INFO:colcon.colcon_core.executor:Executing jobs using 'parallel' executor
[1.535s] DEBUG:colcon.colcon_parallel_executor.executor.parallel:run_until_complete
[1.535s] INFO:colcon.colcon_ros.task.ament_cmake.build:Building ROS package in '/home/uditr/mybot_ws/src/mybot_cpp_programs' with build type 'ament_cmake'
[1.535s] INFO:colcon.colcon_cmake.task.cmake.build:Building CMake package in '/home/uditr/mybot_ws/src/mybot_cpp_programs'
[1.537s] INFO:colcon.colcon_core.plugin_system:Skipping extension 'colcon_core.shell.bat': Not used on non-Windows systems
[1.537s] INFO:colcon.colcon_core.shell:Skip shell extension 'powershell' for command environment: Not usable outside of PowerShell
[1.537s] DEBUG:colcon.colcon_core.shell:Skip shell extension 'dsv' for command environment
[1.543s] INFO:colcon.colcon_ros.task.ament_python.build:Building ROS package in '/home/uditr/mybot_ws/src/mybot_py_programs' with build type 'ament_python'
[1.543s] Level 1:colcon.colcon_core.shell:create_environment_hook('mybot_py_programs', 'ament_prefix_path')
[1.543s] INFO:colcon.colcon_core.shell:Creating environment hook '/home/uditr/mybot_ws/src/install/mybot_py_programs/share/mybot_py_programs/hook/ament_prefix_path.ps1'
[1.568s] INFO:colcon.colcon_core.shell:Creating environment descriptor '/home/uditr/mybot_ws/src/install/mybot_py_programs/share/mybot_py_programs/hook/ament_prefix_path.dsv'
[1.569s] INFO:colcon.colcon_core.shell:Creating environment hook '/home/uditr/mybot_ws/src/install/mybot_py_programs/share/mybot_py_programs/hook/ament_prefix_path.sh'
[1.570s] INFO:colcon.colcon_core.shell:Skip shell extension 'powershell' for command environment: Not usable outside of PowerShell
[1.570s] DEBUG:colcon.colcon_core.shell:Skip shell extension 'dsv' for command environment
[1.573s] DEBUG:colcon.colcon_core.event_handler.log_command:Invoking command in '/home/uditr/mybot_ws/src/build/mybot_cpp_programs': CMAKE_PREFIX_PATH=/opt/ros/humble /usr/bin/cmake /home/uditr/mybot_ws/src/mybot_cpp_programs -DCMAKE_INSTALL_PREFIX=/home/uditr/mybot_ws/src/install/mybot_cpp_programs
[1.941s] INFO:colcon.colcon_core.task.python.build:Building Python package in '/home/uditr/mybot_ws/src/mybot_py_programs'
[1.941s] INFO:colcon.colcon_core.shell:Skip shell extension 'powershell' for command environment: Not usable outside of PowerShell
[1.941s] DEBUG:colcon.colcon_core.shell:Skip shell extension 'dsv' for command environment
[5.522s] DEBUG:colcon.colcon_core.event_handler.log_command:Invoking command in '/home/uditr/mybot_ws/src/mybot_py_programs': PYTHONPATH=/home/uditr/mybot_ws/src/build/mybot_py_programs/prefix_override:/usr/lib/python3/dist-packages/colcon_core/task/python/colcon_distutils_commands:/home/uditr/mybot_ws/src/install/mybot_py_programs/lib/python3.10/site-packages:${PYTHONPATH} /usr/bin/python3 -W ignore:setup.py install is deprecated setup.py egg_info --egg-base ../build/mybot_py_programs build --build-base /home/uditr/mybot_ws/src/build/mybot_py_programs/build install --record /home/uditr/mybot_ws/src/build/mybot_py_programs/install.log --single-version-externally-managed install_data
[5.755s] DEBUG:colcon.colcon_core.event_handler.log_command:Invoked command in '/home/uditr/mybot_ws/src/mybot_py_programs' returned '0': PYTHONPATH=/home/uditr/mybot_ws/src/build/mybot_py_programs/prefix_override:/usr/lib/python3/dist-packages/colcon_core/task/python/colcon_distutils_commands:/home/uditr/mybot_ws/src/install/mybot_py_programs/lib/python3.10/site-packages:${PYTHONPATH} /usr/bin/python3 -W ignore:setup.py install is deprecated setup.py egg_info --egg-base ../build/mybot_py_programs build --build-base /home/uditr/mybot_ws/src/build/mybot_py_programs/build install --record /home/uditr/mybot_ws/src/build/mybot_py_programs/install.log --single-version-externally-managed install_data
[5.802s] Level 1:colcon.colcon_core.environment:checking '/home/uditr/mybot_ws/src/install/mybot_py_programs' for CMake module files
[5.802s] Level 1:colcon.colcon_core.environment:checking '/home/uditr/mybot_ws/src/install/mybot_py_programs' for CMake config files
[5.803s] Level 1:colcon.colcon_core.environment:checking '/home/uditr/mybot_ws/src/install/mybot_py_programs/lib'
[5.803s] Level 1:colcon.colcon_core.environment:checking '/home/uditr/mybot_ws/src/install/mybot_py_programs/bin'
[5.803s] Level 1:colcon.colcon_core.environment:checking '/home/uditr/mybot_ws/src/install/mybot_py_programs/lib/pkgconfig/mybot_py_programs.pc'
[5.803s] Level 1:colcon.colcon_core.environment:checking '/home/uditr/mybot_ws/src/install/mybot_py_programs/lib/python3.10/site-packages'
[5.803s] Level 1:colcon.colcon_core.shell:create_environment_hook('mybot_py_programs', 'pythonpath')
[5.803s] INFO:colcon.colcon_core.shell:Creating environment hook '/home/uditr/mybot_ws/src/install/mybot_py_programs/share/mybot_py_programs/hook/pythonpath.ps1'
[5.803s] INFO:colcon.colcon_core.shell:Creating environment descriptor '/home/uditr/mybot_ws/src/install/mybot_py_programs/share/mybot_py_programs/hook/pythonpath.dsv'
[5.804s] INFO:colcon.colcon_core.shell:Creating environment hook '/home/uditr/mybot_ws/src/install/mybot_py_programs/share/mybot_py_programs/hook/pythonpath.sh'
[5.804s] Level 1:colcon.colcon_core.environment:checking '/home/uditr/mybot_ws/src/install/mybot_py_programs/bin'
[5.804s] Level 1:colcon.colcon_core.environment:create_environment_scripts_only(mybot_py_programs)
[5.804s] INFO:colcon.colcon_core.shell:Creating package script '/home/uditr/mybot_ws/src/install/mybot_py_programs/share/mybot_py_programs/package.ps1'
[5.816s] INFO:colcon.colcon_core.shell:Creating package descriptor '/home/uditr/mybot_ws/src/install/mybot_py_programs/share/mybot_py_programs/package.dsv'
[5.823s] INFO:colcon.colcon_core.shell:Creating package script '/home/uditr/mybot_ws/src/install/mybot_py_programs/share/mybot_py_programs/package.sh'
[5.824s] INFO:colcon.colcon_core.shell:Creating package script '/home/uditr/mybot_ws/src/install/mybot_py_programs/share/mybot_py_programs/package.bash'
[5.837s] INFO:colcon.colcon_core.shell:Creating package script '/home/uditr/mybot_ws/src/install/mybot_py_programs/share/mybot_py_programs/package.zsh'
[5.838s] Level 1:colcon.colcon_core.environment:create_file_with_runtime_dependencies(/home/uditr/mybot_ws/src/install/mybot_py_programs/share/colcon-core/packages/mybot_py_programs)
[6.113s] DEBUG:colcon.colcon_core.event_handler.log_command:Invoked command in '/home/uditr/mybot_ws/src/build/mybot_cpp_programs' returned '0': CMAKE_PREFIX_PATH=/opt/ros/humble /usr/bin/cmake /home/uditr/mybot_ws/src/mybot_cpp_programs -DCMAKE_INSTALL_PREFIX=/home/uditr/mybot_ws/src/install/mybot_cpp_programs
[6.113s] DEBUG:colcon.colcon_core.event_handler.log_command:Invoking command in '/home/uditr/mybot_ws/src/build/mybot_cpp_programs': CMAKE_PREFIX_PATH=/opt/ros/humble /usr/bin/cmake --build /home/uditr/mybot_ws/src/build/mybot_cpp_programs -- -j8 -l8
[6.139s] DEBUG:colcon.colcon_core.event_handler.log_command:Invoked command in '/home/uditr/mybot_ws/src/build/mybot_cpp_programs' returned '0': CMAKE_PREFIX_PATH=/opt/ros/humble /usr/bin/cmake --build /home/uditr/mybot_ws/src/build/mybot_cpp_programs -- -j8 -l8
[6.160s] DEBUG:colcon.colcon_core.event_handler.log_command:Invoking command in '/home/uditr/mybot_ws/src/build/mybot_cpp_programs': CMAKE_PREFIX_PATH=/opt/ros/humble /usr/bin/cmake --install /home/uditr/mybot_ws/src/build/mybot_cpp_programs
[6.167s] Level 1:colcon.colcon_core.environment:create_environment_scripts_only(mybot_cpp_programs)
[6.167s] Level 1:colcon.colcon_core.environment:checking '/home/uditr/mybot_ws/src/install/mybot_cpp_programs' for CMake module files
[6.168s] DEBUG:colcon.colcon_core.event_handler.log_command:Invoked command in '/home/uditr/mybot_ws/src/build/mybot_cpp_programs' returned '0': CMAKE_PREFIX_PATH=/opt/ros/humble /usr/bin/cmake --install /home/uditr/mybot_ws/src/build/mybot_cpp_programs
[6.168s] Level 1:colcon.colcon_core.environment:checking '/home/uditr/mybot_ws/src/install/mybot_cpp_programs' for CMake config files
[6.168s] Level 1:colcon.colcon_core.shell:create_environment_hook('mybot_cpp_programs', 'cmake_prefix_path')
[6.168s] INFO:colcon.colcon_core.shell:Creating environment hook '/home/uditr/mybot_ws/src/install/mybot_cpp_programs/share/mybot_cpp_programs/hook/cmake_prefix_path.ps1'
[6.168s] INFO:colcon.colcon_core.shell:Creating environment descriptor '/home/uditr/mybot_ws/src/install/mybot_cpp_programs/share/mybot_cpp_programs/hook/cmake_prefix_path.dsv'
[6.169s] INFO:colcon.colcon_core.shell:Creating environment hook '/home/uditr/mybot_ws/src/install/mybot_cpp_programs/share/mybot_cpp_programs/hook/cmake_prefix_path.sh'
[6.169s] Level 1:colcon.colcon_core.environment:checking '/home/uditr/mybot_ws/src/install/mybot_cpp_programs/bin'
[6.169s] Level 1:colcon.colcon_core.environment:checking '/home/uditr/mybot_ws/src/install/mybot_cpp_programs/lib/pkgconfig/mybot_cpp_programs.pc'
[6.169s] Level 1:colcon.colcon_core.environment:checking '/home/uditr/mybot_ws/src/install/mybot_cpp_programs/lib/python3.10/site-packages'
[6.169s] Level 1:colcon.colcon_core.environment:checking '/home/uditr/mybot_ws/src/install/mybot_cpp_programs/bin'
[6.170s] INFO:colcon.colcon_core.shell:Creating package script '/home/uditr/mybot_ws/src/install/mybot_cpp_programs/share/mybot_cpp_programs/package.ps1'
[6.170s] INFO:colcon.colcon_core.shell:Creating package descriptor '/home/uditr/mybot_ws/src/install/mybot_cpp_programs/share/mybot_cpp_programs/package.dsv'
[6.170s] INFO:colcon.colcon_core.shell:Creating package script '/home/uditr/mybot_ws/src/install/mybot_cpp_programs/share/mybot_cpp_programs/package.sh'
[6.170s] INFO:colcon.colcon_core.shell:Creating package script '/home/uditr/mybot_ws/src/install/mybot_cpp_programs/share/mybot_cpp_programs/package.bash'
[6.170s] INFO:colcon.colcon_core.shell:Creating package script '/home/uditr/mybot_ws/src/install/mybot_cpp_programs/share/mybot_cpp_programs/package.zsh'
[6.171s] Level 1:colcon.colcon_core.environment:create_file_with_runtime_dependencies(/home/uditr/mybot_ws/src/install/mybot_cpp_programs/share/colcon-core/packages/mybot_cpp_programs)
[6.186s] Level 1:colcon.colcon_core.environment:create_environment_scripts_only(mybot_cpp_programs)
[6.186s] Level 1:colcon.colcon_core.environment:checking '/home/uditr/mybot_ws/src/install/mybot_cpp_programs' for CMake module files
[6.186s] Level 1:colcon.colcon_core.environment:checking '/home/uditr/mybot_ws/src/install/mybot_cpp_programs' for CMake config files
[6.186s] Level 1:colcon.colcon_core.shell:create_environment_hook('mybot_cpp_programs', 'cmake_prefix_path')
[6.186s] INFO:colcon.colcon_core.shell:Creating environment hook '/home/uditr/mybot_ws/src/install/mybot_cpp_programs/share/mybot_cpp_programs/hook/cmake_prefix_path.ps1'
[6.187s] INFO:colcon.colcon_core.shell:Creating environment descriptor '/home/uditr/mybot_ws/src/install/mybot_cpp_programs/share/mybot_cpp_programs/hook/cmake_prefix_path.dsv'
[6.187s] INFO:colcon.colcon_core.shell:Creating environment hook '/home/uditr/mybot_ws/src/install/mybot_cpp_programs/share/mybot_cpp_programs/hook/cmake_prefix_path.sh'
[6.187s] Level 1:colcon.colcon_core.environment:checking '/home/uditr/mybot_ws/src/install/mybot_cpp_programs/bin'
[6.187s] Level 1:colcon.colcon_core.environment:checking '/home/uditr/mybot_ws/src/install/mybot_cpp_programs/lib/pkgconfig/mybot_cpp_programs.pc'
[6.188s] Level 1:colcon.colcon_core.environment:checking '/home/uditr/mybot_ws/src/install/mybot_cpp_programs/lib/python3.10/site-packages'
[6.188s] Level 1:colcon.colcon_core.environment:checking '/home/uditr/mybot_ws/src/install/mybot_cpp_programs/bin'
[6.188s] INFO:colcon.colcon_core.shell:Creating package script '/home/uditr/mybot_ws/src/install/mybot_cpp_programs/share/mybot_cpp_programs/package.ps1'
[6.188s] INFO:colcon.colcon_core.shell:Creating package descriptor '/home/uditr/mybot_ws/src/install/mybot_cpp_programs/share/mybot_cpp_programs/package.dsv'
[6.189s] INFO:colcon.colcon_core.shell:Creating package script '/home/uditr/mybot_ws/src/install/mybot_cpp_programs/share/mybot_cpp_programs/package.sh'
[6.189s] INFO:colcon.colcon_core.shell:Creating package script '/home/uditr/mybot_ws/src/install/mybot_cpp_programs/share/mybot_cpp_programs/package.bash'
[6.189s] INFO:colcon.colcon_core.shell:Creating package script '/home/uditr/mybot_ws/src/install/mybot_cpp_programs/share/mybot_cpp_programs/package.zsh'
[6.190s] Level 1:colcon.colcon_core.environment:create_file_with_runtime_dependencies(/home/uditr/mybot_ws/src/install/mybot_cpp_programs/share/colcon-core/packages/mybot_cpp_programs)
[6.190s] DEBUG:colcon.colcon_parallel_executor.executor.parallel:closing loop
[6.190s] DEBUG:colcon.colcon_parallel_executor.executor.parallel:loop closed
[6.190s] DEBUG:colcon.colcon_parallel_executor.executor.parallel:run_until_complete finished with '0'
[6.190s] DEBUG:colcon.colcon_core.event_reactor:joining thread
[6.194s] INFO:colcon.colcon_core.plugin_system:Skipping extension 'colcon_notification.desktop_notification.terminal_notifier': Not used on non-Darwin systems
[6.194s] INFO:colcon.colcon_core.plugin_system:Skipping extension 'colcon_notification.desktop_notification.win32': Not used on non-Windows systems
[6.194s] INFO:colcon.colcon_notification.desktop_notification:Sending desktop notification using 'notify2'
[6.199s] DEBUG:colcon.colcon_core.event_reactor:joined thread
[6.200s] INFO:colcon.colcon_core.shell:Creating prefix script '/home/uditr/mybot_ws/src/install/local_setup.ps1'
[6.200s] INFO:colcon.colcon_core.shell:Creating prefix util module '/home/uditr/mybot_ws/src/install/_local_setup_util_ps1.py'
[6.201s] INFO:colcon.colcon_core.shell:Creating prefix chain script '/home/uditr/mybot_ws/src/install/setup.ps1'
[6.202s] INFO:colcon.colcon_core.shell:Creating prefix script '/home/uditr/mybot_ws/src/install/local_setup.sh'
[6.202s] INFO:colcon.colcon_core.shell:Creating prefix util module '/home/uditr/mybot_ws/src/install/_local_setup_util_sh.py'
[6.202s] INFO:colcon.colcon_core.shell:Creating prefix chain script '/home/uditr/mybot_ws/src/install/setup.sh'
[6.203s] INFO:colcon.colcon_core.shell:Creating prefix script '/home/uditr/mybot_ws/src/install/local_setup.bash'
[6.203s] INFO:colcon.colcon_core.shell:Creating prefix chain script '/home/uditr/mybot_ws/src/install/setup.bash'
[6.204s] INFO:colcon.colcon_core.shell:Creating prefix script '/home/uditr/mybot_ws/src/install/local_setup.zsh'
[6.204s] INFO:colcon.colcon_core.shell:Creating prefix chain script '/home/uditr/mybot_ws/src/install/setup.zsh'
