[0.365s] Invoking command in '/home/uditr/mybot_ws/src/build/mybot_cpp_programs': CMAKE_PREFIX_PATH=/opt/ros/humble /usr/bin/cmake --build /home/uditr/mybot_ws/src/build/mybot_cpp_programs -- -j8 -l8
[3.304s] Invoked command in '/home/uditr/mybot_ws/src/build/mybot_cpp_programs' returned '0': CMAKE_PREFIX_PATH=/opt/ros/humble /usr/bin/cmake --build /home/uditr/mybot_ws/src/build/mybot_cpp_programs -- -j8 -l8
[3.326s] Invoking command in '/home/uditr/mybot_ws/src/build/mybot_cpp_programs': CMAKE_PREFIX_PATH=/opt/ros/humble /usr/bin/cmake --install /home/uditr/mybot_ws/src/build/mybot_cpp_programs
[4.058s] -- Install configuration: ""
[4.131s] -- Up-to-date: /home/uditr/mybot_ws/src/install/mybot_cpp_programs/share/ament_index/resource_index/package_run_dependencies/mybot_cpp_programs
[4.149s] -- Up-to-date: /home/uditr/mybot_ws/src/install/mybot_cpp_programs/share/ament_index/resource_index/parent_prefix_path/mybot_cpp_programs
[4.150s] -- Up-to-date: /home/uditr/mybot_ws/src/install/mybot_cpp_programs/share/mybot_cpp_programs/environment/ament_prefix_path.sh
[4.150s] -- Up-to-date: /home/uditr/mybot_ws/src/install/mybot_cpp_programs/share/mybot_cpp_programs/environment/ament_prefix_path.dsv
[4.150s] -- Up-to-date: /home/uditr/mybot_ws/src/install/mybot_cpp_programs/share/mybot_cpp_programs/environment/path.sh
[4.150s] -- Up-to-date: /home/uditr/mybot_ws/src/install/mybot_cpp_programs/share/mybot_cpp_programs/environment/path.dsv
[4.150s] -- Up-to-date: /home/uditr/mybot_ws/src/install/mybot_cpp_programs/share/mybot_cpp_programs/local_setup.bash
[4.150s] -- Up-to-date: /home/uditr/mybot_ws/src/install/mybot_cpp_programs/share/mybot_cpp_programs/local_setup.sh
[4.151s] -- Up-to-date: /home/uditr/mybot_ws/src/install/mybot_cpp_programs/share/mybot_cpp_programs/local_setup.zsh
[4.151s] -- Up-to-date: /home/uditr/mybot_ws/src/install/mybot_cpp_programs/share/mybot_cpp_programs/local_setup.dsv
[4.151s] -- Up-to-date: /home/uditr/mybot_ws/src/install/mybot_cpp_programs/share/mybot_cpp_programs/package.dsv
[4.151s] -- Up-to-date: /home/uditr/mybot_ws/src/install/mybot_cpp_programs/share/ament_index/resource_index/packages/mybot_cpp_programs
[4.151s] -- Up-to-date: /home/uditr/mybot_ws/src/install/mybot_cpp_programs/share/mybot_cpp_programs/cmake/mybot_cpp_programsConfig.cmake
[4.151s] -- Up-to-date: /home/uditr/mybot_ws/src/install/mybot_cpp_programs/share/mybot_cpp_programs/cmake/mybot_cpp_programsConfig-version.cmake
[4.151s] -- Up-to-date: /home/uditr/mybot_ws/src/install/mybot_cpp_programs/share/mybot_cpp_programs/package.xml
[4.153s] Invoked command in '/home/uditr/mybot_ws/src/build/mybot_cpp_programs' returned '0': CMAKE_PREFIX_PATH=/opt/ros/humble /usr/bin/cmake --install /home/uditr/mybot_ws/src/build/mybot_cpp_programs
