running egg_info
creating ../build/mybot_py_programs/mybot_py_programs.egg-info
writing ../build/mybot_py_programs/mybot_py_programs.egg-info/PKG-INFO
writing dependency_links to ../build/mybot_py_programs/mybot_py_programs.egg-info/dependency_links.txt
writing entry points to ../build/mybot_py_programs/mybot_py_programs.egg-info/entry_points.txt
writing requirements to ../build/mybot_py_programs/mybot_py_programs.egg-info/requires.txt
writing top-level names to ../build/mybot_py_programs/mybot_py_programs.egg-info/top_level.txt
writing manifest file '../build/mybot_py_programs/mybot_py_programs.egg-info/SOURCES.txt'
reading manifest file '../build/mybot_py_programs/mybot_py_programs.egg-info/SOURCES.txt'
writing manifest file '../build/mybot_py_programs/mybot_py_programs.egg-info/SOURCES.txt'
running build
running build_py
creating /home/uditr/mybot_ws/src/build/mybot_py_programs/build
creating /home/uditr/mybot_ws/src/build/mybot_py_programs/build/lib
creating /home/uditr/mybot_ws/src/build/mybot_py_programs/build/lib/mybot_py_programs
copying mybot_py_programs/__init__.py -> /home/uditr/mybot_ws/src/build/mybot_py_programs/build/lib/mybot_py_programs
running install
running install_lib
creating /home/uditr/mybot_ws/src/install/mybot_py_programs/lib/python3.10/site-packages/mybot_py_programs
copying /home/uditr/mybot_ws/src/build/mybot_py_programs/build/lib/mybot_py_programs/__init__.py -> /home/uditr/mybot_ws/src/install/mybot_py_programs/lib/python3.10/site-packages/mybot_py_programs
byte-compiling /home/uditr/mybot_ws/src/install/mybot_py_programs/lib/python3.10/site-packages/mybot_py_programs/__init__.py to __init__.cpython-310.pyc
running install_data
creating /home/uditr/mybot_ws/src/install/mybot_py_programs/share/ament_index
creating /home/uditr/mybot_ws/src/install/mybot_py_programs/share/ament_index/resource_index
creating /home/uditr/mybot_ws/src/install/mybot_py_programs/share/ament_index/resource_index/packages
copying resource/mybot_py_programs -> /home/uditr/mybot_ws/src/install/mybot_py_programs/share/ament_index/resource_index/packages
copying package.xml -> /home/uditr/mybot_ws/src/install/mybot_py_programs/share/mybot_py_programs
running install_egg_info
Copying ../build/mybot_py_programs/mybot_py_programs.egg-info to /home/uditr/mybot_ws/src/install/mybot_py_programs/lib/python3.10/site-packages/mybot_py_programs-0.0.0-py3.10.egg-info
running install_scripts
writing list of installed files to '/home/uditr/mybot_ws/src/build/mybot_py_programs/install.log'
