[0.029s] Invoking command in '/home/uditr/mybot_ws/build/mybot_controller': CMAKE_PREFIX_PATH=${CMAKE_PREFIX_PATH}:/home/uditr/mybot_ws/install/mybot_py_programs:/opt/ros/humble /usr/bin/cmake /home/uditr/mybot_ws/src/mybot_controller -DAMENT_CMAKE_SYMLINK_INSTALL=1 -DCMAKE_INSTALL_PREFIX=/home/uditr/mybot_ws/install/mybot_controller
[0.445s] -- Found ament_cmake: 1.3.9 (/opt/ros/humble/share/ament_cmake/cmake)
[0.816s] -- Override CMake install command with custom implementation using symlinks instead of copying resources
[1.491s] -- Found ament_lint_auto: 0.12.11 (/opt/ros/humble/share/ament_lint_auto/cmake)
[1.770s] -- Added test 'flake8' to check Python code syntax and style conventions
[1.771s] -- Added test 'lint_cmake' to check CMake code style
[1.772s] -- Added test 'pep257' to check Python code against some of the docstring style conventions in PEP 257
[1.773s] -- Added test 'xmllint' to check XML markup files
[1.775s] -- Configuring done
[1.957s] -- Generating done
[1.958s] -- Build files have been written to: /home/uditr/mybot_ws/build/mybot_controller
[1.961s] Invoked command in '/home/uditr/mybot_ws/build/mybot_controller' returned '0': CMAKE_PREFIX_PATH=${CMAKE_PREFIX_PATH}:/home/uditr/mybot_ws/install/mybot_py_programs:/opt/ros/humble /usr/bin/cmake /home/uditr/mybot_ws/src/mybot_controller -DAMENT_CMAKE_SYMLINK_INSTALL=1 -DCMAKE_INSTALL_PREFIX=/home/uditr/mybot_ws/install/mybot_controller
[1.963s] Invoking command in '/home/uditr/mybot_ws/build/mybot_controller': CMAKE_PREFIX_PATH=${CMAKE_PREFIX_PATH}:/home/uditr/mybot_ws/install/mybot_py_programs:/opt/ros/humble /usr/bin/cmake --build /home/uditr/mybot_ws/build/mybot_controller -- -j8 -l8
[2.014s] Invoked command in '/home/uditr/mybot_ws/build/mybot_controller' returned '0': CMAKE_PREFIX_PATH=${CMAKE_PREFIX_PATH}:/home/uditr/mybot_ws/install/mybot_py_programs:/opt/ros/humble /usr/bin/cmake --build /home/uditr/mybot_ws/build/mybot_controller -- -j8 -l8
[2.109s] Invoking command in '/home/uditr/mybot_ws/build/mybot_controller': CMAKE_PREFIX_PATH=${CMAKE_PREFIX_PATH}:/home/uditr/mybot_ws/install/mybot_py_programs:/opt/ros/humble /usr/bin/cmake --install /home/uditr/mybot_ws/build/mybot_controller
[2.124s] -- Install configuration: ""
[2.125s] -- Execute custom install script
[2.126s] -- Symlinking: /home/uditr/mybot_ws/install/mybot_controller/share/mybot_controller/config/mybot_controllers.yaml
[2.158s] -- Symlinking: /home/uditr/mybot_ws/install/mybot_controller/share/mybot_controller/launch/controller.launch.py
[2.180s] -- Symlinking: /home/uditr/mybot_ws/install/mybot_controller/share/ament_index/resource_index/package_run_dependencies/mybot_controller
[2.208s] -- Symlinking: /home/uditr/mybot_ws/install/mybot_controller/share/ament_index/resource_index/parent_prefix_path/mybot_controller
[2.226s] -- Symlinking: /home/uditr/mybot_ws/install/mybot_controller/share/mybot_controller/environment/ament_prefix_path.sh
[2.244s] -- Symlinking: /home/uditr/mybot_ws/install/mybot_controller/share/mybot_controller/environment/ament_prefix_path.dsv
[2.258s] -- Symlinking: /home/uditr/mybot_ws/install/mybot_controller/share/mybot_controller/environment/path.sh
[2.274s] -- Symlinking: /home/uditr/mybot_ws/install/mybot_controller/share/mybot_controller/environment/path.dsv
[2.290s] -- Symlinking: /home/uditr/mybot_ws/install/mybot_controller/share/mybot_controller/local_setup.bash
[2.308s] -- Symlinking: /home/uditr/mybot_ws/install/mybot_controller/share/mybot_controller/local_setup.sh
[2.326s] -- Symlinking: /home/uditr/mybot_ws/install/mybot_controller/share/mybot_controller/local_setup.zsh
[2.344s] -- Symlinking: /home/uditr/mybot_ws/install/mybot_controller/share/mybot_controller/local_setup.dsv
[2.360s] -- Symlinking: /home/uditr/mybot_ws/install/mybot_controller/share/mybot_controller/package.dsv
[2.378s] -- Symlinking: /home/uditr/mybot_ws/install/mybot_controller/share/ament_index/resource_index/packages/mybot_controller
[2.396s] -- Symlinking: /home/uditr/mybot_ws/install/mybot_controller/share/mybot_controller/cmake/mybot_controllerConfig.cmake
[2.414s] -- Symlinking: /home/uditr/mybot_ws/install/mybot_controller/share/mybot_controller/cmake/mybot_controllerConfig-version.cmake
[2.434s] -- Symlinking: /home/uditr/mybot_ws/install/mybot_controller/share/mybot_controller/package.xml
[2.468s] Invoked command in '/home/uditr/mybot_ws/build/mybot_controller' returned '0': CMAKE_PREFIX_PATH=${CMAKE_PREFIX_PATH}:/home/uditr/mybot_ws/install/mybot_py_programs:/opt/ros/humble /usr/bin/cmake --install /home/uditr/mybot_ws/build/mybot_controller
