[0.264s] Invoking command in '/home/uditr/mybot_ws/build/mybot_msgs': CMAKE_PREFIX_PATH=/opt/ros/humble /usr/bin/cmake --build /home/uditr/mybot_ws/build/mybot_msgs -- -j8 -l8
[1.612s] [  2%] Built target mybot_msgs__cpp
[1.781s] [  2%] Built target ament_cmake_python_copy_mybot_msgs
[2.209s] [ 12%] Built target mybot_msgs__rosidl_generator_c
[2.276s] [ 23%] Built target mybot_msgs__rosidl_typesupport_introspection_c
[2.377s] [ 33%] Built target mybot_msgs__rosidl_typesupport_c
[2.400s] running egg_info
[2.401s] writing mybot_msgs.egg-info/PKG-INFO
[2.401s] writing dependency_links to mybot_msgs.egg-info/dependency_links.txt
[2.401s] writing top-level names to mybot_msgs.egg-info/top_level.txt
[2.405s] reading manifest file 'mybot_msgs.egg-info/SOURCES.txt'
[2.405s] writing manifest file 'mybot_msgs.egg-info/SOURCES.txt'
[2.426s] [ 33%] Built target ament_cmake_python_build_mybot_msgs_egg
[2.650s] [ 66%] Built target mybot_msgs__rosidl_typesupport_introspection_cpp
[2.650s] [ 71%] Built target mybot_msgs__rosidl_typesupport_cpp
[2.650s] [ 71%] Built target mybot_msgs__rosidl_typesupport_fastrtps_c
[2.650s] [ 74%] Built target mybot_msgs__rosidl_typesupport_fastrtps_cpp
[2.666s] [ 74%] Built target mybot_msgs
[2.717s] [ 76%] Built target mybot_msgs__py
[2.902s] [ 84%] Built target mybot_msgs__rosidl_generator_py
[2.956s] [ 94%] Built target mybot_msgs__rosidl_typesupport_fastrtps_c__pyext
[2.956s] [ 94%] Built target mybot_msgs__rosidl_typesupport_introspection_c__pyext
[2.958s] [100%] Built target mybot_msgs__rosidl_typesupport_c__pyext
[2.967s] Invoked command in '/home/uditr/mybot_ws/build/mybot_msgs' returned '0': CMAKE_PREFIX_PATH=/opt/ros/humble /usr/bin/cmake --build /home/uditr/mybot_ws/build/mybot_msgs -- -j8 -l8
[3.015s] Invoking command in '/home/uditr/mybot_ws/build/mybot_msgs': CMAKE_PREFIX_PATH=/opt/ros/humble /usr/bin/cmake --install /home/uditr/mybot_ws/build/mybot_msgs
[3.021s] -- Install configuration: ""
[3.023s] -- Up-to-date: /home/uditr/mybot_ws/install/mybot_msgs/share/ament_index/resource_index/rosidl_interfaces/mybot_msgs
[3.024s] -- Up-to-date: /home/uditr/mybot_ws/install/mybot_msgs/include/mybot_msgs/mybot_msgs
[3.024s] -- Up-to-date: /home/uditr/mybot_ws/install/mybot_msgs/include/mybot_msgs/mybot_msgs/msg
[3.024s] -- Up-to-date: /home/uditr/mybot_ws/install/mybot_msgs/include/mybot_msgs/mybot_msgs/msg/rosidl_generator_c__visibility_control.h
[3.024s] -- Up-to-date: /home/uditr/mybot_ws/install/mybot_msgs/include/mybot_msgs/mybot_msgs/srv
[3.024s] -- Up-to-date: /home/uditr/mybot_ws/install/mybot_msgs/include/mybot_msgs/mybot_msgs/srv/get_transform.h
[3.024s] -- Up-to-date: /home/uditr/mybot_ws/install/mybot_msgs/include/mybot_msgs/mybot_msgs/srv/detail
[3.025s] -- Up-to-date: /home/uditr/mybot_ws/install/mybot_msgs/include/mybot_msgs/mybot_msgs/srv/detail/add_two_ints__functions.h
[3.025s] -- Up-to-date: /home/uditr/mybot_ws/install/mybot_msgs/include/mybot_msgs/mybot_msgs/srv/detail/add_two_ints__functions.c
[3.025s] -- Up-to-date: /home/uditr/mybot_ws/install/mybot_msgs/include/mybot_msgs/mybot_msgs/srv/detail/add_two_ints__type_support.h
[3.025s] -- Up-to-date: /home/uditr/mybot_ws/install/mybot_msgs/include/mybot_msgs/mybot_msgs/srv/detail/get_transform__struct.h
[3.025s] -- Up-to-date: /home/uditr/mybot_ws/install/mybot_msgs/include/mybot_msgs/mybot_msgs/srv/detail/get_transform__type_support.h
[3.025s] -- Up-to-date: /home/uditr/mybot_ws/install/mybot_msgs/include/mybot_msgs/mybot_msgs/srv/detail/get_transform__functions.h
[3.025s] -- Up-to-date: /home/uditr/mybot_ws/install/mybot_msgs/include/mybot_msgs/mybot_msgs/srv/detail/get_transform__functions.c
[3.025s] -- Up-to-date: /home/uditr/mybot_ws/install/mybot_msgs/include/mybot_msgs/mybot_msgs/srv/detail/add_two_ints__struct.h
[3.025s] -- Up-to-date: /home/uditr/mybot_ws/install/mybot_msgs/include/mybot_msgs/mybot_msgs/srv/add_two_ints.h
[3.025s] -- Up-to-date: /home/uditr/mybot_ws/install/mybot_msgs/share/mybot_msgs/environment/library_path.sh
[3.025s] -- Up-to-date: /home/uditr/mybot_ws/install/mybot_msgs/share/mybot_msgs/environment/library_path.dsv
[3.026s] -- Up-to-date: /home/uditr/mybot_ws/install/mybot_msgs/lib/libmybot_msgs__rosidl_generator_c.so
[3.027s] -- Up-to-date: /home/uditr/mybot_ws/install/mybot_msgs/include/mybot_msgs/mybot_msgs
[3.027s] -- Up-to-date: /home/uditr/mybot_ws/install/mybot_msgs/include/mybot_msgs/mybot_msgs/msg
[3.027s] -- Up-to-date: /home/uditr/mybot_ws/install/mybot_msgs/include/mybot_msgs/mybot_msgs/msg/rosidl_typesupport_fastrtps_c__visibility_control.h
[3.027s] -- Up-to-date: /home/uditr/mybot_ws/install/mybot_msgs/include/mybot_msgs/mybot_msgs/srv
[3.027s] -- Up-to-date: /home/uditr/mybot_ws/install/mybot_msgs/include/mybot_msgs/mybot_msgs/srv/detail
[3.027s] -- Up-to-date: /home/uditr/mybot_ws/install/mybot_msgs/include/mybot_msgs/mybot_msgs/srv/detail/add_two_ints__rosidl_typesupport_fastrtps_c.h
[3.027s] -- Up-to-date: /home/uditr/mybot_ws/install/mybot_msgs/include/mybot_msgs/mybot_msgs/srv/detail/get_transform__rosidl_typesupport_fastrtps_c.h
[3.028s] -- Up-to-date: /home/uditr/mybot_ws/install/mybot_msgs/lib/libmybot_msgs__rosidl_typesupport_fastrtps_c.so
[3.028s] -- Up-to-date: /home/uditr/mybot_ws/install/mybot_msgs/include/mybot_msgs/mybot_msgs
[3.028s] -- Up-to-date: /home/uditr/mybot_ws/install/mybot_msgs/include/mybot_msgs/mybot_msgs/srv
[3.028s] -- Up-to-date: /home/uditr/mybot_ws/install/mybot_msgs/include/mybot_msgs/mybot_msgs/srv/get_transform.hpp
[3.028s] -- Up-to-date: /home/uditr/mybot_ws/install/mybot_msgs/include/mybot_msgs/mybot_msgs/srv/add_two_ints.hpp
[3.028s] -- Up-to-date: /home/uditr/mybot_ws/install/mybot_msgs/include/mybot_msgs/mybot_msgs/srv/detail
[3.028s] -- Up-to-date: /home/uditr/mybot_ws/install/mybot_msgs/include/mybot_msgs/mybot_msgs/srv/detail/add_two_ints__traits.hpp
[3.028s] -- Up-to-date: /home/uditr/mybot_ws/install/mybot_msgs/include/mybot_msgs/mybot_msgs/srv/detail/get_transform__builder.hpp
[3.028s] -- Up-to-date: /home/uditr/mybot_ws/install/mybot_msgs/include/mybot_msgs/mybot_msgs/srv/detail/get_transform__traits.hpp
[3.028s] -- Up-to-date: /home/uditr/mybot_ws/install/mybot_msgs/include/mybot_msgs/mybot_msgs/srv/detail/add_two_ints__builder.hpp
[3.028s] -- Up-to-date: /home/uditr/mybot_ws/install/mybot_msgs/include/mybot_msgs/mybot_msgs/srv/detail/get_transform__struct.hpp
[3.028s] -- Up-to-date: /home/uditr/mybot_ws/install/mybot_msgs/include/mybot_msgs/mybot_msgs/srv/detail/add_two_ints__struct.hpp
[3.028s] -- Up-to-date: /home/uditr/mybot_ws/install/mybot_msgs/include/mybot_msgs/mybot_msgs
[3.028s] -- Up-to-date: /home/uditr/mybot_ws/install/mybot_msgs/include/mybot_msgs/mybot_msgs/msg
[3.028s] -- Up-to-date: /home/uditr/mybot_ws/install/mybot_msgs/include/mybot_msgs/mybot_msgs/msg/rosidl_typesupport_fastrtps_cpp__visibility_control.h
[3.029s] -- Up-to-date: /home/uditr/mybot_ws/install/mybot_msgs/include/mybot_msgs/mybot_msgs/srv
[3.029s] -- Up-to-date: /home/uditr/mybot_ws/install/mybot_msgs/include/mybot_msgs/mybot_msgs/srv/detail
[3.029s] -- Up-to-date: /home/uditr/mybot_ws/install/mybot_msgs/include/mybot_msgs/mybot_msgs/srv/detail/dds_fastrtps
[3.029s] -- Up-to-date: /home/uditr/mybot_ws/install/mybot_msgs/include/mybot_msgs/mybot_msgs/srv/detail/add_two_ints__rosidl_typesupport_fastrtps_cpp.hpp
[3.029s] -- Up-to-date: /home/uditr/mybot_ws/install/mybot_msgs/include/mybot_msgs/mybot_msgs/srv/detail/get_transform__rosidl_typesupport_fastrtps_cpp.hpp
[3.030s] -- Up-to-date: /home/uditr/mybot_ws/install/mybot_msgs/lib/libmybot_msgs__rosidl_typesupport_fastrtps_cpp.so
[3.030s] -- Up-to-date: /home/uditr/mybot_ws/install/mybot_msgs/include/mybot_msgs/mybot_msgs
[3.030s] -- Up-to-date: /home/uditr/mybot_ws/install/mybot_msgs/include/mybot_msgs/mybot_msgs/msg
[3.030s] -- Up-to-date: /home/uditr/mybot_ws/install/mybot_msgs/include/mybot_msgs/mybot_msgs/msg/rosidl_typesupport_introspection_c__visibility_control.h
[3.030s] -- Up-to-date: /home/uditr/mybot_ws/install/mybot_msgs/include/mybot_msgs/mybot_msgs/srv
[3.030s] -- Up-to-date: /home/uditr/mybot_ws/install/mybot_msgs/include/mybot_msgs/mybot_msgs/srv/detail
[3.030s] -- Up-to-date: /home/uditr/mybot_ws/install/mybot_msgs/include/mybot_msgs/mybot_msgs/srv/detail/get_transform__type_support.c
[3.030s] -- Up-to-date: /home/uditr/mybot_ws/install/mybot_msgs/include/mybot_msgs/mybot_msgs/srv/detail/get_transform__rosidl_typesupport_introspection_c.h
[3.030s] -- Up-to-date: /home/uditr/mybot_ws/install/mybot_msgs/include/mybot_msgs/mybot_msgs/srv/detail/add_two_ints__type_support.c
[3.031s] -- Up-to-date: /home/uditr/mybot_ws/install/mybot_msgs/include/mybot_msgs/mybot_msgs/srv/detail/add_two_ints__rosidl_typesupport_introspection_c.h
[3.031s] -- Up-to-date: /home/uditr/mybot_ws/install/mybot_msgs/lib/libmybot_msgs__rosidl_typesupport_introspection_c.so
[3.032s] -- Up-to-date: /home/uditr/mybot_ws/install/mybot_msgs/lib/libmybot_msgs__rosidl_typesupport_c.so
[3.032s] -- Up-to-date: /home/uditr/mybot_ws/install/mybot_msgs/include/mybot_msgs/mybot_msgs
[3.032s] -- Up-to-date: /home/uditr/mybot_ws/install/mybot_msgs/include/mybot_msgs/mybot_msgs/srv
[3.032s] -- Up-to-date: /home/uditr/mybot_ws/install/mybot_msgs/include/mybot_msgs/mybot_msgs/srv/detail
[3.032s] -- Up-to-date: /home/uditr/mybot_ws/install/mybot_msgs/include/mybot_msgs/mybot_msgs/srv/detail/add_two_ints__rosidl_typesupport_introspection_cpp.hpp
[3.032s] -- Up-to-date: /home/uditr/mybot_ws/install/mybot_msgs/include/mybot_msgs/mybot_msgs/srv/detail/add_two_ints__type_support.cpp
[3.032s] -- Up-to-date: /home/uditr/mybot_ws/install/mybot_msgs/include/mybot_msgs/mybot_msgs/srv/detail/get_transform__type_support.cpp
[3.032s] -- Up-to-date: /home/uditr/mybot_ws/install/mybot_msgs/include/mybot_msgs/mybot_msgs/srv/detail/get_transform__rosidl_typesupport_introspection_cpp.hpp
[3.033s] -- Up-to-date: /home/uditr/mybot_ws/install/mybot_msgs/lib/libmybot_msgs__rosidl_typesupport_introspection_cpp.so
[3.034s] -- Up-to-date: /home/uditr/mybot_ws/install/mybot_msgs/lib/libmybot_msgs__rosidl_typesupport_cpp.so
[3.034s] -- Up-to-date: /home/uditr/mybot_ws/install/mybot_msgs/share/mybot_msgs/environment/pythonpath.sh
[3.034s] -- Up-to-date: /home/uditr/mybot_ws/install/mybot_msgs/share/mybot_msgs/environment/pythonpath.dsv
[3.035s] -- Up-to-date: /home/uditr/mybot_ws/install/mybot_msgs/local/lib/python3.10/dist-packages/mybot_msgs-0.0.0-py3.10.egg-info
[3.035s] -- Installing: /home/uditr/mybot_ws/install/mybot_msgs/local/lib/python3.10/dist-packages/mybot_msgs-0.0.0-py3.10.egg-info/dependency_links.txt
[3.035s] -- Installing: /home/uditr/mybot_ws/install/mybot_msgs/local/lib/python3.10/dist-packages/mybot_msgs-0.0.0-py3.10.egg-info/PKG-INFO
[3.035s] -- Installing: /home/uditr/mybot_ws/install/mybot_msgs/local/lib/python3.10/dist-packages/mybot_msgs-0.0.0-py3.10.egg-info/top_level.txt
[3.035s] -- Installing: /home/uditr/mybot_ws/install/mybot_msgs/local/lib/python3.10/dist-packages/mybot_msgs-0.0.0-py3.10.egg-info/SOURCES.txt
[3.036s] -- Up-to-date: /home/uditr/mybot_ws/install/mybot_msgs/local/lib/python3.10/dist-packages/mybot_msgs
[3.036s] -- Up-to-date: /home/uditr/mybot_ws/install/mybot_msgs/local/lib/python3.10/dist-packages/mybot_msgs/_mybot_msgs_s.ep.rosidl_typesupport_c.c
[3.036s] -- Up-to-date: /home/uditr/mybot_ws/install/mybot_msgs/local/lib/python3.10/dist-packages/mybot_msgs/_mybot_msgs_s.ep.rosidl_typesupport_fastrtps_c.c
[3.036s] -- Up-to-date: /home/uditr/mybot_ws/install/mybot_msgs/local/lib/python3.10/dist-packages/mybot_msgs/__init__.py
[3.036s] -- Up-to-date: /home/uditr/mybot_ws/install/mybot_msgs/local/lib/python3.10/dist-packages/mybot_msgs/libmybot_msgs__rosidl_generator_py.so
[3.036s] -- Up-to-date: /home/uditr/mybot_ws/install/mybot_msgs/local/lib/python3.10/dist-packages/mybot_msgs/mybot_msgs_s__rosidl_typesupport_introspection_c.cpython-310-x86_64-linux-gnu.so
[3.036s] -- Up-to-date: /home/uditr/mybot_ws/install/mybot_msgs/local/lib/python3.10/dist-packages/mybot_msgs/_mybot_msgs_s.ep.rosidl_typesupport_introspection_c.c
[3.036s] -- Up-to-date: /home/uditr/mybot_ws/install/mybot_msgs/local/lib/python3.10/dist-packages/mybot_msgs/srv
[3.036s] -- Up-to-date: /home/uditr/mybot_ws/install/mybot_msgs/local/lib/python3.10/dist-packages/mybot_msgs/srv/__init__.py
[3.036s] -- Up-to-date: /home/uditr/mybot_ws/install/mybot_msgs/local/lib/python3.10/dist-packages/mybot_msgs/srv/_get_transform_s.c
[3.036s] -- Up-to-date: /home/uditr/mybot_ws/install/mybot_msgs/local/lib/python3.10/dist-packages/mybot_msgs/srv/_get_transform.py
[3.036s] -- Up-to-date: /home/uditr/mybot_ws/install/mybot_msgs/local/lib/python3.10/dist-packages/mybot_msgs/srv/_add_two_ints_s.c
[3.036s] -- Up-to-date: /home/uditr/mybot_ws/install/mybot_msgs/local/lib/python3.10/dist-packages/mybot_msgs/srv/_add_two_ints.py
[3.036s] -- Up-to-date: /home/uditr/mybot_ws/install/mybot_msgs/local/lib/python3.10/dist-packages/mybot_msgs/mybot_msgs_s__rosidl_typesupport_fastrtps_c.cpython-310-x86_64-linux-gnu.so
[3.036s] -- Up-to-date: /home/uditr/mybot_ws/install/mybot_msgs/local/lib/python3.10/dist-packages/mybot_msgs/mybot_msgs_s__rosidl_typesupport_c.cpython-310-x86_64-linux-gnu.so
[3.059s] Listing '/home/uditr/mybot_ws/install/mybot_msgs/local/lib/python3.10/dist-packages/mybot_msgs'...
[3.060s] Listing '/home/uditr/mybot_ws/install/mybot_msgs/local/lib/python3.10/dist-packages/mybot_msgs/srv'...
[3.074s] -- Up-to-date: /home/uditr/mybot_ws/install/mybot_msgs/local/lib/python3.10/dist-packages/mybot_msgs/mybot_msgs_s__rosidl_typesupport_fastrtps_c.cpython-310-x86_64-linux-gnu.so
[3.075s] -- Up-to-date: /home/uditr/mybot_ws/install/mybot_msgs/local/lib/python3.10/dist-packages/mybot_msgs/mybot_msgs_s__rosidl_typesupport_introspection_c.cpython-310-x86_64-linux-gnu.so
[3.140s] -- Up-to-date: /home/uditr/mybot_ws/install/mybot_msgs/local/lib/python3.10/dist-packages/mybot_msgs/mybot_msgs_s__rosidl_typesupport_c.cpython-310-x86_64-linux-gnu.so
[3.141s] -- Up-to-date: /home/uditr/mybot_ws/install/mybot_msgs/lib/libmybot_msgs__rosidl_generator_py.so
[3.142s] -- Up-to-date: /home/uditr/mybot_ws/install/mybot_msgs/share/mybot_msgs/srv/AddTwoInts.idl
[3.142s] -- Up-to-date: /home/uditr/mybot_ws/install/mybot_msgs/share/mybot_msgs/srv/GetTransform.idl
[3.142s] -- Up-to-date: /home/uditr/mybot_ws/install/mybot_msgs/share/mybot_msgs/srv/AddTwoInts.srv
[3.142s] -- Up-to-date: /home/uditr/mybot_ws/install/mybot_msgs/share/mybot_msgs/srv/AddTwoInts_Request.msg
[3.142s] -- Up-to-date: /home/uditr/mybot_ws/install/mybot_msgs/share/mybot_msgs/srv/AddTwoInts_Response.msg
[3.142s] -- Up-to-date: /home/uditr/mybot_ws/install/mybot_msgs/share/mybot_msgs/srv/GetTransform.srv
[3.142s] -- Up-to-date: /home/uditr/mybot_ws/install/mybot_msgs/share/mybot_msgs/srv/GetTransform_Request.msg
[3.142s] -- Up-to-date: /home/uditr/mybot_ws/install/mybot_msgs/share/mybot_msgs/srv/GetTransform_Response.msg
[3.142s] -- Up-to-date: /home/uditr/mybot_ws/install/mybot_msgs/share/ament_index/resource_index/package_run_dependencies/mybot_msgs
[3.143s] -- Up-to-date: /home/uditr/mybot_ws/install/mybot_msgs/share/ament_index/resource_index/parent_prefix_path/mybot_msgs
[3.143s] -- Up-to-date: /home/uditr/mybot_ws/install/mybot_msgs/share/mybot_msgs/environment/ament_prefix_path.sh
[3.143s] -- Up-to-date: /home/uditr/mybot_ws/install/mybot_msgs/share/mybot_msgs/environment/ament_prefix_path.dsv
[3.143s] -- Up-to-date: /home/uditr/mybot_ws/install/mybot_msgs/share/mybot_msgs/environment/path.sh
[3.143s] -- Up-to-date: /home/uditr/mybot_ws/install/mybot_msgs/share/mybot_msgs/environment/path.dsv
[3.143s] -- Up-to-date: /home/uditr/mybot_ws/install/mybot_msgs/share/mybot_msgs/local_setup.bash
[3.143s] -- Up-to-date: /home/uditr/mybot_ws/install/mybot_msgs/share/mybot_msgs/local_setup.sh
[3.143s] -- Up-to-date: /home/uditr/mybot_ws/install/mybot_msgs/share/mybot_msgs/local_setup.zsh
[3.143s] -- Up-to-date: /home/uditr/mybot_ws/install/mybot_msgs/share/mybot_msgs/local_setup.dsv
[3.143s] -- Installing: /home/uditr/mybot_ws/install/mybot_msgs/share/mybot_msgs/package.dsv
[3.150s] -- Up-to-date: /home/uditr/mybot_ws/install/mybot_msgs/share/ament_index/resource_index/packages/mybot_msgs
[3.165s] -- Up-to-date: /home/uditr/mybot_ws/install/mybot_msgs/share/mybot_msgs/cmake/export_mybot_msgs__rosidl_generator_cExport.cmake
[3.165s] -- Up-to-date: /home/uditr/mybot_ws/install/mybot_msgs/share/mybot_msgs/cmake/export_mybot_msgs__rosidl_generator_cExport-noconfig.cmake
[3.166s] -- Up-to-date: /home/uditr/mybot_ws/install/mybot_msgs/share/mybot_msgs/cmake/export_mybot_msgs__rosidl_typesupport_fastrtps_cExport.cmake
[3.166s] -- Up-to-date: /home/uditr/mybot_ws/install/mybot_msgs/share/mybot_msgs/cmake/export_mybot_msgs__rosidl_typesupport_fastrtps_cExport-noconfig.cmake
[3.166s] -- Up-to-date: /home/uditr/mybot_ws/install/mybot_msgs/share/mybot_msgs/cmake/export_mybot_msgs__rosidl_generator_cppExport.cmake
[3.167s] -- Up-to-date: /home/uditr/mybot_ws/install/mybot_msgs/share/mybot_msgs/cmake/export_mybot_msgs__rosidl_typesupport_fastrtps_cppExport.cmake
[3.167s] -- Up-to-date: /home/uditr/mybot_ws/install/mybot_msgs/share/mybot_msgs/cmake/export_mybot_msgs__rosidl_typesupport_fastrtps_cppExport-noconfig.cmake
[3.167s] -- Up-to-date: /home/uditr/mybot_ws/install/mybot_msgs/share/mybot_msgs/cmake/mybot_msgs__rosidl_typesupport_introspection_cExport.cmake
[3.167s] -- Up-to-date: /home/uditr/mybot_ws/install/mybot_msgs/share/mybot_msgs/cmake/mybot_msgs__rosidl_typesupport_introspection_cExport-noconfig.cmake
[3.168s] -- Up-to-date: /home/uditr/mybot_ws/install/mybot_msgs/share/mybot_msgs/cmake/mybot_msgs__rosidl_typesupport_cExport.cmake
[3.168s] -- Up-to-date: /home/uditr/mybot_ws/install/mybot_msgs/share/mybot_msgs/cmake/mybot_msgs__rosidl_typesupport_cExport-noconfig.cmake
[3.169s] -- Up-to-date: /home/uditr/mybot_ws/install/mybot_msgs/share/mybot_msgs/cmake/mybot_msgs__rosidl_typesupport_introspection_cppExport.cmake
[3.169s] -- Up-to-date: /home/uditr/mybot_ws/install/mybot_msgs/share/mybot_msgs/cmake/mybot_msgs__rosidl_typesupport_introspection_cppExport-noconfig.cmake
[3.169s] -- Up-to-date: /home/uditr/mybot_ws/install/mybot_msgs/share/mybot_msgs/cmake/mybot_msgs__rosidl_typesupport_cppExport.cmake
[3.169s] -- Up-to-date: /home/uditr/mybot_ws/install/mybot_msgs/share/mybot_msgs/cmake/mybot_msgs__rosidl_typesupport_cppExport-noconfig.cmake
[3.170s] -- Up-to-date: /home/uditr/mybot_ws/install/mybot_msgs/share/mybot_msgs/cmake/export_mybot_msgs__rosidl_generator_pyExport.cmake
[3.170s] -- Up-to-date: /home/uditr/mybot_ws/install/mybot_msgs/share/mybot_msgs/cmake/export_mybot_msgs__rosidl_generator_pyExport-noconfig.cmake
[3.170s] -- Up-to-date: /home/uditr/mybot_ws/install/mybot_msgs/share/mybot_msgs/cmake/rosidl_cmake-extras.cmake
[3.170s] -- Up-to-date: /home/uditr/mybot_ws/install/mybot_msgs/share/mybot_msgs/cmake/ament_cmake_export_dependencies-extras.cmake
[3.170s] -- Up-to-date: /home/uditr/mybot_ws/install/mybot_msgs/share/mybot_msgs/cmake/ament_cmake_export_include_directories-extras.cmake
[3.170s] -- Up-to-date: /home/uditr/mybot_ws/install/mybot_msgs/share/mybot_msgs/cmake/ament_cmake_export_libraries-extras.cmake
[3.170s] -- Up-to-date: /home/uditr/mybot_ws/install/mybot_msgs/share/mybot_msgs/cmake/ament_cmake_export_targets-extras.cmake
[3.170s] -- Up-to-date: /home/uditr/mybot_ws/install/mybot_msgs/share/mybot_msgs/cmake/rosidl_cmake_export_typesupport_targets-extras.cmake
[3.170s] -- Up-to-date: /home/uditr/mybot_ws/install/mybot_msgs/share/mybot_msgs/cmake/rosidl_cmake_export_typesupport_libraries-extras.cmake
[3.170s] -- Up-to-date: /home/uditr/mybot_ws/install/mybot_msgs/share/mybot_msgs/cmake/mybot_msgsConfig.cmake
[3.170s] -- Up-to-date: /home/uditr/mybot_ws/install/mybot_msgs/share/mybot_msgs/cmake/mybot_msgsConfig-version.cmake
[3.170s] -- Up-to-date: /home/uditr/mybot_ws/install/mybot_msgs/share/mybot_msgs/package.xml
[3.172s] Invoked command in '/home/uditr/mybot_ws/build/mybot_msgs' returned '0': CMAKE_PREFIX_PATH=/opt/ros/humble /usr/bin/cmake --install /home/uditr/mybot_ws/build/mybot_msgs
