[0.089s] DEBUG:colcon:Command line arguments: ['/usr/bin/colcon', 'build']
[0.089s] DEBUG:colcon:Parsed command line arguments: Namespace(log_base=None, log_level=None, verb_name='build', build_base='build', install_base='install', merge_install=False, symlink_install=False, test_result_base=None, continue_on_error=False, executor='parallel', parallel_workers=8, event_handlers=None, ignore_user_meta=False, metas=['./colcon.meta'], base_paths=['.'], packages_ignore=None, packages_ignore_regex=None, paths=None, packages_up_to=None, packages_up_to_regex=None, packages_above=None, packages_above_and_dependencies=None, packages_above_depth=None, packages_select_by_dep=None, packages_skip_by_dep=None, packages_skip_up_to=None, packages_select_build_failed=False, packages_skip_build_finished=False, packages_select_test_failures=False, packages_skip_test_passed=False, packages_select=None, packages_skip=None, packages_select_regex=None, packages_skip_regex=None, packages_start=None, packages_end=None, allow_overriding=[], cmake_args=None, cmake_target=None, cmake_target_skip_unavailable=False, cmake_clean_cache=False, cmake_clean_first=False, cmake_force_configure=False, ament_cmake_args=None, catkin_cmake_args=None, catkin_skip_building_tests=False, mixin_files=None, mixin=None, verb_parser=<colcon_mixin.mixin.mixin_argument.MixinArgumentDecorator object at 0x7bcc59a576a0>, verb_extension=<colcon_core.verb.build.BuildVerb object at 0x7bcc59a571c0>, main=<bound method BuildVerb.main of <colcon_core.verb.build.BuildVerb object at 0x7bcc59a571c0>>, mixin_verb=('build',))
[0.243s] Level 1:colcon.colcon_core.package_discovery:discover_packages(colcon_meta) check parameters
[0.244s] Level 1:colcon.colcon_core.package_discovery:discover_packages(recursive) check parameters
[0.244s] Level 1:colcon.colcon_core.package_discovery:discover_packages(ignore) check parameters
[0.244s] Level 1:colcon.colcon_core.package_discovery:discover_packages(path) check parameters
[0.244s] Level 1:colcon.colcon_core.package_discovery:discover_packages(colcon_meta) discover
[0.244s] Level 1:colcon.colcon_core.package_discovery:discover_packages(recursive) discover
[0.244s] INFO:colcon.colcon_core.package_discovery:Crawling recursively for packages in '/home/uditr/mybot_ws'
[0.244s] Level 1:colcon.colcon_core.package_identification:_identify(.) by extensions ['ignore', 'ignore_ament_install']
[0.244s] Level 1:colcon.colcon_core.package_identification:_identify(.) by extension 'ignore'
[0.244s] Level 1:colcon.colcon_core.package_identification:_identify(.) by extension 'ignore_ament_install'
[0.244s] Level 1:colcon.colcon_core.package_identification:_identify(.) by extensions ['colcon_pkg']
[0.244s] Level 1:colcon.colcon_core.package_identification:_identify(.) by extension 'colcon_pkg'
[0.244s] Level 1:colcon.colcon_core.package_identification:_identify(.) by extensions ['colcon_meta']
[0.244s] Level 1:colcon.colcon_core.package_identification:_identify(.) by extension 'colcon_meta'
[0.244s] Level 1:colcon.colcon_core.package_identification:_identify(.) by extensions ['ros']
[0.244s] Level 1:colcon.colcon_core.package_identification:_identify(.) by extension 'ros'
[0.253s] Level 1:colcon.colcon_core.package_identification:_identify(.) by extensions ['cmake', 'python']
[0.253s] Level 1:colcon.colcon_core.package_identification:_identify(.) by extension 'cmake'
[0.253s] Level 1:colcon.colcon_core.package_identification:_identify(.) by extension 'python'
[0.253s] Level 1:colcon.colcon_core.package_identification:_identify(.) by extensions ['python_setup_py']
[0.253s] Level 1:colcon.colcon_core.package_identification:_identify(.) by extension 'python_setup_py'
[0.253s] Level 1:colcon.colcon_core.package_identification:_identify(build) by extensions ['ignore', 'ignore_ament_install']
[0.254s] Level 1:colcon.colcon_core.package_identification:_identify(build) by extension 'ignore'
[0.254s] Level 1:colcon.colcon_core.package_identification:_identify(build) ignored
[0.254s] Level 1:colcon.colcon_core.package_identification:_identify(install) by extensions ['ignore', 'ignore_ament_install']
[0.254s] Level 1:colcon.colcon_core.package_identification:_identify(install) by extension 'ignore'
[0.254s] Level 1:colcon.colcon_core.package_identification:_identify(install) ignored
[0.254s] Level 1:colcon.colcon_core.package_identification:_identify(log) by extensions ['ignore', 'ignore_ament_install']
[0.254s] Level 1:colcon.colcon_core.package_identification:_identify(log) by extension 'ignore'
[0.254s] Level 1:colcon.colcon_core.package_identification:_identify(log) ignored
[0.254s] Level 1:colcon.colcon_core.package_identification:_identify(src) by extensions ['ignore', 'ignore_ament_install']
[0.254s] Level 1:colcon.colcon_core.package_identification:_identify(src) by extension 'ignore'
[0.254s] Level 1:colcon.colcon_core.package_identification:_identify(src) by extension 'ignore_ament_install'
[0.254s] Level 1:colcon.colcon_core.package_identification:_identify(src) by extensions ['colcon_pkg']
[0.254s] Level 1:colcon.colcon_core.package_identification:_identify(src) by extension 'colcon_pkg'
[0.254s] Level 1:colcon.colcon_core.package_identification:_identify(src) by extensions ['colcon_meta']
[0.254s] Level 1:colcon.colcon_core.package_identification:_identify(src) by extension 'colcon_meta'
[0.254s] Level 1:colcon.colcon_core.package_identification:_identify(src) by extensions ['ros']
[0.254s] Level 1:colcon.colcon_core.package_identification:_identify(src) by extension 'ros'
[0.255s] Level 1:colcon.colcon_core.package_identification:_identify(src) by extensions ['cmake', 'python']
[0.255s] Level 1:colcon.colcon_core.package_identification:_identify(src) by extension 'cmake'
[0.255s] Level 1:colcon.colcon_core.package_identification:_identify(src) by extension 'python'
[0.255s] Level 1:colcon.colcon_core.package_identification:_identify(src) by extensions ['python_setup_py']
[0.255s] Level 1:colcon.colcon_core.package_identification:_identify(src) by extension 'python_setup_py'
[0.255s] Level 1:colcon.colcon_core.package_identification:_identify(src/build) by extensions ['ignore', 'ignore_ament_install']
[0.255s] Level 1:colcon.colcon_core.package_identification:_identify(src/build) by extension 'ignore'
[0.255s] Level 1:colcon.colcon_core.package_identification:_identify(src/build) ignored
[0.255s] Level 1:colcon.colcon_core.package_identification:_identify(src/install) by extensions ['ignore', 'ignore_ament_install']
[0.255s] Level 1:colcon.colcon_core.package_identification:_identify(src/install) by extension 'ignore'
[0.255s] Level 1:colcon.colcon_core.package_identification:_identify(src/install) ignored
[0.255s] Level 1:colcon.colcon_core.package_identification:_identify(src/log) by extensions ['ignore', 'ignore_ament_install']
[0.255s] Level 1:colcon.colcon_core.package_identification:_identify(src/log) by extension 'ignore'
[0.255s] Level 1:colcon.colcon_core.package_identification:_identify(src/log) ignored
[0.255s] Level 1:colcon.colcon_core.package_identification:_identify(src/mybot_controller) by extensions ['ignore', 'ignore_ament_install']
[0.255s] Level 1:colcon.colcon_core.package_identification:_identify(src/mybot_controller) by extension 'ignore'
[0.255s] Level 1:colcon.colcon_core.package_identification:_identify(src/mybot_controller) by extension 'ignore_ament_install'
[0.255s] Level 1:colcon.colcon_core.package_identification:_identify(src/mybot_controller) by extensions ['colcon_pkg']
[0.255s] Level 1:colcon.colcon_core.package_identification:_identify(src/mybot_controller) by extension 'colcon_pkg'
[0.255s] Level 1:colcon.colcon_core.package_identification:_identify(src/mybot_controller) by extensions ['colcon_meta']
[0.255s] Level 1:colcon.colcon_core.package_identification:_identify(src/mybot_controller) by extension 'colcon_meta'
[0.256s] Level 1:colcon.colcon_core.package_identification:_identify(src/mybot_controller) by extensions ['ros']
[0.256s] Level 1:colcon.colcon_core.package_identification:_identify(src/mybot_controller) by extension 'ros'
[0.258s] DEBUG:colcon.colcon_core.package_identification:Package 'src/mybot_controller' with type 'ros.ament_cmake' and name 'mybot_controller'
[0.258s] Level 1:colcon.colcon_core.package_identification:_identify(src/mybot_cpp_programs) by extensions ['ignore', 'ignore_ament_install']
[0.258s] Level 1:colcon.colcon_core.package_identification:_identify(src/mybot_cpp_programs) by extension 'ignore'
[0.258s] Level 1:colcon.colcon_core.package_identification:_identify(src/mybot_cpp_programs) by extension 'ignore_ament_install'
[0.258s] Level 1:colcon.colcon_core.package_identification:_identify(src/mybot_cpp_programs) by extensions ['colcon_pkg']
[0.258s] Level 1:colcon.colcon_core.package_identification:_identify(src/mybot_cpp_programs) by extension 'colcon_pkg'
[0.258s] Level 1:colcon.colcon_core.package_identification:_identify(src/mybot_cpp_programs) by extensions ['colcon_meta']
[0.258s] Level 1:colcon.colcon_core.package_identification:_identify(src/mybot_cpp_programs) by extension 'colcon_meta'
[0.258s] Level 1:colcon.colcon_core.package_identification:_identify(src/mybot_cpp_programs) by extensions ['ros']
[0.258s] Level 1:colcon.colcon_core.package_identification:_identify(src/mybot_cpp_programs) by extension 'ros'
[0.259s] DEBUG:colcon.colcon_core.package_identification:Package 'src/mybot_cpp_programs' with type 'ros.ament_cmake' and name 'mybot_cpp_programs'
[0.259s] Level 1:colcon.colcon_core.package_identification:_identify(src/mybot_description) by extensions ['ignore', 'ignore_ament_install']
[0.259s] Level 1:colcon.colcon_core.package_identification:_identify(src/mybot_description) by extension 'ignore'
[0.259s] Level 1:colcon.colcon_core.package_identification:_identify(src/mybot_description) by extension 'ignore_ament_install'
[0.259s] Level 1:colcon.colcon_core.package_identification:_identify(src/mybot_description) by extensions ['colcon_pkg']
[0.259s] Level 1:colcon.colcon_core.package_identification:_identify(src/mybot_description) by extension 'colcon_pkg'
[0.259s] Level 1:colcon.colcon_core.package_identification:_identify(src/mybot_description) by extensions ['colcon_meta']
[0.259s] Level 1:colcon.colcon_core.package_identification:_identify(src/mybot_description) by extension 'colcon_meta'
[0.259s] Level 1:colcon.colcon_core.package_identification:_identify(src/mybot_description) by extensions ['ros']
[0.259s] Level 1:colcon.colcon_core.package_identification:_identify(src/mybot_description) by extension 'ros'
[0.260s] DEBUG:colcon.colcon_core.package_identification:Package 'src/mybot_description' with type 'ros.ament_cmake' and name 'mybot_description'
[0.260s] Level 1:colcon.colcon_core.package_identification:_identify(src/mybot_py_programs) by extensions ['ignore', 'ignore_ament_install']
[0.260s] Level 1:colcon.colcon_core.package_identification:_identify(src/mybot_py_programs) by extension 'ignore'
[0.260s] Level 1:colcon.colcon_core.package_identification:_identify(src/mybot_py_programs) by extension 'ignore_ament_install'
[0.260s] Level 1:colcon.colcon_core.package_identification:_identify(src/mybot_py_programs) by extensions ['colcon_pkg']
[0.260s] Level 1:colcon.colcon_core.package_identification:_identify(src/mybot_py_programs) by extension 'colcon_pkg'
[0.260s] Level 1:colcon.colcon_core.package_identification:_identify(src/mybot_py_programs) by extensions ['colcon_meta']
[0.260s] Level 1:colcon.colcon_core.package_identification:_identify(src/mybot_py_programs) by extension 'colcon_meta'
[0.260s] Level 1:colcon.colcon_core.package_identification:_identify(src/mybot_py_programs) by extensions ['ros']
[0.260s] Level 1:colcon.colcon_core.package_identification:_identify(src/mybot_py_programs) by extension 'ros'
[0.260s] DEBUG:colcon.colcon_core.package_identification:Package 'src/mybot_py_programs' with type 'ros.ament_python' and name 'mybot_py_programs'
[0.261s] Level 1:colcon.colcon_core.package_discovery:discover_packages(recursive) using defaults
[0.261s] Level 1:colcon.colcon_core.package_discovery:discover_packages(ignore) discover
[0.261s] Level 1:colcon.colcon_core.package_discovery:discover_packages(ignore) using defaults
[0.261s] Level 1:colcon.colcon_core.package_discovery:discover_packages(path) discover
[0.261s] Level 1:colcon.colcon_core.package_discovery:discover_packages(path) using defaults
[0.287s] Level 1:colcon.colcon_core.package_discovery:discover_packages(prefix_path) check parameters
[0.287s] Level 1:colcon.colcon_core.package_discovery:discover_packages(prefix_path) discover
[0.289s] DEBUG:colcon.colcon_installed_package_information.package_discovery:Found 4 installed packages in /home/uditr/mybot_ws/install
[0.290s] DEBUG:colcon.colcon_installed_package_information.package_discovery:Found 366 installed packages in /opt/ros/humble
[0.291s] Level 1:colcon.colcon_core.package_discovery:discover_packages(prefix_path) using defaults
[0.330s] Level 5:colcon.colcon_core.verb:set package 'mybot_controller' build argument 'cmake_args' from command line to 'None'
[0.330s] Level 5:colcon.colcon_core.verb:set package 'mybot_controller' build argument 'cmake_target' from command line to 'None'
[0.330s] Level 5:colcon.colcon_core.verb:set package 'mybot_controller' build argument 'cmake_target_skip_unavailable' from command line to 'False'
[0.330s] Level 5:colcon.colcon_core.verb:set package 'mybot_controller' build argument 'cmake_clean_cache' from command line to 'False'
[0.330s] Level 5:colcon.colcon_core.verb:set package 'mybot_controller' build argument 'cmake_clean_first' from command line to 'False'
[0.330s] Level 5:colcon.colcon_core.verb:set package 'mybot_controller' build argument 'cmake_force_configure' from command line to 'False'
[0.330s] Level 5:colcon.colcon_core.verb:set package 'mybot_controller' build argument 'ament_cmake_args' from command line to 'None'
[0.330s] Level 5:colcon.colcon_core.verb:set package 'mybot_controller' build argument 'catkin_cmake_args' from command line to 'None'
[0.330s] Level 5:colcon.colcon_core.verb:set package 'mybot_controller' build argument 'catkin_skip_building_tests' from command line to 'False'
[0.330s] DEBUG:colcon.colcon_core.verb:Building package 'mybot_controller' with the following arguments: {'ament_cmake_args': None, 'build_base': '/home/uditr/mybot_ws/build/mybot_controller', 'catkin_cmake_args': None, 'catkin_skip_building_tests': False, 'cmake_args': None, 'cmake_clean_cache': False, 'cmake_clean_first': False, 'cmake_force_configure': False, 'cmake_target': None, 'cmake_target_skip_unavailable': False, 'install_base': '/home/uditr/mybot_ws/install/mybot_controller', 'merge_install': False, 'path': '/home/uditr/mybot_ws/src/mybot_controller', 'symlink_install': False, 'test_result_base': None}
[0.331s] Level 5:colcon.colcon_core.verb:set package 'mybot_cpp_programs' build argument 'cmake_args' from command line to 'None'
[0.331s] Level 5:colcon.colcon_core.verb:set package 'mybot_cpp_programs' build argument 'cmake_target' from command line to 'None'
[0.331s] Level 5:colcon.colcon_core.verb:set package 'mybot_cpp_programs' build argument 'cmake_target_skip_unavailable' from command line to 'False'
[0.331s] Level 5:colcon.colcon_core.verb:set package 'mybot_cpp_programs' build argument 'cmake_clean_cache' from command line to 'False'
[0.331s] Level 5:colcon.colcon_core.verb:set package 'mybot_cpp_programs' build argument 'cmake_clean_first' from command line to 'False'
[0.331s] Level 5:colcon.colcon_core.verb:set package 'mybot_cpp_programs' build argument 'cmake_force_configure' from command line to 'False'
[0.331s] Level 5:colcon.colcon_core.verb:set package 'mybot_cpp_programs' build argument 'ament_cmake_args' from command line to 'None'
[0.331s] Level 5:colcon.colcon_core.verb:set package 'mybot_cpp_programs' build argument 'catkin_cmake_args' from command line to 'None'
[0.331s] Level 5:colcon.colcon_core.verb:set package 'mybot_cpp_programs' build argument 'catkin_skip_building_tests' from command line to 'False'
[0.331s] DEBUG:colcon.colcon_core.verb:Building package 'mybot_cpp_programs' with the following arguments: {'ament_cmake_args': None, 'build_base': '/home/uditr/mybot_ws/build/mybot_cpp_programs', 'catkin_cmake_args': None, 'catkin_skip_building_tests': False, 'cmake_args': None, 'cmake_clean_cache': False, 'cmake_clean_first': False, 'cmake_force_configure': False, 'cmake_target': None, 'cmake_target_skip_unavailable': False, 'install_base': '/home/uditr/mybot_ws/install/mybot_cpp_programs', 'merge_install': False, 'path': '/home/uditr/mybot_ws/src/mybot_cpp_programs', 'symlink_install': False, 'test_result_base': None}
[0.331s] Level 5:colcon.colcon_core.verb:set package 'mybot_description' build argument 'cmake_args' from command line to 'None'
[0.331s] Level 5:colcon.colcon_core.verb:set package 'mybot_description' build argument 'cmake_target' from command line to 'None'
[0.331s] Level 5:colcon.colcon_core.verb:set package 'mybot_description' build argument 'cmake_target_skip_unavailable' from command line to 'False'
[0.331s] Level 5:colcon.colcon_core.verb:set package 'mybot_description' build argument 'cmake_clean_cache' from command line to 'False'
[0.331s] Level 5:colcon.colcon_core.verb:set package 'mybot_description' build argument 'cmake_clean_first' from command line to 'False'
[0.331s] Level 5:colcon.colcon_core.verb:set package 'mybot_description' build argument 'cmake_force_configure' from command line to 'False'
[0.331s] Level 5:colcon.colcon_core.verb:set package 'mybot_description' build argument 'ament_cmake_args' from command line to 'None'
[0.331s] Level 5:colcon.colcon_core.verb:set package 'mybot_description' build argument 'catkin_cmake_args' from command line to 'None'
[0.332s] Level 5:colcon.colcon_core.verb:set package 'mybot_description' build argument 'catkin_skip_building_tests' from command line to 'False'
[0.332s] DEBUG:colcon.colcon_core.verb:Building package 'mybot_description' with the following arguments: {'ament_cmake_args': None, 'build_base': '/home/uditr/mybot_ws/build/mybot_description', 'catkin_cmake_args': None, 'catkin_skip_building_tests': False, 'cmake_args': None, 'cmake_clean_cache': False, 'cmake_clean_first': False, 'cmake_force_configure': False, 'cmake_target': None, 'cmake_target_skip_unavailable': False, 'install_base': '/home/uditr/mybot_ws/install/mybot_description', 'merge_install': False, 'path': '/home/uditr/mybot_ws/src/mybot_description', 'symlink_install': False, 'test_result_base': None}
[0.332s] Level 5:colcon.colcon_core.verb:set package 'mybot_py_programs' build argument 'cmake_args' from command line to 'None'
[0.332s] Level 5:colcon.colcon_core.verb:set package 'mybot_py_programs' build argument 'cmake_target' from command line to 'None'
[0.332s] Level 5:colcon.colcon_core.verb:set package 'mybot_py_programs' build argument 'cmake_target_skip_unavailable' from command line to 'False'
[0.332s] Level 5:colcon.colcon_core.verb:set package 'mybot_py_programs' build argument 'cmake_clean_cache' from command line to 'False'
[0.332s] Level 5:colcon.colcon_core.verb:set package 'mybot_py_programs' build argument 'cmake_clean_first' from command line to 'False'
[0.332s] Level 5:colcon.colcon_core.verb:set package 'mybot_py_programs' build argument 'cmake_force_configure' from command line to 'False'
[0.332s] Level 5:colcon.colcon_core.verb:set package 'mybot_py_programs' build argument 'ament_cmake_args' from command line to 'None'
[0.332s] Level 5:colcon.colcon_core.verb:set package 'mybot_py_programs' build argument 'catkin_cmake_args' from command line to 'None'
[0.332s] Level 5:colcon.colcon_core.verb:set package 'mybot_py_programs' build argument 'catkin_skip_building_tests' from command line to 'False'
[0.332s] DEBUG:colcon.colcon_core.verb:Building package 'mybot_py_programs' with the following arguments: {'ament_cmake_args': None, 'build_base': '/home/uditr/mybot_ws/build/mybot_py_programs', 'catkin_cmake_args': None, 'catkin_skip_building_tests': False, 'cmake_args': None, 'cmake_clean_cache': False, 'cmake_clean_first': False, 'cmake_force_configure': False, 'cmake_target': None, 'cmake_target_skip_unavailable': False, 'install_base': '/home/uditr/mybot_ws/install/mybot_py_programs', 'merge_install': False, 'path': '/home/uditr/mybot_ws/src/mybot_py_programs', 'symlink_install': False, 'test_result_base': None}
[0.332s] INFO:colcon.colcon_core.executor:Executing jobs using 'parallel' executor
[0.333s] DEBUG:colcon.colcon_parallel_executor.executor.parallel:run_until_complete
[0.333s] INFO:colcon.colcon_ros.task.ament_cmake.build:Building ROS package in '/home/uditr/mybot_ws/src/mybot_controller' with build type 'ament_cmake'
[0.334s] INFO:colcon.colcon_cmake.task.cmake.build:Building CMake package in '/home/uditr/mybot_ws/src/mybot_controller'
[0.335s] INFO:colcon.colcon_core.plugin_system:Skipping extension 'colcon_core.shell.bat': Not used on non-Windows systems
[0.335s] INFO:colcon.colcon_core.shell:Skip shell extension 'powershell' for command environment: Not usable outside of PowerShell
[0.335s] DEBUG:colcon.colcon_core.shell:Skip shell extension 'dsv' for command environment
[0.339s] INFO:colcon.colcon_ros.task.ament_cmake.build:Building ROS package in '/home/uditr/mybot_ws/src/mybot_cpp_programs' with build type 'ament_cmake'
[0.339s] INFO:colcon.colcon_cmake.task.cmake.build:Building CMake package in '/home/uditr/mybot_ws/src/mybot_cpp_programs'
[0.339s] INFO:colcon.colcon_core.shell:Skip shell extension 'powershell' for command environment: Not usable outside of PowerShell
[0.339s] DEBUG:colcon.colcon_core.shell:Skip shell extension 'dsv' for command environment
[0.342s] INFO:colcon.colcon_ros.task.ament_cmake.build:Building ROS package in '/home/uditr/mybot_ws/src/mybot_description' with build type 'ament_cmake'
[0.342s] INFO:colcon.colcon_cmake.task.cmake.build:Building CMake package in '/home/uditr/mybot_ws/src/mybot_description'
[0.342s] INFO:colcon.colcon_core.shell:Skip shell extension 'powershell' for command environment: Not usable outside of PowerShell
[0.342s] DEBUG:colcon.colcon_core.shell:Skip shell extension 'dsv' for command environment
[0.345s] INFO:colcon.colcon_ros.task.ament_python.build:Building ROS package in '/home/uditr/mybot_ws/src/mybot_py_programs' with build type 'ament_python'
[0.345s] Level 1:colcon.colcon_core.shell:create_environment_hook('mybot_py_programs', 'ament_prefix_path')
[0.345s] INFO:colcon.colcon_core.shell:Creating environment hook '/home/uditr/mybot_ws/install/mybot_py_programs/share/mybot_py_programs/hook/ament_prefix_path.ps1'
[0.346s] INFO:colcon.colcon_core.shell:Creating environment descriptor '/home/uditr/mybot_ws/install/mybot_py_programs/share/mybot_py_programs/hook/ament_prefix_path.dsv'
[0.346s] INFO:colcon.colcon_core.shell:Creating environment hook '/home/uditr/mybot_ws/install/mybot_py_programs/share/mybot_py_programs/hook/ament_prefix_path.sh'
[0.347s] INFO:colcon.colcon_core.shell:Skip shell extension 'powershell' for command environment: Not usable outside of PowerShell
[0.347s] DEBUG:colcon.colcon_core.shell:Skip shell extension 'dsv' for command environment
[0.354s] DEBUG:colcon.colcon_core.event_handler.log_command:Invoking command in '/home/uditr/mybot_ws/build/mybot_controller': CMAKE_PREFIX_PATH=${CMAKE_PREFIX_PATH}:/home/uditr/mybot_ws/install/mybot_py_programs:/opt/ros/humble /usr/bin/cmake --build /home/uditr/mybot_ws/build/mybot_controller -- -j8 -l8
[0.356s] DEBUG:colcon.colcon_core.event_handler.log_command:Invoking command in '/home/uditr/mybot_ws/build/mybot_cpp_programs': CMAKE_PREFIX_PATH=${CMAKE_PREFIX_PATH}:/home/uditr/mybot_ws/install/mybot_py_programs:/opt/ros/humble /usr/bin/cmake --build /home/uditr/mybot_ws/build/mybot_cpp_programs -- -j8 -l8
[0.360s] DEBUG:colcon.colcon_core.event_handler.log_command:Invoking command in '/home/uditr/mybot_ws/build/mybot_description': CMAKE_PREFIX_PATH=${CMAKE_PREFIX_PATH}:/home/uditr/mybot_ws/install/mybot_py_programs:/opt/ros/humble /usr/bin/cmake --build /home/uditr/mybot_ws/build/mybot_description -- -j8 -l8
[0.614s] INFO:colcon.colcon_core.task.python.build:Building Python package in '/home/uditr/mybot_ws/src/mybot_py_programs'
[0.615s] INFO:colcon.colcon_core.shell:Skip shell extension 'powershell' for command environment: Not usable outside of PowerShell
[0.615s] DEBUG:colcon.colcon_core.shell:Skip shell extension 'dsv' for command environment
[0.619s] DEBUG:colcon.colcon_core.event_handler.log_command:Invoked command in '/home/uditr/mybot_ws/build/mybot_cpp_programs' returned '0': CMAKE_PREFIX_PATH=${CMAKE_PREFIX_PATH}:/home/uditr/mybot_ws/install/mybot_py_programs:/opt/ros/humble /usr/bin/cmake --build /home/uditr/mybot_ws/build/mybot_cpp_programs -- -j8 -l8
[0.620s] DEBUG:colcon.colcon_core.event_handler.log_command:Invoked command in '/home/uditr/mybot_ws/build/mybot_description' returned '0': CMAKE_PREFIX_PATH=${CMAKE_PREFIX_PATH}:/home/uditr/mybot_ws/install/mybot_py_programs:/opt/ros/humble /usr/bin/cmake --build /home/uditr/mybot_ws/build/mybot_description -- -j8 -l8
[0.620s] DEBUG:colcon.colcon_core.event_handler.log_command:Invoked command in '/home/uditr/mybot_ws/build/mybot_controller' returned '0': CMAKE_PREFIX_PATH=${CMAKE_PREFIX_PATH}:/home/uditr/mybot_ws/install/mybot_py_programs:/opt/ros/humble /usr/bin/cmake --build /home/uditr/mybot_ws/build/mybot_controller -- -j8 -l8
[0.645s] DEBUG:colcon.colcon_core.event_handler.log_command:Invoking command in '/home/uditr/mybot_ws/build/mybot_description': CMAKE_PREFIX_PATH=${CMAKE_PREFIX_PATH}:/home/uditr/mybot_ws/install/mybot_py_programs:/opt/ros/humble /usr/bin/cmake --install /home/uditr/mybot_ws/build/mybot_description
[0.648s] DEBUG:colcon.colcon_core.event_handler.log_command:Invoking command in '/home/uditr/mybot_ws/build/mybot_cpp_programs': CMAKE_PREFIX_PATH=${CMAKE_PREFIX_PATH}:/home/uditr/mybot_ws/install/mybot_py_programs:/opt/ros/humble /usr/bin/cmake --install /home/uditr/mybot_ws/build/mybot_cpp_programs
[0.650s] DEBUG:colcon.colcon_core.event_handler.log_command:Invoking command in '/home/uditr/mybot_ws/build/mybot_controller': CMAKE_PREFIX_PATH=${CMAKE_PREFIX_PATH}:/home/uditr/mybot_ws/install/mybot_py_programs:/opt/ros/humble /usr/bin/cmake --install /home/uditr/mybot_ws/build/mybot_controller
[0.673s] Level 1:colcon.colcon_core.environment:create_environment_scripts_only(mybot_controller)
[0.674s] DEBUG:colcon.colcon_core.event_handler.log_command:Invoked command in '/home/uditr/mybot_ws/build/mybot_controller' returned '0': CMAKE_PREFIX_PATH=${CMAKE_PREFIX_PATH}:/home/uditr/mybot_ws/install/mybot_py_programs:/opt/ros/humble /usr/bin/cmake --install /home/uditr/mybot_ws/build/mybot_controller
[0.676s] Level 1:colcon.colcon_core.environment:checking '/home/uditr/mybot_ws/install/mybot_controller' for CMake module files
[0.676s] Level 1:colcon.colcon_core.environment:checking '/home/uditr/mybot_ws/install/mybot_controller' for CMake config files
[0.676s] Level 1:colcon.colcon_core.shell:create_environment_hook('mybot_controller', 'cmake_prefix_path')
[0.677s] INFO:colcon.colcon_core.shell:Creating environment hook '/home/uditr/mybot_ws/install/mybot_controller/share/mybot_controller/hook/cmake_prefix_path.ps1'
[0.677s] INFO:colcon.colcon_core.shell:Creating environment descriptor '/home/uditr/mybot_ws/install/mybot_controller/share/mybot_controller/hook/cmake_prefix_path.dsv'
[0.677s] INFO:colcon.colcon_core.shell:Creating environment hook '/home/uditr/mybot_ws/install/mybot_controller/share/mybot_controller/hook/cmake_prefix_path.sh'
[0.678s] Level 1:colcon.colcon_core.environment:checking '/home/uditr/mybot_ws/install/mybot_controller/bin'
[0.678s] Level 1:colcon.colcon_core.environment:checking '/home/uditr/mybot_ws/install/mybot_controller/lib/pkgconfig/mybot_controller.pc'
[0.679s] Level 1:colcon.colcon_core.environment:checking '/home/uditr/mybot_ws/install/mybot_controller/lib/python3.10/site-packages'
[0.679s] Level 1:colcon.colcon_core.environment:checking '/home/uditr/mybot_ws/install/mybot_controller/bin'
[0.679s] INFO:colcon.colcon_core.shell:Creating package script '/home/uditr/mybot_ws/install/mybot_controller/share/mybot_controller/package.ps1'
[0.680s] INFO:colcon.colcon_core.shell:Creating package descriptor '/home/uditr/mybot_ws/install/mybot_controller/share/mybot_controller/package.dsv'
[0.681s] INFO:colcon.colcon_core.shell:Creating package script '/home/uditr/mybot_ws/install/mybot_controller/share/mybot_controller/package.sh'
[0.682s] INFO:colcon.colcon_core.shell:Creating package script '/home/uditr/mybot_ws/install/mybot_controller/share/mybot_controller/package.bash'
[0.682s] INFO:colcon.colcon_core.shell:Creating package script '/home/uditr/mybot_ws/install/mybot_controller/share/mybot_controller/package.zsh'
[0.683s] Level 1:colcon.colcon_core.environment:create_file_with_runtime_dependencies(/home/uditr/mybot_ws/install/mybot_controller/share/colcon-core/packages/mybot_controller)
[0.684s] Level 1:colcon.colcon_core.environment:create_environment_scripts_only(mybot_description)
[0.684s] Level 1:colcon.colcon_core.environment:checking '/home/uditr/mybot_ws/install/mybot_description' for CMake module files
[0.685s] DEBUG:colcon.colcon_core.event_handler.log_command:Invoked command in '/home/uditr/mybot_ws/build/mybot_description' returned '0': CMAKE_PREFIX_PATH=${CMAKE_PREFIX_PATH}:/home/uditr/mybot_ws/install/mybot_py_programs:/opt/ros/humble /usr/bin/cmake --install /home/uditr/mybot_ws/build/mybot_description
[0.685s] Level 1:colcon.colcon_core.environment:checking '/home/uditr/mybot_ws/install/mybot_description' for CMake config files
[0.686s] Level 1:colcon.colcon_core.shell:create_environment_hook('mybot_description', 'cmake_prefix_path')
[0.686s] INFO:colcon.colcon_core.shell:Creating environment hook '/home/uditr/mybot_ws/install/mybot_description/share/mybot_description/hook/cmake_prefix_path.ps1'
[0.686s] INFO:colcon.colcon_core.shell:Creating environment descriptor '/home/uditr/mybot_ws/install/mybot_description/share/mybot_description/hook/cmake_prefix_path.dsv'
[0.687s] INFO:colcon.colcon_core.shell:Creating environment hook '/home/uditr/mybot_ws/install/mybot_description/share/mybot_description/hook/cmake_prefix_path.sh'
[0.687s] Level 1:colcon.colcon_core.environment:checking '/home/uditr/mybot_ws/install/mybot_description/bin'
[0.687s] Level 1:colcon.colcon_core.environment:checking '/home/uditr/mybot_ws/install/mybot_description/lib/pkgconfig/mybot_description.pc'
[0.688s] Level 1:colcon.colcon_core.environment:checking '/home/uditr/mybot_ws/install/mybot_description/lib/python3.10/site-packages'
[0.688s] Level 1:colcon.colcon_core.environment:checking '/home/uditr/mybot_ws/install/mybot_description/bin'
[0.688s] INFO:colcon.colcon_core.shell:Creating package script '/home/uditr/mybot_ws/install/mybot_description/share/mybot_description/package.ps1'
[0.688s] INFO:colcon.colcon_core.shell:Creating package descriptor '/home/uditr/mybot_ws/install/mybot_description/share/mybot_description/package.dsv'
[0.689s] INFO:colcon.colcon_core.shell:Creating package script '/home/uditr/mybot_ws/install/mybot_description/share/mybot_description/package.sh'
[0.689s] INFO:colcon.colcon_core.shell:Creating package script '/home/uditr/mybot_ws/install/mybot_description/share/mybot_description/package.bash'
[0.690s] INFO:colcon.colcon_core.shell:Creating package script '/home/uditr/mybot_ws/install/mybot_description/share/mybot_description/package.zsh'
[0.690s] Level 1:colcon.colcon_core.environment:create_file_with_runtime_dependencies(/home/uditr/mybot_ws/install/mybot_description/share/colcon-core/packages/mybot_description)
[0.691s] Level 1:colcon.colcon_core.environment:create_environment_scripts_only(mybot_cpp_programs)
[0.692s] Level 1:colcon.colcon_core.environment:checking '/home/uditr/mybot_ws/install/mybot_cpp_programs' for CMake module files
[0.693s] DEBUG:colcon.colcon_core.event_handler.log_command:Invoked command in '/home/uditr/mybot_ws/build/mybot_cpp_programs' returned '0': CMAKE_PREFIX_PATH=${CMAKE_PREFIX_PATH}:/home/uditr/mybot_ws/install/mybot_py_programs:/opt/ros/humble /usr/bin/cmake --install /home/uditr/mybot_ws/build/mybot_cpp_programs
[0.693s] Level 1:colcon.colcon_core.environment:checking '/home/uditr/mybot_ws/install/mybot_cpp_programs' for CMake config files
[0.694s] Level 1:colcon.colcon_core.shell:create_environment_hook('mybot_cpp_programs', 'cmake_prefix_path')
[0.694s] INFO:colcon.colcon_core.shell:Creating environment hook '/home/uditr/mybot_ws/install/mybot_cpp_programs/share/mybot_cpp_programs/hook/cmake_prefix_path.ps1'
[0.695s] INFO:colcon.colcon_core.shell:Creating environment descriptor '/home/uditr/mybot_ws/install/mybot_cpp_programs/share/mybot_cpp_programs/hook/cmake_prefix_path.dsv'
[0.695s] INFO:colcon.colcon_core.shell:Creating environment hook '/home/uditr/mybot_ws/install/mybot_cpp_programs/share/mybot_cpp_programs/hook/cmake_prefix_path.sh'
[0.696s] Level 1:colcon.colcon_core.environment:checking '/home/uditr/mybot_ws/install/mybot_cpp_programs/bin'
[0.696s] Level 1:colcon.colcon_core.environment:checking '/home/uditr/mybot_ws/install/mybot_cpp_programs/lib/pkgconfig/mybot_cpp_programs.pc'
[0.696s] Level 1:colcon.colcon_core.environment:checking '/home/uditr/mybot_ws/install/mybot_cpp_programs/lib/python3.10/site-packages'
[0.697s] Level 1:colcon.colcon_core.environment:checking '/home/uditr/mybot_ws/install/mybot_cpp_programs/bin'
[0.697s] INFO:colcon.colcon_core.shell:Creating package script '/home/uditr/mybot_ws/install/mybot_cpp_programs/share/mybot_cpp_programs/package.ps1'
[0.698s] INFO:colcon.colcon_core.shell:Creating package descriptor '/home/uditr/mybot_ws/install/mybot_cpp_programs/share/mybot_cpp_programs/package.dsv'
[0.698s] INFO:colcon.colcon_core.shell:Creating package script '/home/uditr/mybot_ws/install/mybot_cpp_programs/share/mybot_cpp_programs/package.sh'
[0.699s] INFO:colcon.colcon_core.shell:Creating package script '/home/uditr/mybot_ws/install/mybot_cpp_programs/share/mybot_cpp_programs/package.bash'
[0.699s] INFO:colcon.colcon_core.shell:Creating package script '/home/uditr/mybot_ws/install/mybot_cpp_programs/share/mybot_cpp_programs/package.zsh'
[0.700s] Level 1:colcon.colcon_core.environment:create_file_with_runtime_dependencies(/home/uditr/mybot_ws/install/mybot_cpp_programs/share/colcon-core/packages/mybot_cpp_programs)
[0.706s] Level 1:colcon.colcon_core.environment:create_environment_scripts_only(mybot_controller)
[0.706s] Level 1:colcon.colcon_core.environment:checking '/home/uditr/mybot_ws/install/mybot_controller' for CMake module files
[0.707s] Level 1:colcon.colcon_core.environment:checking '/home/uditr/mybot_ws/install/mybot_controller' for CMake config files
[0.708s] Level 1:colcon.colcon_core.shell:create_environment_hook('mybot_controller', 'cmake_prefix_path')
[0.708s] INFO:colcon.colcon_core.shell:Creating environment hook '/home/uditr/mybot_ws/install/mybot_controller/share/mybot_controller/hook/cmake_prefix_path.ps1'
[0.709s] INFO:colcon.colcon_core.shell:Creating environment descriptor '/home/uditr/mybot_ws/install/mybot_controller/share/mybot_controller/hook/cmake_prefix_path.dsv'
[0.709s] INFO:colcon.colcon_core.shell:Creating environment hook '/home/uditr/mybot_ws/install/mybot_controller/share/mybot_controller/hook/cmake_prefix_path.sh'
[0.710s] Level 1:colcon.colcon_core.environment:checking '/home/uditr/mybot_ws/install/mybot_controller/bin'
[0.710s] Level 1:colcon.colcon_core.environment:checking '/home/uditr/mybot_ws/install/mybot_controller/lib/pkgconfig/mybot_controller.pc'
[0.710s] Level 1:colcon.colcon_core.environment:checking '/home/uditr/mybot_ws/install/mybot_controller/lib/python3.10/site-packages'
[0.711s] Level 1:colcon.colcon_core.environment:checking '/home/uditr/mybot_ws/install/mybot_controller/bin'
[0.711s] INFO:colcon.colcon_core.shell:Creating package script '/home/uditr/mybot_ws/install/mybot_controller/share/mybot_controller/package.ps1'
[0.712s] INFO:colcon.colcon_core.shell:Creating package descriptor '/home/uditr/mybot_ws/install/mybot_controller/share/mybot_controller/package.dsv'
[0.713s] INFO:colcon.colcon_core.shell:Creating package script '/home/uditr/mybot_ws/install/mybot_controller/share/mybot_controller/package.sh'
[0.713s] INFO:colcon.colcon_core.shell:Creating package script '/home/uditr/mybot_ws/install/mybot_controller/share/mybot_controller/package.bash'
[0.714s] INFO:colcon.colcon_core.shell:Creating package script '/home/uditr/mybot_ws/install/mybot_controller/share/mybot_controller/package.zsh'
[0.715s] Level 1:colcon.colcon_core.environment:create_file_with_runtime_dependencies(/home/uditr/mybot_ws/install/mybot_controller/share/colcon-core/packages/mybot_controller)
[0.716s] Level 1:colcon.colcon_core.environment:create_environment_scripts_only(mybot_description)
[0.717s] Level 1:colcon.colcon_core.environment:checking '/home/uditr/mybot_ws/install/mybot_description' for CMake module files
[0.717s] Level 1:colcon.colcon_core.environment:checking '/home/uditr/mybot_ws/install/mybot_description' for CMake config files
[0.718s] Level 1:colcon.colcon_core.shell:create_environment_hook('mybot_description', 'cmake_prefix_path')
[0.719s] INFO:colcon.colcon_core.shell:Creating environment hook '/home/uditr/mybot_ws/install/mybot_description/share/mybot_description/hook/cmake_prefix_path.ps1'
[0.719s] INFO:colcon.colcon_core.shell:Creating environment descriptor '/home/uditr/mybot_ws/install/mybot_description/share/mybot_description/hook/cmake_prefix_path.dsv'
[0.720s] INFO:colcon.colcon_core.shell:Creating environment hook '/home/uditr/mybot_ws/install/mybot_description/share/mybot_description/hook/cmake_prefix_path.sh'
[0.720s] Level 1:colcon.colcon_core.environment:checking '/home/uditr/mybot_ws/install/mybot_description/bin'
[0.720s] Level 1:colcon.colcon_core.environment:checking '/home/uditr/mybot_ws/install/mybot_description/lib/pkgconfig/mybot_description.pc'
[0.721s] Level 1:colcon.colcon_core.environment:checking '/home/uditr/mybot_ws/install/mybot_description/lib/python3.10/site-packages'
[0.721s] Level 1:colcon.colcon_core.environment:checking '/home/uditr/mybot_ws/install/mybot_description/bin'
[0.722s] INFO:colcon.colcon_core.shell:Creating package script '/home/uditr/mybot_ws/install/mybot_description/share/mybot_description/package.ps1'
[0.723s] INFO:colcon.colcon_core.shell:Creating package descriptor '/home/uditr/mybot_ws/install/mybot_description/share/mybot_description/package.dsv'
[0.723s] INFO:colcon.colcon_core.shell:Creating package script '/home/uditr/mybot_ws/install/mybot_description/share/mybot_description/package.sh'
[0.724s] INFO:colcon.colcon_core.shell:Creating package script '/home/uditr/mybot_ws/install/mybot_description/share/mybot_description/package.bash'
[0.724s] INFO:colcon.colcon_core.shell:Creating package script '/home/uditr/mybot_ws/install/mybot_description/share/mybot_description/package.zsh'
[0.725s] Level 1:colcon.colcon_core.environment:create_file_with_runtime_dependencies(/home/uditr/mybot_ws/install/mybot_description/share/colcon-core/packages/mybot_description)
[0.726s] Level 1:colcon.colcon_core.environment:create_environment_scripts_only(mybot_cpp_programs)
[0.727s] Level 1:colcon.colcon_core.environment:checking '/home/uditr/mybot_ws/install/mybot_cpp_programs' for CMake module files
[0.728s] Level 1:colcon.colcon_core.environment:checking '/home/uditr/mybot_ws/install/mybot_cpp_programs' for CMake config files
[0.728s] Level 1:colcon.colcon_core.shell:create_environment_hook('mybot_cpp_programs', 'cmake_prefix_path')
[0.728s] INFO:colcon.colcon_core.shell:Creating environment hook '/home/uditr/mybot_ws/install/mybot_cpp_programs/share/mybot_cpp_programs/hook/cmake_prefix_path.ps1'
[0.729s] INFO:colcon.colcon_core.shell:Creating environment descriptor '/home/uditr/mybot_ws/install/mybot_cpp_programs/share/mybot_cpp_programs/hook/cmake_prefix_path.dsv'
[0.729s] INFO:colcon.colcon_core.shell:Creating environment hook '/home/uditr/mybot_ws/install/mybot_cpp_programs/share/mybot_cpp_programs/hook/cmake_prefix_path.sh'
[0.730s] Level 1:colcon.colcon_core.environment:checking '/home/uditr/mybot_ws/install/mybot_cpp_programs/bin'
[0.730s] Level 1:colcon.colcon_core.environment:checking '/home/uditr/mybot_ws/install/mybot_cpp_programs/lib/pkgconfig/mybot_cpp_programs.pc'
[0.730s] Level 1:colcon.colcon_core.environment:checking '/home/uditr/mybot_ws/install/mybot_cpp_programs/lib/python3.10/site-packages'
[0.731s] Level 1:colcon.colcon_core.environment:checking '/home/uditr/mybot_ws/install/mybot_cpp_programs/bin'
[0.731s] INFO:colcon.colcon_core.shell:Creating package script '/home/uditr/mybot_ws/install/mybot_cpp_programs/share/mybot_cpp_programs/package.ps1'
[0.732s] INFO:colcon.colcon_core.shell:Creating package descriptor '/home/uditr/mybot_ws/install/mybot_cpp_programs/share/mybot_cpp_programs/package.dsv'
[0.732s] INFO:colcon.colcon_core.shell:Creating package script '/home/uditr/mybot_ws/install/mybot_cpp_programs/share/mybot_cpp_programs/package.sh'
[0.733s] INFO:colcon.colcon_core.shell:Creating package script '/home/uditr/mybot_ws/install/mybot_cpp_programs/share/mybot_cpp_programs/package.bash'
[0.733s] INFO:colcon.colcon_core.shell:Creating package script '/home/uditr/mybot_ws/install/mybot_cpp_programs/share/mybot_cpp_programs/package.zsh'
[0.733s] Level 1:colcon.colcon_core.environment:create_file_with_runtime_dependencies(/home/uditr/mybot_ws/install/mybot_cpp_programs/share/colcon-core/packages/mybot_cpp_programs)
[1.001s] DEBUG:colcon.colcon_core.event_handler.log_command:Invoking command in '/home/uditr/mybot_ws/src/mybot_py_programs': PYTHONPATH=/home/uditr/mybot_ws/build/mybot_py_programs/prefix_override:/usr/lib/python3/dist-packages/colcon_core/task/python/colcon_distutils_commands:/home/uditr/mybot_ws/install/mybot_py_programs/lib/python3.10/site-packages:${PYTHONPATH} /usr/bin/python3 -W ignore:setup.py install is deprecated setup.py egg_info --egg-base ../../build/mybot_py_programs build --build-base /home/uditr/mybot_ws/build/mybot_py_programs/build install --record /home/uditr/mybot_ws/build/mybot_py_programs/install.log --single-version-externally-managed install_data
[1.254s] Level 1:colcon.colcon_core.environment:checking '/home/uditr/mybot_ws/install/mybot_py_programs' for CMake module files
[1.254s] DEBUG:colcon.colcon_core.event_handler.log_command:Invoked command in '/home/uditr/mybot_ws/src/mybot_py_programs' returned '0': PYTHONPATH=/home/uditr/mybot_ws/build/mybot_py_programs/prefix_override:/usr/lib/python3/dist-packages/colcon_core/task/python/colcon_distutils_commands:/home/uditr/mybot_ws/install/mybot_py_programs/lib/python3.10/site-packages:${PYTHONPATH} /usr/bin/python3 -W ignore:setup.py install is deprecated setup.py egg_info --egg-base ../../build/mybot_py_programs build --build-base /home/uditr/mybot_ws/build/mybot_py_programs/build install --record /home/uditr/mybot_ws/build/mybot_py_programs/install.log --single-version-externally-managed install_data
[1.254s] Level 1:colcon.colcon_core.environment:checking '/home/uditr/mybot_ws/install/mybot_py_programs' for CMake config files
[1.255s] Level 1:colcon.colcon_core.environment:checking '/home/uditr/mybot_ws/install/mybot_py_programs/lib'
[1.255s] Level 1:colcon.colcon_core.environment:checking '/home/uditr/mybot_ws/install/mybot_py_programs/bin'
[1.255s] Level 1:colcon.colcon_core.environment:checking '/home/uditr/mybot_ws/install/mybot_py_programs/lib/pkgconfig/mybot_py_programs.pc'
[1.255s] Level 1:colcon.colcon_core.environment:checking '/home/uditr/mybot_ws/install/mybot_py_programs/lib/python3.10/site-packages'
[1.255s] Level 1:colcon.colcon_core.shell:create_environment_hook('mybot_py_programs', 'pythonpath')
[1.256s] INFO:colcon.colcon_core.shell:Creating environment hook '/home/uditr/mybot_ws/install/mybot_py_programs/share/mybot_py_programs/hook/pythonpath.ps1'
[1.256s] INFO:colcon.colcon_core.shell:Creating environment descriptor '/home/uditr/mybot_ws/install/mybot_py_programs/share/mybot_py_programs/hook/pythonpath.dsv'
[1.256s] INFO:colcon.colcon_core.shell:Creating environment hook '/home/uditr/mybot_ws/install/mybot_py_programs/share/mybot_py_programs/hook/pythonpath.sh'
[1.257s] Level 1:colcon.colcon_core.environment:checking '/home/uditr/mybot_ws/install/mybot_py_programs/bin'
[1.257s] Level 1:colcon.colcon_core.environment:create_environment_scripts_only(mybot_py_programs)
[1.257s] INFO:colcon.colcon_core.shell:Creating package script '/home/uditr/mybot_ws/install/mybot_py_programs/share/mybot_py_programs/package.ps1'
[1.258s] INFO:colcon.colcon_core.shell:Creating package descriptor '/home/uditr/mybot_ws/install/mybot_py_programs/share/mybot_py_programs/package.dsv'
[1.258s] INFO:colcon.colcon_core.shell:Creating package script '/home/uditr/mybot_ws/install/mybot_py_programs/share/mybot_py_programs/package.sh'
[1.258s] INFO:colcon.colcon_core.shell:Creating package script '/home/uditr/mybot_ws/install/mybot_py_programs/share/mybot_py_programs/package.bash'
[1.259s] INFO:colcon.colcon_core.shell:Creating package script '/home/uditr/mybot_ws/install/mybot_py_programs/share/mybot_py_programs/package.zsh'
[1.259s] Level 1:colcon.colcon_core.environment:create_file_with_runtime_dependencies(/home/uditr/mybot_ws/install/mybot_py_programs/share/colcon-core/packages/mybot_py_programs)
[1.259s] DEBUG:colcon.colcon_parallel_executor.executor.parallel:closing loop
[1.259s] DEBUG:colcon.colcon_parallel_executor.executor.parallel:loop closed
[1.259s] DEBUG:colcon.colcon_parallel_executor.executor.parallel:run_until_complete finished with '0'
[1.260s] DEBUG:colcon.colcon_core.event_reactor:joining thread
[1.264s] INFO:colcon.colcon_core.plugin_system:Skipping extension 'colcon_notification.desktop_notification.terminal_notifier': Not used on non-Darwin systems
[1.264s] INFO:colcon.colcon_core.plugin_system:Skipping extension 'colcon_notification.desktop_notification.win32': Not used on non-Windows systems
[1.264s] INFO:colcon.colcon_notification.desktop_notification:Sending desktop notification using 'notify2'
[1.270s] DEBUG:colcon.colcon_core.event_reactor:joined thread
[1.270s] INFO:colcon.colcon_core.shell:Creating prefix script '/home/uditr/mybot_ws/install/local_setup.ps1'
[1.271s] INFO:colcon.colcon_core.shell:Creating prefix util module '/home/uditr/mybot_ws/install/_local_setup_util_ps1.py'
[1.272s] INFO:colcon.colcon_core.shell:Creating prefix chain script '/home/uditr/mybot_ws/install/setup.ps1'
[1.272s] INFO:colcon.colcon_core.shell:Creating prefix script '/home/uditr/mybot_ws/install/local_setup.sh'
[1.273s] INFO:colcon.colcon_core.shell:Creating prefix util module '/home/uditr/mybot_ws/install/_local_setup_util_sh.py'
[1.273s] INFO:colcon.colcon_core.shell:Creating prefix chain script '/home/uditr/mybot_ws/install/setup.sh'
[1.274s] INFO:colcon.colcon_core.shell:Creating prefix script '/home/uditr/mybot_ws/install/local_setup.bash'
[1.274s] INFO:colcon.colcon_core.shell:Creating prefix chain script '/home/uditr/mybot_ws/install/setup.bash'
[1.275s] INFO:colcon.colcon_core.shell:Creating prefix script '/home/uditr/mybot_ws/install/local_setup.zsh'
[1.276s] INFO:colcon.colcon_core.shell:Creating prefix chain script '/home/uditr/mybot_ws/install/setup.zsh'
