[0.412s] Invoking command in '/home/uditr/mybot_ws/build/mybot_description': CMAKE_PREFIX_PATH=/opt/ros/humble /usr/bin/cmake --build /home/uditr/mybot_ws/build/mybot_description -- -j8 -l8
[9.410s] Invoked command in '/home/uditr/mybot_ws/build/mybot_description' returned '0': CMAKE_PREFIX_PATH=/opt/ros/humble /usr/bin/cmake --build /home/uditr/mybot_ws/build/mybot_description -- -j8 -l8
[9.431s] Invoking command in '/home/uditr/mybot_ws/build/mybot_description': CMAKE_PREFIX_PATH=/opt/ros/humble /usr/bin/cmake --install /home/uditr/mybot_ws/build/mybot_description
[9.518s] -- Install configuration: ""
[9.520s] -- Up-to-date: /home/uditr/mybot_ws/install/mybot_description/share/mybot_description/include
[9.651s] -- Up-to-date: /home/uditr/mybot_ws/install/mybot_description/share/mybot_description/include/mybot_description
[9.667s] -- Up-to-date: /home/uditr/mybot_ws/install/mybot_description/share/mybot_description/meshesmain
[10.021s] -- Up-to-date: /home/uditr/mybot_ws/install/mybot_description/share/mybot_description/meshesmain/wheel_right_link.STL
[10.021s] -- Up-to-date: /home/uditr/mybot_ws/install/mybot_description/share/mybot_description/meshesmain/base_link.STL
[10.021s] -- Up-to-date: /home/uditr/mybot_ws/install/mybot_description/share/mybot_description/meshesmain/can.STL
[10.021s] -- Up-to-date: /home/uditr/mybot_ws/install/mybot_description/share/mybot_description/meshesmain/wheel_left_link.STL
[10.021s] -- Up-to-date: /home/uditr/mybot_ws/install/mybot_description/share/mybot_description/meshesmain/caster_front_link.STL
[10.021s] -- Up-to-date: /home/uditr/mybot_ws/install/mybot_description/share/mybot_description/meshesmain/imu_link.STL
[10.021s] -- Up-to-date: /home/uditr/mybot_ws/install/mybot_description/share/mybot_description/meshesmain/caster_rear_link.STL
[10.022s] -- Up-to-date: /home/uditr/mybot_ws/install/mybot_description/share/mybot_description/urdf
[10.044s] -- Up-to-date: /home/uditr/mybot_ws/install/mybot_description/share/mybot_description/urdf/mybot_ros2_control.xacro
[10.044s] -- Up-to-date: /home/uditr/mybot_ws/install/mybot_description/share/mybot_description/urdf/mybot_gazebo.xacro
[10.044s] -- Up-to-date: /home/uditr/mybot_ws/install/mybot_description/share/mybot_description/urdf/mybot.urdf.xacro
[10.044s] -- Up-to-date: /home/uditr/mybot_ws/install/mybot_description/share/mybot_description/models
[10.133s] -- Up-to-date: /home/uditr/mybot_ws/install/mybot_description/share/mybot_description/models/sun
[10.266s] -- Up-to-date: /home/uditr/mybot_ws/install/mybot_description/share/mybot_description/models/sun/model.sdf
[10.266s] -- Up-to-date: /home/uditr/mybot_ws/install/mybot_description/share/mybot_description/models/sun/model-1_4.sdf
[10.266s] -- Up-to-date: /home/uditr/mybot_ws/install/mybot_description/share/mybot_description/models/sun/model.config
[10.266s] -- Up-to-date: /home/uditr/mybot_ws/install/mybot_description/share/mybot_description/models/sun/model-1_2.sdf
[10.267s] -- Up-to-date: /home/uditr/mybot_ws/install/mybot_description/share/mybot_description/models/sun/model-1_3.sdf
[10.267s] -- Up-to-date: /home/uditr/mybot_ws/install/mybot_description/share/mybot_description/models/ground_plane
[10.410s] -- Up-to-date: /home/uditr/mybot_ws/install/mybot_description/share/mybot_description/models/ground_plane/model.sdf
[10.410s] -- Up-to-date: /home/uditr/mybot_ws/install/mybot_description/share/mybot_description/models/ground_plane/model-1_4.sdf
[10.410s] -- Up-to-date: /home/uditr/mybot_ws/install/mybot_description/share/mybot_description/models/ground_plane/model.config
[10.410s] -- Up-to-date: /home/uditr/mybot_ws/install/mybot_description/share/mybot_description/models/ground_plane/model-1_2.sdf
[10.410s] -- Up-to-date: /home/uditr/mybot_ws/install/mybot_description/share/mybot_description/models/ground_plane/model-1_3.sdf
[10.410s] -- Up-to-date: /home/uditr/mybot_ws/install/mybot_description/share/mybot_description/launch
[10.549s] -- Up-to-date: /home/uditr/mybot_ws/install/mybot_description/share/mybot_description/launch/display.launch.py
[10.549s] -- Up-to-date: /home/uditr/mybot_ws/install/mybot_description/share/mybot_description/launch/gazebo.launch.py
[10.549s] -- Up-to-date: /home/uditr/mybot_ws/install/mybot_description/share/mybot_description/rviz
[10.726s] -- Up-to-date: /home/uditr/mybot_ws/install/mybot_description/share/mybot_description/rviz/display.rviz
[10.731s] -- Up-to-date: /home/uditr/mybot_ws/install/mybot_description/share/ament_index/resource_index/package_run_dependencies/mybot_description
[10.731s] -- Up-to-date: /home/uditr/mybot_ws/install/mybot_description/share/ament_index/resource_index/parent_prefix_path/mybot_description
[10.732s] -- Up-to-date: /home/uditr/mybot_ws/install/mybot_description/share/mybot_description/environment/ament_prefix_path.sh
[10.732s] -- Up-to-date: /home/uditr/mybot_ws/install/mybot_description/share/mybot_description/environment/ament_prefix_path.dsv
[10.732s] -- Up-to-date: /home/uditr/mybot_ws/install/mybot_description/share/mybot_description/environment/path.sh
[10.732s] -- Up-to-date: /home/uditr/mybot_ws/install/mybot_description/share/mybot_description/environment/path.dsv
[10.732s] -- Up-to-date: /home/uditr/mybot_ws/install/mybot_description/share/mybot_description/local_setup.bash
[10.732s] -- Up-to-date: /home/uditr/mybot_ws/install/mybot_description/share/mybot_description/local_setup.sh
[10.732s] -- Up-to-date: /home/uditr/mybot_ws/install/mybot_description/share/mybot_description/local_setup.zsh
[10.732s] -- Up-to-date: /home/uditr/mybot_ws/install/mybot_description/share/mybot_description/local_setup.dsv
[10.732s] -- Installing: /home/uditr/mybot_ws/install/mybot_description/share/mybot_description/package.dsv
[10.958s] -- Up-to-date: /home/uditr/mybot_ws/install/mybot_description/share/ament_index/resource_index/packages/mybot_description
[10.958s] -- Up-to-date: /home/uditr/mybot_ws/install/mybot_description/share/mybot_description/cmake/mybot_descriptionConfig.cmake
[10.958s] -- Up-to-date: /home/uditr/mybot_ws/install/mybot_description/share/mybot_description/cmake/mybot_descriptionConfig-version.cmake
[10.958s] -- Up-to-date: /home/uditr/mybot_ws/install/mybot_description/share/mybot_description/package.xml
[10.960s] Invoked command in '/home/uditr/mybot_ws/build/mybot_description' returned '0': CMAKE_PREFIX_PATH=/opt/ros/humble /usr/bin/cmake --install /home/uditr/mybot_ws/build/mybot_description
