[0.018s] Invoking command in '/home/uditr/mybot_ws/build/mybot_msgs': CMAKE_PREFIX_PATH=/opt/ros/humble /usr/bin/cmake --build /home/uditr/mybot_ws/build/mybot_msgs -- -j8 -l8
[0.128s] [  2%] Built target mybot_msgs__cpp
[0.129s] [ 12%] Built target mybot_msgs__rosidl_generator_c
[0.139s] [ 12%] Built target ament_cmake_python_copy_mybot_msgs
[0.169s] [ 41%] Built target mybot_msgs__rosidl_typesupport_fastrtps_cpp
[0.170s] [ 43%] Built target mybot_msgs__rosidl_typesupport_c
[0.170s] [ 53%] Built target mybot_msgs__rosidl_typesupport_introspection_c
[0.171s] [ 53%] Built target mybot_msgs__rosidl_typesupport_fastrtps_c
[0.178s] [ 64%] Built target mybot_msgs__rosidl_typesupport_introspection_cpp
[0.183s] [ 74%] Built target mybot_msgs__rosidl_typesupport_cpp
[0.218s] [ 74%] Built target mybot_msgs
[0.246s] [ 76%] Built target mybot_msgs__py
[0.275s] [ 84%] Built target mybot_msgs__rosidl_generator_py
[0.306s] [ 89%] Built target mybot_msgs__rosidl_typesupport_c__pyext
[0.309s] [ 94%] Built target mybot_msgs__rosidl_typesupport_introspection_c__pyext
[0.311s] [100%] Built target mybot_msgs__rosidl_typesupport_fastrtps_c__pyext
[0.484s] running egg_info
[0.485s] writing mybot_msgs.egg-info/PKG-INFO
[0.485s] writing dependency_links to mybot_msgs.egg-info/dependency_links.txt
[0.485s] writing top-level names to mybot_msgs.egg-info/top_level.txt
[0.488s] reading manifest file 'mybot_msgs.egg-info/SOURCES.txt'
[0.488s] writing manifest file 'mybot_msgs.egg-info/SOURCES.txt'
[0.515s] [100%] Built target ament_cmake_python_build_mybot_msgs_egg
[0.525s] Invoked command in '/home/uditr/mybot_ws/build/mybot_msgs' returned '0': CMAKE_PREFIX_PATH=/opt/ros/humble /usr/bin/cmake --build /home/uditr/mybot_ws/build/mybot_msgs -- -j8 -l8
[0.591s] Invoking command in '/home/uditr/mybot_ws/build/mybot_msgs': CMAKE_PREFIX_PATH=/opt/ros/humble /usr/bin/cmake --install /home/uditr/mybot_ws/build/mybot_msgs
[0.599s] -- Install configuration: ""
[0.599s] -- Up-to-date: /home/uditr/mybot_ws/install/mybot_msgs/share/ament_index/resource_index/rosidl_interfaces/mybot_msgs
[0.599s] -- Up-to-date: /home/uditr/mybot_ws/install/mybot_msgs/include/mybot_msgs/mybot_msgs
[0.599s] -- Up-to-date: /home/uditr/mybot_ws/install/mybot_msgs/include/mybot_msgs/mybot_msgs/msg
[0.599s] -- Up-to-date: /home/uditr/mybot_ws/install/mybot_msgs/include/mybot_msgs/mybot_msgs/msg/rosidl_generator_c__visibility_control.h
[0.599s] -- Up-to-date: /home/uditr/mybot_ws/install/mybot_msgs/include/mybot_msgs/mybot_msgs/srv
[0.599s] -- Up-to-date: /home/uditr/mybot_ws/install/mybot_msgs/include/mybot_msgs/mybot_msgs/srv/get_transform.h
[0.600s] -- Up-to-date: /home/uditr/mybot_ws/install/mybot_msgs/include/mybot_msgs/mybot_msgs/srv/detail
[0.600s] -- Up-to-date: /home/uditr/mybot_ws/install/mybot_msgs/include/mybot_msgs/mybot_msgs/srv/detail/add_two_ints__functions.h
[0.600s] -- Up-to-date: /home/uditr/mybot_ws/install/mybot_msgs/include/mybot_msgs/mybot_msgs/srv/detail/add_two_ints__functions.c
[0.600s] -- Up-to-date: /home/uditr/mybot_ws/install/mybot_msgs/include/mybot_msgs/mybot_msgs/srv/detail/add_two_ints__type_support.h
[0.600s] -- Up-to-date: /home/uditr/mybot_ws/install/mybot_msgs/include/mybot_msgs/mybot_msgs/srv/detail/get_transform__struct.h
[0.600s] -- Up-to-date: /home/uditr/mybot_ws/install/mybot_msgs/include/mybot_msgs/mybot_msgs/srv/detail/get_transform__type_support.h
[0.600s] -- Up-to-date: /home/uditr/mybot_ws/install/mybot_msgs/include/mybot_msgs/mybot_msgs/srv/detail/get_transform__functions.h
[0.600s] -- Up-to-date: /home/uditr/mybot_ws/install/mybot_msgs/include/mybot_msgs/mybot_msgs/srv/detail/get_transform__functions.c
[0.601s] -- Up-to-date: /home/uditr/mybot_ws/install/mybot_msgs/include/mybot_msgs/mybot_msgs/srv/detail/add_two_ints__struct.h
[0.601s] -- Up-to-date: /home/uditr/mybot_ws/install/mybot_msgs/include/mybot_msgs/mybot_msgs/srv/add_two_ints.h
[0.601s] -- Up-to-date: /home/uditr/mybot_ws/install/mybot_msgs/share/mybot_msgs/environment/library_path.sh
[0.601s] -- Up-to-date: /home/uditr/mybot_ws/install/mybot_msgs/share/mybot_msgs/environment/library_path.dsv
[0.601s] -- Up-to-date: /home/uditr/mybot_ws/install/mybot_msgs/lib/libmybot_msgs__rosidl_generator_c.so
[0.601s] -- Up-to-date: /home/uditr/mybot_ws/install/mybot_msgs/include/mybot_msgs/mybot_msgs
[0.601s] -- Up-to-date: /home/uditr/mybot_ws/install/mybot_msgs/include/mybot_msgs/mybot_msgs/msg
[0.601s] -- Up-to-date: /home/uditr/mybot_ws/install/mybot_msgs/include/mybot_msgs/mybot_msgs/msg/rosidl_typesupport_fastrtps_c__visibility_control.h
[0.602s] -- Up-to-date: /home/uditr/mybot_ws/install/mybot_msgs/include/mybot_msgs/mybot_msgs/srv
[0.602s] -- Up-to-date: /home/uditr/mybot_ws/install/mybot_msgs/include/mybot_msgs/mybot_msgs/srv/detail
[0.602s] -- Up-to-date: /home/uditr/mybot_ws/install/mybot_msgs/include/mybot_msgs/mybot_msgs/srv/detail/add_two_ints__rosidl_typesupport_fastrtps_c.h
[0.602s] -- Up-to-date: /home/uditr/mybot_ws/install/mybot_msgs/include/mybot_msgs/mybot_msgs/srv/detail/get_transform__rosidl_typesupport_fastrtps_c.h
[0.602s] -- Up-to-date: /home/uditr/mybot_ws/install/mybot_msgs/lib/libmybot_msgs__rosidl_typesupport_fastrtps_c.so
[0.602s] -- Up-to-date: /home/uditr/mybot_ws/install/mybot_msgs/include/mybot_msgs/mybot_msgs
[0.602s] -- Up-to-date: /home/uditr/mybot_ws/install/mybot_msgs/include/mybot_msgs/mybot_msgs/srv
[0.602s] -- Up-to-date: /home/uditr/mybot_ws/install/mybot_msgs/include/mybot_msgs/mybot_msgs/srv/get_transform.hpp
[0.603s] -- Up-to-date: /home/uditr/mybot_ws/install/mybot_msgs/include/mybot_msgs/mybot_msgs/srv/add_two_ints.hpp
[0.603s] -- Up-to-date: /home/uditr/mybot_ws/install/mybot_msgs/include/mybot_msgs/mybot_msgs/srv/detail
[0.603s] -- Up-to-date: /home/uditr/mybot_ws/install/mybot_msgs/include/mybot_msgs/mybot_msgs/srv/detail/add_two_ints__traits.hpp
[0.603s] -- Up-to-date: /home/uditr/mybot_ws/install/mybot_msgs/include/mybot_msgs/mybot_msgs/srv/detail/get_transform__builder.hpp
[0.603s] -- Up-to-date: /home/uditr/mybot_ws/install/mybot_msgs/include/mybot_msgs/mybot_msgs/srv/detail/get_transform__traits.hpp
[0.603s] -- Up-to-date: /home/uditr/mybot_ws/install/mybot_msgs/include/mybot_msgs/mybot_msgs/srv/detail/add_two_ints__builder.hpp
[0.603s] -- Up-to-date: /home/uditr/mybot_ws/install/mybot_msgs/include/mybot_msgs/mybot_msgs/srv/detail/get_transform__struct.hpp
[0.603s] -- Up-to-date: /home/uditr/mybot_ws/install/mybot_msgs/include/mybot_msgs/mybot_msgs/srv/detail/add_two_ints__struct.hpp
[0.604s] -- Up-to-date: /home/uditr/mybot_ws/install/mybot_msgs/include/mybot_msgs/mybot_msgs
[0.604s] -- Up-to-date: /home/uditr/mybot_ws/install/mybot_msgs/include/mybot_msgs/mybot_msgs/msg
[0.604s] -- Up-to-date: /home/uditr/mybot_ws/install/mybot_msgs/include/mybot_msgs/mybot_msgs/msg/rosidl_typesupport_fastrtps_cpp__visibility_control.h
[0.604s] -- Up-to-date: /home/uditr/mybot_ws/install/mybot_msgs/include/mybot_msgs/mybot_msgs/srv
[0.604s] -- Up-to-date: /home/uditr/mybot_ws/install/mybot_msgs/include/mybot_msgs/mybot_msgs/srv/detail
[0.604s] -- Up-to-date: /home/uditr/mybot_ws/install/mybot_msgs/include/mybot_msgs/mybot_msgs/srv/detail/dds_fastrtps
[0.604s] -- Up-to-date: /home/uditr/mybot_ws/install/mybot_msgs/include/mybot_msgs/mybot_msgs/srv/detail/add_two_ints__rosidl_typesupport_fastrtps_cpp.hpp
[0.604s] -- Up-to-date: /home/uditr/mybot_ws/install/mybot_msgs/include/mybot_msgs/mybot_msgs/srv/detail/get_transform__rosidl_typesupport_fastrtps_cpp.hpp
[0.605s] -- Up-to-date: /home/uditr/mybot_ws/install/mybot_msgs/lib/libmybot_msgs__rosidl_typesupport_fastrtps_cpp.so
[0.605s] -- Up-to-date: /home/uditr/mybot_ws/install/mybot_msgs/include/mybot_msgs/mybot_msgs
[0.605s] -- Up-to-date: /home/uditr/mybot_ws/install/mybot_msgs/include/mybot_msgs/mybot_msgs/msg
[0.605s] -- Up-to-date: /home/uditr/mybot_ws/install/mybot_msgs/include/mybot_msgs/mybot_msgs/msg/rosidl_typesupport_introspection_c__visibility_control.h
[0.605s] -- Up-to-date: /home/uditr/mybot_ws/install/mybot_msgs/include/mybot_msgs/mybot_msgs/srv
[0.605s] -- Up-to-date: /home/uditr/mybot_ws/install/mybot_msgs/include/mybot_msgs/mybot_msgs/srv/detail
[0.605s] -- Up-to-date: /home/uditr/mybot_ws/install/mybot_msgs/include/mybot_msgs/mybot_msgs/srv/detail/get_transform__type_support.c
[0.605s] -- Up-to-date: /home/uditr/mybot_ws/install/mybot_msgs/include/mybot_msgs/mybot_msgs/srv/detail/get_transform__rosidl_typesupport_introspection_c.h
[0.605s] -- Up-to-date: /home/uditr/mybot_ws/install/mybot_msgs/include/mybot_msgs/mybot_msgs/srv/detail/add_two_ints__type_support.c
[0.605s] -- Up-to-date: /home/uditr/mybot_ws/install/mybot_msgs/include/mybot_msgs/mybot_msgs/srv/detail/add_two_ints__rosidl_typesupport_introspection_c.h
[0.605s] -- Up-to-date: /home/uditr/mybot_ws/install/mybot_msgs/lib/libmybot_msgs__rosidl_typesupport_introspection_c.so
[0.606s] -- Up-to-date: /home/uditr/mybot_ws/install/mybot_msgs/lib/libmybot_msgs__rosidl_typesupport_c.so
[0.606s] -- Up-to-date: /home/uditr/mybot_ws/install/mybot_msgs/include/mybot_msgs/mybot_msgs
[0.606s] -- Up-to-date: /home/uditr/mybot_ws/install/mybot_msgs/include/mybot_msgs/mybot_msgs/srv
[0.606s] -- Up-to-date: /home/uditr/mybot_ws/install/mybot_msgs/include/mybot_msgs/mybot_msgs/srv/detail
[0.606s] -- Up-to-date: /home/uditr/mybot_ws/install/mybot_msgs/include/mybot_msgs/mybot_msgs/srv/detail/add_two_ints__rosidl_typesupport_introspection_cpp.hpp
[0.606s] -- Up-to-date: /home/uditr/mybot_ws/install/mybot_msgs/include/mybot_msgs/mybot_msgs/srv/detail/add_two_ints__type_support.cpp
[0.606s] -- Up-to-date: /home/uditr/mybot_ws/install/mybot_msgs/include/mybot_msgs/mybot_msgs/srv/detail/get_transform__type_support.cpp
[0.606s] -- Up-to-date: /home/uditr/mybot_ws/install/mybot_msgs/include/mybot_msgs/mybot_msgs/srv/detail/get_transform__rosidl_typesupport_introspection_cpp.hpp
[0.606s] -- Up-to-date: /home/uditr/mybot_ws/install/mybot_msgs/lib/libmybot_msgs__rosidl_typesupport_introspection_cpp.so
[0.606s] -- Up-to-date: /home/uditr/mybot_ws/install/mybot_msgs/lib/libmybot_msgs__rosidl_typesupport_cpp.so
[0.606s] -- Up-to-date: /home/uditr/mybot_ws/install/mybot_msgs/share/mybot_msgs/environment/pythonpath.sh
[0.606s] -- Up-to-date: /home/uditr/mybot_ws/install/mybot_msgs/share/mybot_msgs/environment/pythonpath.dsv
[0.606s] -- Up-to-date: /home/uditr/mybot_ws/install/mybot_msgs/local/lib/python3.10/dist-packages/mybot_msgs-0.0.0-py3.10.egg-info
[0.606s] -- Installing: /home/uditr/mybot_ws/install/mybot_msgs/local/lib/python3.10/dist-packages/mybot_msgs-0.0.0-py3.10.egg-info/dependency_links.txt
[0.606s] -- Installing: /home/uditr/mybot_ws/install/mybot_msgs/local/lib/python3.10/dist-packages/mybot_msgs-0.0.0-py3.10.egg-info/PKG-INFO
[0.606s] -- Installing: /home/uditr/mybot_ws/install/mybot_msgs/local/lib/python3.10/dist-packages/mybot_msgs-0.0.0-py3.10.egg-info/top_level.txt
[0.606s] -- Installing: /home/uditr/mybot_ws/install/mybot_msgs/local/lib/python3.10/dist-packages/mybot_msgs-0.0.0-py3.10.egg-info/SOURCES.txt
[0.607s] -- Up-to-date: /home/uditr/mybot_ws/install/mybot_msgs/local/lib/python3.10/dist-packages/mybot_msgs
[0.607s] -- Up-to-date: /home/uditr/mybot_ws/install/mybot_msgs/local/lib/python3.10/dist-packages/mybot_msgs/_mybot_msgs_s.ep.rosidl_typesupport_c.c
[0.607s] -- Up-to-date: /home/uditr/mybot_ws/install/mybot_msgs/local/lib/python3.10/dist-packages/mybot_msgs/_mybot_msgs_s.ep.rosidl_typesupport_fastrtps_c.c
[0.607s] -- Up-to-date: /home/uditr/mybot_ws/install/mybot_msgs/local/lib/python3.10/dist-packages/mybot_msgs/__init__.py
[0.607s] -- Up-to-date: /home/uditr/mybot_ws/install/mybot_msgs/local/lib/python3.10/dist-packages/mybot_msgs/libmybot_msgs__rosidl_generator_py.so
[0.607s] -- Up-to-date: /home/uditr/mybot_ws/install/mybot_msgs/local/lib/python3.10/dist-packages/mybot_msgs/mybot_msgs_s__rosidl_typesupport_introspection_c.cpython-310-x86_64-linux-gnu.so
[0.607s] -- Up-to-date: /home/uditr/mybot_ws/install/mybot_msgs/local/lib/python3.10/dist-packages/mybot_msgs/_mybot_msgs_s.ep.rosidl_typesupport_introspection_c.c
[0.607s] -- Up-to-date: /home/uditr/mybot_ws/install/mybot_msgs/local/lib/python3.10/dist-packages/mybot_msgs/srv
[0.607s] -- Up-to-date: /home/uditr/mybot_ws/install/mybot_msgs/local/lib/python3.10/dist-packages/mybot_msgs/srv/__init__.py
[0.607s] -- Up-to-date: /home/uditr/mybot_ws/install/mybot_msgs/local/lib/python3.10/dist-packages/mybot_msgs/srv/_get_transform_s.c
[0.607s] -- Up-to-date: /home/uditr/mybot_ws/install/mybot_msgs/local/lib/python3.10/dist-packages/mybot_msgs/srv/_get_transform.py
[0.607s] -- Up-to-date: /home/uditr/mybot_ws/install/mybot_msgs/local/lib/python3.10/dist-packages/mybot_msgs/srv/_add_two_ints_s.c
[0.607s] -- Up-to-date: /home/uditr/mybot_ws/install/mybot_msgs/local/lib/python3.10/dist-packages/mybot_msgs/srv/_add_two_ints.py
[0.607s] -- Up-to-date: /home/uditr/mybot_ws/install/mybot_msgs/local/lib/python3.10/dist-packages/mybot_msgs/mybot_msgs_s__rosidl_typesupport_fastrtps_c.cpython-310-x86_64-linux-gnu.so
[0.607s] -- Up-to-date: /home/uditr/mybot_ws/install/mybot_msgs/local/lib/python3.10/dist-packages/mybot_msgs/mybot_msgs_s__rosidl_typesupport_c.cpython-310-x86_64-linux-gnu.so
[0.635s] Listing '/home/uditr/mybot_ws/install/mybot_msgs/local/lib/python3.10/dist-packages/mybot_msgs'...
[0.635s] Listing '/home/uditr/mybot_ws/install/mybot_msgs/local/lib/python3.10/dist-packages/mybot_msgs/srv'...
[0.639s] -- Up-to-date: /home/uditr/mybot_ws/install/mybot_msgs/local/lib/python3.10/dist-packages/mybot_msgs/mybot_msgs_s__rosidl_typesupport_fastrtps_c.cpython-310-x86_64-linux-gnu.so
[0.639s] -- Up-to-date: /home/uditr/mybot_ws/install/mybot_msgs/local/lib/python3.10/dist-packages/mybot_msgs/mybot_msgs_s__rosidl_typesupport_introspection_c.cpython-310-x86_64-linux-gnu.so
[0.639s] -- Up-to-date: /home/uditr/mybot_ws/install/mybot_msgs/local/lib/python3.10/dist-packages/mybot_msgs/mybot_msgs_s__rosidl_typesupport_c.cpython-310-x86_64-linux-gnu.so
[0.639s] -- Up-to-date: /home/uditr/mybot_ws/install/mybot_msgs/lib/libmybot_msgs__rosidl_generator_py.so
[0.639s] -- Up-to-date: /home/uditr/mybot_ws/install/mybot_msgs/share/mybot_msgs/srv/AddTwoInts.idl
[0.639s] -- Up-to-date: /home/uditr/mybot_ws/install/mybot_msgs/share/mybot_msgs/srv/GetTransform.idl
[0.639s] -- Up-to-date: /home/uditr/mybot_ws/install/mybot_msgs/share/mybot_msgs/srv/AddTwoInts.srv
[0.639s] -- Up-to-date: /home/uditr/mybot_ws/install/mybot_msgs/share/mybot_msgs/srv/AddTwoInts_Request.msg
[0.639s] -- Up-to-date: /home/uditr/mybot_ws/install/mybot_msgs/share/mybot_msgs/srv/AddTwoInts_Response.msg
[0.639s] -- Up-to-date: /home/uditr/mybot_ws/install/mybot_msgs/share/mybot_msgs/srv/GetTransform.srv
[0.639s] -- Up-to-date: /home/uditr/mybot_ws/install/mybot_msgs/share/mybot_msgs/srv/GetTransform_Request.msg
[0.639s] -- Up-to-date: /home/uditr/mybot_ws/install/mybot_msgs/share/mybot_msgs/srv/GetTransform_Response.msg
[0.639s] -- Up-to-date: /home/uditr/mybot_ws/install/mybot_msgs/share/ament_index/resource_index/package_run_dependencies/mybot_msgs
[0.640s] -- Up-to-date: /home/uditr/mybot_ws/install/mybot_msgs/share/ament_index/resource_index/parent_prefix_path/mybot_msgs
[0.640s] -- Up-to-date: /home/uditr/mybot_ws/install/mybot_msgs/share/mybot_msgs/environment/ament_prefix_path.sh
[0.640s] -- Up-to-date: /home/uditr/mybot_ws/install/mybot_msgs/share/mybot_msgs/environment/ament_prefix_path.dsv
[0.640s] -- Up-to-date: /home/uditr/mybot_ws/install/mybot_msgs/share/mybot_msgs/environment/path.sh
[0.640s] -- Up-to-date: /home/uditr/mybot_ws/install/mybot_msgs/share/mybot_msgs/environment/path.dsv
[0.640s] -- Up-to-date: /home/uditr/mybot_ws/install/mybot_msgs/share/mybot_msgs/local_setup.bash
[0.640s] -- Up-to-date: /home/uditr/mybot_ws/install/mybot_msgs/share/mybot_msgs/local_setup.sh
[0.640s] -- Up-to-date: /home/uditr/mybot_ws/install/mybot_msgs/share/mybot_msgs/local_setup.zsh
[0.640s] -- Up-to-date: /home/uditr/mybot_ws/install/mybot_msgs/share/mybot_msgs/local_setup.dsv
[0.640s] -- Installing: /home/uditr/mybot_ws/install/mybot_msgs/share/mybot_msgs/package.dsv
[0.640s] -- Up-to-date: /home/uditr/mybot_ws/install/mybot_msgs/share/ament_index/resource_index/packages/mybot_msgs
[0.640s] -- Up-to-date: /home/uditr/mybot_ws/install/mybot_msgs/share/mybot_msgs/cmake/export_mybot_msgs__rosidl_generator_cExport.cmake
[0.640s] -- Up-to-date: /home/uditr/mybot_ws/install/mybot_msgs/share/mybot_msgs/cmake/export_mybot_msgs__rosidl_generator_cExport-noconfig.cmake
[0.640s] -- Up-to-date: /home/uditr/mybot_ws/install/mybot_msgs/share/mybot_msgs/cmake/export_mybot_msgs__rosidl_typesupport_fastrtps_cExport.cmake
[0.640s] -- Up-to-date: /home/uditr/mybot_ws/install/mybot_msgs/share/mybot_msgs/cmake/export_mybot_msgs__rosidl_typesupport_fastrtps_cExport-noconfig.cmake
[0.640s] -- Up-to-date: /home/uditr/mybot_ws/install/mybot_msgs/share/mybot_msgs/cmake/export_mybot_msgs__rosidl_generator_cppExport.cmake
[0.640s] -- Up-to-date: /home/uditr/mybot_ws/install/mybot_msgs/share/mybot_msgs/cmake/export_mybot_msgs__rosidl_typesupport_fastrtps_cppExport.cmake
[0.640s] -- Up-to-date: /home/uditr/mybot_ws/install/mybot_msgs/share/mybot_msgs/cmake/export_mybot_msgs__rosidl_typesupport_fastrtps_cppExport-noconfig.cmake
[0.640s] -- Up-to-date: /home/uditr/mybot_ws/install/mybot_msgs/share/mybot_msgs/cmake/mybot_msgs__rosidl_typesupport_introspection_cExport.cmake
[0.641s] -- Up-to-date: /home/uditr/mybot_ws/install/mybot_msgs/share/mybot_msgs/cmake/mybot_msgs__rosidl_typesupport_introspection_cExport-noconfig.cmake
[0.641s] -- Up-to-date: /home/uditr/mybot_ws/install/mybot_msgs/share/mybot_msgs/cmake/mybot_msgs__rosidl_typesupport_cExport.cmake
[0.641s] -- Up-to-date: /home/uditr/mybot_ws/install/mybot_msgs/share/mybot_msgs/cmake/mybot_msgs__rosidl_typesupport_cExport-noconfig.cmake
[0.641s] -- Up-to-date: /home/uditr/mybot_ws/install/mybot_msgs/share/mybot_msgs/cmake/mybot_msgs__rosidl_typesupport_introspection_cppExport.cmake
[0.641s] -- Up-to-date: /home/uditr/mybot_ws/install/mybot_msgs/share/mybot_msgs/cmake/mybot_msgs__rosidl_typesupport_introspection_cppExport-noconfig.cmake
[0.641s] -- Up-to-date: /home/uditr/mybot_ws/install/mybot_msgs/share/mybot_msgs/cmake/mybot_msgs__rosidl_typesupport_cppExport.cmake
[0.641s] -- Up-to-date: /home/uditr/mybot_ws/install/mybot_msgs/share/mybot_msgs/cmake/mybot_msgs__rosidl_typesupport_cppExport-noconfig.cmake
[0.641s] -- Up-to-date: /home/uditr/mybot_ws/install/mybot_msgs/share/mybot_msgs/cmake/export_mybot_msgs__rosidl_generator_pyExport.cmake
[0.642s] -- Up-to-date: /home/uditr/mybot_ws/install/mybot_msgs/share/mybot_msgs/cmake/export_mybot_msgs__rosidl_generator_pyExport-noconfig.cmake
[0.642s] -- Up-to-date: /home/uditr/mybot_ws/install/mybot_msgs/share/mybot_msgs/cmake/rosidl_cmake-extras.cmake
[0.642s] -- Up-to-date: /home/uditr/mybot_ws/install/mybot_msgs/share/mybot_msgs/cmake/ament_cmake_export_dependencies-extras.cmake
[0.642s] -- Up-to-date: /home/uditr/mybot_ws/install/mybot_msgs/share/mybot_msgs/cmake/ament_cmake_export_include_directories-extras.cmake
[0.642s] -- Up-to-date: /home/uditr/mybot_ws/install/mybot_msgs/share/mybot_msgs/cmake/ament_cmake_export_libraries-extras.cmake
[0.642s] -- Up-to-date: /home/uditr/mybot_ws/install/mybot_msgs/share/mybot_msgs/cmake/ament_cmake_export_targets-extras.cmake
[0.642s] -- Up-to-date: /home/uditr/mybot_ws/install/mybot_msgs/share/mybot_msgs/cmake/rosidl_cmake_export_typesupport_targets-extras.cmake
[0.642s] -- Up-to-date: /home/uditr/mybot_ws/install/mybot_msgs/share/mybot_msgs/cmake/rosidl_cmake_export_typesupport_libraries-extras.cmake
[0.642s] -- Up-to-date: /home/uditr/mybot_ws/install/mybot_msgs/share/mybot_msgs/cmake/mybot_msgsConfig.cmake
[0.642s] -- Up-to-date: /home/uditr/mybot_ws/install/mybot_msgs/share/mybot_msgs/cmake/mybot_msgsConfig-version.cmake
[0.642s] -- Up-to-date: /home/uditr/mybot_ws/install/mybot_msgs/share/mybot_msgs/package.xml
[0.643s] Invoked command in '/home/uditr/mybot_ws/build/mybot_msgs' returned '0': CMAKE_PREFIX_PATH=/opt/ros/humble /usr/bin/cmake --install /home/uditr/mybot_ws/build/mybot_msgs
