[0.642s] Invoking command in '/home/uditr/mybot_ws/build/mybot_cpp_programs': CMAKE_PREFIX_PATH=/opt/ros/humble /usr/bin/cmake --build /home/uditr/mybot_ws/build/mybot_cpp_programs -- -j8 -l8
[2.300s] Invoked command in '/home/uditr/mybot_ws/build/mybot_cpp_programs' returned '0': CMAKE_PREFIX_PATH=/opt/ros/humble /usr/bin/cmake --build /home/uditr/mybot_ws/build/mybot_cpp_programs -- -j8 -l8
[2.429s] Invoking command in '/home/uditr/mybot_ws/build/mybot_cpp_programs': CMAKE_PREFIX_PATH=/opt/ros/humble /usr/bin/cmake --install /home/uditr/mybot_ws/build/mybot_cpp_programs
[2.566s] -- Install configuration: ""
[2.925s] -- Execute custom install script
[2.926s] -- Up-to-date symlink: /home/uditr/mybot_ws/install/mybot_cpp_programs/share/ament_index/resource_index/package_run_dependencies/mybot_cpp_programs
[2.926s] -- Up-to-date symlink: /home/uditr/mybot_ws/install/mybot_cpp_programs/share/ament_index/resource_index/parent_prefix_path/mybot_cpp_programs
[2.926s] -- Up-to-date symlink: /home/uditr/mybot_ws/install/mybot_cpp_programs/share/mybot_cpp_programs/environment/ament_prefix_path.sh
[2.927s] -- Up-to-date symlink: /home/uditr/mybot_ws/install/mybot_cpp_programs/share/mybot_cpp_programs/environment/ament_prefix_path.dsv
[2.927s] -- Up-to-date symlink: /home/uditr/mybot_ws/install/mybot_cpp_programs/share/mybot_cpp_programs/environment/path.sh
[2.928s] -- Up-to-date symlink: /home/uditr/mybot_ws/install/mybot_cpp_programs/share/mybot_cpp_programs/environment/path.dsv
[2.928s] -- Up-to-date symlink: /home/uditr/mybot_ws/install/mybot_cpp_programs/share/mybot_cpp_programs/local_setup.bash
[2.928s] -- Up-to-date symlink: /home/uditr/mybot_ws/install/mybot_cpp_programs/share/mybot_cpp_programs/local_setup.sh
[2.929s] -- Up-to-date symlink: /home/uditr/mybot_ws/install/mybot_cpp_programs/share/mybot_cpp_programs/local_setup.zsh
[2.929s] -- Up-to-date symlink: /home/uditr/mybot_ws/install/mybot_cpp_programs/share/mybot_cpp_programs/local_setup.dsv
[2.930s] -- Symlinking: /home/uditr/mybot_ws/install/mybot_cpp_programs/share/mybot_cpp_programs/package.dsv
[2.950s] -- Up-to-date symlink: /home/uditr/mybot_ws/install/mybot_cpp_programs/share/ament_index/resource_index/packages/mybot_cpp_programs
[2.951s] -- Up-to-date symlink: /home/uditr/mybot_ws/install/mybot_cpp_programs/share/mybot_cpp_programs/cmake/mybot_cpp_programsConfig.cmake
[2.953s] -- Up-to-date symlink: /home/uditr/mybot_ws/install/mybot_cpp_programs/share/mybot_cpp_programs/cmake/mybot_cpp_programsConfig-version.cmake
[2.953s] -- Up-to-date symlink: /home/uditr/mybot_ws/install/mybot_cpp_programs/share/mybot_cpp_programs/package.xml
[2.957s] Invoked command in '/home/uditr/mybot_ws/build/mybot_cpp_programs' returned '0': CMAKE_PREFIX_PATH=/opt/ros/humble /usr/bin/cmake --install /home/uditr/mybot_ws/build/mybot_cpp_programs
