[3.440s] Invoking command in '/home/uditr/mybot_ws/src/mybot_py_programs': PYTHONPATH=/home/uditr/mybot_ws/build/mybot_py_programs/prefix_override:/usr/lib/python3/dist-packages/colcon_core/task/python/colcon_distutils_commands:/home/uditr/mybot_ws/install/mybot_py_programs/lib/python3.10/site-packages:${PYTHONPATH} /usr/bin/python3 -W ignore:setup.py install is deprecated setup.py egg_info --egg-base ../../build/mybot_py_programs build --build-base /home/uditr/mybot_ws/build/mybot_py_programs/build install --record /home/uditr/mybot_ws/build/mybot_py_programs/install.log --single-version-externally-managed install_data
[3.713s] running egg_info
[3.714s] writing ../../build/mybot_py_programs/mybot_py_programs.egg-info/PKG-INFO
[3.721s] writing dependency_links to ../../build/mybot_py_programs/mybot_py_programs.egg-info/dependency_links.txt
[3.721s] writing entry points to ../../build/mybot_py_programs/mybot_py_programs.egg-info/entry_points.txt
[3.721s] writing requirements to ../../build/mybot_py_programs/mybot_py_programs.egg-info/requires.txt
[3.721s] writing top-level names to ../../build/mybot_py_programs/mybot_py_programs.egg-info/top_level.txt
[3.723s] reading manifest file '../../build/mybot_py_programs/mybot_py_programs.egg-info/SOURCES.txt'
[3.743s] writing manifest file '../../build/mybot_py_programs/mybot_py_programs.egg-info/SOURCES.txt'
[3.743s] running build
[3.743s] running build_py
[3.767s] running install
[3.768s] running install_lib
[3.773s] running install_data
[3.774s] running install_egg_info
[3.779s] removing '/home/uditr/mybot_ws/install/mybot_py_programs/lib/python3.10/site-packages/mybot_py_programs-0.0.0-py3.10.egg-info' (and everything under it)
[3.781s] Copying ../../build/mybot_py_programs/mybot_py_programs.egg-info to /home/uditr/mybot_ws/install/mybot_py_programs/lib/python3.10/site-packages/mybot_py_programs-0.0.0-py3.10.egg-info
[3.798s] running install_scripts
[3.836s] Installing simple_controller script to /home/uditr/mybot_ws/install/mybot_py_programs/lib/mybot_py_programs
[3.837s] Installing simple_parameter script to /home/uditr/mybot_ws/install/mybot_py_programs/lib/mybot_py_programs
[3.837s] Installing simple_publisher script to /home/uditr/mybot_ws/install/mybot_py_programs/lib/mybot_py_programs
[3.837s] Installing simple_subscriber script to /home/uditr/mybot_ws/install/mybot_py_programs/lib/mybot_py_programs
[3.837s] Installing simple_turtlesim_kinematics script to /home/uditr/mybot_ws/install/mybot_py_programs/lib/mybot_py_programs
[3.837s] writing list of installed files to '/home/uditr/mybot_ws/build/mybot_py_programs/install.log'
[3.874s] Invoked command in '/home/uditr/mybot_ws/src/mybot_py_programs' returned '0': PYTHONPATH=/home/uditr/mybot_ws/build/mybot_py_programs/prefix_override:/usr/lib/python3/dist-packages/colcon_core/task/python/colcon_distutils_commands:/home/uditr/mybot_ws/install/mybot_py_programs/lib/python3.10/site-packages:${PYTHONPATH} /usr/bin/python3 -W ignore:setup.py install is deprecated setup.py egg_info --egg-base ../../build/mybot_py_programs build --build-base /home/uditr/mybot_ws/build/mybot_py_programs/build install --record /home/uditr/mybot_ws/build/mybot_py_programs/install.log --single-version-externally-managed install_data
