[1.371s] DEBUG:colcon:Command line arguments: ['/usr/bin/colcon', 'build']
[1.371s] DEBUG:colcon:Parsed command line arguments: Namespace(log_base=None, log_level=None, verb_name='build', build_base='build', install_base='install', merge_install=False, symlink_install=False, test_result_base=None, continue_on_error=False, executor='parallel', parallel_workers=8, event_handlers=None, ignore_user_meta=False, metas=['./colcon.meta'], base_paths=['.'], packages_ignore=None, packages_ignore_regex=None, paths=None, packages_up_to=None, packages_up_to_regex=None, packages_above=None, packages_above_and_dependencies=None, packages_above_depth=None, packages_select_by_dep=None, packages_skip_by_dep=None, packages_skip_up_to=None, packages_select_build_failed=False, packages_skip_build_finished=False, packages_select_test_failures=False, packages_skip_test_passed=False, packages_select=None, packages_skip=None, packages_select_regex=None, packages_skip_regex=None, packages_start=None, packages_end=None, allow_overriding=[], cmake_args=None, cmake_target=None, cmake_target_skip_unavailable=False, cmake_clean_cache=False, cmake_clean_first=False, cmake_force_configure=False, ament_cmake_args=None, catkin_cmake_args=None, catkin_skip_building_tests=False, verb_parser=<colcon_defaults.argument_parser.defaults.DefaultArgumentsDecorator object at 0x7c122516a260>, verb_extension=<colcon_core.verb.build.BuildVerb object at 0x7c1225169d20>, main=<bound method BuildVerb.main of <colcon_core.verb.build.BuildVerb object at 0x7c1225169d20>>)
[5.900s] Level 1:colcon.colcon_core.package_discovery:discover_packages(colcon_meta) check parameters
[5.900s] Level 1:colcon.colcon_core.package_discovery:discover_packages(recursive) check parameters
[5.900s] Level 1:colcon.colcon_core.package_discovery:discover_packages(ignore) check parameters
[5.900s] Level 1:colcon.colcon_core.package_discovery:discover_packages(path) check parameters
[5.900s] Level 1:colcon.colcon_core.package_discovery:discover_packages(colcon_meta) discover
[5.900s] Level 1:colcon.colcon_core.package_discovery:discover_packages(recursive) discover
[5.900s] INFO:colcon.colcon_core.package_discovery:Crawling recursively for packages in '/home/uditr/mybot_ws'
[5.900s] Level 1:colcon.colcon_core.package_identification:_identify(.) by extensions ['ignore', 'ignore_ament_install']
[5.901s] Level 1:colcon.colcon_core.package_identification:_identify(.) by extension 'ignore'
[5.901s] Level 1:colcon.colcon_core.package_identification:_identify(.) by extension 'ignore_ament_install'
[5.901s] Level 1:colcon.colcon_core.package_identification:_identify(.) by extensions ['colcon_pkg']
[5.901s] Level 1:colcon.colcon_core.package_identification:_identify(.) by extension 'colcon_pkg'
[5.901s] Level 1:colcon.colcon_core.package_identification:_identify(.) by extensions ['colcon_meta']
[5.901s] Level 1:colcon.colcon_core.package_identification:_identify(.) by extension 'colcon_meta'
[5.901s] Level 1:colcon.colcon_core.package_identification:_identify(.) by extensions ['ros']
[5.901s] Level 1:colcon.colcon_core.package_identification:_identify(.) by extension 'ros'
[5.948s] Level 1:colcon.colcon_core.package_identification:_identify(.) by extensions ['cmake', 'python']
[5.948s] Level 1:colcon.colcon_core.package_identification:_identify(.) by extension 'cmake'
[5.948s] Level 1:colcon.colcon_core.package_identification:_identify(.) by extension 'python'
[5.948s] Level 1:colcon.colcon_core.package_identification:_identify(.) by extensions ['python_setup_py']
[5.948s] Level 1:colcon.colcon_core.package_identification:_identify(.) by extension 'python_setup_py'
[5.948s] Level 1:colcon.colcon_core.package_identification:_identify(build) by extensions ['ignore', 'ignore_ament_install']
[5.948s] Level 1:colcon.colcon_core.package_identification:_identify(build) by extension 'ignore'
[5.948s] Level 1:colcon.colcon_core.package_identification:_identify(build) ignored
[5.949s] Level 1:colcon.colcon_core.package_identification:_identify(install) by extensions ['ignore', 'ignore_ament_install']
[5.949s] Level 1:colcon.colcon_core.package_identification:_identify(install) by extension 'ignore'
[5.949s] Level 1:colcon.colcon_core.package_identification:_identify(install) ignored
[5.949s] Level 1:colcon.colcon_core.package_identification:_identify(log) by extensions ['ignore', 'ignore_ament_install']
[5.949s] Level 1:colcon.colcon_core.package_identification:_identify(log) by extension 'ignore'
[5.949s] Level 1:colcon.colcon_core.package_identification:_identify(log) ignored
[5.949s] Level 1:colcon.colcon_core.package_identification:_identify(src) by extensions ['ignore', 'ignore_ament_install']
[5.949s] Level 1:colcon.colcon_core.package_identification:_identify(src) by extension 'ignore'
[5.949s] Level 1:colcon.colcon_core.package_identification:_identify(src) by extension 'ignore_ament_install'
[5.949s] Level 1:colcon.colcon_core.package_identification:_identify(src) by extensions ['colcon_pkg']
[5.949s] Level 1:colcon.colcon_core.package_identification:_identify(src) by extension 'colcon_pkg'
[5.949s] Level 1:colcon.colcon_core.package_identification:_identify(src) by extensions ['colcon_meta']
[5.949s] Level 1:colcon.colcon_core.package_identification:_identify(src) by extension 'colcon_meta'
[5.949s] Level 1:colcon.colcon_core.package_identification:_identify(src) by extensions ['ros']
[5.949s] Level 1:colcon.colcon_core.package_identification:_identify(src) by extension 'ros'
[5.949s] Level 1:colcon.colcon_core.package_identification:_identify(src) by extensions ['cmake', 'python']
[5.949s] Level 1:colcon.colcon_core.package_identification:_identify(src) by extension 'cmake'
[5.949s] Level 1:colcon.colcon_core.package_identification:_identify(src) by extension 'python'
[5.949s] Level 1:colcon.colcon_core.package_identification:_identify(src) by extensions ['python_setup_py']
[5.949s] Level 1:colcon.colcon_core.package_identification:_identify(src) by extension 'python_setup_py'
[5.949s] Level 1:colcon.colcon_core.package_identification:_identify(src/build) by extensions ['ignore', 'ignore_ament_install']
[5.949s] Level 1:colcon.colcon_core.package_identification:_identify(src/build) by extension 'ignore'
[5.949s] Level 1:colcon.colcon_core.package_identification:_identify(src/build) ignored
[5.949s] Level 1:colcon.colcon_core.package_identification:_identify(src/install) by extensions ['ignore', 'ignore_ament_install']
[5.950s] Level 1:colcon.colcon_core.package_identification:_identify(src/install) by extension 'ignore'
[5.950s] Level 1:colcon.colcon_core.package_identification:_identify(src/install) ignored
[5.950s] Level 1:colcon.colcon_core.package_identification:_identify(src/log) by extensions ['ignore', 'ignore_ament_install']
[5.950s] Level 1:colcon.colcon_core.package_identification:_identify(src/log) by extension 'ignore'
[5.950s] Level 1:colcon.colcon_core.package_identification:_identify(src/log) ignored
[5.950s] Level 1:colcon.colcon_core.package_identification:_identify(src/mybot_controller) by extensions ['ignore', 'ignore_ament_install']
[5.950s] Level 1:colcon.colcon_core.package_identification:_identify(src/mybot_controller) by extension 'ignore'
[5.950s] Level 1:colcon.colcon_core.package_identification:_identify(src/mybot_controller) by extension 'ignore_ament_install'
[5.950s] Level 1:colcon.colcon_core.package_identification:_identify(src/mybot_controller) by extensions ['colcon_pkg']
[5.950s] Level 1:colcon.colcon_core.package_identification:_identify(src/mybot_controller) by extension 'colcon_pkg'
[5.950s] Level 1:colcon.colcon_core.package_identification:_identify(src/mybot_controller) by extensions ['colcon_meta']
[5.950s] Level 1:colcon.colcon_core.package_identification:_identify(src/mybot_controller) by extension 'colcon_meta'
[5.950s] Level 1:colcon.colcon_core.package_identification:_identify(src/mybot_controller) by extensions ['ros']
[5.950s] Level 1:colcon.colcon_core.package_identification:_identify(src/mybot_controller) by extension 'ros'
[6.004s] DEBUG:colcon.colcon_core.package_identification:Package 'src/mybot_controller' with type 'ros.ament_cmake' and name 'mybot_controller'
[6.004s] Level 1:colcon.colcon_core.package_identification:_identify(src/mybot_cpp_programs) by extensions ['ignore', 'ignore_ament_install']
[6.004s] Level 1:colcon.colcon_core.package_identification:_identify(src/mybot_cpp_programs) by extension 'ignore'
[6.004s] Level 1:colcon.colcon_core.package_identification:_identify(src/mybot_cpp_programs) by extension 'ignore_ament_install'
[6.004s] Level 1:colcon.colcon_core.package_identification:_identify(src/mybot_cpp_programs) by extensions ['colcon_pkg']
[6.004s] Level 1:colcon.colcon_core.package_identification:_identify(src/mybot_cpp_programs) by extension 'colcon_pkg'
[6.004s] Level 1:colcon.colcon_core.package_identification:_identify(src/mybot_cpp_programs) by extensions ['colcon_meta']
[6.004s] Level 1:colcon.colcon_core.package_identification:_identify(src/mybot_cpp_programs) by extension 'colcon_meta'
[6.004s] Level 1:colcon.colcon_core.package_identification:_identify(src/mybot_cpp_programs) by extensions ['ros']
[6.004s] Level 1:colcon.colcon_core.package_identification:_identify(src/mybot_cpp_programs) by extension 'ros'
[6.034s] DEBUG:colcon.colcon_core.package_identification:Package 'src/mybot_cpp_programs' with type 'ros.ament_cmake' and name 'mybot_cpp_programs'
[6.034s] Level 1:colcon.colcon_core.package_identification:_identify(src/mybot_description) by extensions ['ignore', 'ignore_ament_install']
[6.034s] Level 1:colcon.colcon_core.package_identification:_identify(src/mybot_description) by extension 'ignore'
[6.034s] Level 1:colcon.colcon_core.package_identification:_identify(src/mybot_description) by extension 'ignore_ament_install'
[6.034s] Level 1:colcon.colcon_core.package_identification:_identify(src/mybot_description) by extensions ['colcon_pkg']
[6.034s] Level 1:colcon.colcon_core.package_identification:_identify(src/mybot_description) by extension 'colcon_pkg'
[6.034s] Level 1:colcon.colcon_core.package_identification:_identify(src/mybot_description) by extensions ['colcon_meta']
[6.034s] Level 1:colcon.colcon_core.package_identification:_identify(src/mybot_description) by extension 'colcon_meta'
[6.034s] Level 1:colcon.colcon_core.package_identification:_identify(src/mybot_description) by extensions ['ros']
[6.034s] Level 1:colcon.colcon_core.package_identification:_identify(src/mybot_description) by extension 'ros'
[6.042s] DEBUG:colcon.colcon_core.package_identification:Package 'src/mybot_description' with type 'ros.ament_cmake' and name 'mybot_description'
[6.042s] Level 1:colcon.colcon_core.package_identification:_identify(src/mybot_py_programs) by extensions ['ignore', 'ignore_ament_install']
[6.042s] Level 1:colcon.colcon_core.package_identification:_identify(src/mybot_py_programs) by extension 'ignore'
[6.042s] Level 1:colcon.colcon_core.package_identification:_identify(src/mybot_py_programs) by extension 'ignore_ament_install'
[6.043s] Level 1:colcon.colcon_core.package_identification:_identify(src/mybot_py_programs) by extensions ['colcon_pkg']
[6.043s] Level 1:colcon.colcon_core.package_identification:_identify(src/mybot_py_programs) by extension 'colcon_pkg'
[6.043s] Level 1:colcon.colcon_core.package_identification:_identify(src/mybot_py_programs) by extensions ['colcon_meta']
[6.043s] Level 1:colcon.colcon_core.package_identification:_identify(src/mybot_py_programs) by extension 'colcon_meta'
[6.043s] Level 1:colcon.colcon_core.package_identification:_identify(src/mybot_py_programs) by extensions ['ros']
[6.043s] Level 1:colcon.colcon_core.package_identification:_identify(src/mybot_py_programs) by extension 'ros'
[6.043s] DEBUG:colcon.colcon_core.package_identification:Package 'src/mybot_py_programs' with type 'ros.ament_python' and name 'mybot_py_programs'
[6.043s] Level 1:colcon.colcon_core.package_discovery:discover_packages(recursive) using defaults
[6.043s] Level 1:colcon.colcon_core.package_discovery:discover_packages(ignore) discover
[6.043s] Level 1:colcon.colcon_core.package_discovery:discover_packages(ignore) using defaults
[6.043s] Level 1:colcon.colcon_core.package_discovery:discover_packages(path) discover
[6.043s] Level 1:colcon.colcon_core.package_discovery:discover_packages(path) using defaults
[6.223s] Level 1:colcon.colcon_core.package_discovery:discover_packages(prefix_path) check parameters
[6.223s] Level 1:colcon.colcon_core.package_discovery:discover_packages(prefix_path) discover
[6.255s] DEBUG:colcon.colcon_installed_package_information.package_discovery:Found 450 installed packages in /opt/ros/humble
[6.257s] Level 1:colcon.colcon_core.package_discovery:discover_packages(prefix_path) using defaults
[6.338s] Level 5:colcon.colcon_core.verb:set package 'mybot_controller' build argument 'cmake_args' from command line to 'None'
[6.338s] Level 5:colcon.colcon_core.verb:set package 'mybot_controller' build argument 'cmake_target' from command line to 'None'
[6.338s] Level 5:colcon.colcon_core.verb:set package 'mybot_controller' build argument 'cmake_target_skip_unavailable' from command line to 'False'
[6.338s] Level 5:colcon.colcon_core.verb:set package 'mybot_controller' build argument 'cmake_clean_cache' from command line to 'False'
[6.338s] Level 5:colcon.colcon_core.verb:set package 'mybot_controller' build argument 'cmake_clean_first' from command line to 'False'
[6.338s] Level 5:colcon.colcon_core.verb:set package 'mybot_controller' build argument 'cmake_force_configure' from command line to 'False'
[6.338s] Level 5:colcon.colcon_core.verb:set package 'mybot_controller' build argument 'ament_cmake_args' from command line to 'None'
[6.338s] Level 5:colcon.colcon_core.verb:set package 'mybot_controller' build argument 'catkin_cmake_args' from command line to 'None'
[6.338s] Level 5:colcon.colcon_core.verb:set package 'mybot_controller' build argument 'catkin_skip_building_tests' from command line to 'False'
[6.338s] DEBUG:colcon.colcon_core.verb:Building package 'mybot_controller' with the following arguments: {'ament_cmake_args': None, 'build_base': '/home/uditr/mybot_ws/build/mybot_controller', 'catkin_cmake_args': None, 'catkin_skip_building_tests': False, 'cmake_args': None, 'cmake_clean_cache': False, 'cmake_clean_first': False, 'cmake_force_configure': False, 'cmake_target': None, 'cmake_target_skip_unavailable': False, 'install_base': '/home/uditr/mybot_ws/install/mybot_controller', 'merge_install': False, 'path': '/home/uditr/mybot_ws/src/mybot_controller', 'symlink_install': False, 'test_result_base': None}
[6.339s] Level 5:colcon.colcon_core.verb:set package 'mybot_cpp_programs' build argument 'cmake_args' from command line to 'None'
[6.339s] Level 5:colcon.colcon_core.verb:set package 'mybot_cpp_programs' build argument 'cmake_target' from command line to 'None'
[6.339s] Level 5:colcon.colcon_core.verb:set package 'mybot_cpp_programs' build argument 'cmake_target_skip_unavailable' from command line to 'False'
[6.339s] Level 5:colcon.colcon_core.verb:set package 'mybot_cpp_programs' build argument 'cmake_clean_cache' from command line to 'False'
[6.339s] Level 5:colcon.colcon_core.verb:set package 'mybot_cpp_programs' build argument 'cmake_clean_first' from command line to 'False'
[6.339s] Level 5:colcon.colcon_core.verb:set package 'mybot_cpp_programs' build argument 'cmake_force_configure' from command line to 'False'
[6.339s] Level 5:colcon.colcon_core.verb:set package 'mybot_cpp_programs' build argument 'ament_cmake_args' from command line to 'None'
[6.339s] Level 5:colcon.colcon_core.verb:set package 'mybot_cpp_programs' build argument 'catkin_cmake_args' from command line to 'None'
[6.339s] Level 5:colcon.colcon_core.verb:set package 'mybot_cpp_programs' build argument 'catkin_skip_building_tests' from command line to 'False'
[6.339s] DEBUG:colcon.colcon_core.verb:Building package 'mybot_cpp_programs' with the following arguments: {'ament_cmake_args': None, 'build_base': '/home/uditr/mybot_ws/build/mybot_cpp_programs', 'catkin_cmake_args': None, 'catkin_skip_building_tests': False, 'cmake_args': None, 'cmake_clean_cache': False, 'cmake_clean_first': False, 'cmake_force_configure': False, 'cmake_target': None, 'cmake_target_skip_unavailable': False, 'install_base': '/home/uditr/mybot_ws/install/mybot_cpp_programs', 'merge_install': False, 'path': '/home/uditr/mybot_ws/src/mybot_cpp_programs', 'symlink_install': False, 'test_result_base': None}
[6.339s] Level 5:colcon.colcon_core.verb:set package 'mybot_description' build argument 'cmake_args' from command line to 'None'
[6.339s] Level 5:colcon.colcon_core.verb:set package 'mybot_description' build argument 'cmake_target' from command line to 'None'
[6.339s] Level 5:colcon.colcon_core.verb:set package 'mybot_description' build argument 'cmake_target_skip_unavailable' from command line to 'False'
[6.339s] Level 5:colcon.colcon_core.verb:set package 'mybot_description' build argument 'cmake_clean_cache' from command line to 'False'
[6.339s] Level 5:colcon.colcon_core.verb:set package 'mybot_description' build argument 'cmake_clean_first' from command line to 'False'
[6.339s] Level 5:colcon.colcon_core.verb:set package 'mybot_description' build argument 'cmake_force_configure' from command line to 'False'
[6.339s] Level 5:colcon.colcon_core.verb:set package 'mybot_description' build argument 'ament_cmake_args' from command line to 'None'
[6.339s] Level 5:colcon.colcon_core.verb:set package 'mybot_description' build argument 'catkin_cmake_args' from command line to 'None'
[6.339s] Level 5:colcon.colcon_core.verb:set package 'mybot_description' build argument 'catkin_skip_building_tests' from command line to 'False'
[6.339s] DEBUG:colcon.colcon_core.verb:Building package 'mybot_description' with the following arguments: {'ament_cmake_args': None, 'build_base': '/home/uditr/mybot_ws/build/mybot_description', 'catkin_cmake_args': None, 'catkin_skip_building_tests': False, 'cmake_args': None, 'cmake_clean_cache': False, 'cmake_clean_first': False, 'cmake_force_configure': False, 'cmake_target': None, 'cmake_target_skip_unavailable': False, 'install_base': '/home/uditr/mybot_ws/install/mybot_description', 'merge_install': False, 'path': '/home/uditr/mybot_ws/src/mybot_description', 'symlink_install': False, 'test_result_base': None}
[6.339s] Level 5:colcon.colcon_core.verb:set package 'mybot_py_programs' build argument 'cmake_args' from command line to 'None'
[6.339s] Level 5:colcon.colcon_core.verb:set package 'mybot_py_programs' build argument 'cmake_target' from command line to 'None'
[6.339s] Level 5:colcon.colcon_core.verb:set package 'mybot_py_programs' build argument 'cmake_target_skip_unavailable' from command line to 'False'
[6.339s] Level 5:colcon.colcon_core.verb:set package 'mybot_py_programs' build argument 'cmake_clean_cache' from command line to 'False'
[6.339s] Level 5:colcon.colcon_core.verb:set package 'mybot_py_programs' build argument 'cmake_clean_first' from command line to 'False'
[6.340s] Level 5:colcon.colcon_core.verb:set package 'mybot_py_programs' build argument 'cmake_force_configure' from command line to 'False'
[6.340s] Level 5:colcon.colcon_core.verb:set package 'mybot_py_programs' build argument 'ament_cmake_args' from command line to 'None'
[6.340s] Level 5:colcon.colcon_core.verb:set package 'mybot_py_programs' build argument 'catkin_cmake_args' from command line to 'None'
[6.340s] Level 5:colcon.colcon_core.verb:set package 'mybot_py_programs' build argument 'catkin_skip_building_tests' from command line to 'False'
[6.340s] DEBUG:colcon.colcon_core.verb:Building package 'mybot_py_programs' with the following arguments: {'ament_cmake_args': None, 'build_base': '/home/uditr/mybot_ws/build/mybot_py_programs', 'catkin_cmake_args': None, 'catkin_skip_building_tests': False, 'cmake_args': None, 'cmake_clean_cache': False, 'cmake_clean_first': False, 'cmake_force_configure': False, 'cmake_target': None, 'cmake_target_skip_unavailable': False, 'install_base': '/home/uditr/mybot_ws/install/mybot_py_programs', 'merge_install': False, 'path': '/home/uditr/mybot_ws/src/mybot_py_programs', 'symlink_install': False, 'test_result_base': None}
[6.340s] INFO:colcon.colcon_core.executor:Executing jobs using 'parallel' executor
[6.340s] DEBUG:colcon.colcon_parallel_executor.executor.parallel:run_until_complete
[6.341s] INFO:colcon.colcon_ros.task.ament_cmake.build:Building ROS package in '/home/uditr/mybot_ws/src/mybot_controller' with build type 'ament_cmake'
[6.341s] INFO:colcon.colcon_cmake.task.cmake.build:Building CMake package in '/home/uditr/mybot_ws/src/mybot_controller'
[6.352s] INFO:colcon.colcon_core.plugin_system:Skipping extension 'colcon_core.shell.bat': Not used on non-Windows systems
[6.352s] INFO:colcon.colcon_core.shell:Skip shell extension 'powershell' for command environment: Not usable outside of PowerShell
[6.352s] DEBUG:colcon.colcon_core.shell:Skip shell extension 'dsv' for command environment
[6.368s] INFO:colcon.colcon_ros.task.ament_cmake.build:Building ROS package in '/home/uditr/mybot_ws/src/mybot_cpp_programs' with build type 'ament_cmake'
[6.368s] INFO:colcon.colcon_cmake.task.cmake.build:Building CMake package in '/home/uditr/mybot_ws/src/mybot_cpp_programs'
[6.369s] INFO:colcon.colcon_core.shell:Skip shell extension 'powershell' for command environment: Not usable outside of PowerShell
[6.369s] DEBUG:colcon.colcon_core.shell:Skip shell extension 'dsv' for command environment
[6.371s] INFO:colcon.colcon_ros.task.ament_cmake.build:Building ROS package in '/home/uditr/mybot_ws/src/mybot_description' with build type 'ament_cmake'
[6.371s] INFO:colcon.colcon_cmake.task.cmake.build:Building CMake package in '/home/uditr/mybot_ws/src/mybot_description'
[6.371s] INFO:colcon.colcon_core.shell:Skip shell extension 'powershell' for command environment: Not usable outside of PowerShell
[6.371s] DEBUG:colcon.colcon_core.shell:Skip shell extension 'dsv' for command environment
[6.373s] INFO:colcon.colcon_ros.task.ament_python.build:Building ROS package in '/home/uditr/mybot_ws/src/mybot_py_programs' with build type 'ament_python'
[6.373s] Level 1:colcon.colcon_core.shell:create_environment_hook('mybot_py_programs', 'ament_prefix_path')
[6.374s] INFO:colcon.colcon_core.shell:Creating environment hook '/home/uditr/mybot_ws/install/mybot_py_programs/share/mybot_py_programs/hook/ament_prefix_path.ps1'
[6.375s] INFO:colcon.colcon_core.shell:Creating environment descriptor '/home/uditr/mybot_ws/install/mybot_py_programs/share/mybot_py_programs/hook/ament_prefix_path.dsv'
[6.376s] INFO:colcon.colcon_core.shell:Creating environment hook '/home/uditr/mybot_ws/install/mybot_py_programs/share/mybot_py_programs/hook/ament_prefix_path.sh'
[6.377s] INFO:colcon.colcon_core.shell:Skip shell extension 'powershell' for command environment: Not usable outside of PowerShell
[6.377s] DEBUG:colcon.colcon_core.shell:Skip shell extension 'dsv' for command environment
[6.421s] DEBUG:colcon.colcon_core.event_handler.log_command:Invoking command in '/home/uditr/mybot_ws/build/mybot_controller': CMAKE_PREFIX_PATH=/opt/ros/humble /usr/bin/cmake --build /home/uditr/mybot_ws/build/mybot_controller -- -j8 -l8
[6.595s] DEBUG:colcon.colcon_core.event_handler.log_command:Invoking command in '/home/uditr/mybot_ws/build/mybot_cpp_programs': CMAKE_PREFIX_PATH=/opt/ros/humble /usr/bin/cmake --build /home/uditr/mybot_ws/build/mybot_cpp_programs -- -j8 -l8
[6.605s] DEBUG:colcon.colcon_core.event_handler.log_command:Invoking command in '/home/uditr/mybot_ws/build/mybot_description': CMAKE_PREFIX_PATH=/opt/ros/humble /usr/bin/cmake --build /home/uditr/mybot_ws/build/mybot_description -- -j8 -l8
[6.942s] INFO:colcon.colcon_core.task.python.build:Building Python package in '/home/uditr/mybot_ws/src/mybot_py_programs'
[6.942s] INFO:colcon.colcon_core.shell:Skip shell extension 'powershell' for command environment: Not usable outside of PowerShell
[6.942s] DEBUG:colcon.colcon_core.shell:Skip shell extension 'dsv' for command environment
[8.361s] DEBUG:colcon.colcon_core.event_handler.log_command:Invoked command in '/home/uditr/mybot_ws/build/mybot_cpp_programs' returned '0': CMAKE_PREFIX_PATH=/opt/ros/humble /usr/bin/cmake --build /home/uditr/mybot_ws/build/mybot_cpp_programs -- -j8 -l8
[8.362s] DEBUG:colcon.colcon_core.event_handler.log_command:Invoked command in '/home/uditr/mybot_ws/build/mybot_description' returned '0': CMAKE_PREFIX_PATH=/opt/ros/humble /usr/bin/cmake --build /home/uditr/mybot_ws/build/mybot_description -- -j8 -l8
[8.390s] DEBUG:colcon.colcon_core.event_handler.log_command:Invoking command in '/home/uditr/mybot_ws/build/mybot_cpp_programs': CMAKE_PREFIX_PATH=/opt/ros/humble /usr/bin/cmake --install /home/uditr/mybot_ws/build/mybot_cpp_programs
[8.391s] DEBUG:colcon.colcon_core.event_handler.log_command:Invoking command in '/home/uditr/mybot_ws/build/mybot_description': CMAKE_PREFIX_PATH=/opt/ros/humble /usr/bin/cmake --install /home/uditr/mybot_ws/build/mybot_description
[8.636s] Level 1:colcon.colcon_core.environment:create_environment_scripts_only(mybot_cpp_programs)
[8.636s] DEBUG:colcon.colcon_core.event_handler.log_command:Invoked command in '/home/uditr/mybot_ws/build/mybot_cpp_programs' returned '0': CMAKE_PREFIX_PATH=/opt/ros/humble /usr/bin/cmake --install /home/uditr/mybot_ws/build/mybot_cpp_programs
[9.131s] Level 1:colcon.colcon_core.environment:checking '/home/uditr/mybot_ws/install/mybot_cpp_programs' for CMake module files
[9.132s] Level 1:colcon.colcon_core.environment:checking '/home/uditr/mybot_ws/install/mybot_cpp_programs' for CMake config files
[9.132s] Level 1:colcon.colcon_core.shell:create_environment_hook('mybot_cpp_programs', 'cmake_prefix_path')
[9.132s] INFO:colcon.colcon_core.shell:Creating environment hook '/home/uditr/mybot_ws/install/mybot_cpp_programs/share/mybot_cpp_programs/hook/cmake_prefix_path.ps1'
[9.132s] INFO:colcon.colcon_core.shell:Creating environment descriptor '/home/uditr/mybot_ws/install/mybot_cpp_programs/share/mybot_cpp_programs/hook/cmake_prefix_path.dsv'
[9.133s] INFO:colcon.colcon_core.shell:Creating environment hook '/home/uditr/mybot_ws/install/mybot_cpp_programs/share/mybot_cpp_programs/hook/cmake_prefix_path.sh'
[9.133s] Level 1:colcon.colcon_core.environment:checking '/home/uditr/mybot_ws/install/mybot_cpp_programs/bin'
[9.133s] Level 1:colcon.colcon_core.environment:checking '/home/uditr/mybot_ws/install/mybot_cpp_programs/lib/pkgconfig/mybot_cpp_programs.pc'
[9.133s] Level 1:colcon.colcon_core.environment:checking '/home/uditr/mybot_ws/install/mybot_cpp_programs/lib/python3.10/site-packages'
[9.133s] Level 1:colcon.colcon_core.environment:checking '/home/uditr/mybot_ws/install/mybot_cpp_programs/bin'
[9.134s] INFO:colcon.colcon_core.shell:Creating package script '/home/uditr/mybot_ws/install/mybot_cpp_programs/share/mybot_cpp_programs/package.ps1'
[9.170s] INFO:colcon.colcon_core.shell:Creating package descriptor '/home/uditr/mybot_ws/install/mybot_cpp_programs/share/mybot_cpp_programs/package.dsv'
[9.171s] INFO:colcon.colcon_core.shell:Creating package script '/home/uditr/mybot_ws/install/mybot_cpp_programs/share/mybot_cpp_programs/package.sh'
[9.172s] INFO:colcon.colcon_core.shell:Creating package script '/home/uditr/mybot_ws/install/mybot_cpp_programs/share/mybot_cpp_programs/package.bash'
[9.173s] INFO:colcon.colcon_core.shell:Creating package script '/home/uditr/mybot_ws/install/mybot_cpp_programs/share/mybot_cpp_programs/package.zsh'
[9.271s] Level 1:colcon.colcon_core.environment:create_file_with_runtime_dependencies(/home/uditr/mybot_ws/install/mybot_cpp_programs/share/colcon-core/packages/mybot_cpp_programs)
[9.273s] Level 1:colcon.colcon_core.environment:create_environment_scripts_only(mybot_description)
[9.273s] Level 1:colcon.colcon_core.environment:checking '/home/uditr/mybot_ws/install/mybot_description' for CMake module files
[9.274s] DEBUG:colcon.colcon_core.event_handler.log_command:Invoked command in '/home/uditr/mybot_ws/build/mybot_description' returned '0': CMAKE_PREFIX_PATH=/opt/ros/humble /usr/bin/cmake --install /home/uditr/mybot_ws/build/mybot_description
[9.274s] Level 1:colcon.colcon_core.environment:checking '/home/uditr/mybot_ws/install/mybot_description' for CMake config files
[9.274s] Level 1:colcon.colcon_core.shell:create_environment_hook('mybot_description', 'cmake_prefix_path')
[9.275s] INFO:colcon.colcon_core.shell:Creating environment hook '/home/uditr/mybot_ws/install/mybot_description/share/mybot_description/hook/cmake_prefix_path.ps1'
[9.275s] INFO:colcon.colcon_core.shell:Creating environment descriptor '/home/uditr/mybot_ws/install/mybot_description/share/mybot_description/hook/cmake_prefix_path.dsv'
[9.275s] INFO:colcon.colcon_core.shell:Creating environment hook '/home/uditr/mybot_ws/install/mybot_description/share/mybot_description/hook/cmake_prefix_path.sh'
[9.276s] Level 1:colcon.colcon_core.environment:checking '/home/uditr/mybot_ws/install/mybot_description/bin'
[9.276s] Level 1:colcon.colcon_core.environment:checking '/home/uditr/mybot_ws/install/mybot_description/lib/pkgconfig/mybot_description.pc'
[9.276s] Level 1:colcon.colcon_core.environment:checking '/home/uditr/mybot_ws/install/mybot_description/lib/python3.10/site-packages'
[9.276s] Level 1:colcon.colcon_core.environment:checking '/home/uditr/mybot_ws/install/mybot_description/bin'
[9.276s] INFO:colcon.colcon_core.shell:Creating package script '/home/uditr/mybot_ws/install/mybot_description/share/mybot_description/package.ps1'
[9.277s] INFO:colcon.colcon_core.shell:Creating package descriptor '/home/uditr/mybot_ws/install/mybot_description/share/mybot_description/package.dsv'
[9.277s] INFO:colcon.colcon_core.shell:Creating package script '/home/uditr/mybot_ws/install/mybot_description/share/mybot_description/package.sh'
[9.277s] INFO:colcon.colcon_core.shell:Creating package script '/home/uditr/mybot_ws/install/mybot_description/share/mybot_description/package.bash'
[9.277s] INFO:colcon.colcon_core.shell:Creating package script '/home/uditr/mybot_ws/install/mybot_description/share/mybot_description/package.zsh'
[9.278s] Level 1:colcon.colcon_core.environment:create_file_with_runtime_dependencies(/home/uditr/mybot_ws/install/mybot_description/share/colcon-core/packages/mybot_description)
[9.289s] Level 1:colcon.colcon_core.environment:create_environment_scripts_only(mybot_cpp_programs)
[9.290s] Level 1:colcon.colcon_core.environment:checking '/home/uditr/mybot_ws/install/mybot_cpp_programs' for CMake module files
[9.290s] Level 1:colcon.colcon_core.environment:checking '/home/uditr/mybot_ws/install/mybot_cpp_programs' for CMake config files
[9.290s] Level 1:colcon.colcon_core.shell:create_environment_hook('mybot_cpp_programs', 'cmake_prefix_path')
[9.291s] INFO:colcon.colcon_core.shell:Creating environment hook '/home/uditr/mybot_ws/install/mybot_cpp_programs/share/mybot_cpp_programs/hook/cmake_prefix_path.ps1'
[9.291s] INFO:colcon.colcon_core.shell:Creating environment descriptor '/home/uditr/mybot_ws/install/mybot_cpp_programs/share/mybot_cpp_programs/hook/cmake_prefix_path.dsv'
[9.292s] INFO:colcon.colcon_core.shell:Creating environment hook '/home/uditr/mybot_ws/install/mybot_cpp_programs/share/mybot_cpp_programs/hook/cmake_prefix_path.sh'
[9.292s] Level 1:colcon.colcon_core.environment:checking '/home/uditr/mybot_ws/install/mybot_cpp_programs/bin'
[9.292s] Level 1:colcon.colcon_core.environment:checking '/home/uditr/mybot_ws/install/mybot_cpp_programs/lib/pkgconfig/mybot_cpp_programs.pc'
[9.293s] Level 1:colcon.colcon_core.environment:checking '/home/uditr/mybot_ws/install/mybot_cpp_programs/lib/python3.10/site-packages'
[9.293s] Level 1:colcon.colcon_core.environment:checking '/home/uditr/mybot_ws/install/mybot_cpp_programs/bin'
[9.293s] INFO:colcon.colcon_core.shell:Creating package script '/home/uditr/mybot_ws/install/mybot_cpp_programs/share/mybot_cpp_programs/package.ps1'
[9.294s] INFO:colcon.colcon_core.shell:Creating package descriptor '/home/uditr/mybot_ws/install/mybot_cpp_programs/share/mybot_cpp_programs/package.dsv'
[9.294s] INFO:colcon.colcon_core.shell:Creating package script '/home/uditr/mybot_ws/install/mybot_cpp_programs/share/mybot_cpp_programs/package.sh'
[9.295s] INFO:colcon.colcon_core.shell:Creating package script '/home/uditr/mybot_ws/install/mybot_cpp_programs/share/mybot_cpp_programs/package.bash'
[9.295s] INFO:colcon.colcon_core.shell:Creating package script '/home/uditr/mybot_ws/install/mybot_cpp_programs/share/mybot_cpp_programs/package.zsh'
[9.295s] Level 1:colcon.colcon_core.environment:create_file_with_runtime_dependencies(/home/uditr/mybot_ws/install/mybot_cpp_programs/share/colcon-core/packages/mybot_cpp_programs)
[9.297s] Level 1:colcon.colcon_core.environment:create_environment_scripts_only(mybot_description)
[9.297s] Level 1:colcon.colcon_core.environment:checking '/home/uditr/mybot_ws/install/mybot_description' for CMake module files
[9.297s] Level 1:colcon.colcon_core.environment:checking '/home/uditr/mybot_ws/install/mybot_description' for CMake config files
[9.298s] Level 1:colcon.colcon_core.shell:create_environment_hook('mybot_description', 'cmake_prefix_path')
[9.298s] INFO:colcon.colcon_core.shell:Creating environment hook '/home/uditr/mybot_ws/install/mybot_description/share/mybot_description/hook/cmake_prefix_path.ps1'
[9.299s] INFO:colcon.colcon_core.shell:Creating environment descriptor '/home/uditr/mybot_ws/install/mybot_description/share/mybot_description/hook/cmake_prefix_path.dsv'
[9.299s] INFO:colcon.colcon_core.shell:Creating environment hook '/home/uditr/mybot_ws/install/mybot_description/share/mybot_description/hook/cmake_prefix_path.sh'
[9.300s] Level 1:colcon.colcon_core.environment:checking '/home/uditr/mybot_ws/install/mybot_description/bin'
[9.300s] Level 1:colcon.colcon_core.environment:checking '/home/uditr/mybot_ws/install/mybot_description/lib/pkgconfig/mybot_description.pc'
[9.300s] Level 1:colcon.colcon_core.environment:checking '/home/uditr/mybot_ws/install/mybot_description/lib/python3.10/site-packages'
[9.300s] Level 1:colcon.colcon_core.environment:checking '/home/uditr/mybot_ws/install/mybot_description/bin'
[9.301s] INFO:colcon.colcon_core.shell:Creating package script '/home/uditr/mybot_ws/install/mybot_description/share/mybot_description/package.ps1'
[9.301s] INFO:colcon.colcon_core.shell:Creating package descriptor '/home/uditr/mybot_ws/install/mybot_description/share/mybot_description/package.dsv'
[9.302s] INFO:colcon.colcon_core.shell:Creating package script '/home/uditr/mybot_ws/install/mybot_description/share/mybot_description/package.sh'
[9.302s] INFO:colcon.colcon_core.shell:Creating package script '/home/uditr/mybot_ws/install/mybot_description/share/mybot_description/package.bash'
[9.303s] INFO:colcon.colcon_core.shell:Creating package script '/home/uditr/mybot_ws/install/mybot_description/share/mybot_description/package.zsh'
[9.303s] Level 1:colcon.colcon_core.environment:create_file_with_runtime_dependencies(/home/uditr/mybot_ws/install/mybot_description/share/colcon-core/packages/mybot_description)
[9.385s] DEBUG:colcon.colcon_core.event_handler.log_command:Invoked command in '/home/uditr/mybot_ws/build/mybot_controller' returned '0': CMAKE_PREFIX_PATH=/opt/ros/humble /usr/bin/cmake --build /home/uditr/mybot_ws/build/mybot_controller -- -j8 -l8
[9.402s] DEBUG:colcon.colcon_core.event_handler.log_command:Invoking command in '/home/uditr/mybot_ws/build/mybot_controller': CMAKE_PREFIX_PATH=/opt/ros/humble /usr/bin/cmake --install /home/uditr/mybot_ws/build/mybot_controller
[9.635s] Level 1:colcon.colcon_core.environment:create_environment_scripts_only(mybot_controller)
[9.635s] Level 1:colcon.colcon_core.environment:checking '/home/uditr/mybot_ws/install/mybot_controller' for CMake module files
[9.636s] DEBUG:colcon.colcon_core.event_handler.log_command:Invoked command in '/home/uditr/mybot_ws/build/mybot_controller' returned '0': CMAKE_PREFIX_PATH=/opt/ros/humble /usr/bin/cmake --install /home/uditr/mybot_ws/build/mybot_controller
[9.636s] Level 1:colcon.colcon_core.environment:checking '/home/uditr/mybot_ws/install/mybot_controller' for CMake config files
[9.637s] Level 1:colcon.colcon_core.shell:create_environment_hook('mybot_controller', 'cmake_prefix_path')
[9.637s] INFO:colcon.colcon_core.shell:Creating environment hook '/home/uditr/mybot_ws/install/mybot_controller/share/mybot_controller/hook/cmake_prefix_path.ps1'
[9.637s] INFO:colcon.colcon_core.shell:Creating environment descriptor '/home/uditr/mybot_ws/install/mybot_controller/share/mybot_controller/hook/cmake_prefix_path.dsv'
[9.637s] INFO:colcon.colcon_core.shell:Creating environment hook '/home/uditr/mybot_ws/install/mybot_controller/share/mybot_controller/hook/cmake_prefix_path.sh'
[9.638s] Level 1:colcon.colcon_core.environment:checking '/home/uditr/mybot_ws/install/mybot_controller/lib'
[9.638s] Level 1:colcon.colcon_core.environment:checking '/home/uditr/mybot_ws/install/mybot_controller/bin'
[9.638s] Level 1:colcon.colcon_core.environment:checking '/home/uditr/mybot_ws/install/mybot_controller/lib/pkgconfig/mybot_controller.pc'
[9.638s] Level 1:colcon.colcon_core.environment:checking '/home/uditr/mybot_ws/install/mybot_controller/lib/python3.10/site-packages'
[9.638s] Level 1:colcon.colcon_core.environment:checking '/home/uditr/mybot_ws/install/mybot_controller/bin'
[9.639s] INFO:colcon.colcon_core.shell:Creating package script '/home/uditr/mybot_ws/install/mybot_controller/share/mybot_controller/package.ps1'
[9.639s] INFO:colcon.colcon_core.shell:Creating package descriptor '/home/uditr/mybot_ws/install/mybot_controller/share/mybot_controller/package.dsv'
[9.639s] INFO:colcon.colcon_core.shell:Creating package script '/home/uditr/mybot_ws/install/mybot_controller/share/mybot_controller/package.sh'
[9.639s] INFO:colcon.colcon_core.shell:Creating package script '/home/uditr/mybot_ws/install/mybot_controller/share/mybot_controller/package.bash'
[9.640s] INFO:colcon.colcon_core.shell:Creating package script '/home/uditr/mybot_ws/install/mybot_controller/share/mybot_controller/package.zsh'
[9.640s] Level 1:colcon.colcon_core.environment:create_file_with_runtime_dependencies(/home/uditr/mybot_ws/install/mybot_controller/share/colcon-core/packages/mybot_controller)
[9.657s] Level 1:colcon.colcon_core.environment:create_environment_scripts_only(mybot_controller)
[9.657s] Level 1:colcon.colcon_core.environment:checking '/home/uditr/mybot_ws/install/mybot_controller' for CMake module files
[9.657s] Level 1:colcon.colcon_core.environment:checking '/home/uditr/mybot_ws/install/mybot_controller' for CMake config files
[9.658s] Level 1:colcon.colcon_core.shell:create_environment_hook('mybot_controller', 'cmake_prefix_path')
[9.658s] INFO:colcon.colcon_core.shell:Creating environment hook '/home/uditr/mybot_ws/install/mybot_controller/share/mybot_controller/hook/cmake_prefix_path.ps1'
[9.659s] INFO:colcon.colcon_core.shell:Creating environment descriptor '/home/uditr/mybot_ws/install/mybot_controller/share/mybot_controller/hook/cmake_prefix_path.dsv'
[9.659s] INFO:colcon.colcon_core.shell:Creating environment hook '/home/uditr/mybot_ws/install/mybot_controller/share/mybot_controller/hook/cmake_prefix_path.sh'
[9.660s] Level 1:colcon.colcon_core.environment:checking '/home/uditr/mybot_ws/install/mybot_controller/lib'
[9.660s] Level 1:colcon.colcon_core.environment:checking '/home/uditr/mybot_ws/install/mybot_controller/bin'
[9.660s] Level 1:colcon.colcon_core.environment:checking '/home/uditr/mybot_ws/install/mybot_controller/lib/pkgconfig/mybot_controller.pc'
[9.660s] Level 1:colcon.colcon_core.environment:checking '/home/uditr/mybot_ws/install/mybot_controller/lib/python3.10/site-packages'
[9.660s] Level 1:colcon.colcon_core.environment:checking '/home/uditr/mybot_ws/install/mybot_controller/bin'
[9.661s] INFO:colcon.colcon_core.shell:Creating package script '/home/uditr/mybot_ws/install/mybot_controller/share/mybot_controller/package.ps1'
[9.661s] INFO:colcon.colcon_core.shell:Creating package descriptor '/home/uditr/mybot_ws/install/mybot_controller/share/mybot_controller/package.dsv'
[9.661s] INFO:colcon.colcon_core.shell:Creating package script '/home/uditr/mybot_ws/install/mybot_controller/share/mybot_controller/package.sh'
[9.661s] INFO:colcon.colcon_core.shell:Creating package script '/home/uditr/mybot_ws/install/mybot_controller/share/mybot_controller/package.bash'
[9.662s] INFO:colcon.colcon_core.shell:Creating package script '/home/uditr/mybot_ws/install/mybot_controller/share/mybot_controller/package.zsh'
[9.662s] Level 1:colcon.colcon_core.environment:create_file_with_runtime_dependencies(/home/uditr/mybot_ws/install/mybot_controller/share/colcon-core/packages/mybot_controller)
[10.496s] DEBUG:colcon.colcon_core.event_handler.log_command:Invoking command in '/home/uditr/mybot_ws/src/mybot_py_programs': PYTHONPATH=/home/uditr/mybot_ws/build/mybot_py_programs/prefix_override:/usr/lib/python3/dist-packages/colcon_core/task/python/colcon_distutils_commands:/home/uditr/mybot_ws/install/mybot_py_programs/lib/python3.10/site-packages:${PYTHONPATH} /usr/bin/python3 -W ignore:setup.py install is deprecated setup.py egg_info --egg-base ../../build/mybot_py_programs build --build-base /home/uditr/mybot_ws/build/mybot_py_programs/build install --record /home/uditr/mybot_ws/build/mybot_py_programs/install.log --single-version-externally-managed install_data
[10.958s] Level 1:colcon.colcon_core.environment:checking '/home/uditr/mybot_ws/install/mybot_py_programs' for CMake module files
[10.958s] DEBUG:colcon.colcon_core.event_handler.log_command:Invoked command in '/home/uditr/mybot_ws/src/mybot_py_programs' returned '0': PYTHONPATH=/home/uditr/mybot_ws/build/mybot_py_programs/prefix_override:/usr/lib/python3/dist-packages/colcon_core/task/python/colcon_distutils_commands:/home/uditr/mybot_ws/install/mybot_py_programs/lib/python3.10/site-packages:${PYTHONPATH} /usr/bin/python3 -W ignore:setup.py install is deprecated setup.py egg_info --egg-base ../../build/mybot_py_programs build --build-base /home/uditr/mybot_ws/build/mybot_py_programs/build install --record /home/uditr/mybot_ws/build/mybot_py_programs/install.log --single-version-externally-managed install_data
[10.959s] Level 1:colcon.colcon_core.environment:checking '/home/uditr/mybot_ws/install/mybot_py_programs' for CMake config files
[10.959s] Level 1:colcon.colcon_core.environment:checking '/home/uditr/mybot_ws/install/mybot_py_programs/lib'
[10.959s] Level 1:colcon.colcon_core.environment:checking '/home/uditr/mybot_ws/install/mybot_py_programs/bin'
[10.959s] Level 1:colcon.colcon_core.environment:checking '/home/uditr/mybot_ws/install/mybot_py_programs/lib/pkgconfig/mybot_py_programs.pc'
[10.960s] Level 1:colcon.colcon_core.environment:checking '/home/uditr/mybot_ws/install/mybot_py_programs/lib/python3.10/site-packages'
[10.960s] Level 1:colcon.colcon_core.shell:create_environment_hook('mybot_py_programs', 'pythonpath')
[10.960s] INFO:colcon.colcon_core.shell:Creating environment hook '/home/uditr/mybot_ws/install/mybot_py_programs/share/mybot_py_programs/hook/pythonpath.ps1'
[10.960s] INFO:colcon.colcon_core.shell:Creating environment descriptor '/home/uditr/mybot_ws/install/mybot_py_programs/share/mybot_py_programs/hook/pythonpath.dsv'
[10.961s] INFO:colcon.colcon_core.shell:Creating environment hook '/home/uditr/mybot_ws/install/mybot_py_programs/share/mybot_py_programs/hook/pythonpath.sh'
[10.961s] Level 1:colcon.colcon_core.environment:checking '/home/uditr/mybot_ws/install/mybot_py_programs/bin'
[10.966s] Level 1:colcon.colcon_core.environment:create_environment_scripts_only(mybot_py_programs)
[10.966s] INFO:colcon.colcon_core.shell:Creating package script '/home/uditr/mybot_ws/install/mybot_py_programs/share/mybot_py_programs/package.ps1'
[10.967s] INFO:colcon.colcon_core.shell:Creating package descriptor '/home/uditr/mybot_ws/install/mybot_py_programs/share/mybot_py_programs/package.dsv'
[10.967s] INFO:colcon.colcon_core.shell:Creating package script '/home/uditr/mybot_ws/install/mybot_py_programs/share/mybot_py_programs/package.sh'
[10.967s] INFO:colcon.colcon_core.shell:Creating package script '/home/uditr/mybot_ws/install/mybot_py_programs/share/mybot_py_programs/package.bash'
[10.968s] INFO:colcon.colcon_core.shell:Creating package script '/home/uditr/mybot_ws/install/mybot_py_programs/share/mybot_py_programs/package.zsh'
[10.968s] Level 1:colcon.colcon_core.environment:create_file_with_runtime_dependencies(/home/uditr/mybot_ws/install/mybot_py_programs/share/colcon-core/packages/mybot_py_programs)
[10.968s] DEBUG:colcon.colcon_parallel_executor.executor.parallel:closing loop
[10.968s] DEBUG:colcon.colcon_parallel_executor.executor.parallel:loop closed
[10.968s] DEBUG:colcon.colcon_parallel_executor.executor.parallel:run_until_complete finished with '0'
[10.969s] DEBUG:colcon.colcon_core.event_reactor:joining thread
[11.374s] INFO:colcon.colcon_core.plugin_system:Skipping extension 'colcon_notification.desktop_notification.terminal_notifier': Not used on non-Darwin systems
[11.375s] INFO:colcon.colcon_core.plugin_system:Skipping extension 'colcon_notification.desktop_notification.win32': Not used on non-Windows systems
[11.375s] INFO:colcon.colcon_notification.desktop_notification:Sending desktop notification using 'notify2'
[11.382s] DEBUG:colcon.colcon_core.event_reactor:joined thread
[11.382s] INFO:colcon.colcon_core.shell:Creating prefix script '/home/uditr/mybot_ws/install/local_setup.ps1'
[11.515s] INFO:colcon.colcon_core.shell:Creating prefix util module '/home/uditr/mybot_ws/install/_local_setup_util_ps1.py'
[11.531s] INFO:colcon.colcon_core.shell:Creating prefix chain script '/home/uditr/mybot_ws/install/setup.ps1'
[11.590s] INFO:colcon.colcon_core.shell:Creating prefix script '/home/uditr/mybot_ws/install/local_setup.sh'
[11.762s] INFO:colcon.colcon_core.shell:Creating prefix util module '/home/uditr/mybot_ws/install/_local_setup_util_sh.py'
[11.763s] INFO:colcon.colcon_core.shell:Creating prefix chain script '/home/uditr/mybot_ws/install/setup.sh'
[11.861s] INFO:colcon.colcon_core.shell:Creating prefix script '/home/uditr/mybot_ws/install/local_setup.bash'
[11.923s] INFO:colcon.colcon_core.shell:Creating prefix chain script '/home/uditr/mybot_ws/install/setup.bash'
[11.985s] INFO:colcon.colcon_core.shell:Creating prefix script '/home/uditr/mybot_ws/install/local_setup.zsh'
[12.036s] INFO:colcon.colcon_core.shell:Creating prefix chain script '/home/uditr/mybot_ws/install/setup.zsh'
