[2.626s] Invoking command in '/home/uditr/mybot_ws/build/mybot_cpp_programs': CMAKE_PREFIX_PATH=/opt/ros/humble /usr/bin/cmake --build /home/uditr/mybot_ws/build/mybot_cpp_programs -- -j8 -l8
[4.455s] Invoked command in '/home/uditr/mybot_ws/build/mybot_cpp_programs' returned '0': CMAKE_PREFIX_PATH=/opt/ros/humble /usr/bin/cmake --build /home/uditr/mybot_ws/build/mybot_cpp_programs -- -j8 -l8
[4.470s] Invoking command in '/home/uditr/mybot_ws/build/mybot_cpp_programs': CMAKE_PREFIX_PATH=/opt/ros/humble /usr/bin/cmake --install /home/uditr/mybot_ws/build/mybot_cpp_programs
[4.496s] -- Install configuration: ""
[4.497s] -- Execute custom install script
[4.503s] -- Up-to-date symlink: /home/uditr/mybot_ws/install/mybot_cpp_programs/share/ament_index/resource_index/package_run_dependencies/mybot_cpp_programs
[4.504s] -- Up-to-date symlink: /home/uditr/mybot_ws/install/mybot_cpp_programs/share/ament_index/resource_index/parent_prefix_path/mybot_cpp_programs
[4.542s] -- Up-to-date symlink: /home/uditr/mybot_ws/install/mybot_cpp_programs/share/mybot_cpp_programs/environment/ament_prefix_path.sh
[4.542s] -- Up-to-date symlink: /home/uditr/mybot_ws/install/mybot_cpp_programs/share/mybot_cpp_programs/environment/ament_prefix_path.dsv
[4.564s] -- Up-to-date symlink: /home/uditr/mybot_ws/install/mybot_cpp_programs/share/mybot_cpp_programs/environment/path.sh
[4.564s] -- Up-to-date symlink: /home/uditr/mybot_ws/install/mybot_cpp_programs/share/mybot_cpp_programs/environment/path.dsv
[4.575s] -- Up-to-date symlink: /home/uditr/mybot_ws/install/mybot_cpp_programs/share/mybot_cpp_programs/local_setup.bash
[4.642s] -- Up-to-date symlink: /home/uditr/mybot_ws/install/mybot_cpp_programs/share/mybot_cpp_programs/local_setup.sh
[4.697s] -- Up-to-date symlink: /home/uditr/mybot_ws/install/mybot_cpp_programs/share/mybot_cpp_programs/local_setup.zsh
[4.708s] -- Up-to-date symlink: /home/uditr/mybot_ws/install/mybot_cpp_programs/share/mybot_cpp_programs/local_setup.dsv
[4.708s] -- Symlinking: /home/uditr/mybot_ws/install/mybot_cpp_programs/share/mybot_cpp_programs/package.dsv
[4.763s] -- Up-to-date symlink: /home/uditr/mybot_ws/install/mybot_cpp_programs/share/ament_index/resource_index/packages/mybot_cpp_programs
[4.786s] -- Up-to-date symlink: /home/uditr/mybot_ws/install/mybot_cpp_programs/share/mybot_cpp_programs/cmake/mybot_cpp_programsConfig.cmake
[4.797s] -- Up-to-date symlink: /home/uditr/mybot_ws/install/mybot_cpp_programs/share/mybot_cpp_programs/cmake/mybot_cpp_programsConfig-version.cmake
[4.797s] -- Up-to-date symlink: /home/uditr/mybot_ws/install/mybot_cpp_programs/share/mybot_cpp_programs/package.xml
[4.800s] Invoked command in '/home/uditr/mybot_ws/build/mybot_cpp_programs' returned '0': CMAKE_PREFIX_PATH=/opt/ros/humble /usr/bin/cmake --install /home/uditr/mybot_ws/build/mybot_cpp_programs
