[4.073s] Invoking command in '/home/uditr/mybot_ws/src/mybot_py_programs': AMENT_PREFIX_PATH=/home/uditr/mybot_ws/install/mybot_msgs:${AMENT_PREFIX_PATH} CMAKE_PREFIX_PATH=/home/uditr/mybot_ws/install/mybot_msgs LD_LIBRARY_PATH=/home/uditr/mybot_ws/install/mybot_msgs/lib:${LD_LIBRARY_PATH} PYTHONPATH=/home/uditr/mybot_ws/build/mybot_py_programs/prefix_override:/usr/lib/python3/dist-packages/colcon_core/task/python/colcon_distutils_commands:/home/uditr/mybot_ws/install/mybot_py_programs/lib/python3.10/site-packages:/home/uditr/mybot_ws/install/mybot_msgs/local/lib/python3.10/dist-packages:${PYTHONPATH} /usr/bin/python3 -W ignore:setup.py install is deprecated setup.py egg_info --egg-base ../../build/mybot_py_programs build --build-base /home/uditr/mybot_ws/build/mybot_py_programs/build install --record /home/uditr/mybot_ws/build/mybot_py_programs/install.log --single-version-externally-managed install_data
[4.295s] running egg_info
[4.295s] writing ../../build/mybot_py_programs/mybot_py_programs.egg-info/PKG-INFO
[4.296s] writing dependency_links to ../../build/mybot_py_programs/mybot_py_programs.egg-info/dependency_links.txt
[4.296s] writing entry points to ../../build/mybot_py_programs/mybot_py_programs.egg-info/entry_points.txt
[4.296s] writing requirements to ../../build/mybot_py_programs/mybot_py_programs.egg-info/requires.txt
[4.296s] writing top-level names to ../../build/mybot_py_programs/mybot_py_programs.egg-info/top_level.txt
[4.355s] reading manifest file '../../build/mybot_py_programs/mybot_py_programs.egg-info/SOURCES.txt'
[4.413s] writing manifest file '../../build/mybot_py_programs/mybot_py_programs.egg-info/SOURCES.txt'
[4.413s] running build
[4.413s] running build_py
[4.413s] copying mybot_py_programs/simple_tf_kinematics.py -> /home/uditr/mybot_ws/build/mybot_py_programs/build/lib/mybot_py_programs
[4.414s] running install
[4.414s] running install_lib
[4.416s] copying /home/uditr/mybot_ws/build/mybot_py_programs/build/lib/mybot_py_programs/simple_tf_kinematics.py -> /home/uditr/mybot_ws/install/mybot_py_programs/lib/python3.10/site-packages/mybot_py_programs
[4.502s] byte-compiling /home/uditr/mybot_ws/install/mybot_py_programs/lib/python3.10/site-packages/mybot_py_programs/simple_tf_kinematics.py to simple_tf_kinematics.cpython-310.pyc
[4.619s] running install_data
[4.619s] copying package.xml -> /home/uditr/mybot_ws/install/mybot_py_programs/share/mybot_py_programs
[4.668s] running install_egg_info
[4.670s] removing '/home/uditr/mybot_ws/install/mybot_py_programs/lib/python3.10/site-packages/mybot_py_programs-0.0.0-py3.10.egg-info' (and everything under it)
[4.670s] Copying ../../build/mybot_py_programs/mybot_py_programs.egg-info to /home/uditr/mybot_ws/install/mybot_py_programs/lib/python3.10/site-packages/mybot_py_programs-0.0.0-py3.10.egg-info
[4.692s] running install_scripts
[4.708s] Installing simple_controller script to /home/uditr/mybot_ws/install/mybot_py_programs/lib/mybot_py_programs
[4.708s] Installing simple_parameter script to /home/uditr/mybot_ws/install/mybot_py_programs/lib/mybot_py_programs
[4.709s] Installing simple_publisher script to /home/uditr/mybot_ws/install/mybot_py_programs/lib/mybot_py_programs
[4.709s] Installing simple_service_client script to /home/uditr/mybot_ws/install/mybot_py_programs/lib/mybot_py_programs
[4.709s] Installing simple_service_server script to /home/uditr/mybot_ws/install/mybot_py_programs/lib/mybot_py_programs
[4.709s] Installing simple_subscriber script to /home/uditr/mybot_ws/install/mybot_py_programs/lib/mybot_py_programs
[4.709s] Installing simple_tf_kinematics script to /home/uditr/mybot_ws/install/mybot_py_programs/lib/mybot_py_programs
[4.766s] Installing simple_turtlesim_kinematics script to /home/uditr/mybot_ws/install/mybot_py_programs/lib/mybot_py_programs
[4.766s] writing list of installed files to '/home/uditr/mybot_ws/build/mybot_py_programs/install.log'
[4.787s] Invoked command in '/home/uditr/mybot_ws/src/mybot_py_programs' returned '0': AMENT_PREFIX_PATH=/home/uditr/mybot_ws/install/mybot_msgs:${AMENT_PREFIX_PATH} CMAKE_PREFIX_PATH=/home/uditr/mybot_ws/install/mybot_msgs LD_LIBRARY_PATH=/home/uditr/mybot_ws/install/mybot_msgs/lib:${LD_LIBRARY_PATH} PYTHONPATH=/home/uditr/mybot_ws/build/mybot_py_programs/prefix_override:/usr/lib/python3/dist-packages/colcon_core/task/python/colcon_distutils_commands:/home/uditr/mybot_ws/install/mybot_py_programs/lib/python3.10/site-packages:/home/uditr/mybot_ws/install/mybot_msgs/local/lib/python3.10/dist-packages:${PYTHONPATH} /usr/bin/python3 -W ignore:setup.py install is deprecated setup.py egg_info --egg-base ../../build/mybot_py_programs build --build-base /home/uditr/mybot_ws/build/mybot_py_programs/build install --record /home/uditr/mybot_ws/build/mybot_py_programs/install.log --single-version-externally-managed install_data
