[0.133s] Invoking command in '/home/uditr/mybot_ws/build/mybot_controller': CMAKE_PREFIX_PATH=/opt/ros/humble /usr/bin/cmake --build /home/uditr/mybot_ws/build/mybot_controller -- -j8 -l8
[1.123s] -- Found ament_cmake: 1.3.9 (/opt/ros/humble/share/ament_cmake/cmake)
[1.552s] -- Override CMake install command with custom implementation using symlinks instead of copying resources
[1.979s] -- Found rclpy: 3.3.13 (/opt/ros/humble/share/rclpy/cmake)
[2.001s] -- Found std_msgs: 4.2.4 (/opt/ros/humble/share/std_msgs/cmake)
[2.481s] -- Found rosidl_generator_c: 3.1.5 (/opt/ros/humble/share/rosidl_generator_c/cmake)
[2.697s] -- Found rosidl_adapter: 3.1.5 (/opt/ros/humble/share/rosidl_adapter/cmake)
[2.749s] -- Found rosidl_generator_cpp: 3.1.5 (/opt/ros/humble/share/rosidl_generator_cpp/cmake)
[2.869s] -- Using all available rosidl_typesupport_c: rosidl_typesupport_fastrtps_c;rosidl_typesupport_introspection_c
[2.923s] -- Using all available rosidl_typesupport_cpp: rosidl_typesupport_fastrtps_cpp;rosidl_typesupport_introspection_cpp
[3.055s] -- Found geometry_msgs: 4.2.4 (/opt/ros/humble/share/geometry_msgs/cmake)
[3.219s] [31mCMake Error at /opt/ros/humble/share/ament_cmake_python/cmake/ament_python_install_package.cmake:66 (message):
[3.219s]   ament_python_install_package() the Python package folder
[3.219s]   '/home/uditr/mybot_ws/src/mybot_controller/$(PROJECT_NAME)' doesn't contain
[3.219s]   an '__init__.py' file
[3.219s] Call Stack (most recent call first):
[3.219s]   /opt/ros/humble/share/ament_cmake_python/cmake/ament_python_install_package.cmake:39 (_ament_cmake_python_install_package)
[3.220s]   CMakeLists.txt:15 (ament_python_install_package)
[3.220s] 
[3.220s] [0m
[3.220s] -- Configuring incomplete, errors occurred!
[3.220s] See also "/home/uditr/mybot_ws/build/mybot_controller/CMakeFiles/CMakeOutput.log".
[3.224s] gmake: *** [Makefile:226: cmake_check_build_system] Error 1
[3.225s] Invoked command in '/home/uditr/mybot_ws/build/mybot_controller' returned '2': CMAKE_PREFIX_PATH=/opt/ros/humble /usr/bin/cmake --build /home/uditr/mybot_ws/build/mybot_controller -- -j8 -l8
