[0.099s] DEBUG:colcon:Command line arguments: ['/usr/bin/colcon', 'build']
[0.099s] DEBUG:colcon:Parsed command line arguments: Namespace(log_base=None, log_level=None, verb_name='build', build_base='build', install_base='install', merge_install=False, symlink_install=False, test_result_base=None, continue_on_error=False, executor='parallel', parallel_workers=8, event_handlers=None, ignore_user_meta=False, metas=['./colcon.meta'], base_paths=['.'], packages_ignore=None, packages_ignore_regex=None, paths=None, packages_up_to=None, packages_up_to_regex=None, packages_above=None, packages_above_and_dependencies=None, packages_above_depth=None, packages_select_by_dep=None, packages_skip_by_dep=None, packages_skip_up_to=None, packages_select_build_failed=False, packages_skip_build_finished=False, packages_select_test_failures=False, packages_skip_test_passed=False, packages_select=None, packages_skip=None, packages_select_regex=None, packages_skip_regex=None, packages_start=None, packages_end=None, allow_overriding=[], cmake_args=None, cmake_target=None, cmake_target_skip_unavailable=False, cmake_clean_cache=False, cmake_clean_first=False, cmake_force_configure=False, ament_cmake_args=None, catkin_cmake_args=None, catkin_skip_building_tests=False, verb_parser=<colcon_defaults.argument_parser.defaults.DefaultArgumentsDecorator object at 0x71a1ee84a260>, verb_extension=<colcon_core.verb.build.BuildVerb object at 0x71a1ee849d20>, main=<bound method BuildVerb.main of <colcon_core.verb.build.BuildVerb object at 0x71a1ee849d20>>)
[0.373s] Level 1:colcon.colcon_core.package_discovery:discover_packages(colcon_meta) check parameters
[0.373s] Level 1:colcon.colcon_core.package_discovery:discover_packages(recursive) check parameters
[0.373s] Level 1:colcon.colcon_core.package_discovery:discover_packages(ignore) check parameters
[0.373s] Level 1:colcon.colcon_core.package_discovery:discover_packages(path) check parameters
[0.373s] Level 1:colcon.colcon_core.package_discovery:discover_packages(colcon_meta) discover
[0.373s] Level 1:colcon.colcon_core.package_discovery:discover_packages(recursive) discover
[0.373s] INFO:colcon.colcon_core.package_discovery:Crawling recursively for packages in '/home/uditr/mybot_ws'
[0.373s] Level 1:colcon.colcon_core.package_identification:_identify(.) by extensions ['ignore', 'ignore_ament_install']
[0.373s] Level 1:colcon.colcon_core.package_identification:_identify(.) by extension 'ignore'
[0.373s] Level 1:colcon.colcon_core.package_identification:_identify(.) by extension 'ignore_ament_install'
[0.373s] Level 1:colcon.colcon_core.package_identification:_identify(.) by extensions ['colcon_pkg']
[0.373s] Level 1:colcon.colcon_core.package_identification:_identify(.) by extension 'colcon_pkg'
[0.373s] Level 1:colcon.colcon_core.package_identification:_identify(.) by extensions ['colcon_meta']
[0.373s] Level 1:colcon.colcon_core.package_identification:_identify(.) by extension 'colcon_meta'
[0.373s] Level 1:colcon.colcon_core.package_identification:_identify(.) by extensions ['ros']
[0.373s] Level 1:colcon.colcon_core.package_identification:_identify(.) by extension 'ros'
[0.381s] Level 1:colcon.colcon_core.package_identification:_identify(.) by extensions ['cmake', 'python']
[0.381s] Level 1:colcon.colcon_core.package_identification:_identify(.) by extension 'cmake'
[0.381s] Level 1:colcon.colcon_core.package_identification:_identify(.) by extension 'python'
[0.381s] Level 1:colcon.colcon_core.package_identification:_identify(.) by extensions ['python_setup_py']
[0.381s] Level 1:colcon.colcon_core.package_identification:_identify(.) by extension 'python_setup_py'
[0.381s] Level 1:colcon.colcon_core.package_identification:_identify(build) by extensions ['ignore', 'ignore_ament_install']
[0.381s] Level 1:colcon.colcon_core.package_identification:_identify(build) by extension 'ignore'
[0.381s] Level 1:colcon.colcon_core.package_identification:_identify(build) ignored
[0.381s] Level 1:colcon.colcon_core.package_identification:_identify(install) by extensions ['ignore', 'ignore_ament_install']
[0.381s] Level 1:colcon.colcon_core.package_identification:_identify(install) by extension 'ignore'
[0.381s] Level 1:colcon.colcon_core.package_identification:_identify(install) ignored
[0.381s] Level 1:colcon.colcon_core.package_identification:_identify(log) by extensions ['ignore', 'ignore_ament_install']
[0.382s] Level 1:colcon.colcon_core.package_identification:_identify(log) by extension 'ignore'
[0.382s] Level 1:colcon.colcon_core.package_identification:_identify(log) ignored
[0.382s] Level 1:colcon.colcon_core.package_identification:_identify(src) by extensions ['ignore', 'ignore_ament_install']
[0.382s] Level 1:colcon.colcon_core.package_identification:_identify(src) by extension 'ignore'
[0.382s] Level 1:colcon.colcon_core.package_identification:_identify(src) by extension 'ignore_ament_install'
[0.382s] Level 1:colcon.colcon_core.package_identification:_identify(src) by extensions ['colcon_pkg']
[0.382s] Level 1:colcon.colcon_core.package_identification:_identify(src) by extension 'colcon_pkg'
[0.382s] Level 1:colcon.colcon_core.package_identification:_identify(src) by extensions ['colcon_meta']
[0.382s] Level 1:colcon.colcon_core.package_identification:_identify(src) by extension 'colcon_meta'
[0.382s] Level 1:colcon.colcon_core.package_identification:_identify(src) by extensions ['ros']
[0.382s] Level 1:colcon.colcon_core.package_identification:_identify(src) by extension 'ros'
[0.382s] Level 1:colcon.colcon_core.package_identification:_identify(src) by extensions ['cmake', 'python']
[0.382s] Level 1:colcon.colcon_core.package_identification:_identify(src) by extension 'cmake'
[0.382s] Level 1:colcon.colcon_core.package_identification:_identify(src) by extension 'python'
[0.382s] Level 1:colcon.colcon_core.package_identification:_identify(src) by extensions ['python_setup_py']
[0.382s] Level 1:colcon.colcon_core.package_identification:_identify(src) by extension 'python_setup_py'
[0.382s] Level 1:colcon.colcon_core.package_identification:_identify(src/build) by extensions ['ignore', 'ignore_ament_install']
[0.382s] Level 1:colcon.colcon_core.package_identification:_identify(src/build) by extension 'ignore'
[0.382s] Level 1:colcon.colcon_core.package_identification:_identify(src/build) ignored
[0.382s] Level 1:colcon.colcon_core.package_identification:_identify(src/install) by extensions ['ignore', 'ignore_ament_install']
[0.382s] Level 1:colcon.colcon_core.package_identification:_identify(src/install) by extension 'ignore'
[0.382s] Level 1:colcon.colcon_core.package_identification:_identify(src/install) ignored
[0.382s] Level 1:colcon.colcon_core.package_identification:_identify(src/log) by extensions ['ignore', 'ignore_ament_install']
[0.382s] Level 1:colcon.colcon_core.package_identification:_identify(src/log) by extension 'ignore'
[0.382s] Level 1:colcon.colcon_core.package_identification:_identify(src/log) ignored
[0.382s] Level 1:colcon.colcon_core.package_identification:_identify(src/mybot_controller) by extensions ['ignore', 'ignore_ament_install']
[0.383s] Level 1:colcon.colcon_core.package_identification:_identify(src/mybot_controller) by extension 'ignore'
[0.383s] Level 1:colcon.colcon_core.package_identification:_identify(src/mybot_controller) by extension 'ignore_ament_install'
[0.383s] Level 1:colcon.colcon_core.package_identification:_identify(src/mybot_controller) by extensions ['colcon_pkg']
[0.383s] Level 1:colcon.colcon_core.package_identification:_identify(src/mybot_controller) by extension 'colcon_pkg'
[0.383s] Level 1:colcon.colcon_core.package_identification:_identify(src/mybot_controller) by extensions ['colcon_meta']
[0.383s] Level 1:colcon.colcon_core.package_identification:_identify(src/mybot_controller) by extension 'colcon_meta'
[0.383s] Level 1:colcon.colcon_core.package_identification:_identify(src/mybot_controller) by extensions ['ros']
[0.383s] Level 1:colcon.colcon_core.package_identification:_identify(src/mybot_controller) by extension 'ros'
[0.385s] DEBUG:colcon.colcon_core.package_identification:Package 'src/mybot_controller' with type 'ros.ament_cmake' and name 'mybot_controller'
[0.385s] Level 1:colcon.colcon_core.package_identification:_identify(src/mybot_cpp_programs) by extensions ['ignore', 'ignore_ament_install']
[0.385s] Level 1:colcon.colcon_core.package_identification:_identify(src/mybot_cpp_programs) by extension 'ignore'
[0.385s] Level 1:colcon.colcon_core.package_identification:_identify(src/mybot_cpp_programs) by extension 'ignore_ament_install'
[0.385s] Level 1:colcon.colcon_core.package_identification:_identify(src/mybot_cpp_programs) by extensions ['colcon_pkg']
[0.385s] Level 1:colcon.colcon_core.package_identification:_identify(src/mybot_cpp_programs) by extension 'colcon_pkg'
[0.385s] Level 1:colcon.colcon_core.package_identification:_identify(src/mybot_cpp_programs) by extensions ['colcon_meta']
[0.385s] Level 1:colcon.colcon_core.package_identification:_identify(src/mybot_cpp_programs) by extension 'colcon_meta'
[0.385s] Level 1:colcon.colcon_core.package_identification:_identify(src/mybot_cpp_programs) by extensions ['ros']
[0.385s] Level 1:colcon.colcon_core.package_identification:_identify(src/mybot_cpp_programs) by extension 'ros'
[0.385s] DEBUG:colcon.colcon_core.package_identification:Package 'src/mybot_cpp_programs' with type 'ros.ament_cmake' and name 'mybot_cpp_programs'
[0.385s] Level 1:colcon.colcon_core.package_identification:_identify(src/mybot_description) by extensions ['ignore', 'ignore_ament_install']
[0.386s] Level 1:colcon.colcon_core.package_identification:_identify(src/mybot_description) by extension 'ignore'
[0.386s] Level 1:colcon.colcon_core.package_identification:_identify(src/mybot_description) by extension 'ignore_ament_install'
[0.386s] Level 1:colcon.colcon_core.package_identification:_identify(src/mybot_description) by extensions ['colcon_pkg']
[0.386s] Level 1:colcon.colcon_core.package_identification:_identify(src/mybot_description) by extension 'colcon_pkg'
[0.386s] Level 1:colcon.colcon_core.package_identification:_identify(src/mybot_description) by extensions ['colcon_meta']
[0.386s] Level 1:colcon.colcon_core.package_identification:_identify(src/mybot_description) by extension 'colcon_meta'
[0.386s] Level 1:colcon.colcon_core.package_identification:_identify(src/mybot_description) by extensions ['ros']
[0.386s] Level 1:colcon.colcon_core.package_identification:_identify(src/mybot_description) by extension 'ros'
[0.386s] DEBUG:colcon.colcon_core.package_identification:Package 'src/mybot_description' with type 'ros.ament_cmake' and name 'mybot_description'
[0.386s] Level 1:colcon.colcon_core.package_identification:_identify(src/mybot_msgs) by extensions ['ignore', 'ignore_ament_install']
[0.386s] Level 1:colcon.colcon_core.package_identification:_identify(src/mybot_msgs) by extension 'ignore'
[0.386s] Level 1:colcon.colcon_core.package_identification:_identify(src/mybot_msgs) by extension 'ignore_ament_install'
[0.386s] Level 1:colcon.colcon_core.package_identification:_identify(src/mybot_msgs) by extensions ['colcon_pkg']
[0.386s] Level 1:colcon.colcon_core.package_identification:_identify(src/mybot_msgs) by extension 'colcon_pkg'
[0.386s] Level 1:colcon.colcon_core.package_identification:_identify(src/mybot_msgs) by extensions ['colcon_meta']
[0.386s] Level 1:colcon.colcon_core.package_identification:_identify(src/mybot_msgs) by extension 'colcon_meta'
[0.387s] Level 1:colcon.colcon_core.package_identification:_identify(src/mybot_msgs) by extensions ['ros']
[0.387s] Level 1:colcon.colcon_core.package_identification:_identify(src/mybot_msgs) by extension 'ros'
[0.387s] DEBUG:colcon.colcon_core.package_identification:Package 'src/mybot_msgs' with type 'ros.ament_cmake' and name 'mybot_msgs'
[0.387s] Level 1:colcon.colcon_core.package_identification:_identify(src/mybot_py_programs) by extensions ['ignore', 'ignore_ament_install']
[0.388s] Level 1:colcon.colcon_core.package_identification:_identify(src/mybot_py_programs) by extension 'ignore'
[0.388s] Level 1:colcon.colcon_core.package_identification:_identify(src/mybot_py_programs) by extension 'ignore_ament_install'
[0.388s] Level 1:colcon.colcon_core.package_identification:_identify(src/mybot_py_programs) by extensions ['colcon_pkg']
[0.388s] Level 1:colcon.colcon_core.package_identification:_identify(src/mybot_py_programs) by extension 'colcon_pkg'
[0.388s] Level 1:colcon.colcon_core.package_identification:_identify(src/mybot_py_programs) by extensions ['colcon_meta']
[0.388s] Level 1:colcon.colcon_core.package_identification:_identify(src/mybot_py_programs) by extension 'colcon_meta'
[0.388s] Level 1:colcon.colcon_core.package_identification:_identify(src/mybot_py_programs) by extensions ['ros']
[0.388s] Level 1:colcon.colcon_core.package_identification:_identify(src/mybot_py_programs) by extension 'ros'
[0.389s] DEBUG:colcon.colcon_core.package_identification:Package 'src/mybot_py_programs' with type 'ros.ament_python' and name 'mybot_py_programs'
[0.389s] Level 1:colcon.colcon_core.package_discovery:discover_packages(recursive) using defaults
[0.389s] Level 1:colcon.colcon_core.package_discovery:discover_packages(ignore) discover
[0.389s] Level 1:colcon.colcon_core.package_discovery:discover_packages(ignore) using defaults
[0.389s] Level 1:colcon.colcon_core.package_discovery:discover_packages(path) discover
[0.389s] Level 1:colcon.colcon_core.package_discovery:discover_packages(path) using defaults
[0.461s] Level 1:colcon.colcon_core.package_discovery:discover_packages(prefix_path) check parameters
[0.461s] Level 1:colcon.colcon_core.package_discovery:discover_packages(prefix_path) discover
[0.463s] DEBUG:colcon.colcon_installed_package_information.package_discovery:Found 450 installed packages in /opt/ros/humble
[0.465s] Level 1:colcon.colcon_core.package_discovery:discover_packages(prefix_path) using defaults
[0.510s] Level 5:colcon.colcon_core.verb:set package 'mybot_controller' build argument 'cmake_args' from command line to 'None'
[0.510s] Level 5:colcon.colcon_core.verb:set package 'mybot_controller' build argument 'cmake_target' from command line to 'None'
[0.510s] Level 5:colcon.colcon_core.verb:set package 'mybot_controller' build argument 'cmake_target_skip_unavailable' from command line to 'False'
[0.510s] Level 5:colcon.colcon_core.verb:set package 'mybot_controller' build argument 'cmake_clean_cache' from command line to 'False'
[0.510s] Level 5:colcon.colcon_core.verb:set package 'mybot_controller' build argument 'cmake_clean_first' from command line to 'False'
[0.510s] Level 5:colcon.colcon_core.verb:set package 'mybot_controller' build argument 'cmake_force_configure' from command line to 'False'
[0.510s] Level 5:colcon.colcon_core.verb:set package 'mybot_controller' build argument 'ament_cmake_args' from command line to 'None'
[0.510s] Level 5:colcon.colcon_core.verb:set package 'mybot_controller' build argument 'catkin_cmake_args' from command line to 'None'
[0.510s] Level 5:colcon.colcon_core.verb:set package 'mybot_controller' build argument 'catkin_skip_building_tests' from command line to 'False'
[0.510s] DEBUG:colcon.colcon_core.verb:Building package 'mybot_controller' with the following arguments: {'ament_cmake_args': None, 'build_base': '/home/uditr/mybot_ws/build/mybot_controller', 'catkin_cmake_args': None, 'catkin_skip_building_tests': False, 'cmake_args': None, 'cmake_clean_cache': False, 'cmake_clean_first': False, 'cmake_force_configure': False, 'cmake_target': None, 'cmake_target_skip_unavailable': False, 'install_base': '/home/uditr/mybot_ws/install/mybot_controller', 'merge_install': False, 'path': '/home/uditr/mybot_ws/src/mybot_controller', 'symlink_install': False, 'test_result_base': None}
[0.511s] Level 5:colcon.colcon_core.verb:set package 'mybot_cpp_programs' build argument 'cmake_args' from command line to 'None'
[0.511s] Level 5:colcon.colcon_core.verb:set package 'mybot_cpp_programs' build argument 'cmake_target' from command line to 'None'
[0.511s] Level 5:colcon.colcon_core.verb:set package 'mybot_cpp_programs' build argument 'cmake_target_skip_unavailable' from command line to 'False'
[0.511s] Level 5:colcon.colcon_core.verb:set package 'mybot_cpp_programs' build argument 'cmake_clean_cache' from command line to 'False'
[0.511s] Level 5:colcon.colcon_core.verb:set package 'mybot_cpp_programs' build argument 'cmake_clean_first' from command line to 'False'
[0.511s] Level 5:colcon.colcon_core.verb:set package 'mybot_cpp_programs' build argument 'cmake_force_configure' from command line to 'False'
[0.511s] Level 5:colcon.colcon_core.verb:set package 'mybot_cpp_programs' build argument 'ament_cmake_args' from command line to 'None'
[0.511s] Level 5:colcon.colcon_core.verb:set package 'mybot_cpp_programs' build argument 'catkin_cmake_args' from command line to 'None'
[0.511s] Level 5:colcon.colcon_core.verb:set package 'mybot_cpp_programs' build argument 'catkin_skip_building_tests' from command line to 'False'
[0.511s] DEBUG:colcon.colcon_core.verb:Building package 'mybot_cpp_programs' with the following arguments: {'ament_cmake_args': None, 'build_base': '/home/uditr/mybot_ws/build/mybot_cpp_programs', 'catkin_cmake_args': None, 'catkin_skip_building_tests': False, 'cmake_args': None, 'cmake_clean_cache': False, 'cmake_clean_first': False, 'cmake_force_configure': False, 'cmake_target': None, 'cmake_target_skip_unavailable': False, 'install_base': '/home/uditr/mybot_ws/install/mybot_cpp_programs', 'merge_install': False, 'path': '/home/uditr/mybot_ws/src/mybot_cpp_programs', 'symlink_install': False, 'test_result_base': None}
[0.512s] Level 5:colcon.colcon_core.verb:set package 'mybot_description' build argument 'cmake_args' from command line to 'None'
[0.512s] Level 5:colcon.colcon_core.verb:set package 'mybot_description' build argument 'cmake_target' from command line to 'None'
[0.512s] Level 5:colcon.colcon_core.verb:set package 'mybot_description' build argument 'cmake_target_skip_unavailable' from command line to 'False'
[0.512s] Level 5:colcon.colcon_core.verb:set package 'mybot_description' build argument 'cmake_clean_cache' from command line to 'False'
[0.512s] Level 5:colcon.colcon_core.verb:set package 'mybot_description' build argument 'cmake_clean_first' from command line to 'False'
[0.512s] Level 5:colcon.colcon_core.verb:set package 'mybot_description' build argument 'cmake_force_configure' from command line to 'False'
[0.512s] Level 5:colcon.colcon_core.verb:set package 'mybot_description' build argument 'ament_cmake_args' from command line to 'None'
[0.512s] Level 5:colcon.colcon_core.verb:set package 'mybot_description' build argument 'catkin_cmake_args' from command line to 'None'
[0.512s] Level 5:colcon.colcon_core.verb:set package 'mybot_description' build argument 'catkin_skip_building_tests' from command line to 'False'
[0.512s] DEBUG:colcon.colcon_core.verb:Building package 'mybot_description' with the following arguments: {'ament_cmake_args': None, 'build_base': '/home/uditr/mybot_ws/build/mybot_description', 'catkin_cmake_args': None, 'catkin_skip_building_tests': False, 'cmake_args': None, 'cmake_clean_cache': False, 'cmake_clean_first': False, 'cmake_force_configure': False, 'cmake_target': None, 'cmake_target_skip_unavailable': False, 'install_base': '/home/uditr/mybot_ws/install/mybot_description', 'merge_install': False, 'path': '/home/uditr/mybot_ws/src/mybot_description', 'symlink_install': False, 'test_result_base': None}
[0.512s] Level 5:colcon.colcon_core.verb:set package 'mybot_msgs' build argument 'cmake_args' from command line to 'None'
[0.512s] Level 5:colcon.colcon_core.verb:set package 'mybot_msgs' build argument 'cmake_target' from command line to 'None'
[0.512s] Level 5:colcon.colcon_core.verb:set package 'mybot_msgs' build argument 'cmake_target_skip_unavailable' from command line to 'False'
[0.512s] Level 5:colcon.colcon_core.verb:set package 'mybot_msgs' build argument 'cmake_clean_cache' from command line to 'False'
[0.512s] Level 5:colcon.colcon_core.verb:set package 'mybot_msgs' build argument 'cmake_clean_first' from command line to 'False'
[0.513s] Level 5:colcon.colcon_core.verb:set package 'mybot_msgs' build argument 'cmake_force_configure' from command line to 'False'
[0.513s] Level 5:colcon.colcon_core.verb:set package 'mybot_msgs' build argument 'ament_cmake_args' from command line to 'None'
[0.513s] Level 5:colcon.colcon_core.verb:set package 'mybot_msgs' build argument 'catkin_cmake_args' from command line to 'None'
[0.513s] Level 5:colcon.colcon_core.verb:set package 'mybot_msgs' build argument 'catkin_skip_building_tests' from command line to 'False'
[0.513s] DEBUG:colcon.colcon_core.verb:Building package 'mybot_msgs' with the following arguments: {'ament_cmake_args': None, 'build_base': '/home/uditr/mybot_ws/build/mybot_msgs', 'catkin_cmake_args': None, 'catkin_skip_building_tests': False, 'cmake_args': None, 'cmake_clean_cache': False, 'cmake_clean_first': False, 'cmake_force_configure': False, 'cmake_target': None, 'cmake_target_skip_unavailable': False, 'install_base': '/home/uditr/mybot_ws/install/mybot_msgs', 'merge_install': False, 'path': '/home/uditr/mybot_ws/src/mybot_msgs', 'symlink_install': False, 'test_result_base': None}
[0.513s] Level 5:colcon.colcon_core.verb:set package 'mybot_py_programs' build argument 'cmake_args' from command line to 'None'
[0.513s] Level 5:colcon.colcon_core.verb:set package 'mybot_py_programs' build argument 'cmake_target' from command line to 'None'
[0.513s] Level 5:colcon.colcon_core.verb:set package 'mybot_py_programs' build argument 'cmake_target_skip_unavailable' from command line to 'False'
[0.513s] Level 5:colcon.colcon_core.verb:set package 'mybot_py_programs' build argument 'cmake_clean_cache' from command line to 'False'
[0.513s] Level 5:colcon.colcon_core.verb:set package 'mybot_py_programs' build argument 'cmake_clean_first' from command line to 'False'
[0.513s] Level 5:colcon.colcon_core.verb:set package 'mybot_py_programs' build argument 'cmake_force_configure' from command line to 'False'
[0.513s] Level 5:colcon.colcon_core.verb:set package 'mybot_py_programs' build argument 'ament_cmake_args' from command line to 'None'
[0.513s] Level 5:colcon.colcon_core.verb:set package 'mybot_py_programs' build argument 'catkin_cmake_args' from command line to 'None'
[0.513s] Level 5:colcon.colcon_core.verb:set package 'mybot_py_programs' build argument 'catkin_skip_building_tests' from command line to 'False'
[0.513s] DEBUG:colcon.colcon_core.verb:Building package 'mybot_py_programs' with the following arguments: {'ament_cmake_args': None, 'build_base': '/home/uditr/mybot_ws/build/mybot_py_programs', 'catkin_cmake_args': None, 'catkin_skip_building_tests': False, 'cmake_args': None, 'cmake_clean_cache': False, 'cmake_clean_first': False, 'cmake_force_configure': False, 'cmake_target': None, 'cmake_target_skip_unavailable': False, 'install_base': '/home/uditr/mybot_ws/install/mybot_py_programs', 'merge_install': False, 'path': '/home/uditr/mybot_ws/src/mybot_py_programs', 'symlink_install': False, 'test_result_base': None}
[0.514s] INFO:colcon.colcon_core.executor:Executing jobs using 'parallel' executor
[0.515s] DEBUG:colcon.colcon_parallel_executor.executor.parallel:run_until_complete
[0.515s] INFO:colcon.colcon_ros.task.ament_cmake.build:Building ROS package in '/home/uditr/mybot_ws/src/mybot_msgs' with build type 'ament_cmake'
[0.515s] INFO:colcon.colcon_cmake.task.cmake.build:Building CMake package in '/home/uditr/mybot_ws/src/mybot_msgs'
[0.517s] INFO:colcon.colcon_core.plugin_system:Skipping extension 'colcon_core.shell.bat': Not used on non-Windows systems
[0.517s] INFO:colcon.colcon_core.shell:Skip shell extension 'powershell' for command environment: Not usable outside of PowerShell
[0.517s] DEBUG:colcon.colcon_core.shell:Skip shell extension 'dsv' for command environment
[0.520s] INFO:colcon.colcon_ros.task.ament_cmake.build:Building ROS package in '/home/uditr/mybot_ws/src/mybot_controller' with build type 'ament_cmake'
[0.521s] INFO:colcon.colcon_cmake.task.cmake.build:Building CMake package in '/home/uditr/mybot_ws/src/mybot_controller'
[0.521s] INFO:colcon.colcon_core.shell:Skip shell extension 'powershell' for command environment: Not usable outside of PowerShell
[0.521s] DEBUG:colcon.colcon_core.shell:Skip shell extension 'dsv' for command environment
[0.524s] INFO:colcon.colcon_ros.task.ament_cmake.build:Building ROS package in '/home/uditr/mybot_ws/src/mybot_cpp_programs' with build type 'ament_cmake'
[0.524s] INFO:colcon.colcon_cmake.task.cmake.build:Building CMake package in '/home/uditr/mybot_ws/src/mybot_cpp_programs'
[0.524s] INFO:colcon.colcon_core.shell:Skip shell extension 'powershell' for command environment: Not usable outside of PowerShell
[0.524s] DEBUG:colcon.colcon_core.shell:Skip shell extension 'dsv' for command environment
[0.526s] INFO:colcon.colcon_ros.task.ament_cmake.build:Building ROS package in '/home/uditr/mybot_ws/src/mybot_description' with build type 'ament_cmake'
[0.527s] INFO:colcon.colcon_cmake.task.cmake.build:Building CMake package in '/home/uditr/mybot_ws/src/mybot_description'
[0.527s] INFO:colcon.colcon_core.shell:Skip shell extension 'powershell' for command environment: Not usable outside of PowerShell
[0.527s] DEBUG:colcon.colcon_core.shell:Skip shell extension 'dsv' for command environment
[0.534s] DEBUG:colcon.colcon_core.event_handler.log_command:Invoking command in '/home/uditr/mybot_ws/build/mybot_msgs': CMAKE_PREFIX_PATH=/opt/ros/humble /usr/bin/cmake --build /home/uditr/mybot_ws/build/mybot_msgs -- -j8 -l8
[0.537s] DEBUG:colcon.colcon_core.event_handler.log_command:Invoking command in '/home/uditr/mybot_ws/build/mybot_controller': CMAKE_PREFIX_PATH=/opt/ros/humble /usr/bin/cmake --build /home/uditr/mybot_ws/build/mybot_controller -- -j8 -l8
[0.540s] DEBUG:colcon.colcon_core.event_handler.log_command:Invoking command in '/home/uditr/mybot_ws/build/mybot_cpp_programs': CMAKE_PREFIX_PATH=/opt/ros/humble /usr/bin/cmake --build /home/uditr/mybot_ws/build/mybot_cpp_programs -- -j8 -l8
[0.544s] DEBUG:colcon.colcon_core.event_handler.log_command:Invoking command in '/home/uditr/mybot_ws/build/mybot_description': CMAKE_PREFIX_PATH=/opt/ros/humble /usr/bin/cmake --build /home/uditr/mybot_ws/build/mybot_description -- -j8 -l8
[0.585s] DEBUG:colcon.colcon_core.event_handler.log_command:Invoked command in '/home/uditr/mybot_ws/build/mybot_cpp_programs' returned '0': CMAKE_PREFIX_PATH=/opt/ros/humble /usr/bin/cmake --build /home/uditr/mybot_ws/build/mybot_cpp_programs -- -j8 -l8
[0.586s] DEBUG:colcon.colcon_core.event_handler.log_command:Invoked command in '/home/uditr/mybot_ws/build/mybot_description' returned '0': CMAKE_PREFIX_PATH=/opt/ros/humble /usr/bin/cmake --build /home/uditr/mybot_ws/build/mybot_description -- -j8 -l8
[0.615s] DEBUG:colcon.colcon_core.event_handler.log_command:Invoking command in '/home/uditr/mybot_ws/build/mybot_cpp_programs': CMAKE_PREFIX_PATH=/opt/ros/humble /usr/bin/cmake --install /home/uditr/mybot_ws/build/mybot_cpp_programs
[0.618s] DEBUG:colcon.colcon_core.event_handler.log_command:Invoking command in '/home/uditr/mybot_ws/build/mybot_description': CMAKE_PREFIX_PATH=/opt/ros/humble /usr/bin/cmake --install /home/uditr/mybot_ws/build/mybot_description
[0.638s] Level 1:colcon.colcon_core.environment:create_environment_scripts_only(mybot_cpp_programs)
[0.639s] DEBUG:colcon.colcon_core.event_handler.log_command:Invoked command in '/home/uditr/mybot_ws/build/mybot_cpp_programs' returned '0': CMAKE_PREFIX_PATH=/opt/ros/humble /usr/bin/cmake --install /home/uditr/mybot_ws/build/mybot_cpp_programs
[0.644s] Level 1:colcon.colcon_core.environment:checking '/home/uditr/mybot_ws/install/mybot_cpp_programs' for CMake module files
[0.645s] Level 1:colcon.colcon_core.environment:checking '/home/uditr/mybot_ws/install/mybot_cpp_programs' for CMake config files
[0.645s] Level 1:colcon.colcon_core.shell:create_environment_hook('mybot_cpp_programs', 'cmake_prefix_path')
[0.646s] INFO:colcon.colcon_core.shell:Creating environment hook '/home/uditr/mybot_ws/install/mybot_cpp_programs/share/mybot_cpp_programs/hook/cmake_prefix_path.ps1'
[0.647s] INFO:colcon.colcon_core.shell:Creating environment descriptor '/home/uditr/mybot_ws/install/mybot_cpp_programs/share/mybot_cpp_programs/hook/cmake_prefix_path.dsv'
[0.647s] INFO:colcon.colcon_core.shell:Creating environment hook '/home/uditr/mybot_ws/install/mybot_cpp_programs/share/mybot_cpp_programs/hook/cmake_prefix_path.sh'
[0.649s] Level 1:colcon.colcon_core.environment:checking '/home/uditr/mybot_ws/install/mybot_cpp_programs/bin'
[0.649s] Level 1:colcon.colcon_core.environment:checking '/home/uditr/mybot_ws/install/mybot_cpp_programs/lib/pkgconfig/mybot_cpp_programs.pc'
[0.649s] Level 1:colcon.colcon_core.environment:checking '/home/uditr/mybot_ws/install/mybot_cpp_programs/lib/python3.10/site-packages'
[0.649s] Level 1:colcon.colcon_core.environment:checking '/home/uditr/mybot_ws/install/mybot_cpp_programs/bin'
[0.650s] INFO:colcon.colcon_core.shell:Creating package script '/home/uditr/mybot_ws/install/mybot_cpp_programs/share/mybot_cpp_programs/package.ps1'
[0.651s] INFO:colcon.colcon_core.shell:Creating package descriptor '/home/uditr/mybot_ws/install/mybot_cpp_programs/share/mybot_cpp_programs/package.dsv'
[0.652s] INFO:colcon.colcon_core.shell:Creating package script '/home/uditr/mybot_ws/install/mybot_cpp_programs/share/mybot_cpp_programs/package.sh'
[0.653s] INFO:colcon.colcon_core.shell:Creating package script '/home/uditr/mybot_ws/install/mybot_cpp_programs/share/mybot_cpp_programs/package.bash'
[0.655s] INFO:colcon.colcon_core.shell:Creating package script '/home/uditr/mybot_ws/install/mybot_cpp_programs/share/mybot_cpp_programs/package.zsh'
[0.656s] Level 1:colcon.colcon_core.environment:create_file_with_runtime_dependencies(/home/uditr/mybot_ws/install/mybot_cpp_programs/share/colcon-core/packages/mybot_cpp_programs)
[0.658s] Level 1:colcon.colcon_core.environment:create_environment_scripts_only(mybot_description)
[0.659s] Level 1:colcon.colcon_core.environment:checking '/home/uditr/mybot_ws/install/mybot_description' for CMake module files
[0.660s] DEBUG:colcon.colcon_core.event_handler.log_command:Invoked command in '/home/uditr/mybot_ws/build/mybot_description' returned '0': CMAKE_PREFIX_PATH=/opt/ros/humble /usr/bin/cmake --install /home/uditr/mybot_ws/build/mybot_description
[0.660s] Level 1:colcon.colcon_core.environment:checking '/home/uditr/mybot_ws/install/mybot_description' for CMake config files
[0.661s] Level 1:colcon.colcon_core.shell:create_environment_hook('mybot_description', 'cmake_prefix_path')
[0.661s] INFO:colcon.colcon_core.shell:Creating environment hook '/home/uditr/mybot_ws/install/mybot_description/share/mybot_description/hook/cmake_prefix_path.ps1'
[0.662s] INFO:colcon.colcon_core.shell:Creating environment descriptor '/home/uditr/mybot_ws/install/mybot_description/share/mybot_description/hook/cmake_prefix_path.dsv'
[0.663s] INFO:colcon.colcon_core.shell:Creating environment hook '/home/uditr/mybot_ws/install/mybot_description/share/mybot_description/hook/cmake_prefix_path.sh'
[0.663s] Level 1:colcon.colcon_core.environment:checking '/home/uditr/mybot_ws/install/mybot_description/bin'
[0.663s] Level 1:colcon.colcon_core.environment:checking '/home/uditr/mybot_ws/install/mybot_description/lib/pkgconfig/mybot_description.pc'
[0.664s] Level 1:colcon.colcon_core.environment:checking '/home/uditr/mybot_ws/install/mybot_description/lib/python3.10/site-packages'
[0.664s] Level 1:colcon.colcon_core.environment:checking '/home/uditr/mybot_ws/install/mybot_description/bin'
[0.665s] INFO:colcon.colcon_core.shell:Creating package script '/home/uditr/mybot_ws/install/mybot_description/share/mybot_description/package.ps1'
[0.665s] INFO:colcon.colcon_core.shell:Creating package descriptor '/home/uditr/mybot_ws/install/mybot_description/share/mybot_description/package.dsv'
[0.666s] INFO:colcon.colcon_core.shell:Creating package script '/home/uditr/mybot_ws/install/mybot_description/share/mybot_description/package.sh'
[0.667s] INFO:colcon.colcon_core.shell:Creating package script '/home/uditr/mybot_ws/install/mybot_description/share/mybot_description/package.bash'
[0.667s] INFO:colcon.colcon_core.shell:Creating package script '/home/uditr/mybot_ws/install/mybot_description/share/mybot_description/package.zsh'
[0.668s] Level 1:colcon.colcon_core.environment:create_file_with_runtime_dependencies(/home/uditr/mybot_ws/install/mybot_description/share/colcon-core/packages/mybot_description)
[0.679s] Level 1:colcon.colcon_core.environment:create_environment_scripts_only(mybot_cpp_programs)
[0.680s] Level 1:colcon.colcon_core.environment:checking '/home/uditr/mybot_ws/install/mybot_cpp_programs' for CMake module files
[0.681s] Level 1:colcon.colcon_core.environment:checking '/home/uditr/mybot_ws/install/mybot_cpp_programs' for CMake config files
[0.681s] Level 1:colcon.colcon_core.shell:create_environment_hook('mybot_cpp_programs', 'cmake_prefix_path')
[0.682s] INFO:colcon.colcon_core.shell:Creating environment hook '/home/uditr/mybot_ws/install/mybot_cpp_programs/share/mybot_cpp_programs/hook/cmake_prefix_path.ps1'
[0.682s] INFO:colcon.colcon_core.shell:Creating environment descriptor '/home/uditr/mybot_ws/install/mybot_cpp_programs/share/mybot_cpp_programs/hook/cmake_prefix_path.dsv'
[0.683s] INFO:colcon.colcon_core.shell:Creating environment hook '/home/uditr/mybot_ws/install/mybot_cpp_programs/share/mybot_cpp_programs/hook/cmake_prefix_path.sh'
[0.684s] Level 1:colcon.colcon_core.environment:checking '/home/uditr/mybot_ws/install/mybot_cpp_programs/bin'
[0.684s] Level 1:colcon.colcon_core.environment:checking '/home/uditr/mybot_ws/install/mybot_cpp_programs/lib/pkgconfig/mybot_cpp_programs.pc'
[0.684s] Level 1:colcon.colcon_core.environment:checking '/home/uditr/mybot_ws/install/mybot_cpp_programs/lib/python3.10/site-packages'
[0.685s] Level 1:colcon.colcon_core.environment:checking '/home/uditr/mybot_ws/install/mybot_cpp_programs/bin'
[0.685s] INFO:colcon.colcon_core.shell:Creating package script '/home/uditr/mybot_ws/install/mybot_cpp_programs/share/mybot_cpp_programs/package.ps1'
[0.687s] INFO:colcon.colcon_core.shell:Creating package descriptor '/home/uditr/mybot_ws/install/mybot_cpp_programs/share/mybot_cpp_programs/package.dsv'
[0.688s] INFO:colcon.colcon_core.shell:Creating package script '/home/uditr/mybot_ws/install/mybot_cpp_programs/share/mybot_cpp_programs/package.sh'
[0.689s] INFO:colcon.colcon_core.shell:Creating package script '/home/uditr/mybot_ws/install/mybot_cpp_programs/share/mybot_cpp_programs/package.bash'
[0.690s] INFO:colcon.colcon_core.shell:Creating package script '/home/uditr/mybot_ws/install/mybot_cpp_programs/share/mybot_cpp_programs/package.zsh'
[0.690s] Level 1:colcon.colcon_core.environment:create_file_with_runtime_dependencies(/home/uditr/mybot_ws/install/mybot_cpp_programs/share/colcon-core/packages/mybot_cpp_programs)
[0.693s] Level 1:colcon.colcon_core.environment:create_environment_scripts_only(mybot_description)
[0.694s] Level 1:colcon.colcon_core.environment:checking '/home/uditr/mybot_ws/install/mybot_description' for CMake module files
[0.695s] Level 1:colcon.colcon_core.environment:checking '/home/uditr/mybot_ws/install/mybot_description' for CMake config files
[0.695s] Level 1:colcon.colcon_core.shell:create_environment_hook('mybot_description', 'cmake_prefix_path')
[0.696s] INFO:colcon.colcon_core.shell:Creating environment hook '/home/uditr/mybot_ws/install/mybot_description/share/mybot_description/hook/cmake_prefix_path.ps1'
[0.696s] INFO:colcon.colcon_core.shell:Creating environment descriptor '/home/uditr/mybot_ws/install/mybot_description/share/mybot_description/hook/cmake_prefix_path.dsv'
[0.697s] INFO:colcon.colcon_core.shell:Creating environment hook '/home/uditr/mybot_ws/install/mybot_description/share/mybot_description/hook/cmake_prefix_path.sh'
[0.698s] Level 1:colcon.colcon_core.environment:checking '/home/uditr/mybot_ws/install/mybot_description/bin'
[0.698s] Level 1:colcon.colcon_core.environment:checking '/home/uditr/mybot_ws/install/mybot_description/lib/pkgconfig/mybot_description.pc'
[0.698s] Level 1:colcon.colcon_core.environment:checking '/home/uditr/mybot_ws/install/mybot_description/lib/python3.10/site-packages'
[0.698s] Level 1:colcon.colcon_core.environment:checking '/home/uditr/mybot_ws/install/mybot_description/bin'
[0.699s] INFO:colcon.colcon_core.shell:Creating package script '/home/uditr/mybot_ws/install/mybot_description/share/mybot_description/package.ps1'
[0.700s] INFO:colcon.colcon_core.shell:Creating package descriptor '/home/uditr/mybot_ws/install/mybot_description/share/mybot_description/package.dsv'
[0.700s] INFO:colcon.colcon_core.shell:Creating package script '/home/uditr/mybot_ws/install/mybot_description/share/mybot_description/package.sh'
[0.701s] INFO:colcon.colcon_core.shell:Creating package script '/home/uditr/mybot_ws/install/mybot_description/share/mybot_description/package.bash'
[0.702s] INFO:colcon.colcon_core.shell:Creating package script '/home/uditr/mybot_ws/install/mybot_description/share/mybot_description/package.zsh'
[0.703s] Level 1:colcon.colcon_core.environment:create_file_with_runtime_dependencies(/home/uditr/mybot_ws/install/mybot_description/share/colcon-core/packages/mybot_description)
[0.972s] DEBUG:colcon.colcon_core.event_handler.log_command:Invoked command in '/home/uditr/mybot_ws/build/mybot_controller' returned '0': CMAKE_PREFIX_PATH=/opt/ros/humble /usr/bin/cmake --build /home/uditr/mybot_ws/build/mybot_controller -- -j8 -l8
[0.996s] DEBUG:colcon.colcon_core.event_handler.log_command:Invoking command in '/home/uditr/mybot_ws/build/mybot_controller': CMAKE_PREFIX_PATH=/opt/ros/humble /usr/bin/cmake --install /home/uditr/mybot_ws/build/mybot_controller
[1.048s] Level 1:colcon.colcon_core.environment:create_environment_scripts_only(mybot_controller)
[1.049s] Level 1:colcon.colcon_core.environment:checking '/home/uditr/mybot_ws/install/mybot_controller' for CMake module files
[1.049s] DEBUG:colcon.colcon_core.event_handler.log_command:Invoked command in '/home/uditr/mybot_ws/build/mybot_controller' returned '0': CMAKE_PREFIX_PATH=/opt/ros/humble /usr/bin/cmake --install /home/uditr/mybot_ws/build/mybot_controller
[1.049s] Level 1:colcon.colcon_core.environment:checking '/home/uditr/mybot_ws/install/mybot_controller' for CMake config files
[1.050s] Level 1:colcon.colcon_core.shell:create_environment_hook('mybot_controller', 'cmake_prefix_path')
[1.050s] INFO:colcon.colcon_core.shell:Creating environment hook '/home/uditr/mybot_ws/install/mybot_controller/share/mybot_controller/hook/cmake_prefix_path.ps1'
[1.051s] INFO:colcon.colcon_core.shell:Creating environment descriptor '/home/uditr/mybot_ws/install/mybot_controller/share/mybot_controller/hook/cmake_prefix_path.dsv'
[1.051s] INFO:colcon.colcon_core.shell:Creating environment hook '/home/uditr/mybot_ws/install/mybot_controller/share/mybot_controller/hook/cmake_prefix_path.sh'
[1.051s] Level 1:colcon.colcon_core.environment:checking '/home/uditr/mybot_ws/install/mybot_controller/lib'
[1.052s] Level 1:colcon.colcon_core.environment:checking '/home/uditr/mybot_ws/install/mybot_controller/bin'
[1.052s] Level 1:colcon.colcon_core.environment:checking '/home/uditr/mybot_ws/install/mybot_controller/lib/pkgconfig/mybot_controller.pc'
[1.052s] Level 1:colcon.colcon_core.environment:checking '/home/uditr/mybot_ws/install/mybot_controller/lib/python3.10/site-packages'
[1.052s] Level 1:colcon.colcon_core.environment:checking '/home/uditr/mybot_ws/install/mybot_controller/bin'
[1.052s] INFO:colcon.colcon_core.shell:Creating package script '/home/uditr/mybot_ws/install/mybot_controller/share/mybot_controller/package.ps1'
[1.053s] INFO:colcon.colcon_core.shell:Creating package descriptor '/home/uditr/mybot_ws/install/mybot_controller/share/mybot_controller/package.dsv'
[1.053s] INFO:colcon.colcon_core.shell:Creating package script '/home/uditr/mybot_ws/install/mybot_controller/share/mybot_controller/package.sh'
[1.053s] INFO:colcon.colcon_core.shell:Creating package script '/home/uditr/mybot_ws/install/mybot_controller/share/mybot_controller/package.bash'
[1.054s] INFO:colcon.colcon_core.shell:Creating package script '/home/uditr/mybot_ws/install/mybot_controller/share/mybot_controller/package.zsh'
[1.054s] Level 1:colcon.colcon_core.environment:create_file_with_runtime_dependencies(/home/uditr/mybot_ws/install/mybot_controller/share/colcon-core/packages/mybot_controller)
[1.073s] Level 1:colcon.colcon_core.environment:create_environment_scripts_only(mybot_controller)
[1.073s] Level 1:colcon.colcon_core.environment:checking '/home/uditr/mybot_ws/install/mybot_controller' for CMake module files
[1.074s] Level 1:colcon.colcon_core.environment:checking '/home/uditr/mybot_ws/install/mybot_controller' for CMake config files
[1.074s] Level 1:colcon.colcon_core.shell:create_environment_hook('mybot_controller', 'cmake_prefix_path')
[1.074s] INFO:colcon.colcon_core.shell:Creating environment hook '/home/uditr/mybot_ws/install/mybot_controller/share/mybot_controller/hook/cmake_prefix_path.ps1'
[1.092s] INFO:colcon.colcon_core.shell:Creating environment descriptor '/home/uditr/mybot_ws/install/mybot_controller/share/mybot_controller/hook/cmake_prefix_path.dsv'
[1.093s] INFO:colcon.colcon_core.shell:Creating environment hook '/home/uditr/mybot_ws/install/mybot_controller/share/mybot_controller/hook/cmake_prefix_path.sh'
[1.093s] Level 1:colcon.colcon_core.environment:checking '/home/uditr/mybot_ws/install/mybot_controller/lib'
[1.093s] Level 1:colcon.colcon_core.environment:checking '/home/uditr/mybot_ws/install/mybot_controller/bin'
[1.093s] Level 1:colcon.colcon_core.environment:checking '/home/uditr/mybot_ws/install/mybot_controller/lib/pkgconfig/mybot_controller.pc'
[1.093s] Level 1:colcon.colcon_core.environment:checking '/home/uditr/mybot_ws/install/mybot_controller/lib/python3.10/site-packages'
[1.093s] Level 1:colcon.colcon_core.environment:checking '/home/uditr/mybot_ws/install/mybot_controller/bin'
[1.094s] INFO:colcon.colcon_core.shell:Creating package script '/home/uditr/mybot_ws/install/mybot_controller/share/mybot_controller/package.ps1'
[1.094s] INFO:colcon.colcon_core.shell:Creating package descriptor '/home/uditr/mybot_ws/install/mybot_controller/share/mybot_controller/package.dsv'
[1.094s] INFO:colcon.colcon_core.shell:Creating package script '/home/uditr/mybot_ws/install/mybot_controller/share/mybot_controller/package.sh'
[1.094s] INFO:colcon.colcon_core.shell:Creating package script '/home/uditr/mybot_ws/install/mybot_controller/share/mybot_controller/package.bash'
[1.095s] INFO:colcon.colcon_core.shell:Creating package script '/home/uditr/mybot_ws/install/mybot_controller/share/mybot_controller/package.zsh'
[1.095s] Level 1:colcon.colcon_core.environment:create_file_with_runtime_dependencies(/home/uditr/mybot_ws/install/mybot_controller/share/colcon-core/packages/mybot_controller)
[12.088s] DEBUG:colcon.colcon_core.event_handler.log_command:Invoked command in '/home/uditr/mybot_ws/build/mybot_msgs' returned '0': CMAKE_PREFIX_PATH=/opt/ros/humble /usr/bin/cmake --build /home/uditr/mybot_ws/build/mybot_msgs -- -j8 -l8
[12.166s] DEBUG:colcon.colcon_core.event_handler.log_command:Invoking command in '/home/uditr/mybot_ws/build/mybot_msgs': CMAKE_PREFIX_PATH=/opt/ros/humble /usr/bin/cmake --install /home/uditr/mybot_ws/build/mybot_msgs
[12.462s] Level 1:colcon.colcon_core.environment:create_environment_scripts_only(mybot_msgs)
[12.463s] Level 1:colcon.colcon_core.environment:checking '/home/uditr/mybot_ws/install/mybot_msgs' for CMake module files
[12.463s] DEBUG:colcon.colcon_core.event_handler.log_command:Invoked command in '/home/uditr/mybot_ws/build/mybot_msgs' returned '0': CMAKE_PREFIX_PATH=/opt/ros/humble /usr/bin/cmake --install /home/uditr/mybot_ws/build/mybot_msgs
[12.492s] Level 1:colcon.colcon_core.environment:checking '/home/uditr/mybot_ws/install/mybot_msgs' for CMake config files
[12.516s] Level 1:colcon.colcon_core.shell:create_environment_hook('mybot_msgs', 'cmake_prefix_path')
[12.516s] INFO:colcon.colcon_core.shell:Creating environment hook '/home/uditr/mybot_ws/install/mybot_msgs/share/mybot_msgs/hook/cmake_prefix_path.ps1'
[12.516s] INFO:colcon.colcon_core.shell:Creating environment descriptor '/home/uditr/mybot_ws/install/mybot_msgs/share/mybot_msgs/hook/cmake_prefix_path.dsv'
[12.516s] INFO:colcon.colcon_core.shell:Creating environment hook '/home/uditr/mybot_ws/install/mybot_msgs/share/mybot_msgs/hook/cmake_prefix_path.sh'
[12.517s] Level 1:colcon.colcon_core.environment:checking '/home/uditr/mybot_ws/install/mybot_msgs/lib'
[12.517s] Level 1:colcon.colcon_core.shell:create_environment_hook('mybot_msgs', 'ld_library_path_lib')
[12.517s] INFO:colcon.colcon_core.shell:Creating environment hook '/home/uditr/mybot_ws/install/mybot_msgs/share/mybot_msgs/hook/ld_library_path_lib.ps1'
[12.517s] INFO:colcon.colcon_core.shell:Creating environment descriptor '/home/uditr/mybot_ws/install/mybot_msgs/share/mybot_msgs/hook/ld_library_path_lib.dsv'
[12.517s] INFO:colcon.colcon_core.shell:Creating environment hook '/home/uditr/mybot_ws/install/mybot_msgs/share/mybot_msgs/hook/ld_library_path_lib.sh'
[12.518s] Level 1:colcon.colcon_core.environment:checking '/home/uditr/mybot_ws/install/mybot_msgs/bin'
[12.518s] Level 1:colcon.colcon_core.environment:checking '/home/uditr/mybot_ws/install/mybot_msgs/lib/pkgconfig/mybot_msgs.pc'
[12.518s] Level 1:colcon.colcon_core.environment:checking '/home/uditr/mybot_ws/install/mybot_msgs/lib/python3.10/site-packages'
[12.518s] Level 1:colcon.colcon_core.environment:checking '/home/uditr/mybot_ws/install/mybot_msgs/bin'
[12.518s] INFO:colcon.colcon_core.shell:Creating package script '/home/uditr/mybot_ws/install/mybot_msgs/share/mybot_msgs/package.ps1'
[12.519s] INFO:colcon.colcon_core.shell:Creating package descriptor '/home/uditr/mybot_ws/install/mybot_msgs/share/mybot_msgs/package.dsv'
[12.519s] INFO:colcon.colcon_core.shell:Creating package script '/home/uditr/mybot_ws/install/mybot_msgs/share/mybot_msgs/package.sh'
[12.519s] INFO:colcon.colcon_core.shell:Creating package script '/home/uditr/mybot_ws/install/mybot_msgs/share/mybot_msgs/package.bash'
[12.519s] INFO:colcon.colcon_core.shell:Creating package script '/home/uditr/mybot_ws/install/mybot_msgs/share/mybot_msgs/package.zsh'
[12.519s] Level 1:colcon.colcon_core.environment:create_file_with_runtime_dependencies(/home/uditr/mybot_ws/install/mybot_msgs/share/colcon-core/packages/mybot_msgs)
[12.569s] Level 1:colcon.colcon_core.environment:create_environment_scripts_only(mybot_msgs)
[12.570s] Level 1:colcon.colcon_core.environment:checking '/home/uditr/mybot_ws/install/mybot_msgs' for CMake module files
[12.570s] Level 1:colcon.colcon_core.environment:checking '/home/uditr/mybot_ws/install/mybot_msgs' for CMake config files
[12.571s] Level 1:colcon.colcon_core.shell:create_environment_hook('mybot_msgs', 'cmake_prefix_path')
[12.572s] INFO:colcon.colcon_core.shell:Creating environment hook '/home/uditr/mybot_ws/install/mybot_msgs/share/mybot_msgs/hook/cmake_prefix_path.ps1'
[12.572s] INFO:colcon.colcon_core.shell:Creating environment descriptor '/home/uditr/mybot_ws/install/mybot_msgs/share/mybot_msgs/hook/cmake_prefix_path.dsv'
[12.572s] INFO:colcon.colcon_core.shell:Creating environment hook '/home/uditr/mybot_ws/install/mybot_msgs/share/mybot_msgs/hook/cmake_prefix_path.sh'
[12.573s] Level 1:colcon.colcon_core.environment:checking '/home/uditr/mybot_ws/install/mybot_msgs/lib'
[12.573s] Level 1:colcon.colcon_core.shell:create_environment_hook('mybot_msgs', 'ld_library_path_lib')
[12.573s] INFO:colcon.colcon_core.shell:Creating environment hook '/home/uditr/mybot_ws/install/mybot_msgs/share/mybot_msgs/hook/ld_library_path_lib.ps1'
[12.573s] INFO:colcon.colcon_core.shell:Creating environment descriptor '/home/uditr/mybot_ws/install/mybot_msgs/share/mybot_msgs/hook/ld_library_path_lib.dsv'
[12.573s] INFO:colcon.colcon_core.shell:Creating environment hook '/home/uditr/mybot_ws/install/mybot_msgs/share/mybot_msgs/hook/ld_library_path_lib.sh'
[12.574s] Level 1:colcon.colcon_core.environment:checking '/home/uditr/mybot_ws/install/mybot_msgs/bin'
[12.574s] Level 1:colcon.colcon_core.environment:checking '/home/uditr/mybot_ws/install/mybot_msgs/lib/pkgconfig/mybot_msgs.pc'
[12.574s] Level 1:colcon.colcon_core.environment:checking '/home/uditr/mybot_ws/install/mybot_msgs/lib/python3.10/site-packages'
[12.574s] Level 1:colcon.colcon_core.environment:checking '/home/uditr/mybot_ws/install/mybot_msgs/bin'
[12.574s] INFO:colcon.colcon_core.shell:Creating package script '/home/uditr/mybot_ws/install/mybot_msgs/share/mybot_msgs/package.ps1'
[12.575s] INFO:colcon.colcon_core.shell:Creating package descriptor '/home/uditr/mybot_ws/install/mybot_msgs/share/mybot_msgs/package.dsv'
[12.575s] INFO:colcon.colcon_core.shell:Creating package script '/home/uditr/mybot_ws/install/mybot_msgs/share/mybot_msgs/package.sh'
[12.575s] INFO:colcon.colcon_core.shell:Creating package script '/home/uditr/mybot_ws/install/mybot_msgs/share/mybot_msgs/package.bash'
[12.576s] INFO:colcon.colcon_core.shell:Creating package script '/home/uditr/mybot_ws/install/mybot_msgs/share/mybot_msgs/package.zsh'
[12.576s] Level 1:colcon.colcon_core.environment:create_file_with_runtime_dependencies(/home/uditr/mybot_ws/install/mybot_msgs/share/colcon-core/packages/mybot_msgs)
[12.576s] INFO:colcon.colcon_ros.task.ament_python.build:Building ROS package in '/home/uditr/mybot_ws/src/mybot_py_programs' with build type 'ament_python'
[12.576s] Level 1:colcon.colcon_core.shell:create_environment_hook('mybot_py_programs', 'ament_prefix_path')
[12.576s] INFO:colcon.colcon_core.shell:Creating environment hook '/home/uditr/mybot_ws/install/mybot_py_programs/share/mybot_py_programs/hook/ament_prefix_path.ps1'
[12.577s] INFO:colcon.colcon_core.shell:Creating environment descriptor '/home/uditr/mybot_ws/install/mybot_py_programs/share/mybot_py_programs/hook/ament_prefix_path.dsv'
[12.577s] INFO:colcon.colcon_core.shell:Creating environment hook '/home/uditr/mybot_ws/install/mybot_py_programs/share/mybot_py_programs/hook/ament_prefix_path.sh'
[12.578s] INFO:colcon.colcon_core.shell:Skip shell extension 'powershell' for command environment: Not usable outside of PowerShell
[12.578s] DEBUG:colcon.colcon_core.shell:Skip shell extension 'dsv' for command environment
[12.995s] INFO:colcon.colcon_core.task.python.build:Building Python package in '/home/uditr/mybot_ws/src/mybot_py_programs'
[12.996s] INFO:colcon.colcon_core.shell:Skip shell extension 'powershell' for command environment: Not usable outside of PowerShell
[12.996s] DEBUG:colcon.colcon_core.shell:Skip shell extension 'dsv' for command environment
[15.008s] DEBUG:colcon.colcon_core.event_handler.log_command:Invoking command in '/home/uditr/mybot_ws/src/mybot_py_programs': AMENT_PREFIX_PATH=/home/uditr/mybot_ws/install/mybot_msgs:${AMENT_PREFIX_PATH} CMAKE_PREFIX_PATH=/home/uditr/mybot_ws/install/mybot_msgs LD_LIBRARY_PATH=/home/uditr/mybot_ws/install/mybot_msgs/lib:${LD_LIBRARY_PATH} PYTHONPATH=/home/uditr/mybot_ws/build/mybot_py_programs/prefix_override:/usr/lib/python3/dist-packages/colcon_core/task/python/colcon_distutils_commands:/home/uditr/mybot_ws/install/mybot_py_programs/lib/python3.10/site-packages:/home/uditr/mybot_ws/install/mybot_msgs/local/lib/python3.10/dist-packages:${PYTHONPATH} /usr/bin/python3 -W ignore:setup.py install is deprecated setup.py egg_info --egg-base ../../build/mybot_py_programs build --build-base /home/uditr/mybot_ws/build/mybot_py_programs/build install --record /home/uditr/mybot_ws/build/mybot_py_programs/install.log --single-version-externally-managed install_data
[15.321s] Level 1:colcon.colcon_core.environment:checking '/home/uditr/mybot_ws/install/mybot_py_programs' for CMake module files
[15.322s] DEBUG:colcon.colcon_core.event_handler.log_command:Invoked command in '/home/uditr/mybot_ws/src/mybot_py_programs' returned '0': AMENT_PREFIX_PATH=/home/uditr/mybot_ws/install/mybot_msgs:${AMENT_PREFIX_PATH} CMAKE_PREFIX_PATH=/home/uditr/mybot_ws/install/mybot_msgs LD_LIBRARY_PATH=/home/uditr/mybot_ws/install/mybot_msgs/lib:${LD_LIBRARY_PATH} PYTHONPATH=/home/uditr/mybot_ws/build/mybot_py_programs/prefix_override:/usr/lib/python3/dist-packages/colcon_core/task/python/colcon_distutils_commands:/home/uditr/mybot_ws/install/mybot_py_programs/lib/python3.10/site-packages:/home/uditr/mybot_ws/install/mybot_msgs/local/lib/python3.10/dist-packages:${PYTHONPATH} /usr/bin/python3 -W ignore:setup.py install is deprecated setup.py egg_info --egg-base ../../build/mybot_py_programs build --build-base /home/uditr/mybot_ws/build/mybot_py_programs/build install --record /home/uditr/mybot_ws/build/mybot_py_programs/install.log --single-version-externally-managed install_data
[15.322s] Level 1:colcon.colcon_core.environment:checking '/home/uditr/mybot_ws/install/mybot_py_programs' for CMake config files
[15.322s] Level 1:colcon.colcon_core.environment:checking '/home/uditr/mybot_ws/install/mybot_py_programs/lib'
[15.323s] Level 1:colcon.colcon_core.environment:checking '/home/uditr/mybot_ws/install/mybot_py_programs/bin'
[15.323s] Level 1:colcon.colcon_core.environment:checking '/home/uditr/mybot_ws/install/mybot_py_programs/lib/pkgconfig/mybot_py_programs.pc'
[15.323s] Level 1:colcon.colcon_core.environment:checking '/home/uditr/mybot_ws/install/mybot_py_programs/lib/python3.10/site-packages'
[15.323s] Level 1:colcon.colcon_core.shell:create_environment_hook('mybot_py_programs', 'pythonpath')
[15.323s] INFO:colcon.colcon_core.shell:Creating environment hook '/home/uditr/mybot_ws/install/mybot_py_programs/share/mybot_py_programs/hook/pythonpath.ps1'
[15.323s] INFO:colcon.colcon_core.shell:Creating environment descriptor '/home/uditr/mybot_ws/install/mybot_py_programs/share/mybot_py_programs/hook/pythonpath.dsv'
[15.324s] INFO:colcon.colcon_core.shell:Creating environment hook '/home/uditr/mybot_ws/install/mybot_py_programs/share/mybot_py_programs/hook/pythonpath.sh'
[15.324s] Level 1:colcon.colcon_core.environment:checking '/home/uditr/mybot_ws/install/mybot_py_programs/bin'
[15.324s] Level 1:colcon.colcon_core.environment:create_environment_scripts_only(mybot_py_programs)
[15.324s] INFO:colcon.colcon_core.shell:Creating package script '/home/uditr/mybot_ws/install/mybot_py_programs/share/mybot_py_programs/package.ps1'
[15.325s] INFO:colcon.colcon_core.shell:Creating package descriptor '/home/uditr/mybot_ws/install/mybot_py_programs/share/mybot_py_programs/package.dsv'
[15.325s] INFO:colcon.colcon_core.shell:Creating package script '/home/uditr/mybot_ws/install/mybot_py_programs/share/mybot_py_programs/package.sh'
[15.325s] INFO:colcon.colcon_core.shell:Creating package script '/home/uditr/mybot_ws/install/mybot_py_programs/share/mybot_py_programs/package.bash'
[15.325s] INFO:colcon.colcon_core.shell:Creating package script '/home/uditr/mybot_ws/install/mybot_py_programs/share/mybot_py_programs/package.zsh'
[15.325s] Level 1:colcon.colcon_core.environment:create_file_with_runtime_dependencies(/home/uditr/mybot_ws/install/mybot_py_programs/share/colcon-core/packages/mybot_py_programs)
[15.326s] DEBUG:colcon.colcon_parallel_executor.executor.parallel:closing loop
[15.326s] DEBUG:colcon.colcon_parallel_executor.executor.parallel:loop closed
[15.326s] DEBUG:colcon.colcon_parallel_executor.executor.parallel:run_until_complete finished with '0'
[15.326s] DEBUG:colcon.colcon_core.event_reactor:joining thread
[15.330s] INFO:colcon.colcon_core.plugin_system:Skipping extension 'colcon_notification.desktop_notification.terminal_notifier': Not used on non-Darwin systems
[15.330s] INFO:colcon.colcon_core.plugin_system:Skipping extension 'colcon_notification.desktop_notification.win32': Not used on non-Windows systems
[15.330s] INFO:colcon.colcon_notification.desktop_notification:Sending desktop notification using 'notify2'
[15.337s] DEBUG:colcon.colcon_core.event_reactor:joined thread
[15.337s] INFO:colcon.colcon_core.shell:Creating prefix script '/home/uditr/mybot_ws/install/local_setup.ps1'
[15.338s] INFO:colcon.colcon_core.shell:Creating prefix util module '/home/uditr/mybot_ws/install/_local_setup_util_ps1.py'
[15.339s] INFO:colcon.colcon_core.shell:Creating prefix chain script '/home/uditr/mybot_ws/install/setup.ps1'
[15.340s] INFO:colcon.colcon_core.shell:Creating prefix script '/home/uditr/mybot_ws/install/local_setup.sh'
[15.340s] INFO:colcon.colcon_core.shell:Creating prefix util module '/home/uditr/mybot_ws/install/_local_setup_util_sh.py'
[15.340s] INFO:colcon.colcon_core.shell:Creating prefix chain script '/home/uditr/mybot_ws/install/setup.sh'
[15.341s] INFO:colcon.colcon_core.shell:Creating prefix script '/home/uditr/mybot_ws/install/local_setup.bash'
[15.341s] INFO:colcon.colcon_core.shell:Creating prefix chain script '/home/uditr/mybot_ws/install/setup.bash'
[15.342s] INFO:colcon.colcon_core.shell:Creating prefix script '/home/uditr/mybot_ws/install/local_setup.zsh'
[15.342s] INFO:colcon.colcon_core.shell:Creating prefix chain script '/home/uditr/mybot_ws/install/setup.zsh'
