[0.161s] Invoking command in '/home/uditr/mybot_ws/build/mybot_controller': CMAKE_PREFIX_PATH=/opt/ros/humble /usr/bin/cmake --build /home/uditr/mybot_ws/build/mybot_controller -- -j8 -l8
[2.152s] Built target ament_cmake_python_symlink_mybot_controller
[2.510s] running egg_info
[2.510s] writing mybot_controller.egg-info/PKG-INFO
[2.510s] writing dependency_links to mybot_controller.egg-info/dependency_links.txt
[2.511s] writing top-level names to mybot_controller.egg-info/top_level.txt
[2.513s] reading manifest file 'mybot_controller.egg-info/SOURCES.txt'
[2.611s] writing manifest file 'mybot_controller.egg-info/SOURCES.txt'
[2.640s] Built target ament_cmake_python_build_mybot_controller_egg
[2.649s] Invoked command in '/home/uditr/mybot_ws/build/mybot_controller' returned '0': CMAKE_PREFIX_PATH=/opt/ros/humble /usr/bin/cmake --build /home/uditr/mybot_ws/build/mybot_controller -- -j8 -l8
[2.672s] Invoking command in '/home/uditr/mybot_ws/build/mybot_controller': CMAKE_PREFIX_PATH=/opt/ros/humble /usr/bin/cmake --install /home/uditr/mybot_ws/build/mybot_controller
[2.681s] -- Install configuration: ""
[2.702s] -- Execute custom install script
[2.702s] -- Up-to-date symlink: /home/uditr/mybot_ws/install/mybot_controller/share/mybot_controller/environment/pythonpath.sh
[2.703s] -- Up-to-date symlink: /home/uditr/mybot_ws/install/mybot_controller/share/mybot_controller/environment/pythonpath.dsv
[2.703s] -- Up-to-date symlink: /home/uditr/mybot_ws/install/mybot_controller/local/lib/python3.10/dist-packages/mybot_controller-0.0.0-py3.10.egg-info/PKG-INFO
[2.703s] -- Up-to-date symlink: /home/uditr/mybot_ws/install/mybot_controller/local/lib/python3.10/dist-packages/mybot_controller-0.0.0-py3.10.egg-info/SOURCES.txt
[2.704s] -- Up-to-date symlink: /home/uditr/mybot_ws/install/mybot_controller/local/lib/python3.10/dist-packages/mybot_controller-0.0.0-py3.10.egg-info/dependency_links.txt
[2.704s] -- Up-to-date symlink: /home/uditr/mybot_ws/install/mybot_controller/local/lib/python3.10/dist-packages/mybot_controller-0.0.0-py3.10.egg-info/top_level.txt
[2.704s] -- Up-to-date symlink: /home/uditr/mybot_ws/install/mybot_controller/local/lib/python3.10/dist-packages/mybot_controller/__init__.py
[2.704s] -- Up-to-date symlink: /home/uditr/mybot_ws/install/mybot_controller/local/lib/python3.10/dist-packages/mybot_controller/simple_controller.py
[2.705s] -- Up-to-date symlink: /home/uditr/mybot_ws/install/mybot_controller/share/mybot_controller/config/mybot_controllers.yaml
[2.706s] -- Up-to-date symlink: /home/uditr/mybot_ws/install/mybot_controller/share/mybot_controller/launch/controller.launch.py
[2.706s] -- Up-to-date symlink: /home/uditr/mybot_ws/install/mybot_controller/lib/mybot_controller/simple_controller.py
[2.706s] -- Up-to-date symlink: /home/uditr/mybot_ws/install/mybot_controller/share/ament_index/resource_index/package_run_dependencies/mybot_controller
[2.707s] -- Up-to-date symlink: /home/uditr/mybot_ws/install/mybot_controller/share/ament_index/resource_index/parent_prefix_path/mybot_controller
[2.707s] -- Up-to-date symlink: /home/uditr/mybot_ws/install/mybot_controller/share/mybot_controller/environment/ament_prefix_path.sh
[2.707s] -- Up-to-date symlink: /home/uditr/mybot_ws/install/mybot_controller/share/mybot_controller/environment/ament_prefix_path.dsv
[2.708s] -- Up-to-date symlink: /home/uditr/mybot_ws/install/mybot_controller/share/mybot_controller/environment/path.sh
[2.708s] -- Up-to-date symlink: /home/uditr/mybot_ws/install/mybot_controller/share/mybot_controller/environment/path.dsv
[2.708s] -- Up-to-date symlink: /home/uditr/mybot_ws/install/mybot_controller/share/mybot_controller/local_setup.bash
[2.708s] -- Up-to-date symlink: /home/uditr/mybot_ws/install/mybot_controller/share/mybot_controller/local_setup.sh
[2.709s] -- Up-to-date symlink: /home/uditr/mybot_ws/install/mybot_controller/share/mybot_controller/local_setup.zsh
[2.709s] -- Up-to-date symlink: /home/uditr/mybot_ws/install/mybot_controller/share/mybot_controller/local_setup.dsv
[2.709s] -- Symlinking: /home/uditr/mybot_ws/install/mybot_controller/share/mybot_controller/package.dsv
[2.721s] -- Up-to-date symlink: /home/uditr/mybot_ws/install/mybot_controller/share/ament_index/resource_index/packages/mybot_controller
[2.721s] -- Up-to-date symlink: /home/uditr/mybot_ws/install/mybot_controller/share/mybot_controller/cmake/mybot_controllerConfig.cmake
[2.721s] -- Up-to-date symlink: /home/uditr/mybot_ws/install/mybot_controller/share/mybot_controller/cmake/mybot_controllerConfig-version.cmake
[2.721s] -- Up-to-date symlink: /home/uditr/mybot_ws/install/mybot_controller/share/mybot_controller/package.xml
[2.813s] Listing '/home/uditr/mybot_ws/install/mybot_controller/local/lib/python3.10/dist-packages/mybot_controller'...
[2.813s] Compiling '/home/uditr/mybot_ws/install/mybot_controller/local/lib/python3.10/dist-packages/mybot_controller/simple_controller.py'...
[2.841s] Invoked command in '/home/uditr/mybot_ws/build/mybot_controller' returned '0': CMAKE_PREFIX_PATH=/opt/ros/humble /usr/bin/cmake --install /home/uditr/mybot_ws/build/mybot_controller
