[0.014s] Invoking command in '/home/uditr/mybot_ws/build/mybot_description': CMAKE_PREFIX_PATH=/opt/ros/humble /usr/bin/cmake --build /home/uditr/mybot_ws/build/mybot_description -- -j8 -l8
[0.243s] Invoked command in '/home/uditr/mybot_ws/build/mybot_description' returned '0': CMAKE_PREFIX_PATH=/opt/ros/humble /usr/bin/cmake --build /home/uditr/mybot_ws/build/mybot_description -- -j8 -l8
[0.269s] Invoking command in '/home/uditr/mybot_ws/build/mybot_description': CMAKE_PREFIX_PATH=/opt/ros/humble /usr/bin/cmake --install /home/uditr/mybot_ws/build/mybot_description
[0.277s] -- Install configuration: ""
[0.277s] -- Up-to-date: /home/uditr/mybot_ws/install/mybot_description/share/mybot_description/meshesmain
[0.277s] -- Up-to-date: /home/uditr/mybot_ws/install/mybot_description/share/mybot_description/meshesmain/wheel_right_link.STL
[0.277s] -- Up-to-date: /home/uditr/mybot_ws/install/mybot_description/share/mybot_description/meshesmain/base_link.STL
[0.277s] -- Up-to-date: /home/uditr/mybot_ws/install/mybot_description/share/mybot_description/meshesmain/can.STL
[0.277s] -- Up-to-date: /home/uditr/mybot_ws/install/mybot_description/share/mybot_description/meshesmain/wheel_left_link.STL
[0.277s] -- Up-to-date: /home/uditr/mybot_ws/install/mybot_description/share/mybot_description/meshesmain/caster_front_link.STL
[0.277s] -- Up-to-date: /home/uditr/mybot_ws/install/mybot_description/share/mybot_description/meshesmain/imu_link.STL
[0.278s] -- Up-to-date: /home/uditr/mybot_ws/install/mybot_description/share/mybot_description/meshesmain/caster_rear_link.STL
[0.278s] -- Up-to-date: /home/uditr/mybot_ws/install/mybot_description/share/mybot_description/urdf
[0.278s] -- Up-to-date: /home/uditr/mybot_ws/install/mybot_description/share/mybot_description/urdf/mybot_gazebo.xacro
[0.278s] -- Up-to-date: /home/uditr/mybot_ws/install/mybot_description/share/mybot_description/urdf/mybot.urdf.xacro
[0.278s] -- Up-to-date: /home/uditr/mybot_ws/install/mybot_description/share/mybot_description/models
[0.278s] -- Up-to-date: /home/uditr/mybot_ws/install/mybot_description/share/mybot_description/models/sun
[0.278s] -- Up-to-date: /home/uditr/mybot_ws/install/mybot_description/share/mybot_description/models/sun/model.sdf
[0.278s] -- Up-to-date: /home/uditr/mybot_ws/install/mybot_description/share/mybot_description/models/sun/model-1_4.sdf
[0.279s] -- Up-to-date: /home/uditr/mybot_ws/install/mybot_description/share/mybot_description/models/sun/model.config
[0.279s] -- Up-to-date: /home/uditr/mybot_ws/install/mybot_description/share/mybot_description/models/sun/model-1_2.sdf
[0.279s] -- Up-to-date: /home/uditr/mybot_ws/install/mybot_description/share/mybot_description/models/sun/model-1_3.sdf
[0.279s] -- Up-to-date: /home/uditr/mybot_ws/install/mybot_description/share/mybot_description/models/ground_plane
[0.279s] -- Up-to-date: /home/uditr/mybot_ws/install/mybot_description/share/mybot_description/models/ground_plane/model.sdf
[0.279s] -- Up-to-date: /home/uditr/mybot_ws/install/mybot_description/share/mybot_description/models/ground_plane/model-1_4.sdf
[0.279s] -- Up-to-date: /home/uditr/mybot_ws/install/mybot_description/share/mybot_description/models/ground_plane/model.config
[0.279s] -- Up-to-date: /home/uditr/mybot_ws/install/mybot_description/share/mybot_description/models/ground_plane/model-1_2.sdf
[0.280s] -- Up-to-date: /home/uditr/mybot_ws/install/mybot_description/share/mybot_description/models/ground_plane/model-1_3.sdf
[0.280s] -- Up-to-date: /home/uditr/mybot_ws/install/mybot_description/share/mybot_description/launch
[0.280s] -- Up-to-date: /home/uditr/mybot_ws/install/mybot_description/share/mybot_description/launch/display.launch.py
[0.280s] -- Installing: /home/uditr/mybot_ws/install/mybot_description/share/mybot_description/launch/gazebo.launch.py
[0.281s] -- Up-to-date: /home/uditr/mybot_ws/install/mybot_description/share/mybot_description/rviz
[0.282s] -- Up-to-date: /home/uditr/mybot_ws/install/mybot_description/share/mybot_description/rviz/display.rviz
[0.282s] -- Up-to-date: /home/uditr/mybot_ws/install/mybot_description/share/ament_index/resource_index/package_run_dependencies/mybot_description
[0.282s] -- Up-to-date: /home/uditr/mybot_ws/install/mybot_description/share/ament_index/resource_index/parent_prefix_path/mybot_description
[0.285s] -- Up-to-date: /home/uditr/mybot_ws/install/mybot_description/share/mybot_description/environment/ament_prefix_path.sh
[0.286s] -- Up-to-date: /home/uditr/mybot_ws/install/mybot_description/share/mybot_description/environment/ament_prefix_path.dsv
[0.286s] -- Up-to-date: /home/uditr/mybot_ws/install/mybot_description/share/mybot_description/environment/path.sh
[0.286s] -- Up-to-date: /home/uditr/mybot_ws/install/mybot_description/share/mybot_description/environment/path.dsv
[0.286s] -- Up-to-date: /home/uditr/mybot_ws/install/mybot_description/share/mybot_description/local_setup.bash
[0.287s] -- Up-to-date: /home/uditr/mybot_ws/install/mybot_description/share/mybot_description/local_setup.sh
[0.287s] -- Up-to-date: /home/uditr/mybot_ws/install/mybot_description/share/mybot_description/local_setup.zsh
[0.287s] -- Up-to-date: /home/uditr/mybot_ws/install/mybot_description/share/mybot_description/local_setup.dsv
[0.287s] -- Up-to-date: /home/uditr/mybot_ws/install/mybot_description/share/mybot_description/package.dsv
[0.288s] -- Up-to-date: /home/uditr/mybot_ws/install/mybot_description/share/ament_index/resource_index/packages/mybot_description
[0.288s] -- Up-to-date: /home/uditr/mybot_ws/install/mybot_description/share/mybot_description/cmake/mybot_descriptionConfig.cmake
[0.288s] -- Up-to-date: /home/uditr/mybot_ws/install/mybot_description/share/mybot_description/cmake/mybot_descriptionConfig-version.cmake
[0.288s] -- Up-to-date: /home/uditr/mybot_ws/install/mybot_description/share/mybot_description/package.xml
[0.288s] Invoked command in '/home/uditr/mybot_ws/build/mybot_description' returned '0': CMAKE_PREFIX_PATH=/opt/ros/humble /usr/bin/cmake --install /home/uditr/mybot_ws/build/mybot_description
