[0.135s] Invoking command in '/home/uditr/mybot_ws/src/build/mybot_controller': CMAKE_PREFIX_PATH=/opt/ros/humble /usr/bin/cmake --build /home/uditr/mybot_ws/src/build/mybot_controller -- -j8 -l8
[0.642s] -- Found ament_cmake: 1.3.9 (/opt/ros/humble/share/ament_cmake/cmake)
[3.191s] -- Found rclpy: 3.3.13 (/opt/ros/humble/share/rclpy/cmake)
[3.318s] -- Found std_msgs: 4.2.4 (/opt/ros/humble/share/std_msgs/cmake)
[4.122s] -- Found rosidl_generator_c: 3.1.5 (/opt/ros/humble/share/rosidl_generator_c/cmake)
[4.264s] -- Found rosidl_adapter: 3.1.5 (/opt/ros/humble/share/rosidl_adapter/cmake)
[4.448s] -- Found rosidl_generator_cpp: 3.1.5 (/opt/ros/humble/share/rosidl_generator_cpp/cmake)
[4.969s] -- Using all available rosidl_typesupport_c: rosidl_typesupport_fastrtps_c;rosidl_typesupport_introspection_c
[5.740s] -- Using all available rosidl_typesupport_cpp: rosidl_typesupport_fastrtps_cpp;rosidl_typesupport_introspection_cpp
[6.070s] -- Found geometry_msgs: 4.2.4 (/opt/ros/humble/share/geometry_msgs/cmake)
[6.462s] -- Found ament_lint_auto: 0.12.11 (/opt/ros/humble/share/ament_lint_auto/cmake)
[6.653s] -- Added test 'copyright' to check source files copyright and LICENSE
[6.655s] -- Added test 'flake8' to check Python code syntax and style conventions
[6.656s] -- Added test 'lint_cmake' to check CMake code style
[6.656s] -- Added test 'pep257' to check Python code against some of the docstring style conventions in PEP 257
[6.657s] -- Added test 'xmllint' to check XML markup files
[6.658s] -- Configuring done
[6.663s] -- Generating done
[6.664s] -- Build files have been written to: /home/uditr/mybot_ws/src/build/mybot_controller
[6.700s] Built target ament_cmake_python_copy_mybot_controller
[6.953s] running egg_info
[6.953s] creating mybot_controller.egg-info
[6.953s] writing mybot_controller.egg-info/PKG-INFO
[6.953s] writing dependency_links to mybot_controller.egg-info/dependency_links.txt
[6.954s] writing top-level names to mybot_controller.egg-info/top_level.txt
[6.954s] writing manifest file 'mybot_controller.egg-info/SOURCES.txt'
[6.956s] reading manifest file 'mybot_controller.egg-info/SOURCES.txt'
[6.957s] writing manifest file 'mybot_controller.egg-info/SOURCES.txt'
[6.981s] Built target ament_cmake_python_build_mybot_controller_egg
[6.990s] Invoked command in '/home/uditr/mybot_ws/src/build/mybot_controller' returned '0': CMAKE_PREFIX_PATH=/opt/ros/humble /usr/bin/cmake --build /home/uditr/mybot_ws/src/build/mybot_controller -- -j8 -l8
[7.008s] Invoking command in '/home/uditr/mybot_ws/src/build/mybot_controller': CMAKE_PREFIX_PATH=/opt/ros/humble /usr/bin/cmake --install /home/uditr/mybot_ws/src/build/mybot_controller
[7.015s] -- Install configuration: ""
[7.015s] -- Installing: /home/uditr/mybot_ws/src/install/mybot_controller/share/mybot_controller/environment/pythonpath.sh
[7.015s] -- Installing: /home/uditr/mybot_ws/src/install/mybot_controller/share/mybot_controller/environment/pythonpath.dsv
[7.015s] -- Installing: /home/uditr/mybot_ws/src/install/mybot_controller/local/lib/python3.10/dist-packages/mybot_controller-0.0.0-py3.10.egg-info
[7.015s] -- Installing: /home/uditr/mybot_ws/src/install/mybot_controller/local/lib/python3.10/dist-packages/mybot_controller-0.0.0-py3.10.egg-info/dependency_links.txt
[7.015s] -- Installing: /home/uditr/mybot_ws/src/install/mybot_controller/local/lib/python3.10/dist-packages/mybot_controller-0.0.0-py3.10.egg-info/PKG-INFO
[7.015s] -- Installing: /home/uditr/mybot_ws/src/install/mybot_controller/local/lib/python3.10/dist-packages/mybot_controller-0.0.0-py3.10.egg-info/top_level.txt
[7.015s] -- Installing: /home/uditr/mybot_ws/src/install/mybot_controller/local/lib/python3.10/dist-packages/mybot_controller-0.0.0-py3.10.egg-info/SOURCES.txt
[7.015s] -- Installing: /home/uditr/mybot_ws/src/install/mybot_controller/local/lib/python3.10/dist-packages/mybot_controller
[7.016s] -- Installing: /home/uditr/mybot_ws/src/install/mybot_controller/local/lib/python3.10/dist-packages/mybot_controller/__init__.py
[7.016s] -- Installing: /home/uditr/mybot_ws/src/install/mybot_controller/local/lib/python3.10/dist-packages/mybot_controller/simple_controller.py
[7.045s] Listing '/home/uditr/mybot_ws/src/install/mybot_controller/local/lib/python3.10/dist-packages/mybot_controller'...
[7.045s] Compiling '/home/uditr/mybot_ws/src/install/mybot_controller/local/lib/python3.10/dist-packages/mybot_controller/__init__.py'...
[7.046s] Compiling '/home/uditr/mybot_ws/src/install/mybot_controller/local/lib/python3.10/dist-packages/mybot_controller/simple_controller.py'...
[7.050s] -- Installing: /home/uditr/mybot_ws/src/install/mybot_controller/share/mybot_controller/config
[7.051s] -- Installing: /home/uditr/mybot_ws/src/install/mybot_controller/share/mybot_controller/config/mybot_controllers.yaml
[7.064s] -- Installing: /home/uditr/mybot_ws/src/install/mybot_controller/share/mybot_controller/config/joy_teleop.yaml
[7.088s] -- Installing: /home/uditr/mybot_ws/src/install/mybot_controller/share/mybot_controller/config/joy_config.yaml
[7.101s] -- Installing: /home/uditr/mybot_ws/src/install/mybot_controller/share/mybot_controller/launch
[7.102s] -- Installing: /home/uditr/mybot_ws/src/install/mybot_controller/share/mybot_controller/launch/joystick_teleop.launch.py
[7.102s] -- Installing: /home/uditr/mybot_ws/src/install/mybot_controller/share/mybot_controller/launch/controller.launch.py
[7.102s] -- Installing: /home/uditr/mybot_ws/src/install/mybot_controller/share/mybot_controller/include
[7.102s] -- Installing: /home/uditr/mybot_ws/src/install/mybot_controller/share/mybot_controller/include/mybot_controller
[7.102s] -- Installing: /home/uditr/mybot_ws/src/install/mybot_controller/share/mybot_controller/src
[7.102s] -- Installing: /home/uditr/mybot_ws/src/install/mybot_controller/lib/mybot_controller/simple_controller.py
[7.102s] -- Installing: /home/uditr/mybot_ws/src/install/mybot_controller/share/ament_index/resource_index/package_run_dependencies/mybot_controller
[7.102s] -- Up-to-date: /home/uditr/mybot_ws/src/install/mybot_controller/share/ament_index/resource_index/parent_prefix_path/mybot_controller
[7.102s] -- Up-to-date: /home/uditr/mybot_ws/src/install/mybot_controller/share/mybot_controller/environment/ament_prefix_path.sh
[7.102s] -- Installing: /home/uditr/mybot_ws/src/install/mybot_controller/share/mybot_controller/environment/ament_prefix_path.dsv
[7.102s] -- Up-to-date: /home/uditr/mybot_ws/src/install/mybot_controller/share/mybot_controller/environment/path.sh
[7.102s] -- Installing: /home/uditr/mybot_ws/src/install/mybot_controller/share/mybot_controller/environment/path.dsv
[7.102s] -- Up-to-date: /home/uditr/mybot_ws/src/install/mybot_controller/share/mybot_controller/local_setup.bash
[7.102s] -- Installing: /home/uditr/mybot_ws/src/install/mybot_controller/share/mybot_controller/local_setup.sh
[7.102s] -- Up-to-date: /home/uditr/mybot_ws/src/install/mybot_controller/share/mybot_controller/local_setup.zsh
[7.102s] -- Installing: /home/uditr/mybot_ws/src/install/mybot_controller/share/mybot_controller/local_setup.dsv
[7.103s] -- Installing: /home/uditr/mybot_ws/src/install/mybot_controller/share/mybot_controller/package.dsv
[7.103s] -- Up-to-date: /home/uditr/mybot_ws/src/install/mybot_controller/share/ament_index/resource_index/packages/mybot_controller
[7.103s] -- Up-to-date: /home/uditr/mybot_ws/src/install/mybot_controller/share/mybot_controller/cmake/mybot_controllerConfig.cmake
[7.103s] -- Up-to-date: /home/uditr/mybot_ws/src/install/mybot_controller/share/mybot_controller/cmake/mybot_controllerConfig-version.cmake
[7.103s] -- Installing: /home/uditr/mybot_ws/src/install/mybot_controller/share/mybot_controller/package.xml
[7.105s] Invoked command in '/home/uditr/mybot_ws/src/build/mybot_controller' returned '0': CMAKE_PREFIX_PATH=/opt/ros/humble /usr/bin/cmake --install /home/uditr/mybot_ws/src/build/mybot_controller
