[1.147s] Invoking command in '/home/uditr/mybot_ws/src/mybot_py_programs': PYTHONPATH=/home/uditr/mybot_ws/src/build/mybot_py_programs/prefix_override:/usr/lib/python3/dist-packages/colcon_core/task/python/colcon_distutils_commands:/home/uditr/mybot_ws/src/install/mybot_py_programs/lib/python3.10/site-packages:${PYTHONPATH} /usr/bin/python3 -W ignore:setup.py install is deprecated setup.py egg_info --egg-base ../build/mybot_py_programs build --build-base /home/uditr/mybot_ws/src/build/mybot_py_programs/build install --record /home/uditr/mybot_ws/src/build/mybot_py_programs/install.log --single-version-externally-managed install_data
[1.385s] running egg_info
[1.386s] writing ../build/mybot_py_programs/mybot_py_programs.egg-info/PKG-INFO
[1.386s] writing dependency_links to ../build/mybot_py_programs/mybot_py_programs.egg-info/dependency_links.txt
[1.386s] writing entry points to ../build/mybot_py_programs/mybot_py_programs.egg-info/entry_points.txt
[1.386s] writing requirements to ../build/mybot_py_programs/mybot_py_programs.egg-info/requires.txt
[1.386s] writing top-level names to ../build/mybot_py_programs/mybot_py_programs.egg-info/top_level.txt
[1.388s] reading manifest file '../build/mybot_py_programs/mybot_py_programs.egg-info/SOURCES.txt'
[1.484s] writing manifest file '../build/mybot_py_programs/mybot_py_programs.egg-info/SOURCES.txt'
[1.484s] running build
[1.484s] running build_py
[1.484s] copying mybot_py_programs/simple_tf_kinematics.py -> /home/uditr/mybot_ws/src/build/mybot_py_programs/build/lib/mybot_py_programs
[1.484s] copying mybot_py_programs/simple_service_server.py -> /home/uditr/mybot_ws/src/build/mybot_py_programs/build/lib/mybot_py_programs
[1.485s] copying mybot_py_programs/simple_turtlesim_kinematics.py -> /home/uditr/mybot_ws/src/build/mybot_py_programs/build/lib/mybot_py_programs
[1.485s] running install
[1.485s] running install_lib
[1.486s] copying /home/uditr/mybot_ws/src/build/mybot_py_programs/build/lib/mybot_py_programs/simple_tf_kinematics.py -> /home/uditr/mybot_ws/src/install/mybot_py_programs/lib/python3.10/site-packages/mybot_py_programs
[1.486s] copying /home/uditr/mybot_ws/src/build/mybot_py_programs/build/lib/mybot_py_programs/simple_service_server.py -> /home/uditr/mybot_ws/src/install/mybot_py_programs/lib/python3.10/site-packages/mybot_py_programs
[1.486s] copying /home/uditr/mybot_ws/src/build/mybot_py_programs/build/lib/mybot_py_programs/simple_turtlesim_kinematics.py -> /home/uditr/mybot_ws/src/install/mybot_py_programs/lib/python3.10/site-packages/mybot_py_programs
[1.486s] byte-compiling /home/uditr/mybot_ws/src/install/mybot_py_programs/lib/python3.10/site-packages/mybot_py_programs/simple_tf_kinematics.py to simple_tf_kinematics.cpython-310.pyc
[1.487s] byte-compiling /home/uditr/mybot_ws/src/install/mybot_py_programs/lib/python3.10/site-packages/mybot_py_programs/simple_service_server.py to simple_service_server.cpython-310.pyc
[1.487s] byte-compiling /home/uditr/mybot_ws/src/install/mybot_py_programs/lib/python3.10/site-packages/mybot_py_programs/simple_turtlesim_kinematics.py to simple_turtlesim_kinematics.cpython-310.pyc
[1.488s] running install_data
[1.488s] copying package.xml -> /home/uditr/mybot_ws/src/install/mybot_py_programs/share/mybot_py_programs
[1.488s] running install_egg_info
[1.489s] removing '/home/uditr/mybot_ws/src/install/mybot_py_programs/lib/python3.10/site-packages/mybot_py_programs-0.0.0-py3.10.egg-info' (and everything under it)
[1.489s] Copying ../build/mybot_py_programs/mybot_py_programs.egg-info to /home/uditr/mybot_ws/src/install/mybot_py_programs/lib/python3.10/site-packages/mybot_py_programs-0.0.0-py3.10.egg-info
[1.507s] running install_scripts
[1.525s] Installing simple_controller script to /home/uditr/mybot_ws/src/install/mybot_py_programs/lib/mybot_py_programs
[1.525s] Installing simple_parameter script to /home/uditr/mybot_ws/src/install/mybot_py_programs/lib/mybot_py_programs
[1.525s] Installing simple_publisher script to /home/uditr/mybot_ws/src/install/mybot_py_programs/lib/mybot_py_programs
[1.525s] Installing simple_subscriber script to /home/uditr/mybot_ws/src/install/mybot_py_programs/lib/mybot_py_programs
[1.525s] Installing simple_tf_kinematics script to /home/uditr/mybot_ws/src/install/mybot_py_programs/lib/mybot_py_programs
[1.525s] Installing simple_turtlesim_kinematics script to /home/uditr/mybot_ws/src/install/mybot_py_programs/lib/mybot_py_programs
[1.525s] writing list of installed files to '/home/uditr/mybot_ws/src/build/mybot_py_programs/install.log'
[1.550s] Invoked command in '/home/uditr/mybot_ws/src/mybot_py_programs' returned '0': PYTHONPATH=/home/uditr/mybot_ws/src/build/mybot_py_programs/prefix_override:/usr/lib/python3/dist-packages/colcon_core/task/python/colcon_distutils_commands:/home/uditr/mybot_ws/src/install/mybot_py_programs/lib/python3.10/site-packages:${PYTHONPATH} /usr/bin/python3 -W ignore:setup.py install is deprecated setup.py egg_info --egg-base ../build/mybot_py_programs build --build-base /home/uditr/mybot_ws/src/build/mybot_py_programs/build install --record /home/uditr/mybot_ws/src/build/mybot_py_programs/install.log --single-version-externally-managed install_data
