[0.215s] Invoking command in '/home/uditr/mybot_ws/build/mybot_controller': CMAKE_PREFIX_PATH=/opt/ros/humble /usr/bin/cmake --build /home/uditr/mybot_ws/build/mybot_controller -- -j8 -l8
[3.382s] Built target ament_cmake_python_symlink_mybot_controller
[4.025s] running egg_info
[4.026s] writing mybot_controller.egg-info/PKG-INFO
[4.026s] writing dependency_links to mybot_controller.egg-info/dependency_links.txt
[4.026s] writing top-level names to mybot_controller.egg-info/top_level.txt
[4.096s] reading manifest file 'mybot_controller.egg-info/SOURCES.txt'
[4.097s] writing manifest file 'mybot_controller.egg-info/SOURCES.txt'
[4.119s] Built target ament_cmake_python_build_mybot_controller_egg
[4.500s] Invoked command in '/home/uditr/mybot_ws/build/mybot_controller' returned '0': CMAKE_PREFIX_PATH=/opt/ros/humble /usr/bin/cmake --build /home/uditr/mybot_ws/build/mybot_controller -- -j8 -l8
[4.525s] Invoking command in '/home/uditr/mybot_ws/build/mybot_controller': CMAKE_PREFIX_PATH=/opt/ros/humble /usr/bin/cmake --install /home/uditr/mybot_ws/build/mybot_controller
[4.538s] -- Install configuration: ""
[4.634s] -- Execute custom install script
[4.656s] -- Up-to-date symlink: /home/uditr/mybot_ws/install/mybot_controller/share/mybot_controller/environment/pythonpath.sh
[4.667s] -- Up-to-date symlink: /home/uditr/mybot_ws/install/mybot_controller/share/mybot_controller/environment/pythonpath.dsv
[4.669s] -- Up-to-date symlink: /home/uditr/mybot_ws/install/mybot_controller/local/lib/python3.10/dist-packages/mybot_controller-0.0.0-py3.10.egg-info/PKG-INFO
[4.669s] -- Up-to-date symlink: /home/uditr/mybot_ws/install/mybot_controller/local/lib/python3.10/dist-packages/mybot_controller-0.0.0-py3.10.egg-info/SOURCES.txt
[4.669s] -- Up-to-date symlink: /home/uditr/mybot_ws/install/mybot_controller/local/lib/python3.10/dist-packages/mybot_controller-0.0.0-py3.10.egg-info/dependency_links.txt
[4.716s] -- Up-to-date symlink: /home/uditr/mybot_ws/install/mybot_controller/local/lib/python3.10/dist-packages/mybot_controller-0.0.0-py3.10.egg-info/top_level.txt
[4.717s] -- Up-to-date symlink: /home/uditr/mybot_ws/install/mybot_controller/local/lib/python3.10/dist-packages/mybot_controller/__init__.py
[4.717s] -- Up-to-date symlink: /home/uditr/mybot_ws/install/mybot_controller/local/lib/python3.10/dist-packages/mybot_controller/simple_controller.py
[4.731s] -- Up-to-date symlink: /home/uditr/mybot_ws/install/mybot_controller/share/mybot_controller/config/joy_config.yaml
[4.749s] -- Up-to-date symlink: /home/uditr/mybot_ws/install/mybot_controller/share/mybot_controller/config/joy_teleop.yaml
[4.750s] -- Up-to-date symlink: /home/uditr/mybot_ws/install/mybot_controller/share/mybot_controller/config/mybot_controllers.yaml
[4.981s] -- Up-to-date symlink: /home/uditr/mybot_ws/install/mybot_controller/share/mybot_controller/launch/controller.launch.py
[4.981s] -- Up-to-date symlink: /home/uditr/mybot_ws/install/mybot_controller/share/mybot_controller/launch/joystick_teleop.launch.py
[5.051s] -- Up-to-date symlink: /home/uditr/mybot_ws/install/mybot_controller/lib/mybot_controller/simple_controller.py
[5.052s] -- Up-to-date symlink: /home/uditr/mybot_ws/install/mybot_controller/share/ament_index/resource_index/package_run_dependencies/mybot_controller
[5.052s] -- Up-to-date symlink: /home/uditr/mybot_ws/install/mybot_controller/share/ament_index/resource_index/parent_prefix_path/mybot_controller
[5.052s] -- Up-to-date symlink: /home/uditr/mybot_ws/install/mybot_controller/share/mybot_controller/environment/ament_prefix_path.sh
[5.053s] -- Up-to-date symlink: /home/uditr/mybot_ws/install/mybot_controller/share/mybot_controller/environment/ament_prefix_path.dsv
[5.053s] -- Up-to-date symlink: /home/uditr/mybot_ws/install/mybot_controller/share/mybot_controller/environment/path.sh
[5.053s] -- Up-to-date symlink: /home/uditr/mybot_ws/install/mybot_controller/share/mybot_controller/environment/path.dsv
[5.054s] -- Up-to-date symlink: /home/uditr/mybot_ws/install/mybot_controller/share/mybot_controller/local_setup.bash
[5.055s] -- Up-to-date symlink: /home/uditr/mybot_ws/install/mybot_controller/share/mybot_controller/local_setup.sh
[5.055s] -- Up-to-date symlink: /home/uditr/mybot_ws/install/mybot_controller/share/mybot_controller/local_setup.zsh
[5.055s] -- Up-to-date symlink: /home/uditr/mybot_ws/install/mybot_controller/share/mybot_controller/local_setup.dsv
[5.055s] -- Symlinking: /home/uditr/mybot_ws/install/mybot_controller/share/mybot_controller/package.dsv
[5.064s] -- Up-to-date symlink: /home/uditr/mybot_ws/install/mybot_controller/share/ament_index/resource_index/packages/mybot_controller
[5.066s] -- Up-to-date symlink: /home/uditr/mybot_ws/install/mybot_controller/share/mybot_controller/cmake/mybot_controllerConfig.cmake
[5.066s] -- Up-to-date symlink: /home/uditr/mybot_ws/install/mybot_controller/share/mybot_controller/cmake/mybot_controllerConfig-version.cmake
[5.066s] -- Up-to-date symlink: /home/uditr/mybot_ws/install/mybot_controller/share/mybot_controller/package.xml
[5.403s] Listing '/home/uditr/mybot_ws/install/mybot_controller/local/lib/python3.10/dist-packages/mybot_controller'...
[5.408s] Invoked command in '/home/uditr/mybot_ws/build/mybot_controller' returned '0': CMAKE_PREFIX_PATH=/opt/ros/humble /usr/bin/cmake --install /home/uditr/mybot_ws/build/mybot_controller
