[0.174s] Invoking command in '/home/uditr/mybot_ws/build/mybot_controller': CMAKE_PREFIX_PATH=/opt/ros/humble /usr/bin/cmake --build /home/uditr/mybot_ws/build/mybot_controller -- -j8 -l8
[1.839s] Built target ament_cmake_python_symlink_mybot_controller
[2.117s] running egg_info
[2.118s] writing mybot_controller.egg-info/PKG-INFO
[2.118s] writing dependency_links to mybot_controller.egg-info/dependency_links.txt
[2.118s] writing top-level names to mybot_controller.egg-info/top_level.txt
[2.120s] reading manifest file 'mybot_controller.egg-info/SOURCES.txt'
[2.121s] writing manifest file 'mybot_controller.egg-info/SOURCES.txt'
[2.140s] Built target ament_cmake_python_build_mybot_controller_egg
[2.147s] Invoked command in '/home/uditr/mybot_ws/build/mybot_controller' returned '0': CMAKE_PREFIX_PATH=/opt/ros/humble /usr/bin/cmake --build /home/uditr/mybot_ws/build/mybot_controller -- -j8 -l8
[2.163s] Invoking command in '/home/uditr/mybot_ws/build/mybot_controller': CMAKE_PREFIX_PATH=/opt/ros/humble /usr/bin/cmake --install /home/uditr/mybot_ws/build/mybot_controller
[2.169s] -- Install configuration: ""
[2.189s] -- Execute custom install script
[2.198s] -- Up-to-date symlink: /home/uditr/mybot_ws/install/mybot_controller/share/mybot_controller/environment/pythonpath.sh
[2.210s] -- Up-to-date symlink: /home/uditr/mybot_ws/install/mybot_controller/share/mybot_controller/environment/pythonpath.dsv
[2.230s] -- Up-to-date symlink: /home/uditr/mybot_ws/install/mybot_controller/local/lib/python3.10/dist-packages/mybot_controller-0.0.0-py3.10.egg-info/PKG-INFO
[2.231s] -- Up-to-date symlink: /home/uditr/mybot_ws/install/mybot_controller/local/lib/python3.10/dist-packages/mybot_controller-0.0.0-py3.10.egg-info/SOURCES.txt
[2.231s] -- Up-to-date symlink: /home/uditr/mybot_ws/install/mybot_controller/local/lib/python3.10/dist-packages/mybot_controller-0.0.0-py3.10.egg-info/dependency_links.txt
[2.237s] -- Up-to-date symlink: /home/uditr/mybot_ws/install/mybot_controller/local/lib/python3.10/dist-packages/mybot_controller-0.0.0-py3.10.egg-info/top_level.txt
[2.238s] -- Up-to-date symlink: /home/uditr/mybot_ws/install/mybot_controller/local/lib/python3.10/dist-packages/mybot_controller/__init__.py
[2.239s] -- Up-to-date symlink: /home/uditr/mybot_ws/install/mybot_controller/local/lib/python3.10/dist-packages/mybot_controller/simple_controller.py
[2.246s] -- Up-to-date symlink: /home/uditr/mybot_ws/install/mybot_controller/share/mybot_controller/config/joy_config.yaml
[2.256s] -- Up-to-date symlink: /home/uditr/mybot_ws/install/mybot_controller/share/mybot_controller/config/joy_teleop.yaml
[2.272s] -- Up-to-date symlink: /home/uditr/mybot_ws/install/mybot_controller/share/mybot_controller/config/mybot_controllers.yaml
[2.273s] -- Up-to-date symlink: /home/uditr/mybot_ws/install/mybot_controller/share/mybot_controller/launch/controller.launch.py
[2.289s] -- Up-to-date symlink: /home/uditr/mybot_ws/install/mybot_controller/share/mybot_controller/launch/joystick_teleop.launch.py
[2.312s] -- Up-to-date symlink: /home/uditr/mybot_ws/install/mybot_controller/lib/mybot_controller/simple_controller.py
[2.327s] -- Up-to-date symlink: /home/uditr/mybot_ws/install/mybot_controller/share/ament_index/resource_index/package_run_dependencies/mybot_controller
[2.328s] -- Up-to-date symlink: /home/uditr/mybot_ws/install/mybot_controller/share/ament_index/resource_index/parent_prefix_path/mybot_controller
[2.328s] -- Up-to-date symlink: /home/uditr/mybot_ws/install/mybot_controller/share/mybot_controller/environment/ament_prefix_path.sh
[2.329s] -- Up-to-date symlink: /home/uditr/mybot_ws/install/mybot_controller/share/mybot_controller/environment/ament_prefix_path.dsv
[2.329s] -- Up-to-date symlink: /home/uditr/mybot_ws/install/mybot_controller/share/mybot_controller/environment/path.sh
[2.330s] -- Up-to-date symlink: /home/uditr/mybot_ws/install/mybot_controller/share/mybot_controller/environment/path.dsv
[2.330s] -- Up-to-date symlink: /home/uditr/mybot_ws/install/mybot_controller/share/mybot_controller/local_setup.bash
[2.330s] -- Up-to-date symlink: /home/uditr/mybot_ws/install/mybot_controller/share/mybot_controller/local_setup.sh
[2.331s] -- Up-to-date symlink: /home/uditr/mybot_ws/install/mybot_controller/share/mybot_controller/local_setup.zsh
[2.331s] -- Up-to-date symlink: /home/uditr/mybot_ws/install/mybot_controller/share/mybot_controller/local_setup.dsv
[2.331s] -- Symlinking: /home/uditr/mybot_ws/install/mybot_controller/share/mybot_controller/package.dsv
[2.339s] -- Up-to-date symlink: /home/uditr/mybot_ws/install/mybot_controller/share/ament_index/resource_index/packages/mybot_controller
[2.339s] -- Up-to-date symlink: /home/uditr/mybot_ws/install/mybot_controller/share/mybot_controller/cmake/mybot_controllerConfig.cmake
[2.340s] -- Up-to-date symlink: /home/uditr/mybot_ws/install/mybot_controller/share/mybot_controller/cmake/mybot_controllerConfig-version.cmake
[2.340s] -- Up-to-date symlink: /home/uditr/mybot_ws/install/mybot_controller/share/mybot_controller/package.xml
[2.411s] Listing '/home/uditr/mybot_ws/install/mybot_controller/local/lib/python3.10/dist-packages/mybot_controller'...
[2.416s] Invoked command in '/home/uditr/mybot_ws/build/mybot_controller' returned '0': CMAKE_PREFIX_PATH=/opt/ros/humble /usr/bin/cmake --install /home/uditr/mybot_ws/build/mybot_controller
