-- Install configuration: ""
-- Up-to-date: /home/uditr/mybot_ws/install/mybot_description/share/mybot_description/meshesmain
-- Up-to-date: /home/uditr/mybot_ws/install/mybot_description/share/mybot_description/meshesmain/wheel_right_link.STL
-- Up-to-date: /home/uditr/mybot_ws/install/mybot_description/share/mybot_description/meshesmain/base_link.STL
-- Up-to-date: /home/uditr/mybot_ws/install/mybot_description/share/mybot_description/meshesmain/can.STL
-- Up-to-date: /home/uditr/mybot_ws/install/mybot_description/share/mybot_description/meshesmain/wheel_left_link.STL
-- Up-to-date: /home/uditr/mybot_ws/install/mybot_description/share/mybot_description/meshesmain/caster_front_link.STL
-- Up-to-date: /home/uditr/mybot_ws/install/mybot_description/share/mybot_description/meshesmain/imu_link.STL
-- Up-to-date: /home/uditr/mybot_ws/install/mybot_description/share/mybot_description/meshesmain/caster_rear_link.STL
-- Up-to-date: /home/uditr/mybot_ws/install/mybot_description/share/mybot_description/urdf
-- Installing: /home/uditr/mybot_ws/install/mybot_description/share/mybot_description/urdf/mybot_ros2_control.xacro
-- Installing: /home/uditr/mybot_ws/install/mybot_description/share/mybot_description/urdf/mybot_gazebo.xacro
-- Installing: /home/uditr/mybot_ws/install/mybot_description/share/mybot_description/urdf/mybot.urdf.xacro
-- Up-to-date: /home/uditr/mybot_ws/install/mybot_description/share/mybot_description/models
-- Up-to-date: /home/uditr/mybot_ws/install/mybot_description/share/mybot_description/models/sun
-- Up-to-date: /home/uditr/mybot_ws/install/mybot_description/share/mybot_description/models/sun/model.sdf
-- Up-to-date: /home/uditr/mybot_ws/install/mybot_description/share/mybot_description/models/sun/model-1_4.sdf
-- Up-to-date: /home/uditr/mybot_ws/install/mybot_description/share/mybot_description/models/sun/model.config
-- Up-to-date: /home/uditr/mybot_ws/install/mybot_description/share/mybot_description/models/sun/model-1_2.sdf
-- Up-to-date: /home/uditr/mybot_ws/install/mybot_description/share/mybot_description/models/sun/model-1_3.sdf
-- Up-to-date: /home/uditr/mybot_ws/install/mybot_description/share/mybot_description/models/ground_plane
-- Up-to-date: /home/uditr/mybot_ws/install/mybot_description/share/mybot_description/models/ground_plane/model.sdf
-- Up-to-date: /home/uditr/mybot_ws/install/mybot_description/share/mybot_description/models/ground_plane/model-1_4.sdf
-- Up-to-date: /home/uditr/mybot_ws/install/mybot_description/share/mybot_description/models/ground_plane/model.config
-- Up-to-date: /home/uditr/mybot_ws/install/mybot_description/share/mybot_description/models/ground_plane/model-1_2.sdf
-- Up-to-date: /home/uditr/mybot_ws/install/mybot_description/share/mybot_description/models/ground_plane/model-1_3.sdf
-- Up-to-date: /home/uditr/mybot_ws/install/mybot_description/share/mybot_description/launch
-- Up-to-date: /home/uditr/mybot_ws/install/mybot_description/share/mybot_description/launch/display.launch.py
-- Installing: /home/uditr/mybot_ws/install/mybot_description/share/mybot_description/launch/gazebo.launch.py
-- Up-to-date: /home/uditr/mybot_ws/install/mybot_description/share/mybot_description/rviz
-- Up-to-date: /home/uditr/mybot_ws/install/mybot_description/share/mybot_description/rviz/display.rviz
-- Up-to-date: /home/uditr/mybot_ws/install/mybot_description/share/ament_index/resource_index/package_run_dependencies/mybot_description
-- Up-to-date: /home/uditr/mybot_ws/install/mybot_description/share/ament_index/resource_index/parent_prefix_path/mybot_description
-- Up-to-date: /home/uditr/mybot_ws/install/mybot_description/share/mybot_description/environment/ament_prefix_path.sh
-- Up-to-date: /home/uditr/mybot_ws/install/mybot_description/share/mybot_description/environment/ament_prefix_path.dsv
-- Up-to-date: /home/uditr/mybot_ws/install/mybot_description/share/mybot_description/environment/path.sh
-- Up-to-date: /home/uditr/mybot_ws/install/mybot_description/share/mybot_description/environment/path.dsv
-- Up-to-date: /home/uditr/mybot_ws/install/mybot_description/share/mybot_description/local_setup.bash
-- Up-to-date: /home/uditr/mybot_ws/install/mybot_description/share/mybot_description/local_setup.sh
-- Up-to-date: /home/uditr/mybot_ws/install/mybot_description/share/mybot_description/local_setup.zsh
-- Up-to-date: /home/uditr/mybot_ws/install/mybot_description/share/mybot_description/local_setup.dsv
-- Installing: /home/uditr/mybot_ws/install/mybot_description/share/mybot_description/package.dsv
-- Up-to-date: /home/uditr/mybot_ws/install/mybot_description/share/ament_index/resource_index/packages/mybot_description
-- Up-to-date: /home/uditr/mybot_ws/install/mybot_description/share/mybot_description/cmake/mybot_descriptionConfig.cmake
-- Up-to-date: /home/uditr/mybot_ws/install/mybot_description/share/mybot_description/cmake/mybot_descriptionConfig-version.cmake
-- Up-to-date: /home/uditr/mybot_ws/install/mybot_description/share/mybot_description/package.xml
