[0.102s] DEBUG:colcon:Command line arguments: ['/usr/bin/colcon', 'build']
[0.102s] DEBUG:colcon:Parsed command line arguments: Namespace(log_base=None, log_level=None, verb_name='build', build_base='build', install_base='install', merge_install=False, symlink_install=False, test_result_base=None, continue_on_error=False, executor='parallel', parallel_workers=8, event_handlers=None, ignore_user_meta=False, metas=['./colcon.meta'], base_paths=['.'], packages_ignore=None, packages_ignore_regex=None, paths=None, packages_up_to=None, packages_up_to_regex=None, packages_above=None, packages_above_and_dependencies=None, packages_above_depth=None, packages_select_by_dep=None, packages_skip_by_dep=None, packages_skip_up_to=None, packages_select_build_failed=False, packages_skip_build_finished=False, packages_select_test_failures=False, packages_skip_test_passed=False, packages_select=None, packages_skip=None, packages_select_regex=None, packages_skip_regex=None, packages_start=None, packages_end=None, allow_overriding=[], cmake_args=None, cmake_target=None, cmake_target_skip_unavailable=False, cmake_clean_cache=False, cmake_clean_first=False, cmake_force_configure=False, ament_cmake_args=None, catkin_cmake_args=None, catkin_skip_building_tests=False, verb_parser=<colcon_defaults.argument_parser.defaults.DefaultArgumentsDecorator object at 0x719873ef21a0>, verb_extension=<colcon_core.verb.build.BuildVerb object at 0x719873ef1c60>, main=<bound method BuildVerb.main of <colcon_core.verb.build.BuildVerb object at 0x719873ef1c60>>)
[0.311s] Level 1:colcon.colcon_core.package_discovery:discover_packages(colcon_meta) check parameters
[0.311s] Level 1:colcon.colcon_core.package_discovery:discover_packages(recursive) check parameters
[0.311s] Level 1:colcon.colcon_core.package_discovery:discover_packages(ignore) check parameters
[0.311s] Level 1:colcon.colcon_core.package_discovery:discover_packages(path) check parameters
[0.311s] Level 1:colcon.colcon_core.package_discovery:discover_packages(colcon_meta) discover
[0.311s] Level 1:colcon.colcon_core.package_discovery:discover_packages(recursive) discover
[0.311s] INFO:colcon.colcon_core.package_discovery:Crawling recursively for packages in '/home/uditr/mybot_ws'
[0.311s] Level 1:colcon.colcon_core.package_identification:_identify(.) by extensions ['ignore', 'ignore_ament_install']
[0.312s] Level 1:colcon.colcon_core.package_identification:_identify(.) by extension 'ignore'
[0.312s] Level 1:colcon.colcon_core.package_identification:_identify(.) by extension 'ignore_ament_install'
[0.312s] Level 1:colcon.colcon_core.package_identification:_identify(.) by extensions ['colcon_pkg']
[0.312s] Level 1:colcon.colcon_core.package_identification:_identify(.) by extension 'colcon_pkg'
[0.312s] Level 1:colcon.colcon_core.package_identification:_identify(.) by extensions ['colcon_meta']
[0.312s] Level 1:colcon.colcon_core.package_identification:_identify(.) by extension 'colcon_meta'
[0.312s] Level 1:colcon.colcon_core.package_identification:_identify(.) by extensions ['ros']
[0.312s] Level 1:colcon.colcon_core.package_identification:_identify(.) by extension 'ros'
[0.323s] Level 1:colcon.colcon_core.package_identification:_identify(.) by extensions ['cmake', 'python']
[0.323s] Level 1:colcon.colcon_core.package_identification:_identify(.) by extension 'cmake'
[0.323s] Level 1:colcon.colcon_core.package_identification:_identify(.) by extension 'python'
[0.323s] Level 1:colcon.colcon_core.package_identification:_identify(.) by extensions ['python_setup_py']
[0.323s] Level 1:colcon.colcon_core.package_identification:_identify(.) by extension 'python_setup_py'
[0.323s] Level 1:colcon.colcon_core.package_identification:_identify(build) by extensions ['ignore', 'ignore_ament_install']
[0.323s] Level 1:colcon.colcon_core.package_identification:_identify(build) by extension 'ignore'
[0.323s] Level 1:colcon.colcon_core.package_identification:_identify(build) ignored
[0.323s] Level 1:colcon.colcon_core.package_identification:_identify(install) by extensions ['ignore', 'ignore_ament_install']
[0.323s] Level 1:colcon.colcon_core.package_identification:_identify(install) by extension 'ignore'
[0.323s] Level 1:colcon.colcon_core.package_identification:_identify(install) ignored
[0.324s] Level 1:colcon.colcon_core.package_identification:_identify(log) by extensions ['ignore', 'ignore_ament_install']
[0.324s] Level 1:colcon.colcon_core.package_identification:_identify(log) by extension 'ignore'
[0.324s] Level 1:colcon.colcon_core.package_identification:_identify(log) ignored
[0.324s] Level 1:colcon.colcon_core.package_identification:_identify(src) by extensions ['ignore', 'ignore_ament_install']
[0.324s] Level 1:colcon.colcon_core.package_identification:_identify(src) by extension 'ignore'
[0.324s] Level 1:colcon.colcon_core.package_identification:_identify(src) by extension 'ignore_ament_install'
[0.324s] Level 1:colcon.colcon_core.package_identification:_identify(src) by extensions ['colcon_pkg']
[0.324s] Level 1:colcon.colcon_core.package_identification:_identify(src) by extension 'colcon_pkg'
[0.324s] Level 1:colcon.colcon_core.package_identification:_identify(src) by extensions ['colcon_meta']
[0.324s] Level 1:colcon.colcon_core.package_identification:_identify(src) by extension 'colcon_meta'
[0.324s] Level 1:colcon.colcon_core.package_identification:_identify(src) by extensions ['ros']
[0.324s] Level 1:colcon.colcon_core.package_identification:_identify(src) by extension 'ros'
[0.324s] Level 1:colcon.colcon_core.package_identification:_identify(src) by extensions ['cmake', 'python']
[0.324s] Level 1:colcon.colcon_core.package_identification:_identify(src) by extension 'cmake'
[0.324s] Level 1:colcon.colcon_core.package_identification:_identify(src) by extension 'python'
[0.324s] Level 1:colcon.colcon_core.package_identification:_identify(src) by extensions ['python_setup_py']
[0.324s] Level 1:colcon.colcon_core.package_identification:_identify(src) by extension 'python_setup_py'
[0.325s] Level 1:colcon.colcon_core.package_identification:_identify(src/build) by extensions ['ignore', 'ignore_ament_install']
[0.325s] Level 1:colcon.colcon_core.package_identification:_identify(src/build) by extension 'ignore'
[0.325s] Level 1:colcon.colcon_core.package_identification:_identify(src/build) ignored
[0.325s] Level 1:colcon.colcon_core.package_identification:_identify(src/install) by extensions ['ignore', 'ignore_ament_install']
[0.325s] Level 1:colcon.colcon_core.package_identification:_identify(src/install) by extension 'ignore'
[0.325s] Level 1:colcon.colcon_core.package_identification:_identify(src/install) ignored
[0.325s] Level 1:colcon.colcon_core.package_identification:_identify(src/log) by extensions ['ignore', 'ignore_ament_install']
[0.325s] Level 1:colcon.colcon_core.package_identification:_identify(src/log) by extension 'ignore'
[0.325s] Level 1:colcon.colcon_core.package_identification:_identify(src/log) ignored
[0.326s] Level 1:colcon.colcon_core.package_identification:_identify(src/mybot_controller) by extensions ['ignore', 'ignore_ament_install']
[0.326s] Level 1:colcon.colcon_core.package_identification:_identify(src/mybot_controller) by extension 'ignore'
[0.326s] Level 1:colcon.colcon_core.package_identification:_identify(src/mybot_controller) by extension 'ignore_ament_install'
[0.326s] Level 1:colcon.colcon_core.package_identification:_identify(src/mybot_controller) by extensions ['colcon_pkg']
[0.326s] Level 1:colcon.colcon_core.package_identification:_identify(src/mybot_controller) by extension 'colcon_pkg'
[0.326s] Level 1:colcon.colcon_core.package_identification:_identify(src/mybot_controller) by extensions ['colcon_meta']
[0.326s] Level 1:colcon.colcon_core.package_identification:_identify(src/mybot_controller) by extension 'colcon_meta'
[0.326s] Level 1:colcon.colcon_core.package_identification:_identify(src/mybot_controller) by extensions ['ros']
[0.326s] Level 1:colcon.colcon_core.package_identification:_identify(src/mybot_controller) by extension 'ros'
[0.329s] DEBUG:colcon.colcon_core.package_identification:Package 'src/mybot_controller' with type 'ros.ament_cmake' and name 'mybot_controller'
[0.329s] Level 1:colcon.colcon_core.package_identification:_identify(src/mybot_cpp_programs) by extensions ['ignore', 'ignore_ament_install']
[0.329s] Level 1:colcon.colcon_core.package_identification:_identify(src/mybot_cpp_programs) by extension 'ignore'
[0.329s] Level 1:colcon.colcon_core.package_identification:_identify(src/mybot_cpp_programs) by extension 'ignore_ament_install'
[0.329s] Level 1:colcon.colcon_core.package_identification:_identify(src/mybot_cpp_programs) by extensions ['colcon_pkg']
[0.329s] Level 1:colcon.colcon_core.package_identification:_identify(src/mybot_cpp_programs) by extension 'colcon_pkg'
[0.329s] Level 1:colcon.colcon_core.package_identification:_identify(src/mybot_cpp_programs) by extensions ['colcon_meta']
[0.329s] Level 1:colcon.colcon_core.package_identification:_identify(src/mybot_cpp_programs) by extension 'colcon_meta'
[0.329s] Level 1:colcon.colcon_core.package_identification:_identify(src/mybot_cpp_programs) by extensions ['ros']
[0.329s] Level 1:colcon.colcon_core.package_identification:_identify(src/mybot_cpp_programs) by extension 'ros'
[0.330s] DEBUG:colcon.colcon_core.package_identification:Package 'src/mybot_cpp_programs' with type 'ros.ament_cmake' and name 'mybot_cpp_programs'
[0.330s] Level 1:colcon.colcon_core.package_identification:_identify(src/mybot_description) by extensions ['ignore', 'ignore_ament_install']
[0.330s] Level 1:colcon.colcon_core.package_identification:_identify(src/mybot_description) by extension 'ignore'
[0.330s] Level 1:colcon.colcon_core.package_identification:_identify(src/mybot_description) by extension 'ignore_ament_install'
[0.330s] Level 1:colcon.colcon_core.package_identification:_identify(src/mybot_description) by extensions ['colcon_pkg']
[0.330s] Level 1:colcon.colcon_core.package_identification:_identify(src/mybot_description) by extension 'colcon_pkg'
[0.330s] Level 1:colcon.colcon_core.package_identification:_identify(src/mybot_description) by extensions ['colcon_meta']
[0.330s] Level 1:colcon.colcon_core.package_identification:_identify(src/mybot_description) by extension 'colcon_meta'
[0.330s] Level 1:colcon.colcon_core.package_identification:_identify(src/mybot_description) by extensions ['ros']
[0.330s] Level 1:colcon.colcon_core.package_identification:_identify(src/mybot_description) by extension 'ros'
[0.331s] DEBUG:colcon.colcon_core.package_identification:Package 'src/mybot_description' with type 'ros.ament_cmake' and name 'mybot_description'
[0.331s] Level 1:colcon.colcon_core.package_identification:_identify(src/mybot_py_programs) by extensions ['ignore', 'ignore_ament_install']
[0.331s] Level 1:colcon.colcon_core.package_identification:_identify(src/mybot_py_programs) by extension 'ignore'
[0.331s] Level 1:colcon.colcon_core.package_identification:_identify(src/mybot_py_programs) by extension 'ignore_ament_install'
[0.331s] Level 1:colcon.colcon_core.package_identification:_identify(src/mybot_py_programs) by extensions ['colcon_pkg']
[0.331s] Level 1:colcon.colcon_core.package_identification:_identify(src/mybot_py_programs) by extension 'colcon_pkg'
[0.331s] Level 1:colcon.colcon_core.package_identification:_identify(src/mybot_py_programs) by extensions ['colcon_meta']
[0.331s] Level 1:colcon.colcon_core.package_identification:_identify(src/mybot_py_programs) by extension 'colcon_meta'
[0.331s] Level 1:colcon.colcon_core.package_identification:_identify(src/mybot_py_programs) by extensions ['ros']
[0.331s] Level 1:colcon.colcon_core.package_identification:_identify(src/mybot_py_programs) by extension 'ros'
[0.332s] DEBUG:colcon.colcon_core.package_identification:Package 'src/mybot_py_programs' with type 'ros.ament_python' and name 'mybot_py_programs'
[0.332s] Level 1:colcon.colcon_core.package_discovery:discover_packages(recursive) using defaults
[0.332s] Level 1:colcon.colcon_core.package_discovery:discover_packages(ignore) discover
[0.332s] Level 1:colcon.colcon_core.package_discovery:discover_packages(ignore) using defaults
[0.332s] Level 1:colcon.colcon_core.package_discovery:discover_packages(path) discover
[0.332s] Level 1:colcon.colcon_core.package_discovery:discover_packages(path) using defaults
[0.361s] Level 1:colcon.colcon_core.package_discovery:discover_packages(prefix_path) check parameters
[0.361s] Level 1:colcon.colcon_core.package_discovery:discover_packages(prefix_path) discover
[0.364s] DEBUG:colcon.colcon_installed_package_information.package_discovery:Found 449 installed packages in /opt/ros/humble
[0.366s] Level 1:colcon.colcon_core.package_discovery:discover_packages(prefix_path) using defaults
[0.426s] Level 5:colcon.colcon_core.verb:set package 'mybot_controller' build argument 'cmake_args' from command line to 'None'
[0.426s] Level 5:colcon.colcon_core.verb:set package 'mybot_controller' build argument 'cmake_target' from command line to 'None'
[0.426s] Level 5:colcon.colcon_core.verb:set package 'mybot_controller' build argument 'cmake_target_skip_unavailable' from command line to 'False'
[0.426s] Level 5:colcon.colcon_core.verb:set package 'mybot_controller' build argument 'cmake_clean_cache' from command line to 'False'
[0.426s] Level 5:colcon.colcon_core.verb:set package 'mybot_controller' build argument 'cmake_clean_first' from command line to 'False'
[0.426s] Level 5:colcon.colcon_core.verb:set package 'mybot_controller' build argument 'cmake_force_configure' from command line to 'False'
[0.426s] Level 5:colcon.colcon_core.verb:set package 'mybot_controller' build argument 'ament_cmake_args' from command line to 'None'
[0.427s] Level 5:colcon.colcon_core.verb:set package 'mybot_controller' build argument 'catkin_cmake_args' from command line to 'None'
[0.427s] Level 5:colcon.colcon_core.verb:set package 'mybot_controller' build argument 'catkin_skip_building_tests' from command line to 'False'
[0.427s] DEBUG:colcon.colcon_core.verb:Building package 'mybot_controller' with the following arguments: {'ament_cmake_args': None, 'build_base': '/home/uditr/mybot_ws/build/mybot_controller', 'catkin_cmake_args': None, 'catkin_skip_building_tests': False, 'cmake_args': None, 'cmake_clean_cache': False, 'cmake_clean_first': False, 'cmake_force_configure': False, 'cmake_target': None, 'cmake_target_skip_unavailable': False, 'install_base': '/home/uditr/mybot_ws/install/mybot_controller', 'merge_install': False, 'path': '/home/uditr/mybot_ws/src/mybot_controller', 'symlink_install': False, 'test_result_base': None}
[0.427s] Level 5:colcon.colcon_core.verb:set package 'mybot_cpp_programs' build argument 'cmake_args' from command line to 'None'
[0.427s] Level 5:colcon.colcon_core.verb:set package 'mybot_cpp_programs' build argument 'cmake_target' from command line to 'None'
[0.427s] Level 5:colcon.colcon_core.verb:set package 'mybot_cpp_programs' build argument 'cmake_target_skip_unavailable' from command line to 'False'
[0.427s] Level 5:colcon.colcon_core.verb:set package 'mybot_cpp_programs' build argument 'cmake_clean_cache' from command line to 'False'
[0.427s] Level 5:colcon.colcon_core.verb:set package 'mybot_cpp_programs' build argument 'cmake_clean_first' from command line to 'False'
[0.427s] Level 5:colcon.colcon_core.verb:set package 'mybot_cpp_programs' build argument 'cmake_force_configure' from command line to 'False'
[0.427s] Level 5:colcon.colcon_core.verb:set package 'mybot_cpp_programs' build argument 'ament_cmake_args' from command line to 'None'
[0.427s] Level 5:colcon.colcon_core.verb:set package 'mybot_cpp_programs' build argument 'catkin_cmake_args' from command line to 'None'
[0.427s] Level 5:colcon.colcon_core.verb:set package 'mybot_cpp_programs' build argument 'catkin_skip_building_tests' from command line to 'False'
[0.427s] DEBUG:colcon.colcon_core.verb:Building package 'mybot_cpp_programs' with the following arguments: {'ament_cmake_args': None, 'build_base': '/home/uditr/mybot_ws/build/mybot_cpp_programs', 'catkin_cmake_args': None, 'catkin_skip_building_tests': False, 'cmake_args': None, 'cmake_clean_cache': False, 'cmake_clean_first': False, 'cmake_force_configure': False, 'cmake_target': None, 'cmake_target_skip_unavailable': False, 'install_base': '/home/uditr/mybot_ws/install/mybot_cpp_programs', 'merge_install': False, 'path': '/home/uditr/mybot_ws/src/mybot_cpp_programs', 'symlink_install': False, 'test_result_base': None}
[0.428s] Level 5:colcon.colcon_core.verb:set package 'mybot_description' build argument 'cmake_args' from command line to 'None'
[0.428s] Level 5:colcon.colcon_core.verb:set package 'mybot_description' build argument 'cmake_target' from command line to 'None'
[0.428s] Level 5:colcon.colcon_core.verb:set package 'mybot_description' build argument 'cmake_target_skip_unavailable' from command line to 'False'
[0.428s] Level 5:colcon.colcon_core.verb:set package 'mybot_description' build argument 'cmake_clean_cache' from command line to 'False'
[0.428s] Level 5:colcon.colcon_core.verb:set package 'mybot_description' build argument 'cmake_clean_first' from command line to 'False'
[0.428s] Level 5:colcon.colcon_core.verb:set package 'mybot_description' build argument 'cmake_force_configure' from command line to 'False'
[0.428s] Level 5:colcon.colcon_core.verb:set package 'mybot_description' build argument 'ament_cmake_args' from command line to 'None'
[0.428s] Level 5:colcon.colcon_core.verb:set package 'mybot_description' build argument 'catkin_cmake_args' from command line to 'None'
[0.428s] Level 5:colcon.colcon_core.verb:set package 'mybot_description' build argument 'catkin_skip_building_tests' from command line to 'False'
[0.428s] DEBUG:colcon.colcon_core.verb:Building package 'mybot_description' with the following arguments: {'ament_cmake_args': None, 'build_base': '/home/uditr/mybot_ws/build/mybot_description', 'catkin_cmake_args': None, 'catkin_skip_building_tests': False, 'cmake_args': None, 'cmake_clean_cache': False, 'cmake_clean_first': False, 'cmake_force_configure': False, 'cmake_target': None, 'cmake_target_skip_unavailable': False, 'install_base': '/home/uditr/mybot_ws/install/mybot_description', 'merge_install': False, 'path': '/home/uditr/mybot_ws/src/mybot_description', 'symlink_install': False, 'test_result_base': None}
[0.428s] Level 5:colcon.colcon_core.verb:set package 'mybot_py_programs' build argument 'cmake_args' from command line to 'None'
[0.428s] Level 5:colcon.colcon_core.verb:set package 'mybot_py_programs' build argument 'cmake_target' from command line to 'None'
[0.428s] Level 5:colcon.colcon_core.verb:set package 'mybot_py_programs' build argument 'cmake_target_skip_unavailable' from command line to 'False'
[0.428s] Level 5:colcon.colcon_core.verb:set package 'mybot_py_programs' build argument 'cmake_clean_cache' from command line to 'False'
[0.428s] Level 5:colcon.colcon_core.verb:set package 'mybot_py_programs' build argument 'cmake_clean_first' from command line to 'False'
[0.428s] Level 5:colcon.colcon_core.verb:set package 'mybot_py_programs' build argument 'cmake_force_configure' from command line to 'False'
[0.428s] Level 5:colcon.colcon_core.verb:set package 'mybot_py_programs' build argument 'ament_cmake_args' from command line to 'None'
[0.429s] Level 5:colcon.colcon_core.verb:set package 'mybot_py_programs' build argument 'catkin_cmake_args' from command line to 'None'
[0.429s] Level 5:colcon.colcon_core.verb:set package 'mybot_py_programs' build argument 'catkin_skip_building_tests' from command line to 'False'
[0.429s] DEBUG:colcon.colcon_core.verb:Building package 'mybot_py_programs' with the following arguments: {'ament_cmake_args': None, 'build_base': '/home/uditr/mybot_ws/build/mybot_py_programs', 'catkin_cmake_args': None, 'catkin_skip_building_tests': False, 'cmake_args': None, 'cmake_clean_cache': False, 'cmake_clean_first': False, 'cmake_force_configure': False, 'cmake_target': None, 'cmake_target_skip_unavailable': False, 'install_base': '/home/uditr/mybot_ws/install/mybot_py_programs', 'merge_install': False, 'path': '/home/uditr/mybot_ws/src/mybot_py_programs', 'symlink_install': False, 'test_result_base': None}
[0.429s] INFO:colcon.colcon_core.executor:Executing jobs using 'parallel' executor
[0.430s] DEBUG:colcon.colcon_parallel_executor.executor.parallel:run_until_complete
[0.430s] INFO:colcon.colcon_ros.task.ament_cmake.build:Building ROS package in '/home/uditr/mybot_ws/src/mybot_controller' with build type 'ament_cmake'
[0.430s] INFO:colcon.colcon_cmake.task.cmake.build:Building CMake package in '/home/uditr/mybot_ws/src/mybot_controller'
[0.432s] INFO:colcon.colcon_core.plugin_system:Skipping extension 'colcon_core.shell.bat': Not used on non-Windows systems
[0.432s] INFO:colcon.colcon_core.shell:Skip shell extension 'powershell' for command environment: Not usable outside of PowerShell
[0.433s] DEBUG:colcon.colcon_core.shell:Skip shell extension 'dsv' for command environment
[0.436s] INFO:colcon.colcon_ros.task.ament_cmake.build:Building ROS package in '/home/uditr/mybot_ws/src/mybot_cpp_programs' with build type 'ament_cmake'
[0.436s] INFO:colcon.colcon_cmake.task.cmake.build:Building CMake package in '/home/uditr/mybot_ws/src/mybot_cpp_programs'
[0.436s] INFO:colcon.colcon_core.shell:Skip shell extension 'powershell' for command environment: Not usable outside of PowerShell
[0.436s] DEBUG:colcon.colcon_core.shell:Skip shell extension 'dsv' for command environment
[0.440s] INFO:colcon.colcon_ros.task.ament_cmake.build:Building ROS package in '/home/uditr/mybot_ws/src/mybot_description' with build type 'ament_cmake'
[0.440s] INFO:colcon.colcon_cmake.task.cmake.build:Building CMake package in '/home/uditr/mybot_ws/src/mybot_description'
[0.440s] INFO:colcon.colcon_core.shell:Skip shell extension 'powershell' for command environment: Not usable outside of PowerShell
[0.440s] DEBUG:colcon.colcon_core.shell:Skip shell extension 'dsv' for command environment
[0.445s] INFO:colcon.colcon_ros.task.ament_python.build:Building ROS package in '/home/uditr/mybot_ws/src/mybot_py_programs' with build type 'ament_python'
[0.445s] Level 1:colcon.colcon_core.shell:create_environment_hook('mybot_py_programs', 'ament_prefix_path')
[0.445s] INFO:colcon.colcon_core.shell:Creating environment hook '/home/uditr/mybot_ws/install/mybot_py_programs/share/mybot_py_programs/hook/ament_prefix_path.ps1'
[0.446s] INFO:colcon.colcon_core.shell:Creating environment descriptor '/home/uditr/mybot_ws/install/mybot_py_programs/share/mybot_py_programs/hook/ament_prefix_path.dsv'
[0.446s] INFO:colcon.colcon_core.shell:Creating environment hook '/home/uditr/mybot_ws/install/mybot_py_programs/share/mybot_py_programs/hook/ament_prefix_path.sh'
[0.447s] INFO:colcon.colcon_core.shell:Skip shell extension 'powershell' for command environment: Not usable outside of PowerShell
[0.447s] DEBUG:colcon.colcon_core.shell:Skip shell extension 'dsv' for command environment
[0.455s] DEBUG:colcon.colcon_core.event_handler.log_command:Invoking command in '/home/uditr/mybot_ws/build/mybot_controller': CMAKE_PREFIX_PATH=/opt/ros/humble /usr/bin/cmake --build /home/uditr/mybot_ws/build/mybot_controller -- -j8 -l8
[0.459s] DEBUG:colcon.colcon_core.event_handler.log_command:Invoking command in '/home/uditr/mybot_ws/build/mybot_cpp_programs': CMAKE_PREFIX_PATH=/opt/ros/humble /usr/bin/cmake --build /home/uditr/mybot_ws/build/mybot_cpp_programs -- -j8 -l8
[0.464s] DEBUG:colcon.colcon_core.event_handler.log_command:Invoking command in '/home/uditr/mybot_ws/build/mybot_description': CMAKE_PREFIX_PATH=/opt/ros/humble /usr/bin/cmake --build /home/uditr/mybot_ws/build/mybot_description -- -j8 -l8
[0.827s] INFO:colcon.colcon_core.task.python.build:Building Python package in '/home/uditr/mybot_ws/src/mybot_py_programs'
[0.827s] INFO:colcon.colcon_core.shell:Skip shell extension 'powershell' for command environment: Not usable outside of PowerShell
[0.827s] DEBUG:colcon.colcon_core.shell:Skip shell extension 'dsv' for command environment
[0.832s] DEBUG:colcon.colcon_core.event_handler.log_command:Invoked command in '/home/uditr/mybot_ws/build/mybot_description' returned '0': CMAKE_PREFIX_PATH=/opt/ros/humble /usr/bin/cmake --build /home/uditr/mybot_ws/build/mybot_description -- -j8 -l8
[0.833s] DEBUG:colcon.colcon_core.event_handler.log_command:Invoked command in '/home/uditr/mybot_ws/build/mybot_cpp_programs' returned '0': CMAKE_PREFIX_PATH=/opt/ros/humble /usr/bin/cmake --build /home/uditr/mybot_ws/build/mybot_cpp_programs -- -j8 -l8
[0.867s] DEBUG:colcon.colcon_core.event_handler.log_command:Invoking command in '/home/uditr/mybot_ws/build/mybot_description': CMAKE_PREFIX_PATH=/opt/ros/humble /usr/bin/cmake --install /home/uditr/mybot_ws/build/mybot_description
[0.870s] DEBUG:colcon.colcon_core.event_handler.log_command:Invoking command in '/home/uditr/mybot_ws/build/mybot_cpp_programs': CMAKE_PREFIX_PATH=/opt/ros/humble /usr/bin/cmake --install /home/uditr/mybot_ws/build/mybot_cpp_programs
[0.899s] Level 1:colcon.colcon_core.environment:create_environment_scripts_only(mybot_cpp_programs)
[0.900s] DEBUG:colcon.colcon_core.event_handler.log_command:Invoked command in '/home/uditr/mybot_ws/build/mybot_cpp_programs' returned '0': CMAKE_PREFIX_PATH=/opt/ros/humble /usr/bin/cmake --install /home/uditr/mybot_ws/build/mybot_cpp_programs
[0.902s] Level 1:colcon.colcon_core.environment:checking '/home/uditr/mybot_ws/install/mybot_cpp_programs' for CMake module files
[0.903s] Level 1:colcon.colcon_core.environment:checking '/home/uditr/mybot_ws/install/mybot_cpp_programs' for CMake config files
[0.903s] Level 1:colcon.colcon_core.shell:create_environment_hook('mybot_cpp_programs', 'cmake_prefix_path')
[0.903s] INFO:colcon.colcon_core.shell:Creating environment hook '/home/uditr/mybot_ws/install/mybot_cpp_programs/share/mybot_cpp_programs/hook/cmake_prefix_path.ps1'
[0.904s] INFO:colcon.colcon_core.shell:Creating environment descriptor '/home/uditr/mybot_ws/install/mybot_cpp_programs/share/mybot_cpp_programs/hook/cmake_prefix_path.dsv'
[0.904s] INFO:colcon.colcon_core.shell:Creating environment hook '/home/uditr/mybot_ws/install/mybot_cpp_programs/share/mybot_cpp_programs/hook/cmake_prefix_path.sh'
[0.905s] Level 1:colcon.colcon_core.environment:checking '/home/uditr/mybot_ws/install/mybot_cpp_programs/bin'
[0.905s] Level 1:colcon.colcon_core.environment:checking '/home/uditr/mybot_ws/install/mybot_cpp_programs/lib/pkgconfig/mybot_cpp_programs.pc'
[0.906s] Level 1:colcon.colcon_core.environment:checking '/home/uditr/mybot_ws/install/mybot_cpp_programs/lib/python3.10/site-packages'
[0.906s] Level 1:colcon.colcon_core.environment:checking '/home/uditr/mybot_ws/install/mybot_cpp_programs/bin'
[0.907s] INFO:colcon.colcon_core.shell:Creating package script '/home/uditr/mybot_ws/install/mybot_cpp_programs/share/mybot_cpp_programs/package.ps1'
[0.908s] INFO:colcon.colcon_core.shell:Creating package descriptor '/home/uditr/mybot_ws/install/mybot_cpp_programs/share/mybot_cpp_programs/package.dsv'
[0.909s] INFO:colcon.colcon_core.shell:Creating package script '/home/uditr/mybot_ws/install/mybot_cpp_programs/share/mybot_cpp_programs/package.sh'
[0.910s] INFO:colcon.colcon_core.shell:Creating package script '/home/uditr/mybot_ws/install/mybot_cpp_programs/share/mybot_cpp_programs/package.bash'
[0.911s] INFO:colcon.colcon_core.shell:Creating package script '/home/uditr/mybot_ws/install/mybot_cpp_programs/share/mybot_cpp_programs/package.zsh'
[0.912s] Level 1:colcon.colcon_core.environment:create_file_with_runtime_dependencies(/home/uditr/mybot_ws/install/mybot_cpp_programs/share/colcon-core/packages/mybot_cpp_programs)
[0.914s] Level 1:colcon.colcon_core.environment:create_environment_scripts_only(mybot_description)
[0.914s] Level 1:colcon.colcon_core.environment:checking '/home/uditr/mybot_ws/install/mybot_description' for CMake module files
[0.915s] DEBUG:colcon.colcon_core.event_handler.log_command:Invoked command in '/home/uditr/mybot_ws/build/mybot_description' returned '0': CMAKE_PREFIX_PATH=/opt/ros/humble /usr/bin/cmake --install /home/uditr/mybot_ws/build/mybot_description
[0.916s] Level 1:colcon.colcon_core.environment:checking '/home/uditr/mybot_ws/install/mybot_description' for CMake config files
[0.916s] Level 1:colcon.colcon_core.shell:create_environment_hook('mybot_description', 'cmake_prefix_path')
[0.917s] INFO:colcon.colcon_core.shell:Creating environment hook '/home/uditr/mybot_ws/install/mybot_description/share/mybot_description/hook/cmake_prefix_path.ps1'
[0.918s] INFO:colcon.colcon_core.shell:Creating environment descriptor '/home/uditr/mybot_ws/install/mybot_description/share/mybot_description/hook/cmake_prefix_path.dsv'
[0.918s] INFO:colcon.colcon_core.shell:Creating environment hook '/home/uditr/mybot_ws/install/mybot_description/share/mybot_description/hook/cmake_prefix_path.sh'
[0.919s] Level 1:colcon.colcon_core.environment:checking '/home/uditr/mybot_ws/install/mybot_description/bin'
[0.919s] Level 1:colcon.colcon_core.environment:checking '/home/uditr/mybot_ws/install/mybot_description/lib/pkgconfig/mybot_description.pc'
[0.919s] Level 1:colcon.colcon_core.environment:checking '/home/uditr/mybot_ws/install/mybot_description/lib/python3.10/site-packages'
[0.919s] Level 1:colcon.colcon_core.environment:checking '/home/uditr/mybot_ws/install/mybot_description/bin'
[0.920s] INFO:colcon.colcon_core.shell:Creating package script '/home/uditr/mybot_ws/install/mybot_description/share/mybot_description/package.ps1'
[0.920s] INFO:colcon.colcon_core.shell:Creating package descriptor '/home/uditr/mybot_ws/install/mybot_description/share/mybot_description/package.dsv'
[0.921s] INFO:colcon.colcon_core.shell:Creating package script '/home/uditr/mybot_ws/install/mybot_description/share/mybot_description/package.sh'
[0.921s] INFO:colcon.colcon_core.shell:Creating package script '/home/uditr/mybot_ws/install/mybot_description/share/mybot_description/package.bash'
[0.921s] INFO:colcon.colcon_core.shell:Creating package script '/home/uditr/mybot_ws/install/mybot_description/share/mybot_description/package.zsh'
[0.922s] Level 1:colcon.colcon_core.environment:create_file_with_runtime_dependencies(/home/uditr/mybot_ws/install/mybot_description/share/colcon-core/packages/mybot_description)
[0.939s] Level 1:colcon.colcon_core.environment:create_environment_scripts_only(mybot_cpp_programs)
[0.940s] Level 1:colcon.colcon_core.environment:checking '/home/uditr/mybot_ws/install/mybot_cpp_programs' for CMake module files
[0.940s] Level 1:colcon.colcon_core.environment:checking '/home/uditr/mybot_ws/install/mybot_cpp_programs' for CMake config files
[0.941s] Level 1:colcon.colcon_core.shell:create_environment_hook('mybot_cpp_programs', 'cmake_prefix_path')
[0.941s] INFO:colcon.colcon_core.shell:Creating environment hook '/home/uditr/mybot_ws/install/mybot_cpp_programs/share/mybot_cpp_programs/hook/cmake_prefix_path.ps1'
[0.942s] INFO:colcon.colcon_core.shell:Creating environment descriptor '/home/uditr/mybot_ws/install/mybot_cpp_programs/share/mybot_cpp_programs/hook/cmake_prefix_path.dsv'
[0.943s] INFO:colcon.colcon_core.shell:Creating environment hook '/home/uditr/mybot_ws/install/mybot_cpp_programs/share/mybot_cpp_programs/hook/cmake_prefix_path.sh'
[0.944s] Level 1:colcon.colcon_core.environment:checking '/home/uditr/mybot_ws/install/mybot_cpp_programs/bin'
[0.944s] Level 1:colcon.colcon_core.environment:checking '/home/uditr/mybot_ws/install/mybot_cpp_programs/lib/pkgconfig/mybot_cpp_programs.pc'
[0.945s] Level 1:colcon.colcon_core.environment:checking '/home/uditr/mybot_ws/install/mybot_cpp_programs/lib/python3.10/site-packages'
[0.945s] Level 1:colcon.colcon_core.environment:checking '/home/uditr/mybot_ws/install/mybot_cpp_programs/bin'
[0.946s] INFO:colcon.colcon_core.shell:Creating package script '/home/uditr/mybot_ws/install/mybot_cpp_programs/share/mybot_cpp_programs/package.ps1'
[0.946s] INFO:colcon.colcon_core.shell:Creating package descriptor '/home/uditr/mybot_ws/install/mybot_cpp_programs/share/mybot_cpp_programs/package.dsv'
[0.947s] INFO:colcon.colcon_core.shell:Creating package script '/home/uditr/mybot_ws/install/mybot_cpp_programs/share/mybot_cpp_programs/package.sh'
[0.948s] INFO:colcon.colcon_core.shell:Creating package script '/home/uditr/mybot_ws/install/mybot_cpp_programs/share/mybot_cpp_programs/package.bash'
[0.948s] INFO:colcon.colcon_core.shell:Creating package script '/home/uditr/mybot_ws/install/mybot_cpp_programs/share/mybot_cpp_programs/package.zsh'
[0.949s] Level 1:colcon.colcon_core.environment:create_file_with_runtime_dependencies(/home/uditr/mybot_ws/install/mybot_cpp_programs/share/colcon-core/packages/mybot_cpp_programs)
[0.951s] Level 1:colcon.colcon_core.environment:create_environment_scripts_only(mybot_description)
[0.951s] Level 1:colcon.colcon_core.environment:checking '/home/uditr/mybot_ws/install/mybot_description' for CMake module files
[0.952s] Level 1:colcon.colcon_core.environment:checking '/home/uditr/mybot_ws/install/mybot_description' for CMake config files
[0.953s] Level 1:colcon.colcon_core.shell:create_environment_hook('mybot_description', 'cmake_prefix_path')
[0.954s] INFO:colcon.colcon_core.shell:Creating environment hook '/home/uditr/mybot_ws/install/mybot_description/share/mybot_description/hook/cmake_prefix_path.ps1'
[0.954s] INFO:colcon.colcon_core.shell:Creating environment descriptor '/home/uditr/mybot_ws/install/mybot_description/share/mybot_description/hook/cmake_prefix_path.dsv'
[0.955s] INFO:colcon.colcon_core.shell:Creating environment hook '/home/uditr/mybot_ws/install/mybot_description/share/mybot_description/hook/cmake_prefix_path.sh'
[0.955s] Level 1:colcon.colcon_core.environment:checking '/home/uditr/mybot_ws/install/mybot_description/bin'
[0.956s] Level 1:colcon.colcon_core.environment:checking '/home/uditr/mybot_ws/install/mybot_description/lib/pkgconfig/mybot_description.pc'
[0.956s] Level 1:colcon.colcon_core.environment:checking '/home/uditr/mybot_ws/install/mybot_description/lib/python3.10/site-packages'
[0.956s] Level 1:colcon.colcon_core.environment:checking '/home/uditr/mybot_ws/install/mybot_description/bin'
[0.957s] INFO:colcon.colcon_core.shell:Creating package script '/home/uditr/mybot_ws/install/mybot_description/share/mybot_description/package.ps1'
[0.958s] INFO:colcon.colcon_core.shell:Creating package descriptor '/home/uditr/mybot_ws/install/mybot_description/share/mybot_description/package.dsv'
[0.959s] INFO:colcon.colcon_core.shell:Creating package script '/home/uditr/mybot_ws/install/mybot_description/share/mybot_description/package.sh'
[0.960s] INFO:colcon.colcon_core.shell:Creating package script '/home/uditr/mybot_ws/install/mybot_description/share/mybot_description/package.bash'
[0.960s] INFO:colcon.colcon_core.shell:Creating package script '/home/uditr/mybot_ws/install/mybot_description/share/mybot_description/package.zsh'
[0.961s] Level 1:colcon.colcon_core.environment:create_file_with_runtime_dependencies(/home/uditr/mybot_ws/install/mybot_description/share/colcon-core/packages/mybot_description)
[1.317s] DEBUG:colcon.colcon_core.event_handler.log_command:Invoking command in '/home/uditr/mybot_ws/src/mybot_py_programs': PYTHONPATH=/home/uditr/mybot_ws/build/mybot_py_programs/prefix_override:/usr/lib/python3/dist-packages/colcon_core/task/python/colcon_distutils_commands:/home/uditr/mybot_ws/install/mybot_py_programs/lib/python3.10/site-packages:${PYTHONPATH} /usr/bin/python3 -W ignore:setup.py install is deprecated setup.py egg_info --egg-base ../../build/mybot_py_programs build --build-base /home/uditr/mybot_ws/build/mybot_py_programs/build install --record /home/uditr/mybot_ws/build/mybot_py_programs/install.log --single-version-externally-managed install_data
[1.694s] Level 1:colcon.colcon_core.environment:checking '/home/uditr/mybot_ws/install/mybot_py_programs' for CMake module files
[1.695s] DEBUG:colcon.colcon_core.event_handler.log_command:Invoked command in '/home/uditr/mybot_ws/src/mybot_py_programs' returned '0': PYTHONPATH=/home/uditr/mybot_ws/build/mybot_py_programs/prefix_override:/usr/lib/python3/dist-packages/colcon_core/task/python/colcon_distutils_commands:/home/uditr/mybot_ws/install/mybot_py_programs/lib/python3.10/site-packages:${PYTHONPATH} /usr/bin/python3 -W ignore:setup.py install is deprecated setup.py egg_info --egg-base ../../build/mybot_py_programs build --build-base /home/uditr/mybot_ws/build/mybot_py_programs/build install --record /home/uditr/mybot_ws/build/mybot_py_programs/install.log --single-version-externally-managed install_data
[1.695s] Level 1:colcon.colcon_core.environment:checking '/home/uditr/mybot_ws/install/mybot_py_programs' for CMake config files
[1.696s] Level 1:colcon.colcon_core.environment:checking '/home/uditr/mybot_ws/install/mybot_py_programs/lib'
[1.696s] Level 1:colcon.colcon_core.environment:checking '/home/uditr/mybot_ws/install/mybot_py_programs/bin'
[1.696s] Level 1:colcon.colcon_core.environment:checking '/home/uditr/mybot_ws/install/mybot_py_programs/lib/pkgconfig/mybot_py_programs.pc'
[1.696s] Level 1:colcon.colcon_core.environment:checking '/home/uditr/mybot_ws/install/mybot_py_programs/lib/python3.10/site-packages'
[1.696s] Level 1:colcon.colcon_core.shell:create_environment_hook('mybot_py_programs', 'pythonpath')
[1.697s] INFO:colcon.colcon_core.shell:Creating environment hook '/home/uditr/mybot_ws/install/mybot_py_programs/share/mybot_py_programs/hook/pythonpath.ps1'
[1.697s] INFO:colcon.colcon_core.shell:Creating environment descriptor '/home/uditr/mybot_ws/install/mybot_py_programs/share/mybot_py_programs/hook/pythonpath.dsv'
[1.698s] INFO:colcon.colcon_core.shell:Creating environment hook '/home/uditr/mybot_ws/install/mybot_py_programs/share/mybot_py_programs/hook/pythonpath.sh'
[1.698s] Level 1:colcon.colcon_core.environment:checking '/home/uditr/mybot_ws/install/mybot_py_programs/bin'
[1.698s] Level 1:colcon.colcon_core.environment:create_environment_scripts_only(mybot_py_programs)
[1.699s] INFO:colcon.colcon_core.shell:Creating package script '/home/uditr/mybot_ws/install/mybot_py_programs/share/mybot_py_programs/package.ps1'
[1.699s] INFO:colcon.colcon_core.shell:Creating package descriptor '/home/uditr/mybot_ws/install/mybot_py_programs/share/mybot_py_programs/package.dsv'
[1.700s] INFO:colcon.colcon_core.shell:Creating package script '/home/uditr/mybot_ws/install/mybot_py_programs/share/mybot_py_programs/package.sh'
[1.700s] INFO:colcon.colcon_core.shell:Creating package script '/home/uditr/mybot_ws/install/mybot_py_programs/share/mybot_py_programs/package.bash'
[1.701s] INFO:colcon.colcon_core.shell:Creating package script '/home/uditr/mybot_ws/install/mybot_py_programs/share/mybot_py_programs/package.zsh'
[1.701s] Level 1:colcon.colcon_core.environment:create_file_with_runtime_dependencies(/home/uditr/mybot_ws/install/mybot_py_programs/share/colcon-core/packages/mybot_py_programs)
[1.855s] DEBUG:colcon.colcon_core.event_handler.log_command:Invoked command in '/home/uditr/mybot_ws/build/mybot_controller' returned '0': CMAKE_PREFIX_PATH=/opt/ros/humble /usr/bin/cmake --build /home/uditr/mybot_ws/build/mybot_controller -- -j8 -l8
[1.878s] DEBUG:colcon.colcon_core.event_handler.log_command:Invoking command in '/home/uditr/mybot_ws/build/mybot_controller': CMAKE_PREFIX_PATH=/opt/ros/humble /usr/bin/cmake --install /home/uditr/mybot_ws/build/mybot_controller
[1.936s] Level 1:colcon.colcon_core.environment:create_environment_scripts_only(mybot_controller)
[1.937s] Level 1:colcon.colcon_core.environment:checking '/home/uditr/mybot_ws/install/mybot_controller' for CMake module files
[1.937s] DEBUG:colcon.colcon_core.event_handler.log_command:Invoked command in '/home/uditr/mybot_ws/build/mybot_controller' returned '0': CMAKE_PREFIX_PATH=/opt/ros/humble /usr/bin/cmake --install /home/uditr/mybot_ws/build/mybot_controller
[1.938s] Level 1:colcon.colcon_core.environment:checking '/home/uditr/mybot_ws/install/mybot_controller' for CMake config files
[1.938s] Level 1:colcon.colcon_core.shell:create_environment_hook('mybot_controller', 'cmake_prefix_path')
[1.938s] INFO:colcon.colcon_core.shell:Creating environment hook '/home/uditr/mybot_ws/install/mybot_controller/share/mybot_controller/hook/cmake_prefix_path.ps1'
[1.939s] INFO:colcon.colcon_core.shell:Creating environment descriptor '/home/uditr/mybot_ws/install/mybot_controller/share/mybot_controller/hook/cmake_prefix_path.dsv'
[1.939s] INFO:colcon.colcon_core.shell:Creating environment hook '/home/uditr/mybot_ws/install/mybot_controller/share/mybot_controller/hook/cmake_prefix_path.sh'
[1.939s] Level 1:colcon.colcon_core.environment:checking '/home/uditr/mybot_ws/install/mybot_controller/lib'
[1.939s] Level 1:colcon.colcon_core.environment:checking '/home/uditr/mybot_ws/install/mybot_controller/bin'
[1.940s] Level 1:colcon.colcon_core.environment:checking '/home/uditr/mybot_ws/install/mybot_controller/lib/pkgconfig/mybot_controller.pc'
[1.940s] Level 1:colcon.colcon_core.environment:checking '/home/uditr/mybot_ws/install/mybot_controller/lib/python3.10/site-packages'
[1.940s] Level 1:colcon.colcon_core.environment:checking '/home/uditr/mybot_ws/install/mybot_controller/bin'
[1.940s] INFO:colcon.colcon_core.shell:Creating package script '/home/uditr/mybot_ws/install/mybot_controller/share/mybot_controller/package.ps1'
[1.941s] INFO:colcon.colcon_core.shell:Creating package descriptor '/home/uditr/mybot_ws/install/mybot_controller/share/mybot_controller/package.dsv'
[1.941s] INFO:colcon.colcon_core.shell:Creating package script '/home/uditr/mybot_ws/install/mybot_controller/share/mybot_controller/package.sh'
[1.941s] INFO:colcon.colcon_core.shell:Creating package script '/home/uditr/mybot_ws/install/mybot_controller/share/mybot_controller/package.bash'
[1.941s] INFO:colcon.colcon_core.shell:Creating package script '/home/uditr/mybot_ws/install/mybot_controller/share/mybot_controller/package.zsh'
[1.942s] Level 1:colcon.colcon_core.environment:create_file_with_runtime_dependencies(/home/uditr/mybot_ws/install/mybot_controller/share/colcon-core/packages/mybot_controller)
[1.963s] Level 1:colcon.colcon_core.environment:create_environment_scripts_only(mybot_controller)
[1.963s] Level 1:colcon.colcon_core.environment:checking '/home/uditr/mybot_ws/install/mybot_controller' for CMake module files
[1.964s] Level 1:colcon.colcon_core.environment:checking '/home/uditr/mybot_ws/install/mybot_controller' for CMake config files
[1.964s] Level 1:colcon.colcon_core.shell:create_environment_hook('mybot_controller', 'cmake_prefix_path')
[1.965s] INFO:colcon.colcon_core.shell:Creating environment hook '/home/uditr/mybot_ws/install/mybot_controller/share/mybot_controller/hook/cmake_prefix_path.ps1'
[1.965s] INFO:colcon.colcon_core.shell:Creating environment descriptor '/home/uditr/mybot_ws/install/mybot_controller/share/mybot_controller/hook/cmake_prefix_path.dsv'
[1.965s] INFO:colcon.colcon_core.shell:Creating environment hook '/home/uditr/mybot_ws/install/mybot_controller/share/mybot_controller/hook/cmake_prefix_path.sh'
[1.966s] Level 1:colcon.colcon_core.environment:checking '/home/uditr/mybot_ws/install/mybot_controller/lib'
[1.966s] Level 1:colcon.colcon_core.environment:checking '/home/uditr/mybot_ws/install/mybot_controller/bin'
[1.966s] Level 1:colcon.colcon_core.environment:checking '/home/uditr/mybot_ws/install/mybot_controller/lib/pkgconfig/mybot_controller.pc'
[1.966s] Level 1:colcon.colcon_core.environment:checking '/home/uditr/mybot_ws/install/mybot_controller/lib/python3.10/site-packages'
[1.966s] Level 1:colcon.colcon_core.environment:checking '/home/uditr/mybot_ws/install/mybot_controller/bin'
[1.966s] INFO:colcon.colcon_core.shell:Creating package script '/home/uditr/mybot_ws/install/mybot_controller/share/mybot_controller/package.ps1'
[1.967s] INFO:colcon.colcon_core.shell:Creating package descriptor '/home/uditr/mybot_ws/install/mybot_controller/share/mybot_controller/package.dsv'
[1.967s] INFO:colcon.colcon_core.shell:Creating package script '/home/uditr/mybot_ws/install/mybot_controller/share/mybot_controller/package.sh'
[1.967s] INFO:colcon.colcon_core.shell:Creating package script '/home/uditr/mybot_ws/install/mybot_controller/share/mybot_controller/package.bash'
[1.968s] INFO:colcon.colcon_core.shell:Creating package script '/home/uditr/mybot_ws/install/mybot_controller/share/mybot_controller/package.zsh'
[1.968s] Level 1:colcon.colcon_core.environment:create_file_with_runtime_dependencies(/home/uditr/mybot_ws/install/mybot_controller/share/colcon-core/packages/mybot_controller)
[1.968s] DEBUG:colcon.colcon_parallel_executor.executor.parallel:closing loop
[1.969s] DEBUG:colcon.colcon_parallel_executor.executor.parallel:loop closed
[1.969s] DEBUG:colcon.colcon_parallel_executor.executor.parallel:run_until_complete finished with '0'
[1.969s] DEBUG:colcon.colcon_core.event_reactor:joining thread
[1.973s] INFO:colcon.colcon_core.plugin_system:Skipping extension 'colcon_notification.desktop_notification.terminal_notifier': Not used on non-Darwin systems
[1.973s] INFO:colcon.colcon_core.plugin_system:Skipping extension 'colcon_notification.desktop_notification.win32': Not used on non-Windows systems
[1.973s] INFO:colcon.colcon_notification.desktop_notification:Sending desktop notification using 'notify2'
[1.982s] DEBUG:colcon.colcon_core.event_reactor:joined thread
[1.982s] INFO:colcon.colcon_core.shell:Creating prefix script '/home/uditr/mybot_ws/install/local_setup.ps1'
[1.983s] INFO:colcon.colcon_core.shell:Creating prefix util module '/home/uditr/mybot_ws/install/_local_setup_util_ps1.py'
[1.984s] INFO:colcon.colcon_core.shell:Creating prefix chain script '/home/uditr/mybot_ws/install/setup.ps1'
[1.985s] INFO:colcon.colcon_core.shell:Creating prefix script '/home/uditr/mybot_ws/install/local_setup.sh'
[1.985s] INFO:colcon.colcon_core.shell:Creating prefix util module '/home/uditr/mybot_ws/install/_local_setup_util_sh.py'
[1.985s] INFO:colcon.colcon_core.shell:Creating prefix chain script '/home/uditr/mybot_ws/install/setup.sh'
[1.986s] INFO:colcon.colcon_core.shell:Creating prefix script '/home/uditr/mybot_ws/install/local_setup.bash'
[1.986s] INFO:colcon.colcon_core.shell:Creating prefix chain script '/home/uditr/mybot_ws/install/setup.bash'
[1.987s] INFO:colcon.colcon_core.shell:Creating prefix script '/home/uditr/mybot_ws/install/local_setup.zsh'
[1.988s] INFO:colcon.colcon_core.shell:Creating prefix chain script '/home/uditr/mybot_ws/install/setup.zsh'
