[0.219s] Invoking command in '/home/uditr/mybot_ws/build/mybot_description': CMAKE_PREFIX_PATH=/opt/ros/humble /usr/bin/cmake --build /home/uditr/mybot_ws/build/mybot_description -- -j8 -l8
[1.174s] Invoked command in '/home/uditr/mybot_ws/build/mybot_description' returned '0': CMAKE_PREFIX_PATH=/opt/ros/humble /usr/bin/cmake --build /home/uditr/mybot_ws/build/mybot_description -- -j8 -l8
[1.189s] Invoking command in '/home/uditr/mybot_ws/build/mybot_description': CMAKE_PREFIX_PATH=/opt/ros/humble /usr/bin/cmake --install /home/uditr/mybot_ws/build/mybot_description
[1.195s] -- Install configuration: ""
[1.362s] -- Execute custom install script
[1.442s] -- Up-to-date symlink: /home/uditr/mybot_ws/install/mybot_description/share/mybot_description/meshesmain/base_link.STL
[1.442s] -- Up-to-date symlink: /home/uditr/mybot_ws/install/mybot_description/share/mybot_description/meshesmain/can.STL
[1.442s] -- Up-to-date symlink: /home/uditr/mybot_ws/install/mybot_description/share/mybot_description/meshesmain/caster_front_link.STL
[1.443s] -- Up-to-date symlink: /home/uditr/mybot_ws/install/mybot_description/share/mybot_description/meshesmain/caster_rear_link.STL
[1.443s] -- Up-to-date symlink: /home/uditr/mybot_ws/install/mybot_description/share/mybot_description/meshesmain/imu_link.STL
[1.443s] -- Up-to-date symlink: /home/uditr/mybot_ws/install/mybot_description/share/mybot_description/meshesmain/wheel_left_link.STL
[1.444s] -- Up-to-date symlink: /home/uditr/mybot_ws/install/mybot_description/share/mybot_description/meshesmain/wheel_right_link.STL
[1.462s] -- Up-to-date symlink: /home/uditr/mybot_ws/install/mybot_description/share/mybot_description/urdf/materials.xacro
[1.463s] -- Up-to-date symlink: /home/uditr/mybot_ws/install/mybot_description/share/mybot_description/urdf/mybot.urdf.xacro
[1.464s] -- Up-to-date symlink: /home/uditr/mybot_ws/install/mybot_description/share/mybot_description/urdf/mybot_gazebo.xacro
[1.464s] -- Up-to-date symlink: /home/uditr/mybot_ws/install/mybot_description/share/mybot_description/urdf/mybot_ros2_control.xacro
[1.513s] -- Up-to-date symlink: /home/uditr/mybot_ws/install/mybot_description/share/mybot_description/models/ground_plane/model-1_2.sdf
[1.514s] -- Up-to-date symlink: /home/uditr/mybot_ws/install/mybot_description/share/mybot_description/models/ground_plane/model-1_3.sdf
[1.514s] -- Up-to-date symlink: /home/uditr/mybot_ws/install/mybot_description/share/mybot_description/models/ground_plane/model-1_4.sdf
[1.514s] -- Up-to-date symlink: /home/uditr/mybot_ws/install/mybot_description/share/mybot_description/models/ground_plane/model.config
[1.515s] -- Up-to-date symlink: /home/uditr/mybot_ws/install/mybot_description/share/mybot_description/models/ground_plane/model.sdf
[1.535s] -- Up-to-date symlink: /home/uditr/mybot_ws/install/mybot_description/share/mybot_description/models/sun/model-1_2.sdf
[1.536s] -- Up-to-date symlink: /home/uditr/mybot_ws/install/mybot_description/share/mybot_description/models/sun/model-1_3.sdf
[1.536s] -- Up-to-date symlink: /home/uditr/mybot_ws/install/mybot_description/share/mybot_description/models/sun/model-1_4.sdf
[1.536s] -- Up-to-date symlink: /home/uditr/mybot_ws/install/mybot_description/share/mybot_description/models/sun/model.config
[1.537s] -- Up-to-date symlink: /home/uditr/mybot_ws/install/mybot_description/share/mybot_description/models/sun/model.sdf
[1.621s] -- Up-to-date symlink: /home/uditr/mybot_ws/install/mybot_description/share/mybot_description/launch/display.launch.py
[1.622s] -- Up-to-date symlink: /home/uditr/mybot_ws/install/mybot_description/share/mybot_description/launch/gazebo.launch.py
[1.623s] -- Up-to-date symlink: /home/uditr/mybot_ws/install/mybot_description/share/mybot_description/rviz/display.rviz
[1.662s] -- Up-to-date symlink: /home/uditr/mybot_ws/install/mybot_description/share/ament_index/resource_index/package_run_dependencies/mybot_description
[1.740s] -- Up-to-date symlink: /home/uditr/mybot_ws/install/mybot_description/share/ament_index/resource_index/parent_prefix_path/mybot_description
[1.773s] -- Up-to-date symlink: /home/uditr/mybot_ws/install/mybot_description/share/mybot_description/environment/ament_prefix_path.sh
[1.773s] -- Up-to-date symlink: /home/uditr/mybot_ws/install/mybot_description/share/mybot_description/environment/ament_prefix_path.dsv
[1.773s] -- Up-to-date symlink: /home/uditr/mybot_ws/install/mybot_description/share/mybot_description/environment/path.sh
[1.782s] -- Up-to-date symlink: /home/uditr/mybot_ws/install/mybot_description/share/mybot_description/environment/path.dsv
[1.782s] -- Up-to-date symlink: /home/uditr/mybot_ws/install/mybot_description/share/mybot_description/local_setup.bash
[1.782s] -- Up-to-date symlink: /home/uditr/mybot_ws/install/mybot_description/share/mybot_description/local_setup.sh
[1.783s] -- Up-to-date symlink: /home/uditr/mybot_ws/install/mybot_description/share/mybot_description/local_setup.zsh
[1.783s] -- Up-to-date symlink: /home/uditr/mybot_ws/install/mybot_description/share/mybot_description/local_setup.dsv
[1.784s] -- Symlinking: /home/uditr/mybot_ws/install/mybot_description/share/mybot_description/package.dsv
[1.828s] -- Up-to-date symlink: /home/uditr/mybot_ws/install/mybot_description/share/ament_index/resource_index/packages/mybot_description
[1.829s] -- Up-to-date symlink: /home/uditr/mybot_ws/install/mybot_description/share/mybot_description/cmake/mybot_descriptionConfig.cmake
[1.830s] -- Up-to-date symlink: /home/uditr/mybot_ws/install/mybot_description/share/mybot_description/cmake/mybot_descriptionConfig-version.cmake
[1.830s] -- Up-to-date symlink: /home/uditr/mybot_ws/install/mybot_description/share/mybot_description/package.xml
[1.832s] Invoked command in '/home/uditr/mybot_ws/build/mybot_description' returned '0': CMAKE_PREFIX_PATH=/opt/ros/humble /usr/bin/cmake --install /home/uditr/mybot_ws/build/mybot_description
