[0.188s] Invoking command in '/home/uditr/mybot_ws/build/mybot_msgs': CMAKE_PREFIX_PATH=/opt/ros/humble /usr/bin/cmake --build /home/uditr/mybot_ws/build/mybot_msgs -- -j8 -l8
[4.796s] [  2%] Built target mybot_msgs__cpp
[4.923s] [  2%] Built target ament_cmake_python_copy_mybot_msgs
[5.282s] running egg_info
[5.283s] writing mybot_msgs.egg-info/PKG-INFO
[5.283s] writing dependency_links to mybot_msgs.egg-info/dependency_links.txt
[5.283s] writing top-level names to mybot_msgs.egg-info/top_level.txt
[5.285s] reading manifest file 'mybot_msgs.egg-info/SOURCES.txt'
[5.315s] writing manifest file 'mybot_msgs.egg-info/SOURCES.txt'
[5.336s] [  2%] Built target ament_cmake_python_build_mybot_msgs_egg
[5.455s] [ 12%] Built target mybot_msgs__rosidl_generator_c
[5.716s] [ 23%] Built target mybot_msgs__rosidl_typesupport_introspection_c
[5.794s] [ 33%] Built target mybot_msgs__rosidl_typesupport_c
[5.889s] [ 43%] Built target mybot_msgs__rosidl_typesupport_cpp
[5.889s] [ 58%] Built target mybot_msgs__rosidl_typesupport_fastrtps_cpp
[5.890s] [ 64%] Built target mybot_msgs__rosidl_typesupport_fastrtps_c
[5.943s] [ 74%] Built target mybot_msgs__rosidl_typesupport_introspection_cpp
[5.981s] [ 74%] Built target mybot_msgs
[6.029s] [ 76%] Built target mybot_msgs__py
[6.189s] [ 84%] Built target mybot_msgs__rosidl_generator_py
[6.209s] [ 89%] Built target mybot_msgs__rosidl_typesupport_fastrtps_c__pyext
[6.249s] [ 94%] Built target mybot_msgs__rosidl_typesupport_c__pyext
[6.253s] [100%] Built target mybot_msgs__rosidl_typesupport_introspection_c__pyext
[6.263s] Invoked command in '/home/uditr/mybot_ws/build/mybot_msgs' returned '0': CMAKE_PREFIX_PATH=/opt/ros/humble /usr/bin/cmake --build /home/uditr/mybot_ws/build/mybot_msgs -- -j8 -l8
[6.317s] Invoking command in '/home/uditr/mybot_ws/build/mybot_msgs': CMAKE_PREFIX_PATH=/opt/ros/humble /usr/bin/cmake --install /home/uditr/mybot_ws/build/mybot_msgs
[6.323s] -- Install configuration: ""
[6.417s] -- Up-to-date: /home/uditr/mybot_ws/install/mybot_msgs/share/ament_index/resource_index/rosidl_interfaces/mybot_msgs
[6.428s] -- Up-to-date: /home/uditr/mybot_ws/install/mybot_msgs/include/mybot_msgs/mybot_msgs
[6.461s] -- Up-to-date: /home/uditr/mybot_ws/install/mybot_msgs/include/mybot_msgs/mybot_msgs/msg
[6.494s] -- Up-to-date: /home/uditr/mybot_ws/install/mybot_msgs/include/mybot_msgs/mybot_msgs/msg/rosidl_generator_c__visibility_control.h
[6.494s] -- Up-to-date: /home/uditr/mybot_ws/install/mybot_msgs/include/mybot_msgs/mybot_msgs/srv
[6.505s] -- Up-to-date: /home/uditr/mybot_ws/install/mybot_msgs/include/mybot_msgs/mybot_msgs/srv/get_transform.h
[6.505s] -- Up-to-date: /home/uditr/mybot_ws/install/mybot_msgs/include/mybot_msgs/mybot_msgs/srv/detail
[6.516s] -- Up-to-date: /home/uditr/mybot_ws/install/mybot_msgs/include/mybot_msgs/mybot_msgs/srv/detail/add_two_ints__functions.h
[6.517s] -- Up-to-date: /home/uditr/mybot_ws/install/mybot_msgs/include/mybot_msgs/mybot_msgs/srv/detail/add_two_ints__functions.c
[6.517s] -- Up-to-date: /home/uditr/mybot_ws/install/mybot_msgs/include/mybot_msgs/mybot_msgs/srv/detail/add_two_ints__type_support.h
[6.517s] -- Up-to-date: /home/uditr/mybot_ws/install/mybot_msgs/include/mybot_msgs/mybot_msgs/srv/detail/get_transform__struct.h
[6.517s] -- Up-to-date: /home/uditr/mybot_ws/install/mybot_msgs/include/mybot_msgs/mybot_msgs/srv/detail/get_transform__type_support.h
[6.517s] -- Up-to-date: /home/uditr/mybot_ws/install/mybot_msgs/include/mybot_msgs/mybot_msgs/srv/detail/get_transform__functions.h
[6.517s] -- Up-to-date: /home/uditr/mybot_ws/install/mybot_msgs/include/mybot_msgs/mybot_msgs/srv/detail/get_transform__functions.c
[6.517s] -- Up-to-date: /home/uditr/mybot_ws/install/mybot_msgs/include/mybot_msgs/mybot_msgs/srv/detail/add_two_ints__struct.h
[6.517s] -- Up-to-date: /home/uditr/mybot_ws/install/mybot_msgs/include/mybot_msgs/mybot_msgs/srv/add_two_ints.h
[6.561s] -- Up-to-date: /home/uditr/mybot_ws/install/mybot_msgs/share/mybot_msgs/environment/library_path.sh
[6.561s] -- Up-to-date: /home/uditr/mybot_ws/install/mybot_msgs/share/mybot_msgs/environment/library_path.dsv
[6.563s] -- Up-to-date: /home/uditr/mybot_ws/install/mybot_msgs/lib/libmybot_msgs__rosidl_generator_c.so
[6.563s] -- Up-to-date: /home/uditr/mybot_ws/install/mybot_msgs/include/mybot_msgs/mybot_msgs
[6.563s] -- Up-to-date: /home/uditr/mybot_ws/install/mybot_msgs/include/mybot_msgs/mybot_msgs/msg
[6.563s] -- Up-to-date: /home/uditr/mybot_ws/install/mybot_msgs/include/mybot_msgs/mybot_msgs/msg/rosidl_typesupport_fastrtps_c__visibility_control.h
[6.563s] -- Up-to-date: /home/uditr/mybot_ws/install/mybot_msgs/include/mybot_msgs/mybot_msgs/srv
[6.563s] -- Up-to-date: /home/uditr/mybot_ws/install/mybot_msgs/include/mybot_msgs/mybot_msgs/srv/detail
[6.563s] -- Up-to-date: /home/uditr/mybot_ws/install/mybot_msgs/include/mybot_msgs/mybot_msgs/srv/detail/add_two_ints__rosidl_typesupport_fastrtps_c.h
[6.563s] -- Up-to-date: /home/uditr/mybot_ws/install/mybot_msgs/include/mybot_msgs/mybot_msgs/srv/detail/get_transform__rosidl_typesupport_fastrtps_c.h
[6.564s] -- Up-to-date: /home/uditr/mybot_ws/install/mybot_msgs/lib/libmybot_msgs__rosidl_typesupport_fastrtps_c.so
[6.564s] -- Up-to-date: /home/uditr/mybot_ws/install/mybot_msgs/include/mybot_msgs/mybot_msgs
[6.564s] -- Up-to-date: /home/uditr/mybot_ws/install/mybot_msgs/include/mybot_msgs/mybot_msgs/srv
[6.564s] -- Up-to-date: /home/uditr/mybot_ws/install/mybot_msgs/include/mybot_msgs/mybot_msgs/srv/get_transform.hpp
[6.564s] -- Up-to-date: /home/uditr/mybot_ws/install/mybot_msgs/include/mybot_msgs/mybot_msgs/srv/add_two_ints.hpp
[6.564s] -- Up-to-date: /home/uditr/mybot_ws/install/mybot_msgs/include/mybot_msgs/mybot_msgs/srv/detail
[6.564s] -- Up-to-date: /home/uditr/mybot_ws/install/mybot_msgs/include/mybot_msgs/mybot_msgs/srv/detail/add_two_ints__traits.hpp
[6.564s] -- Up-to-date: /home/uditr/mybot_ws/install/mybot_msgs/include/mybot_msgs/mybot_msgs/srv/detail/get_transform__builder.hpp
[6.564s] -- Up-to-date: /home/uditr/mybot_ws/install/mybot_msgs/include/mybot_msgs/mybot_msgs/srv/detail/get_transform__traits.hpp
[6.564s] -- Up-to-date: /home/uditr/mybot_ws/install/mybot_msgs/include/mybot_msgs/mybot_msgs/srv/detail/add_two_ints__builder.hpp
[6.564s] -- Up-to-date: /home/uditr/mybot_ws/install/mybot_msgs/include/mybot_msgs/mybot_msgs/srv/detail/get_transform__struct.hpp
[6.564s] -- Up-to-date: /home/uditr/mybot_ws/install/mybot_msgs/include/mybot_msgs/mybot_msgs/srv/detail/add_two_ints__struct.hpp
[6.564s] -- Up-to-date: /home/uditr/mybot_ws/install/mybot_msgs/include/mybot_msgs/mybot_msgs
[6.564s] -- Up-to-date: /home/uditr/mybot_ws/install/mybot_msgs/include/mybot_msgs/mybot_msgs/msg
[6.564s] -- Up-to-date: /home/uditr/mybot_ws/install/mybot_msgs/include/mybot_msgs/mybot_msgs/msg/rosidl_typesupport_fastrtps_cpp__visibility_control.h
[6.565s] -- Up-to-date: /home/uditr/mybot_ws/install/mybot_msgs/include/mybot_msgs/mybot_msgs/srv
[6.565s] -- Up-to-date: /home/uditr/mybot_ws/install/mybot_msgs/include/mybot_msgs/mybot_msgs/srv/detail
[6.565s] -- Up-to-date: /home/uditr/mybot_ws/install/mybot_msgs/include/mybot_msgs/mybot_msgs/srv/detail/dds_fastrtps
[6.565s] -- Up-to-date: /home/uditr/mybot_ws/install/mybot_msgs/include/mybot_msgs/mybot_msgs/srv/detail/add_two_ints__rosidl_typesupport_fastrtps_cpp.hpp
[6.565s] -- Up-to-date: /home/uditr/mybot_ws/install/mybot_msgs/include/mybot_msgs/mybot_msgs/srv/detail/get_transform__rosidl_typesupport_fastrtps_cpp.hpp
[6.565s] -- Up-to-date: /home/uditr/mybot_ws/install/mybot_msgs/lib/libmybot_msgs__rosidl_typesupport_fastrtps_cpp.so
[6.565s] -- Up-to-date: /home/uditr/mybot_ws/install/mybot_msgs/include/mybot_msgs/mybot_msgs
[6.565s] -- Up-to-date: /home/uditr/mybot_ws/install/mybot_msgs/include/mybot_msgs/mybot_msgs/msg
[6.565s] -- Up-to-date: /home/uditr/mybot_ws/install/mybot_msgs/include/mybot_msgs/mybot_msgs/msg/rosidl_typesupport_introspection_c__visibility_control.h
[6.566s] -- Up-to-date: /home/uditr/mybot_ws/install/mybot_msgs/include/mybot_msgs/mybot_msgs/srv
[6.566s] -- Up-to-date: /home/uditr/mybot_ws/install/mybot_msgs/include/mybot_msgs/mybot_msgs/srv/detail
[6.566s] -- Up-to-date: /home/uditr/mybot_ws/install/mybot_msgs/include/mybot_msgs/mybot_msgs/srv/detail/get_transform__type_support.c
[6.566s] -- Up-to-date: /home/uditr/mybot_ws/install/mybot_msgs/include/mybot_msgs/mybot_msgs/srv/detail/get_transform__rosidl_typesupport_introspection_c.h
[6.566s] -- Up-to-date: /home/uditr/mybot_ws/install/mybot_msgs/include/mybot_msgs/mybot_msgs/srv/detail/add_two_ints__type_support.c
[6.566s] -- Up-to-date: /home/uditr/mybot_ws/install/mybot_msgs/include/mybot_msgs/mybot_msgs/srv/detail/add_two_ints__rosidl_typesupport_introspection_c.h
[6.567s] -- Up-to-date: /home/uditr/mybot_ws/install/mybot_msgs/lib/libmybot_msgs__rosidl_typesupport_introspection_c.so
[6.567s] -- Up-to-date: /home/uditr/mybot_ws/install/mybot_msgs/lib/libmybot_msgs__rosidl_typesupport_c.so
[6.567s] -- Up-to-date: /home/uditr/mybot_ws/install/mybot_msgs/include/mybot_msgs/mybot_msgs
[6.567s] -- Up-to-date: /home/uditr/mybot_ws/install/mybot_msgs/include/mybot_msgs/mybot_msgs/srv
[6.567s] -- Up-to-date: /home/uditr/mybot_ws/install/mybot_msgs/include/mybot_msgs/mybot_msgs/srv/detail
[6.567s] -- Up-to-date: /home/uditr/mybot_ws/install/mybot_msgs/include/mybot_msgs/mybot_msgs/srv/detail/add_two_ints__rosidl_typesupport_introspection_cpp.hpp
[6.567s] -- Up-to-date: /home/uditr/mybot_ws/install/mybot_msgs/include/mybot_msgs/mybot_msgs/srv/detail/add_two_ints__type_support.cpp
[6.568s] -- Up-to-date: /home/uditr/mybot_ws/install/mybot_msgs/include/mybot_msgs/mybot_msgs/srv/detail/get_transform__type_support.cpp
[6.568s] -- Up-to-date: /home/uditr/mybot_ws/install/mybot_msgs/include/mybot_msgs/mybot_msgs/srv/detail/get_transform__rosidl_typesupport_introspection_cpp.hpp
[6.569s] -- Up-to-date: /home/uditr/mybot_ws/install/mybot_msgs/lib/libmybot_msgs__rosidl_typesupport_introspection_cpp.so
[6.570s] -- Up-to-date: /home/uditr/mybot_ws/install/mybot_msgs/lib/libmybot_msgs__rosidl_typesupport_cpp.so
[6.570s] -- Up-to-date: /home/uditr/mybot_ws/install/mybot_msgs/share/mybot_msgs/environment/pythonpath.sh
[6.570s] -- Up-to-date: /home/uditr/mybot_ws/install/mybot_msgs/share/mybot_msgs/environment/pythonpath.dsv
[6.638s] -- Up-to-date: /home/uditr/mybot_ws/install/mybot_msgs/local/lib/python3.10/dist-packages/mybot_msgs-0.0.0-py3.10.egg-info
[6.649s] -- Installing: /home/uditr/mybot_ws/install/mybot_msgs/local/lib/python3.10/dist-packages/mybot_msgs-0.0.0-py3.10.egg-info/dependency_links.txt
[6.650s] -- Installing: /home/uditr/mybot_ws/install/mybot_msgs/local/lib/python3.10/dist-packages/mybot_msgs-0.0.0-py3.10.egg-info/PKG-INFO
[6.650s] -- Installing: /home/uditr/mybot_ws/install/mybot_msgs/local/lib/python3.10/dist-packages/mybot_msgs-0.0.0-py3.10.egg-info/top_level.txt
[6.650s] -- Installing: /home/uditr/mybot_ws/install/mybot_msgs/local/lib/python3.10/dist-packages/mybot_msgs-0.0.0-py3.10.egg-info/SOURCES.txt
[6.650s] -- Up-to-date: /home/uditr/mybot_ws/install/mybot_msgs/local/lib/python3.10/dist-packages/mybot_msgs
[6.660s] -- Up-to-date: /home/uditr/mybot_ws/install/mybot_msgs/local/lib/python3.10/dist-packages/mybot_msgs/_mybot_msgs_s.ep.rosidl_typesupport_c.c
[6.661s] -- Up-to-date: /home/uditr/mybot_ws/install/mybot_msgs/local/lib/python3.10/dist-packages/mybot_msgs/_mybot_msgs_s.ep.rosidl_typesupport_fastrtps_c.c
[6.661s] -- Up-to-date: /home/uditr/mybot_ws/install/mybot_msgs/local/lib/python3.10/dist-packages/mybot_msgs/__init__.py
[6.661s] -- Up-to-date: /home/uditr/mybot_ws/install/mybot_msgs/local/lib/python3.10/dist-packages/mybot_msgs/libmybot_msgs__rosidl_generator_py.so
[6.661s] -- Up-to-date: /home/uditr/mybot_ws/install/mybot_msgs/local/lib/python3.10/dist-packages/mybot_msgs/mybot_msgs_s__rosidl_typesupport_introspection_c.cpython-310-x86_64-linux-gnu.so
[6.661s] -- Up-to-date: /home/uditr/mybot_ws/install/mybot_msgs/local/lib/python3.10/dist-packages/mybot_msgs/_mybot_msgs_s.ep.rosidl_typesupport_introspection_c.c
[6.661s] -- Up-to-date: /home/uditr/mybot_ws/install/mybot_msgs/local/lib/python3.10/dist-packages/mybot_msgs/srv
[6.671s] -- Up-to-date: /home/uditr/mybot_ws/install/mybot_msgs/local/lib/python3.10/dist-packages/mybot_msgs/srv/__init__.py
[6.672s] -- Up-to-date: /home/uditr/mybot_ws/install/mybot_msgs/local/lib/python3.10/dist-packages/mybot_msgs/srv/_get_transform_s.c
[6.672s] -- Up-to-date: /home/uditr/mybot_ws/install/mybot_msgs/local/lib/python3.10/dist-packages/mybot_msgs/srv/_get_transform.py
[6.672s] -- Up-to-date: /home/uditr/mybot_ws/install/mybot_msgs/local/lib/python3.10/dist-packages/mybot_msgs/srv/_add_two_ints_s.c
[6.672s] -- Up-to-date: /home/uditr/mybot_ws/install/mybot_msgs/local/lib/python3.10/dist-packages/mybot_msgs/srv/_add_two_ints.py
[6.672s] -- Up-to-date: /home/uditr/mybot_ws/install/mybot_msgs/local/lib/python3.10/dist-packages/mybot_msgs/mybot_msgs_s__rosidl_typesupport_fastrtps_c.cpython-310-x86_64-linux-gnu.so
[6.672s] -- Up-to-date: /home/uditr/mybot_ws/install/mybot_msgs/local/lib/python3.10/dist-packages/mybot_msgs/mybot_msgs_s__rosidl_typesupport_c.cpython-310-x86_64-linux-gnu.so
[6.728s] Listing '/home/uditr/mybot_ws/install/mybot_msgs/local/lib/python3.10/dist-packages/mybot_msgs'...
[6.729s] Listing '/home/uditr/mybot_ws/install/mybot_msgs/local/lib/python3.10/dist-packages/mybot_msgs/srv'...
[6.768s] -- Up-to-date: /home/uditr/mybot_ws/install/mybot_msgs/local/lib/python3.10/dist-packages/mybot_msgs/mybot_msgs_s__rosidl_typesupport_fastrtps_c.cpython-310-x86_64-linux-gnu.so
[6.801s] -- Up-to-date: /home/uditr/mybot_ws/install/mybot_msgs/local/lib/python3.10/dist-packages/mybot_msgs/mybot_msgs_s__rosidl_typesupport_introspection_c.cpython-310-x86_64-linux-gnu.so
[6.846s] -- Up-to-date: /home/uditr/mybot_ws/install/mybot_msgs/local/lib/python3.10/dist-packages/mybot_msgs/mybot_msgs_s__rosidl_typesupport_c.cpython-310-x86_64-linux-gnu.so
[6.858s] -- Up-to-date: /home/uditr/mybot_ws/install/mybot_msgs/lib/libmybot_msgs__rosidl_generator_py.so
[6.858s] -- Up-to-date: /home/uditr/mybot_ws/install/mybot_msgs/share/mybot_msgs/srv/AddTwoInts.idl
[6.858s] -- Up-to-date: /home/uditr/mybot_ws/install/mybot_msgs/share/mybot_msgs/srv/GetTransform.idl
[6.859s] -- Up-to-date: /home/uditr/mybot_ws/install/mybot_msgs/share/mybot_msgs/srv/AddTwoInts.srv
[6.859s] -- Up-to-date: /home/uditr/mybot_ws/install/mybot_msgs/share/mybot_msgs/srv/AddTwoInts_Request.msg
[6.859s] -- Up-to-date: /home/uditr/mybot_ws/install/mybot_msgs/share/mybot_msgs/srv/AddTwoInts_Response.msg
[6.859s] -- Up-to-date: /home/uditr/mybot_ws/install/mybot_msgs/share/mybot_msgs/srv/GetTransform.srv
[6.859s] -- Up-to-date: /home/uditr/mybot_ws/install/mybot_msgs/share/mybot_msgs/srv/GetTransform_Request.msg
[6.859s] -- Up-to-date: /home/uditr/mybot_ws/install/mybot_msgs/share/mybot_msgs/srv/GetTransform_Response.msg
[6.859s] -- Up-to-date: /home/uditr/mybot_ws/install/mybot_msgs/share/ament_index/resource_index/package_run_dependencies/mybot_msgs
[6.859s] -- Up-to-date: /home/uditr/mybot_ws/install/mybot_msgs/share/ament_index/resource_index/parent_prefix_path/mybot_msgs
[6.859s] -- Up-to-date: /home/uditr/mybot_ws/install/mybot_msgs/share/mybot_msgs/environment/ament_prefix_path.sh
[6.859s] -- Up-to-date: /home/uditr/mybot_ws/install/mybot_msgs/share/mybot_msgs/environment/ament_prefix_path.dsv
[6.859s] -- Up-to-date: /home/uditr/mybot_ws/install/mybot_msgs/share/mybot_msgs/environment/path.sh
[6.859s] -- Up-to-date: /home/uditr/mybot_ws/install/mybot_msgs/share/mybot_msgs/environment/path.dsv
[6.859s] -- Up-to-date: /home/uditr/mybot_ws/install/mybot_msgs/share/mybot_msgs/local_setup.bash
[6.859s] -- Up-to-date: /home/uditr/mybot_ws/install/mybot_msgs/share/mybot_msgs/local_setup.sh
[6.859s] -- Up-to-date: /home/uditr/mybot_ws/install/mybot_msgs/share/mybot_msgs/local_setup.zsh
[6.859s] -- Up-to-date: /home/uditr/mybot_ws/install/mybot_msgs/share/mybot_msgs/local_setup.dsv
[6.859s] -- Installing: /home/uditr/mybot_ws/install/mybot_msgs/share/mybot_msgs/package.dsv
[6.878s] -- Up-to-date: /home/uditr/mybot_ws/install/mybot_msgs/share/ament_index/resource_index/packages/mybot_msgs
[6.904s] -- Up-to-date: /home/uditr/mybot_ws/install/mybot_msgs/share/mybot_msgs/cmake/export_mybot_msgs__rosidl_generator_cExport.cmake
[6.904s] -- Up-to-date: /home/uditr/mybot_ws/install/mybot_msgs/share/mybot_msgs/cmake/export_mybot_msgs__rosidl_generator_cExport-noconfig.cmake
[6.905s] -- Up-to-date: /home/uditr/mybot_ws/install/mybot_msgs/share/mybot_msgs/cmake/export_mybot_msgs__rosidl_typesupport_fastrtps_cExport.cmake
[6.905s] -- Up-to-date: /home/uditr/mybot_ws/install/mybot_msgs/share/mybot_msgs/cmake/export_mybot_msgs__rosidl_typesupport_fastrtps_cExport-noconfig.cmake
[6.919s] -- Up-to-date: /home/uditr/mybot_ws/install/mybot_msgs/share/mybot_msgs/cmake/export_mybot_msgs__rosidl_generator_cppExport.cmake
[6.920s] -- Up-to-date: /home/uditr/mybot_ws/install/mybot_msgs/share/mybot_msgs/cmake/export_mybot_msgs__rosidl_typesupport_fastrtps_cppExport.cmake
[6.920s] -- Up-to-date: /home/uditr/mybot_ws/install/mybot_msgs/share/mybot_msgs/cmake/export_mybot_msgs__rosidl_typesupport_fastrtps_cppExport-noconfig.cmake
[6.920s] -- Up-to-date: /home/uditr/mybot_ws/install/mybot_msgs/share/mybot_msgs/cmake/mybot_msgs__rosidl_typesupport_introspection_cExport.cmake
[6.920s] -- Up-to-date: /home/uditr/mybot_ws/install/mybot_msgs/share/mybot_msgs/cmake/mybot_msgs__rosidl_typesupport_introspection_cExport-noconfig.cmake
[6.921s] -- Up-to-date: /home/uditr/mybot_ws/install/mybot_msgs/share/mybot_msgs/cmake/mybot_msgs__rosidl_typesupport_cExport.cmake
[6.921s] -- Up-to-date: /home/uditr/mybot_ws/install/mybot_msgs/share/mybot_msgs/cmake/mybot_msgs__rosidl_typesupport_cExport-noconfig.cmake
[6.921s] -- Up-to-date: /home/uditr/mybot_ws/install/mybot_msgs/share/mybot_msgs/cmake/mybot_msgs__rosidl_typesupport_introspection_cppExport.cmake
[6.921s] -- Up-to-date: /home/uditr/mybot_ws/install/mybot_msgs/share/mybot_msgs/cmake/mybot_msgs__rosidl_typesupport_introspection_cppExport-noconfig.cmake
[6.922s] -- Up-to-date: /home/uditr/mybot_ws/install/mybot_msgs/share/mybot_msgs/cmake/mybot_msgs__rosidl_typesupport_cppExport.cmake
[6.922s] -- Up-to-date: /home/uditr/mybot_ws/install/mybot_msgs/share/mybot_msgs/cmake/mybot_msgs__rosidl_typesupport_cppExport-noconfig.cmake
[6.922s] -- Up-to-date: /home/uditr/mybot_ws/install/mybot_msgs/share/mybot_msgs/cmake/export_mybot_msgs__rosidl_generator_pyExport.cmake
[6.922s] -- Up-to-date: /home/uditr/mybot_ws/install/mybot_msgs/share/mybot_msgs/cmake/export_mybot_msgs__rosidl_generator_pyExport-noconfig.cmake
[6.922s] -- Up-to-date: /home/uditr/mybot_ws/install/mybot_msgs/share/mybot_msgs/cmake/rosidl_cmake-extras.cmake
[6.922s] -- Up-to-date: /home/uditr/mybot_ws/install/mybot_msgs/share/mybot_msgs/cmake/ament_cmake_export_dependencies-extras.cmake
[6.922s] -- Up-to-date: /home/uditr/mybot_ws/install/mybot_msgs/share/mybot_msgs/cmake/ament_cmake_export_include_directories-extras.cmake
[6.922s] -- Up-to-date: /home/uditr/mybot_ws/install/mybot_msgs/share/mybot_msgs/cmake/ament_cmake_export_libraries-extras.cmake
[6.922s] -- Up-to-date: /home/uditr/mybot_ws/install/mybot_msgs/share/mybot_msgs/cmake/ament_cmake_export_targets-extras.cmake
[6.923s] -- Up-to-date: /home/uditr/mybot_ws/install/mybot_msgs/share/mybot_msgs/cmake/rosidl_cmake_export_typesupport_targets-extras.cmake
[6.923s] -- Up-to-date: /home/uditr/mybot_ws/install/mybot_msgs/share/mybot_msgs/cmake/rosidl_cmake_export_typesupport_libraries-extras.cmake
[6.923s] -- Up-to-date: /home/uditr/mybot_ws/install/mybot_msgs/share/mybot_msgs/cmake/mybot_msgsConfig.cmake
[6.923s] -- Up-to-date: /home/uditr/mybot_ws/install/mybot_msgs/share/mybot_msgs/cmake/mybot_msgsConfig-version.cmake
[6.923s] -- Up-to-date: /home/uditr/mybot_ws/install/mybot_msgs/share/mybot_msgs/package.xml
[6.925s] Invoked command in '/home/uditr/mybot_ws/build/mybot_msgs' returned '0': CMAKE_PREFIX_PATH=/opt/ros/humble /usr/bin/cmake --install /home/uditr/mybot_ws/build/mybot_msgs
