[0.032s] Invoking command in '/home/uditr/mybot_ws/build/mybot_description': CMAKE_PREFIX_PATH=/opt/ros/humble /usr/bin/cmake /home/uditr/mybot_ws/src/mybot_description -DCMAKE_INSTALL_PREFIX=/home/uditr/mybot_ws/install/mybot_description
[9.978s] -- The C compiler identification is GNU 11.4.0
[14.440s] -- The CXX compiler identification is GNU 11.4.0
[14.905s] -- Detecting C compiler ABI info
[16.434s] -- Detecting C compiler ABI info - done
[16.443s] -- Check for working C compiler: /usr/bin/cc - skipped
[16.499s] -- Detecting C compile features
[16.499s] -- Detecting C compile features - done
[16.643s] -- Detecting CXX compiler ABI info
[16.937s] -- Detecting CXX compiler ABI info - done
[16.945s] -- Check for working CXX compiler: /usr/bin/c++ - skipped
[16.945s] -- Detecting CXX compile features
[16.945s] -- Detecting CXX compile features - done
[17.910s] -- Found ament_cmake: 1.3.9 (/opt/ros/humble/share/ament_cmake/cmake)
[20.212s] -- Found Python3: /usr/bin/python3 (found version "3.10.12") found components: Interpreter 
[23.351s] -- Found ament_lint_auto: 0.12.11 (/opt/ros/humble/share/ament_lint_auto/cmake)
[25.573s] -- Added test 'lint_cmake' to check CMake code style
[25.607s] -- Added test 'xmllint' to check XML markup files
[25.664s] -- Configuring done
[25.666s] -- Generating done
[25.668s] -- Build files have been written to: /home/uditr/mybot_ws/build/mybot_description
[25.673s] Invoked command in '/home/uditr/mybot_ws/build/mybot_description' returned '0': CMAKE_PREFIX_PATH=/opt/ros/humble /usr/bin/cmake /home/uditr/mybot_ws/src/mybot_description -DCMAKE_INSTALL_PREFIX=/home/uditr/mybot_ws/install/mybot_description
[25.675s] Invoking command in '/home/uditr/mybot_ws/build/mybot_description': CMAKE_PREFIX_PATH=/opt/ros/humble /usr/bin/cmake --build /home/uditr/mybot_ws/build/mybot_description -- -j8 -l8
[25.767s] Invoked command in '/home/uditr/mybot_ws/build/mybot_description' returned '0': CMAKE_PREFIX_PATH=/opt/ros/humble /usr/bin/cmake --build /home/uditr/mybot_ws/build/mybot_description -- -j8 -l8
[25.786s] Invoking command in '/home/uditr/mybot_ws/build/mybot_description': CMAKE_PREFIX_PATH=/opt/ros/humble /usr/bin/cmake --install /home/uditr/mybot_ws/build/mybot_description
[25.793s] -- Install configuration: ""
[25.793s] -- Installing: /home/uditr/mybot_ws/install/mybot_description/share/ament_index/resource_index/package_run_dependencies/mybot_description
[25.793s] -- Installing: /home/uditr/mybot_ws/install/mybot_description/share/ament_index/resource_index/parent_prefix_path/mybot_description
[25.794s] -- Installing: /home/uditr/mybot_ws/install/mybot_description/share/mybot_description/environment/ament_prefix_path.sh
[25.794s] -- Installing: /home/uditr/mybot_ws/install/mybot_description/share/mybot_description/environment/ament_prefix_path.dsv
[25.794s] -- Installing: /home/uditr/mybot_ws/install/mybot_description/share/mybot_description/environment/path.sh
[25.794s] -- Installing: /home/uditr/mybot_ws/install/mybot_description/share/mybot_description/environment/path.dsv
[25.794s] -- Installing: /home/uditr/mybot_ws/install/mybot_description/share/mybot_description/local_setup.bash
[25.794s] -- Installing: /home/uditr/mybot_ws/install/mybot_description/share/mybot_description/local_setup.sh
[25.794s] -- Installing: /home/uditr/mybot_ws/install/mybot_description/share/mybot_description/local_setup.zsh
[25.795s] -- Installing: /home/uditr/mybot_ws/install/mybot_description/share/mybot_description/local_setup.dsv
[25.795s] -- Installing: /home/uditr/mybot_ws/install/mybot_description/share/mybot_description/package.dsv
[25.795s] -- Installing: /home/uditr/mybot_ws/install/mybot_description/share/ament_index/resource_index/packages/mybot_description
[25.795s] -- Installing: /home/uditr/mybot_ws/install/mybot_description/share/mybot_description/cmake/mybot_descriptionConfig.cmake
[25.795s] -- Installing: /home/uditr/mybot_ws/install/mybot_description/share/mybot_description/cmake/mybot_descriptionConfig-version.cmake
[25.795s] -- Installing: /home/uditr/mybot_ws/install/mybot_description/share/mybot_description/package.xml
[25.798s] Invoked command in '/home/uditr/mybot_ws/build/mybot_description' returned '0': CMAKE_PREFIX_PATH=/opt/ros/humble /usr/bin/cmake --install /home/uditr/mybot_ws/build/mybot_description
