[0.226s] Invoking command in '/home/uditr/mybot_ws/build/mybot_description': CMAKE_PREFIX_PATH=/opt/ros/humble /usr/bin/cmake --build /home/uditr/mybot_ws/build/mybot_description -- -j8 -l8
[3.001s] Invoked command in '/home/uditr/mybot_ws/build/mybot_description' returned '0': CMAKE_PREFIX_PATH=/opt/ros/humble /usr/bin/cmake --build /home/uditr/mybot_ws/build/mybot_description -- -j8 -l8
[3.019s] Invoking command in '/home/uditr/mybot_ws/build/mybot_description': CMAKE_PREFIX_PATH=/opt/ros/humble /usr/bin/cmake --install /home/uditr/mybot_ws/build/mybot_description
[3.062s] -- Install configuration: ""
[3.062s] -- Up-to-date: /home/uditr/mybot_ws/install/mybot_description/share/mybot_description/include
[3.062s] -- Up-to-date: /home/uditr/mybot_ws/install/mybot_description/share/mybot_description/include/mybot_description
[3.160s] -- Up-to-date: /home/uditr/mybot_ws/install/mybot_description/share/mybot_description/meshesmain
[3.207s] -- Up-to-date: /home/uditr/mybot_ws/install/mybot_description/share/mybot_description/meshesmain/wheel_right_link.STL
[3.207s] -- Up-to-date: /home/uditr/mybot_ws/install/mybot_description/share/mybot_description/meshesmain/base_link.STL
[3.207s] -- Up-to-date: /home/uditr/mybot_ws/install/mybot_description/share/mybot_description/meshesmain/can.STL
[3.207s] -- Up-to-date: /home/uditr/mybot_ws/install/mybot_description/share/mybot_description/meshesmain/wheel_left_link.STL
[3.207s] -- Up-to-date: /home/uditr/mybot_ws/install/mybot_description/share/mybot_description/meshesmain/caster_front_link.STL
[3.207s] -- Up-to-date: /home/uditr/mybot_ws/install/mybot_description/share/mybot_description/meshesmain/imu_link.STL
[3.207s] -- Up-to-date: /home/uditr/mybot_ws/install/mybot_description/share/mybot_description/meshesmain/caster_rear_link.STL
[3.208s] -- Up-to-date: /home/uditr/mybot_ws/install/mybot_description/share/mybot_description/urdf
[3.208s] -- Up-to-date: /home/uditr/mybot_ws/install/mybot_description/share/mybot_description/urdf/mybot_ros2_control.xacro
[3.208s] -- Up-to-date: /home/uditr/mybot_ws/install/mybot_description/share/mybot_description/urdf/mybot_gazebo.xacro
[3.208s] -- Up-to-date: /home/uditr/mybot_ws/install/mybot_description/share/mybot_description/urdf/mybot.urdf.xacro
[3.208s] -- Up-to-date: /home/uditr/mybot_ws/install/mybot_description/share/mybot_description/models
[3.208s] -- Up-to-date: /home/uditr/mybot_ws/install/mybot_description/share/mybot_description/models/sun
[3.208s] -- Up-to-date: /home/uditr/mybot_ws/install/mybot_description/share/mybot_description/models/sun/model.sdf
[3.208s] -- Up-to-date: /home/uditr/mybot_ws/install/mybot_description/share/mybot_description/models/sun/model-1_4.sdf
[3.208s] -- Up-to-date: /home/uditr/mybot_ws/install/mybot_description/share/mybot_description/models/sun/model.config
[3.208s] -- Up-to-date: /home/uditr/mybot_ws/install/mybot_description/share/mybot_description/models/sun/model-1_2.sdf
[3.208s] -- Up-to-date: /home/uditr/mybot_ws/install/mybot_description/share/mybot_description/models/sun/model-1_3.sdf
[3.208s] -- Up-to-date: /home/uditr/mybot_ws/install/mybot_description/share/mybot_description/models/ground_plane
[3.208s] -- Up-to-date: /home/uditr/mybot_ws/install/mybot_description/share/mybot_description/models/ground_plane/model.sdf
[3.208s] -- Up-to-date: /home/uditr/mybot_ws/install/mybot_description/share/mybot_description/models/ground_plane/model-1_4.sdf
[3.209s] -- Up-to-date: /home/uditr/mybot_ws/install/mybot_description/share/mybot_description/models/ground_plane/model.config
[3.209s] -- Up-to-date: /home/uditr/mybot_ws/install/mybot_description/share/mybot_description/models/ground_plane/model-1_2.sdf
[3.209s] -- Up-to-date: /home/uditr/mybot_ws/install/mybot_description/share/mybot_description/models/ground_plane/model-1_3.sdf
[3.209s] -- Up-to-date: /home/uditr/mybot_ws/install/mybot_description/share/mybot_description/launch
[3.209s] -- Up-to-date: /home/uditr/mybot_ws/install/mybot_description/share/mybot_description/launch/display.launch.py
[3.209s] -- Up-to-date: /home/uditr/mybot_ws/install/mybot_description/share/mybot_description/launch/gazebo.launch.py
[3.209s] -- Up-to-date: /home/uditr/mybot_ws/install/mybot_description/share/mybot_description/rviz
[3.209s] -- Up-to-date: /home/uditr/mybot_ws/install/mybot_description/share/mybot_description/rviz/display.rviz
[3.276s] -- Up-to-date: /home/uditr/mybot_ws/install/mybot_description/share/ament_index/resource_index/package_run_dependencies/mybot_description
[3.367s] -- Up-to-date: /home/uditr/mybot_ws/install/mybot_description/share/ament_index/resource_index/parent_prefix_path/mybot_description
[3.367s] -- Up-to-date: /home/uditr/mybot_ws/install/mybot_description/share/mybot_description/environment/ament_prefix_path.sh
[3.367s] -- Up-to-date: /home/uditr/mybot_ws/install/mybot_description/share/mybot_description/environment/ament_prefix_path.dsv
[3.367s] -- Up-to-date: /home/uditr/mybot_ws/install/mybot_description/share/mybot_description/environment/path.sh
[3.367s] -- Up-to-date: /home/uditr/mybot_ws/install/mybot_description/share/mybot_description/environment/path.dsv
[3.367s] -- Up-to-date: /home/uditr/mybot_ws/install/mybot_description/share/mybot_description/local_setup.bash
[3.367s] -- Up-to-date: /home/uditr/mybot_ws/install/mybot_description/share/mybot_description/local_setup.sh
[3.367s] -- Up-to-date: /home/uditr/mybot_ws/install/mybot_description/share/mybot_description/local_setup.zsh
[3.368s] -- Up-to-date: /home/uditr/mybot_ws/install/mybot_description/share/mybot_description/local_setup.dsv
[3.368s] -- Installing: /home/uditr/mybot_ws/install/mybot_description/share/mybot_description/package.dsv
[3.399s] -- Up-to-date: /home/uditr/mybot_ws/install/mybot_description/share/ament_index/resource_index/packages/mybot_description
[3.399s] -- Up-to-date: /home/uditr/mybot_ws/install/mybot_description/share/mybot_description/cmake/mybot_descriptionConfig.cmake
[3.399s] -- Up-to-date: /home/uditr/mybot_ws/install/mybot_description/share/mybot_description/cmake/mybot_descriptionConfig-version.cmake
[3.400s] -- Up-to-date: /home/uditr/mybot_ws/install/mybot_description/share/mybot_description/package.xml
[4.005s] Invoked command in '/home/uditr/mybot_ws/build/mybot_description' returned '0': CMAKE_PREFIX_PATH=/opt/ros/humble /usr/bin/cmake --install /home/uditr/mybot_ws/build/mybot_description
