[0.235s] Invoking command in '/home/uditr/mybot_ws/build/mybot_cpp_programs': CMAKE_PREFIX_PATH=/opt/ros/humble /usr/bin/cmake --build /home/uditr/mybot_ws/build/mybot_cpp_programs -- -j8 -l8
[1.258s] Invoked command in '/home/uditr/mybot_ws/build/mybot_cpp_programs' returned '0': CMAKE_PREFIX_PATH=/opt/ros/humble /usr/bin/cmake --build /home/uditr/mybot_ws/build/mybot_cpp_programs -- -j8 -l8
[1.281s] Invoking command in '/home/uditr/mybot_ws/build/mybot_cpp_programs': CMAKE_PREFIX_PATH=/opt/ros/humble /usr/bin/cmake --install /home/uditr/mybot_ws/build/mybot_cpp_programs
[1.366s] -- Install configuration: ""
[1.412s] -- Execute custom install script
[1.442s] -- Up-to-date symlink: /home/uditr/mybot_ws/install/mybot_cpp_programs/share/ament_index/resource_index/package_run_dependencies/mybot_cpp_programs
[1.442s] -- Up-to-date symlink: /home/uditr/mybot_ws/install/mybot_cpp_programs/share/ament_index/resource_index/parent_prefix_path/mybot_cpp_programs
[1.443s] -- Up-to-date symlink: /home/uditr/mybot_ws/install/mybot_cpp_programs/share/mybot_cpp_programs/environment/ament_prefix_path.sh
[1.443s] -- Up-to-date symlink: /home/uditr/mybot_ws/install/mybot_cpp_programs/share/mybot_cpp_programs/environment/ament_prefix_path.dsv
[1.444s] -- Up-to-date symlink: /home/uditr/mybot_ws/install/mybot_cpp_programs/share/mybot_cpp_programs/environment/path.sh
[1.444s] -- Up-to-date symlink: /home/uditr/mybot_ws/install/mybot_cpp_programs/share/mybot_cpp_programs/environment/path.dsv
[1.445s] -- Up-to-date symlink: /home/uditr/mybot_ws/install/mybot_cpp_programs/share/mybot_cpp_programs/local_setup.bash
[1.445s] -- Up-to-date symlink: /home/uditr/mybot_ws/install/mybot_cpp_programs/share/mybot_cpp_programs/local_setup.sh
[1.446s] -- Up-to-date symlink: /home/uditr/mybot_ws/install/mybot_cpp_programs/share/mybot_cpp_programs/local_setup.zsh
[1.447s] -- Up-to-date symlink: /home/uditr/mybot_ws/install/mybot_cpp_programs/share/mybot_cpp_programs/local_setup.dsv
[1.447s] -- Symlinking: /home/uditr/mybot_ws/install/mybot_cpp_programs/share/mybot_cpp_programs/package.dsv
[1.524s] -- Up-to-date symlink: /home/uditr/mybot_ws/install/mybot_cpp_programs/share/ament_index/resource_index/packages/mybot_cpp_programs
[1.524s] -- Up-to-date symlink: /home/uditr/mybot_ws/install/mybot_cpp_programs/share/mybot_cpp_programs/cmake/mybot_cpp_programsConfig.cmake
[1.525s] -- Up-to-date symlink: /home/uditr/mybot_ws/install/mybot_cpp_programs/share/mybot_cpp_programs/cmake/mybot_cpp_programsConfig-version.cmake
[1.525s] -- Up-to-date symlink: /home/uditr/mybot_ws/install/mybot_cpp_programs/share/mybot_cpp_programs/package.xml
[1.526s] Invoked command in '/home/uditr/mybot_ws/build/mybot_cpp_programs' returned '0': CMAKE_PREFIX_PATH=/opt/ros/humble /usr/bin/cmake --install /home/uditr/mybot_ws/build/mybot_cpp_programs
