-- Found ament_cmake: 1.3.9 (/opt/ros/humble/share/ament_cmake/cmake)
-- Found std_msgs: 4.2.4 (/opt/ros/humble/share/std_msgs/cmake)
-- Found rosidl_generator_c: 3.1.5 (/opt/ros/humble/share/rosidl_generator_c/cmake)
-- Found rosidl_adapter: 3.1.5 (/opt/ros/humble/share/rosidl_adapter/cmake)
-- Found rosidl_generator_cpp: 3.1.5 (/opt/ros/humble/share/rosidl_generator_cpp/cmake)
-- Using all available rosidl_typesupport_c: rosidl_typesupport_fastrtps_c;rosidl_typesupport_introspection_c
-- Using all available rosidl_typesupport_cpp: rosidl_typesupport_fastrtps_cpp;rosidl_typesupport_introspection_cpp
-- Found geometry_msgs: 4.2.4 (/opt/ros/humble/share/geometry_msgs/cmake)
-- Found rosidl_default_generators: 1.2.0 (/opt/ros/humble/share/rosidl_default_generators/cmake)
-- Found ament_cmake_ros: 0.10.0 (/opt/ros/humble/share/ament_cmake_ros/cmake)
-- Using all available rosidl_typesupport_c: rosidl_typesupport_fastrtps_c;rosidl_typesupport_introspection_c
-- Using all available rosidl_typesupport_cpp: rosidl_typesupport_fastrtps_cpp;rosidl_typesupport_introspection_cpp
-- Found python_cmake_module: 0.10.0 (/opt/ros/humble/share/python_cmake_module/cmake)
-- Using PYTHON_EXECUTABLE: /usr/bin/python3
-- Using PYTHON_INCLUDE_DIRS: /usr/include/python3.10
-- Using PYTHON_LIBRARIES: /usr/lib/x86_64-linux-gnu/libpython3.10.so
-- Found ament_lint_auto: 0.12.11 (/opt/ros/humble/share/ament_lint_auto/cmake)
-- Configuring done
-- Generating done
-- Build files have been written to: /home/uditr/mybot_ws/build/mybot_msgs
[  2%] [34m[1mGenerating C code for ROS interfaces[0m
[  5%] [34m[1mGenerating C++ code for ROS interfaces[0m
[  5%] Built target ament_cmake_python_copy_mybot_msgs
running egg_info
writing mybot_msgs.egg-info/PKG-INFO
writing dependency_links to mybot_msgs.egg-info/dependency_links.txt
writing top-level names to mybot_msgs.egg-info/top_level.txt
reading manifest file 'mybot_msgs.egg-info/SOURCES.txt'
writing manifest file 'mybot_msgs.egg-info/SOURCES.txt'
[  5%] Built target ament_cmake_python_build_mybot_msgs_egg
[  5%] Built target mybot_msgs__cpp
[  7%] [34m[1mGenerating C++ type support dispatch for ROS interfaces[0m
[ 10%] [34m[1mGenerating C++ introspection for ROS interfaces[0m
[ 12%] [34m[1mGenerating C++ type support for eProsima Fast-RTPS[0m
[35m[1mConsolidate compiler generated dependencies of target mybot_msgs__rosidl_generator_c[0m
[ 15%] [32mBuilding C object CMakeFiles/mybot_msgs__rosidl_generator_c.dir/rosidl_generator_c/mybot_msgs/srv/detail/add_two_ints__functions.c.o[0m
[ 17%] [32mBuilding C object CMakeFiles/mybot_msgs__rosidl_generator_c.dir/rosidl_generator_c/mybot_msgs/srv/detail/get_transform__functions.c.o[0m
[35m[1mConsolidate compiler generated dependencies of target mybot_msgs__rosidl_typesupport_cpp[0m
[ 20%] [32mBuilding CXX object CMakeFiles/mybot_msgs__rosidl_typesupport_cpp.dir/rosidl_typesupport_cpp/mybot_msgs/srv/add_two_ints__type_support.cpp.o[0m
[35m[1mConsolidate compiler generated dependencies of target mybot_msgs__rosidl_typesupport_fastrtps_cpp[0m
[ 25%] [32mBuilding CXX object CMakeFiles/mybot_msgs__rosidl_typesupport_fastrtps_cpp.dir/rosidl_typesupport_fastrtps_cpp/mybot_msgs/srv/detail/dds_fastrtps/get_transform__type_support.cpp.o[0m
[ 25%] [32mBuilding CXX object CMakeFiles/mybot_msgs__rosidl_typesupport_fastrtps_cpp.dir/rosidl_typesupport_fastrtps_cpp/mybot_msgs/srv/detail/dds_fastrtps/add_two_ints__type_support.cpp.o[0m
[ 28%] [32mBuilding CXX object CMakeFiles/mybot_msgs__rosidl_typesupport_cpp.dir/rosidl_typesupport_cpp/mybot_msgs/srv/get_transform__type_support.cpp.o[0m
[35m[1mConsolidate compiler generated dependencies of target mybot_msgs__rosidl_typesupport_introspection_cpp[0m
[ 33%] [32mBuilding CXX object CMakeFiles/mybot_msgs__rosidl_typesupport_introspection_cpp.dir/rosidl_typesupport_introspection_cpp/mybot_msgs/srv/detail/get_transform__type_support.cpp.o[0m
[ 33%] [32mBuilding CXX object CMakeFiles/mybot_msgs__rosidl_typesupport_introspection_cpp.dir/rosidl_typesupport_introspection_cpp/mybot_msgs/srv/detail/add_two_ints__type_support.cpp.o[0m
[ 35%] [32m[1mLinking C shared library libmybot_msgs__rosidl_generator_c.so[0m
[ 38%] [32m[1mLinking CXX shared library libmybot_msgs__rosidl_typesupport_cpp.so[0m
[ 41%] [32m[1mLinking CXX shared library libmybot_msgs__rosidl_typesupport_introspection_cpp.so[0m
[ 41%] Built target mybot_msgs__rosidl_generator_c
[ 48%] [34m[1mGenerating C type support for eProsima Fast-RTPS[0m
[ 48%] [34m[1mGenerating C type support dispatch for ROS interfaces[0m
[ 48%] [34m[1mGenerating C introspection for ROS interfaces[0m
[ 51%] [32m[1mLinking CXX shared library libmybot_msgs__rosidl_typesupport_fastrtps_cpp.so[0m
[ 51%] Built target mybot_msgs__rosidl_typesupport_cpp
[ 51%] Built target mybot_msgs__rosidl_typesupport_introspection_cpp
[35m[1mConsolidate compiler generated dependencies of target mybot_msgs__rosidl_typesupport_fastrtps_c[0m
[35m[1mConsolidate compiler generated dependencies of target mybot_msgs__rosidl_typesupport_c[0m
[ 56%] [32mBuilding CXX object CMakeFiles/mybot_msgs__rosidl_typesupport_fastrtps_c.dir/rosidl_typesupport_fastrtps_c/mybot_msgs/srv/detail/add_two_ints__type_support_c.cpp.o[0m
[ 56%] [32mBuilding CXX object CMakeFiles/mybot_msgs__rosidl_typesupport_fastrtps_c.dir/rosidl_typesupport_fastrtps_c/mybot_msgs/srv/detail/get_transform__type_support_c.cpp.o[0m
[35m[1mConsolidate compiler generated dependencies of target mybot_msgs__rosidl_typesupport_introspection_c[0m
[ 61%] [32mBuilding CXX object CMakeFiles/mybot_msgs__rosidl_typesupport_c.dir/rosidl_typesupport_c/mybot_msgs/srv/add_two_ints__type_support.cpp.o[0m
[ 61%] [32mBuilding CXX object CMakeFiles/mybot_msgs__rosidl_typesupport_c.dir/rosidl_typesupport_c/mybot_msgs/srv/get_transform__type_support.cpp.o[0m
[ 66%] [32mBuilding C object CMakeFiles/mybot_msgs__rosidl_typesupport_introspection_c.dir/rosidl_typesupport_introspection_c/mybot_msgs/srv/detail/get_transform__type_support.c.o[0m
[ 66%] [32mBuilding C object CMakeFiles/mybot_msgs__rosidl_typesupport_introspection_c.dir/rosidl_typesupport_introspection_c/mybot_msgs/srv/detail/add_two_ints__type_support.c.o[0m
[ 69%] [32m[1mLinking C shared library libmybot_msgs__rosidl_typesupport_introspection_c.so[0m
[ 69%] Built target mybot_msgs__rosidl_typesupport_introspection_c
[ 69%] Built target mybot_msgs__rosidl_typesupport_fastrtps_cpp
[ 71%] [32m[1mLinking CXX shared library libmybot_msgs__rosidl_typesupport_c.so[0m
[ 71%] Built target mybot_msgs__rosidl_typesupport_c
[ 74%] [32m[1mLinking CXX shared library libmybot_msgs__rosidl_typesupport_fastrtps_c.so[0m
[ 74%] Built target mybot_msgs__rosidl_typesupport_fastrtps_c
[ 74%] Built target mybot_msgs
[ 76%] [34m[1mGenerating Python code for ROS interfaces[0m
[ 76%] Built target mybot_msgs__py
[35m[1mConsolidate compiler generated dependencies of target mybot_msgs__rosidl_generator_py[0m
[ 82%] [32mBuilding C object CMakeFiles/mybot_msgs__rosidl_generator_py.dir/rosidl_generator_py/mybot_msgs/srv/_get_transform_s.c.o[0m
[ 82%] [32mBuilding C object CMakeFiles/mybot_msgs__rosidl_generator_py.dir/rosidl_generator_py/mybot_msgs/srv/_add_two_ints_s.c.o[0m
[ 84%] [32m[1mLinking C shared library rosidl_generator_py/mybot_msgs/libmybot_msgs__rosidl_generator_py.so[0m
[ 84%] Built target mybot_msgs__rosidl_generator_py
[35m[1mConsolidate compiler generated dependencies of target mybot_msgs__rosidl_typesupport_introspection_c__pyext[0m
[ 87%] [32mBuilding C object CMakeFiles/mybot_msgs__rosidl_typesupport_introspection_c__pyext.dir/rosidl_generator_py/mybot_msgs/_mybot_msgs_s.ep.rosidl_typesupport_introspection_c.c.o[0m
[35m[1mConsolidate compiler generated dependencies of target mybot_msgs__rosidl_typesupport_fastrtps_c__pyext[0m
[35m[1mConsolidate compiler generated dependencies of target mybot_msgs__rosidl_typesupport_c__pyext[0m
[ 89%] [32mBuilding C object CMakeFiles/mybot_msgs__rosidl_typesupport_fastrtps_c__pyext.dir/rosidl_generator_py/mybot_msgs/_mybot_msgs_s.ep.rosidl_typesupport_fastrtps_c.c.o[0m
[ 92%] [32mBuilding C object CMakeFiles/mybot_msgs__rosidl_typesupport_c__pyext.dir/rosidl_generator_py/mybot_msgs/_mybot_msgs_s.ep.rosidl_typesupport_c.c.o[0m
[ 94%] [32m[1mLinking C shared library rosidl_generator_py/mybot_msgs/mybot_msgs_s__rosidl_typesupport_introspection_c.cpython-310-x86_64-linux-gnu.so[0m
[ 97%] [32m[1mLinking C shared library rosidl_generator_py/mybot_msgs/mybot_msgs_s__rosidl_typesupport_fastrtps_c.cpython-310-x86_64-linux-gnu.so[0m
[ 97%] Built target mybot_msgs__rosidl_typesupport_introspection_c__pyext
[100%] [32m[1mLinking C shared library rosidl_generator_py/mybot_msgs/mybot_msgs_s__rosidl_typesupport_c.cpython-310-x86_64-linux-gnu.so[0m
[100%] Built target mybot_msgs__rosidl_typesupport_fastrtps_c__pyext
[100%] Built target mybot_msgs__rosidl_typesupport_c__pyext
-- Install configuration: ""
-- Up-to-date: /home/uditr/mybot_ws/install/mybot_msgs/share/ament_index/resource_index/rosidl_interfaces/mybot_msgs
-- Up-to-date: /home/uditr/mybot_ws/install/mybot_msgs/include/mybot_msgs/mybot_msgs
-- Up-to-date: /home/uditr/mybot_ws/install/mybot_msgs/include/mybot_msgs/mybot_msgs/msg
-- Up-to-date: /home/uditr/mybot_ws/install/mybot_msgs/include/mybot_msgs/mybot_msgs/msg/rosidl_generator_c__visibility_control.h
-- Up-to-date: /home/uditr/mybot_ws/install/mybot_msgs/include/mybot_msgs/mybot_msgs/srv
-- Installing: /home/uditr/mybot_ws/install/mybot_msgs/include/mybot_msgs/mybot_msgs/srv/get_transform.h
-- Up-to-date: /home/uditr/mybot_ws/install/mybot_msgs/include/mybot_msgs/mybot_msgs/srv/detail
-- Installing: /home/uditr/mybot_ws/install/mybot_msgs/include/mybot_msgs/mybot_msgs/srv/detail/add_two_ints__functions.h
-- Installing: /home/uditr/mybot_ws/install/mybot_msgs/include/mybot_msgs/mybot_msgs/srv/detail/add_two_ints__functions.c
-- Installing: /home/uditr/mybot_ws/install/mybot_msgs/include/mybot_msgs/mybot_msgs/srv/detail/add_two_ints__type_support.h
-- Installing: /home/uditr/mybot_ws/install/mybot_msgs/include/mybot_msgs/mybot_msgs/srv/detail/get_transform__struct.h
-- Installing: /home/uditr/mybot_ws/install/mybot_msgs/include/mybot_msgs/mybot_msgs/srv/detail/get_transform__type_support.h
-- Installing: /home/uditr/mybot_ws/install/mybot_msgs/include/mybot_msgs/mybot_msgs/srv/detail/get_transform__functions.h
-- Installing: /home/uditr/mybot_ws/install/mybot_msgs/include/mybot_msgs/mybot_msgs/srv/detail/get_transform__functions.c
-- Installing: /home/uditr/mybot_ws/install/mybot_msgs/include/mybot_msgs/mybot_msgs/srv/detail/add_two_ints__struct.h
-- Installing: /home/uditr/mybot_ws/install/mybot_msgs/include/mybot_msgs/mybot_msgs/srv/add_two_ints.h
-- Up-to-date: /home/uditr/mybot_ws/install/mybot_msgs/share/mybot_msgs/environment/library_path.sh
-- Installing: /home/uditr/mybot_ws/install/mybot_msgs/share/mybot_msgs/environment/library_path.dsv
-- Installing: /home/uditr/mybot_ws/install/mybot_msgs/lib/libmybot_msgs__rosidl_generator_c.so
-- Set runtime path of "/home/uditr/mybot_ws/install/mybot_msgs/lib/libmybot_msgs__rosidl_generator_c.so" to ""
-- Up-to-date: /home/uditr/mybot_ws/install/mybot_msgs/include/mybot_msgs/mybot_msgs
-- Up-to-date: /home/uditr/mybot_ws/install/mybot_msgs/include/mybot_msgs/mybot_msgs/msg
-- Up-to-date: /home/uditr/mybot_ws/install/mybot_msgs/include/mybot_msgs/mybot_msgs/msg/rosidl_typesupport_fastrtps_c__visibility_control.h
-- Up-to-date: /home/uditr/mybot_ws/install/mybot_msgs/include/mybot_msgs/mybot_msgs/srv
-- Up-to-date: /home/uditr/mybot_ws/install/mybot_msgs/include/mybot_msgs/mybot_msgs/srv/detail
-- Installing: /home/uditr/mybot_ws/install/mybot_msgs/include/mybot_msgs/mybot_msgs/srv/detail/add_two_ints__rosidl_typesupport_fastrtps_c.h
-- Installing: /home/uditr/mybot_ws/install/mybot_msgs/include/mybot_msgs/mybot_msgs/srv/detail/get_transform__rosidl_typesupport_fastrtps_c.h
-- Installing: /home/uditr/mybot_ws/install/mybot_msgs/lib/libmybot_msgs__rosidl_typesupport_fastrtps_c.so
-- Set runtime path of "/home/uditr/mybot_ws/install/mybot_msgs/lib/libmybot_msgs__rosidl_typesupport_fastrtps_c.so" to ""
-- Up-to-date: /home/uditr/mybot_ws/install/mybot_msgs/include/mybot_msgs/mybot_msgs
-- Up-to-date: /home/uditr/mybot_ws/install/mybot_msgs/include/mybot_msgs/mybot_msgs/srv
-- Installing: /home/uditr/mybot_ws/install/mybot_msgs/include/mybot_msgs/mybot_msgs/srv/get_transform.hpp
-- Installing: /home/uditr/mybot_ws/install/mybot_msgs/include/mybot_msgs/mybot_msgs/srv/add_two_ints.hpp
-- Up-to-date: /home/uditr/mybot_ws/install/mybot_msgs/include/mybot_msgs/mybot_msgs/srv/detail
-- Installing: /home/uditr/mybot_ws/install/mybot_msgs/include/mybot_msgs/mybot_msgs/srv/detail/add_two_ints__traits.hpp
-- Installing: /home/uditr/mybot_ws/install/mybot_msgs/include/mybot_msgs/mybot_msgs/srv/detail/get_transform__builder.hpp
-- Installing: /home/uditr/mybot_ws/install/mybot_msgs/include/mybot_msgs/mybot_msgs/srv/detail/get_transform__traits.hpp
-- Installing: /home/uditr/mybot_ws/install/mybot_msgs/include/mybot_msgs/mybot_msgs/srv/detail/add_two_ints__builder.hpp
-- Installing: /home/uditr/mybot_ws/install/mybot_msgs/include/mybot_msgs/mybot_msgs/srv/detail/get_transform__struct.hpp
-- Installing: /home/uditr/mybot_ws/install/mybot_msgs/include/mybot_msgs/mybot_msgs/srv/detail/add_two_ints__struct.hpp
-- Up-to-date: /home/uditr/mybot_ws/install/mybot_msgs/include/mybot_msgs/mybot_msgs
-- Up-to-date: /home/uditr/mybot_ws/install/mybot_msgs/include/mybot_msgs/mybot_msgs/msg
-- Up-to-date: /home/uditr/mybot_ws/install/mybot_msgs/include/mybot_msgs/mybot_msgs/msg/rosidl_typesupport_fastrtps_cpp__visibility_control.h
-- Up-to-date: /home/uditr/mybot_ws/install/mybot_msgs/include/mybot_msgs/mybot_msgs/srv
-- Up-to-date: /home/uditr/mybot_ws/install/mybot_msgs/include/mybot_msgs/mybot_msgs/srv/detail
-- Up-to-date: /home/uditr/mybot_ws/install/mybot_msgs/include/mybot_msgs/mybot_msgs/srv/detail/dds_fastrtps
-- Installing: /home/uditr/mybot_ws/install/mybot_msgs/include/mybot_msgs/mybot_msgs/srv/detail/add_two_ints__rosidl_typesupport_fastrtps_cpp.hpp
-- Installing: /home/uditr/mybot_ws/install/mybot_msgs/include/mybot_msgs/mybot_msgs/srv/detail/get_transform__rosidl_typesupport_fastrtps_cpp.hpp
-- Installing: /home/uditr/mybot_ws/install/mybot_msgs/lib/libmybot_msgs__rosidl_typesupport_fastrtps_cpp.so
-- Set runtime path of "/home/uditr/mybot_ws/install/mybot_msgs/lib/libmybot_msgs__rosidl_typesupport_fastrtps_cpp.so" to ""
-- Up-to-date: /home/uditr/mybot_ws/install/mybot_msgs/include/mybot_msgs/mybot_msgs
-- Up-to-date: /home/uditr/mybot_ws/install/mybot_msgs/include/mybot_msgs/mybot_msgs/msg
-- Up-to-date: /home/uditr/mybot_ws/install/mybot_msgs/include/mybot_msgs/mybot_msgs/msg/rosidl_typesupport_introspection_c__visibility_control.h
-- Up-to-date: /home/uditr/mybot_ws/install/mybot_msgs/include/mybot_msgs/mybot_msgs/srv
-- Up-to-date: /home/uditr/mybot_ws/install/mybot_msgs/include/mybot_msgs/mybot_msgs/srv/detail
-- Installing: /home/uditr/mybot_ws/install/mybot_msgs/include/mybot_msgs/mybot_msgs/srv/detail/get_transform__type_support.c
-- Installing: /home/uditr/mybot_ws/install/mybot_msgs/include/mybot_msgs/mybot_msgs/srv/detail/get_transform__rosidl_typesupport_introspection_c.h
-- Installing: /home/uditr/mybot_ws/install/mybot_msgs/include/mybot_msgs/mybot_msgs/srv/detail/add_two_ints__type_support.c
-- Installing: /home/uditr/mybot_ws/install/mybot_msgs/include/mybot_msgs/mybot_msgs/srv/detail/add_two_ints__rosidl_typesupport_introspection_c.h
-- Installing: /home/uditr/mybot_ws/install/mybot_msgs/lib/libmybot_msgs__rosidl_typesupport_introspection_c.so
-- Set runtime path of "/home/uditr/mybot_ws/install/mybot_msgs/lib/libmybot_msgs__rosidl_typesupport_introspection_c.so" to ""
-- Installing: /home/uditr/mybot_ws/install/mybot_msgs/lib/libmybot_msgs__rosidl_typesupport_c.so
-- Set runtime path of "/home/uditr/mybot_ws/install/mybot_msgs/lib/libmybot_msgs__rosidl_typesupport_c.so" to ""
-- Up-to-date: /home/uditr/mybot_ws/install/mybot_msgs/include/mybot_msgs/mybot_msgs
-- Up-to-date: /home/uditr/mybot_ws/install/mybot_msgs/include/mybot_msgs/mybot_msgs/srv
-- Up-to-date: /home/uditr/mybot_ws/install/mybot_msgs/include/mybot_msgs/mybot_msgs/srv/detail
-- Installing: /home/uditr/mybot_ws/install/mybot_msgs/include/mybot_msgs/mybot_msgs/srv/detail/add_two_ints__rosidl_typesupport_introspection_cpp.hpp
-- Installing: /home/uditr/mybot_ws/install/mybot_msgs/include/mybot_msgs/mybot_msgs/srv/detail/add_two_ints__type_support.cpp
-- Installing: /home/uditr/mybot_ws/install/mybot_msgs/include/mybot_msgs/mybot_msgs/srv/detail/get_transform__type_support.cpp
-- Installing: /home/uditr/mybot_ws/install/mybot_msgs/include/mybot_msgs/mybot_msgs/srv/detail/get_transform__rosidl_typesupport_introspection_cpp.hpp
-- Installing: /home/uditr/mybot_ws/install/mybot_msgs/lib/libmybot_msgs__rosidl_typesupport_introspection_cpp.so
-- Set runtime path of "/home/uditr/mybot_ws/install/mybot_msgs/lib/libmybot_msgs__rosidl_typesupport_introspection_cpp.so" to ""
-- Installing: /home/uditr/mybot_ws/install/mybot_msgs/lib/libmybot_msgs__rosidl_typesupport_cpp.so
-- Set runtime path of "/home/uditr/mybot_ws/install/mybot_msgs/lib/libmybot_msgs__rosidl_typesupport_cpp.so" to ""
-- Up-to-date: /home/uditr/mybot_ws/install/mybot_msgs/share/mybot_msgs/environment/pythonpath.sh
-- Installing: /home/uditr/mybot_ws/install/mybot_msgs/share/mybot_msgs/environment/pythonpath.dsv
-- Up-to-date: /home/uditr/mybot_ws/install/mybot_msgs/local/lib/python3.10/dist-packages/mybot_msgs-0.0.0-py3.10.egg-info
-- Installing: /home/uditr/mybot_ws/install/mybot_msgs/local/lib/python3.10/dist-packages/mybot_msgs-0.0.0-py3.10.egg-info/dependency_links.txt
-- Installing: /home/uditr/mybot_ws/install/mybot_msgs/local/lib/python3.10/dist-packages/mybot_msgs-0.0.0-py3.10.egg-info/PKG-INFO
-- Installing: /home/uditr/mybot_ws/install/mybot_msgs/local/lib/python3.10/dist-packages/mybot_msgs-0.0.0-py3.10.egg-info/top_level.txt
-- Installing: /home/uditr/mybot_ws/install/mybot_msgs/local/lib/python3.10/dist-packages/mybot_msgs-0.0.0-py3.10.egg-info/SOURCES.txt
-- Up-to-date: /home/uditr/mybot_ws/install/mybot_msgs/local/lib/python3.10/dist-packages/mybot_msgs
-- Installing: /home/uditr/mybot_ws/install/mybot_msgs/local/lib/python3.10/dist-packages/mybot_msgs/_mybot_msgs_s.ep.rosidl_typesupport_c.c
-- Installing: /home/uditr/mybot_ws/install/mybot_msgs/local/lib/python3.10/dist-packages/mybot_msgs/_mybot_msgs_s.ep.rosidl_typesupport_fastrtps_c.c
-- Installing: /home/uditr/mybot_ws/install/mybot_msgs/local/lib/python3.10/dist-packages/mybot_msgs/__init__.py
-- Installing: /home/uditr/mybot_ws/install/mybot_msgs/local/lib/python3.10/dist-packages/mybot_msgs/libmybot_msgs__rosidl_generator_py.so
-- Installing: /home/uditr/mybot_ws/install/mybot_msgs/local/lib/python3.10/dist-packages/mybot_msgs/mybot_msgs_s__rosidl_typesupport_introspection_c.cpython-310-x86_64-linux-gnu.so
-- Installing: /home/uditr/mybot_ws/install/mybot_msgs/local/lib/python3.10/dist-packages/mybot_msgs/_mybot_msgs_s.ep.rosidl_typesupport_introspection_c.c
-- Up-to-date: /home/uditr/mybot_ws/install/mybot_msgs/local/lib/python3.10/dist-packages/mybot_msgs/srv
-- Installing: /home/uditr/mybot_ws/install/mybot_msgs/local/lib/python3.10/dist-packages/mybot_msgs/srv/__init__.py
-- Installing: /home/uditr/mybot_ws/install/mybot_msgs/local/lib/python3.10/dist-packages/mybot_msgs/srv/_get_transform_s.c
-- Installing: /home/uditr/mybot_ws/install/mybot_msgs/local/lib/python3.10/dist-packages/mybot_msgs/srv/_get_transform.py
-- Installing: /home/uditr/mybot_ws/install/mybot_msgs/local/lib/python3.10/dist-packages/mybot_msgs/srv/_add_two_ints_s.c
-- Installing: /home/uditr/mybot_ws/install/mybot_msgs/local/lib/python3.10/dist-packages/mybot_msgs/srv/_add_two_ints.py
-- Installing: /home/uditr/mybot_ws/install/mybot_msgs/local/lib/python3.10/dist-packages/mybot_msgs/mybot_msgs_s__rosidl_typesupport_fastrtps_c.cpython-310-x86_64-linux-gnu.so
-- Installing: /home/uditr/mybot_ws/install/mybot_msgs/local/lib/python3.10/dist-packages/mybot_msgs/mybot_msgs_s__rosidl_typesupport_c.cpython-310-x86_64-linux-gnu.so
Listing '/home/uditr/mybot_ws/install/mybot_msgs/local/lib/python3.10/dist-packages/mybot_msgs'...
Compiling '/home/uditr/mybot_ws/install/mybot_msgs/local/lib/python3.10/dist-packages/mybot_msgs/__init__.py'...
Listing '/home/uditr/mybot_ws/install/mybot_msgs/local/lib/python3.10/dist-packages/mybot_msgs/srv'...
Compiling '/home/uditr/mybot_ws/install/mybot_msgs/local/lib/python3.10/dist-packages/mybot_msgs/srv/__init__.py'...
Compiling '/home/uditr/mybot_ws/install/mybot_msgs/local/lib/python3.10/dist-packages/mybot_msgs/srv/_add_two_ints.py'...
Compiling '/home/uditr/mybot_ws/install/mybot_msgs/local/lib/python3.10/dist-packages/mybot_msgs/srv/_get_transform.py'...
-- Installing: /home/uditr/mybot_ws/install/mybot_msgs/local/lib/python3.10/dist-packages/mybot_msgs/mybot_msgs_s__rosidl_typesupport_fastrtps_c.cpython-310-x86_64-linux-gnu.so
-- Set runtime path of "/home/uditr/mybot_ws/install/mybot_msgs/local/lib/python3.10/dist-packages/mybot_msgs/mybot_msgs_s__rosidl_typesupport_fastrtps_c.cpython-310-x86_64-linux-gnu.so" to ""
-- Installing: /home/uditr/mybot_ws/install/mybot_msgs/local/lib/python3.10/dist-packages/mybot_msgs/mybot_msgs_s__rosidl_typesupport_introspection_c.cpython-310-x86_64-linux-gnu.so
-- Set runtime path of "/home/uditr/mybot_ws/install/mybot_msgs/local/lib/python3.10/dist-packages/mybot_msgs/mybot_msgs_s__rosidl_typesupport_introspection_c.cpython-310-x86_64-linux-gnu.so" to ""
-- Installing: /home/uditr/mybot_ws/install/mybot_msgs/local/lib/python3.10/dist-packages/mybot_msgs/mybot_msgs_s__rosidl_typesupport_c.cpython-310-x86_64-linux-gnu.so
-- Set runtime path of "/home/uditr/mybot_ws/install/mybot_msgs/local/lib/python3.10/dist-packages/mybot_msgs/mybot_msgs_s__rosidl_typesupport_c.cpython-310-x86_64-linux-gnu.so" to ""
-- Installing: /home/uditr/mybot_ws/install/mybot_msgs/lib/libmybot_msgs__rosidl_generator_py.so
-- Set runtime path of "/home/uditr/mybot_ws/install/mybot_msgs/lib/libmybot_msgs__rosidl_generator_py.so" to ""
-- Up-to-date: /home/uditr/mybot_ws/install/mybot_msgs/share/mybot_msgs/srv/AddTwoInts.idl
-- Installing: /home/uditr/mybot_ws/install/mybot_msgs/share/mybot_msgs/srv/GetTransform.idl
-- Up-to-date: /home/uditr/mybot_ws/install/mybot_msgs/share/mybot_msgs/srv/AddTwoInts.srv
-- Up-to-date: /home/uditr/mybot_ws/install/mybot_msgs/share/mybot_msgs/srv/AddTwoInts_Request.msg
-- Up-to-date: /home/uditr/mybot_ws/install/mybot_msgs/share/mybot_msgs/srv/AddTwoInts_Response.msg
-- Installing: /home/uditr/mybot_ws/install/mybot_msgs/share/mybot_msgs/srv/GetTransform.srv
-- Installing: /home/uditr/mybot_ws/install/mybot_msgs/share/mybot_msgs/srv/GetTransform_Request.msg
-- Installing: /home/uditr/mybot_ws/install/mybot_msgs/share/mybot_msgs/srv/GetTransform_Response.msg
-- Up-to-date: /home/uditr/mybot_ws/install/mybot_msgs/share/ament_index/resource_index/package_run_dependencies/mybot_msgs
-- Up-to-date: /home/uditr/mybot_ws/install/mybot_msgs/share/ament_index/resource_index/parent_prefix_path/mybot_msgs
-- Up-to-date: /home/uditr/mybot_ws/install/mybot_msgs/share/mybot_msgs/environment/ament_prefix_path.sh
-- Installing: /home/uditr/mybot_ws/install/mybot_msgs/share/mybot_msgs/environment/ament_prefix_path.dsv
-- Up-to-date: /home/uditr/mybot_ws/install/mybot_msgs/share/mybot_msgs/environment/path.sh
-- Installing: /home/uditr/mybot_ws/install/mybot_msgs/share/mybot_msgs/environment/path.dsv
-- Up-to-date: /home/uditr/mybot_ws/install/mybot_msgs/share/mybot_msgs/local_setup.bash
-- Up-to-date: /home/uditr/mybot_ws/install/mybot_msgs/share/mybot_msgs/local_setup.sh
-- Up-to-date: /home/uditr/mybot_ws/install/mybot_msgs/share/mybot_msgs/local_setup.zsh
-- Installing: /home/uditr/mybot_ws/install/mybot_msgs/share/mybot_msgs/local_setup.dsv
-- Installing: /home/uditr/mybot_ws/install/mybot_msgs/share/mybot_msgs/package.dsv
-- Up-to-date: /home/uditr/mybot_ws/install/mybot_msgs/share/ament_index/resource_index/packages/mybot_msgs
-- Up-to-date: /home/uditr/mybot_ws/install/mybot_msgs/share/mybot_msgs/cmake/export_mybot_msgs__rosidl_generator_cExport.cmake
-- Up-to-date: /home/uditr/mybot_ws/install/mybot_msgs/share/mybot_msgs/cmake/export_mybot_msgs__rosidl_generator_cExport-noconfig.cmake
-- Up-to-date: /home/uditr/mybot_ws/install/mybot_msgs/share/mybot_msgs/cmake/export_mybot_msgs__rosidl_typesupport_fastrtps_cExport.cmake
-- Up-to-date: /home/uditr/mybot_ws/install/mybot_msgs/share/mybot_msgs/cmake/export_mybot_msgs__rosidl_typesupport_fastrtps_cExport-noconfig.cmake
-- Up-to-date: /home/uditr/mybot_ws/install/mybot_msgs/share/mybot_msgs/cmake/export_mybot_msgs__rosidl_generator_cppExport.cmake
-- Up-to-date: /home/uditr/mybot_ws/install/mybot_msgs/share/mybot_msgs/cmake/export_mybot_msgs__rosidl_typesupport_fastrtps_cppExport.cmake
-- Up-to-date: /home/uditr/mybot_ws/install/mybot_msgs/share/mybot_msgs/cmake/export_mybot_msgs__rosidl_typesupport_fastrtps_cppExport-noconfig.cmake
-- Up-to-date: /home/uditr/mybot_ws/install/mybot_msgs/share/mybot_msgs/cmake/mybot_msgs__rosidl_typesupport_introspection_cExport.cmake
-- Up-to-date: /home/uditr/mybot_ws/install/mybot_msgs/share/mybot_msgs/cmake/mybot_msgs__rosidl_typesupport_introspection_cExport-noconfig.cmake
-- Up-to-date: /home/uditr/mybot_ws/install/mybot_msgs/share/mybot_msgs/cmake/mybot_msgs__rosidl_typesupport_cExport.cmake
-- Up-to-date: /home/uditr/mybot_ws/install/mybot_msgs/share/mybot_msgs/cmake/mybot_msgs__rosidl_typesupport_cExport-noconfig.cmake
-- Up-to-date: /home/uditr/mybot_ws/install/mybot_msgs/share/mybot_msgs/cmake/mybot_msgs__rosidl_typesupport_introspection_cppExport.cmake
-- Up-to-date: /home/uditr/mybot_ws/install/mybot_msgs/share/mybot_msgs/cmake/mybot_msgs__rosidl_typesupport_introspection_cppExport-noconfig.cmake
-- Up-to-date: /home/uditr/mybot_ws/install/mybot_msgs/share/mybot_msgs/cmake/mybot_msgs__rosidl_typesupport_cppExport.cmake
-- Up-to-date: /home/uditr/mybot_ws/install/mybot_msgs/share/mybot_msgs/cmake/mybot_msgs__rosidl_typesupport_cppExport-noconfig.cmake
-- Up-to-date: /home/uditr/mybot_ws/install/mybot_msgs/share/mybot_msgs/cmake/export_mybot_msgs__rosidl_generator_pyExport.cmake
-- Up-to-date: /home/uditr/mybot_ws/install/mybot_msgs/share/mybot_msgs/cmake/export_mybot_msgs__rosidl_generator_pyExport-noconfig.cmake
-- Up-to-date: /home/uditr/mybot_ws/install/mybot_msgs/share/mybot_msgs/cmake/rosidl_cmake-extras.cmake
-- Up-to-date: /home/uditr/mybot_ws/install/mybot_msgs/share/mybot_msgs/cmake/ament_cmake_export_dependencies-extras.cmake
-- Up-to-date: /home/uditr/mybot_ws/install/mybot_msgs/share/mybot_msgs/cmake/ament_cmake_export_include_directories-extras.cmake
-- Up-to-date: /home/uditr/mybot_ws/install/mybot_msgs/share/mybot_msgs/cmake/ament_cmake_export_libraries-extras.cmake
-- Up-to-date: /home/uditr/mybot_ws/install/mybot_msgs/share/mybot_msgs/cmake/ament_cmake_export_targets-extras.cmake
-- Up-to-date: /home/uditr/mybot_ws/install/mybot_msgs/share/mybot_msgs/cmake/rosidl_cmake_export_typesupport_targets-extras.cmake
-- Up-to-date: /home/uditr/mybot_ws/install/mybot_msgs/share/mybot_msgs/cmake/rosidl_cmake_export_typesupport_libraries-extras.cmake
-- Up-to-date: /home/uditr/mybot_ws/install/mybot_msgs/share/mybot_msgs/cmake/mybot_msgsConfig.cmake
-- Up-to-date: /home/uditr/mybot_ws/install/mybot_msgs/share/mybot_msgs/cmake/mybot_msgsConfig-version.cmake
-- Up-to-date: /home/uditr/mybot_ws/install/mybot_msgs/share/mybot_msgs/package.xml
