running develop
/usr/lib/python3/dist-packages/setuptools/command/easy_install.py:158: EasyInstallDeprecationWarning: easy_install command is deprecated. Use build and pip and other standards-based tools.
  warnings.warn(
Removing /home/uditr/mybot_ws/install/mybot_py_programs/lib/python3.10/site-packages/mybot-py-programs.egg-link (link to .)
running egg_info
writing ../../build/mybot_py_programs/mybot_py_programs.egg-info/PKG-INFO
writing dependency_links to ../../build/mybot_py_programs/mybot_py_programs.egg-info/dependency_links.txt
writing entry points to ../../build/mybot_py_programs/mybot_py_programs.egg-info/entry_points.txt
writing requirements to ../../build/mybot_py_programs/mybot_py_programs.egg-info/requires.txt
writing top-level names to ../../build/mybot_py_programs/mybot_py_programs.egg-info/top_level.txt
reading manifest file '../../build/mybot_py_programs/mybot_py_programs.egg-info/SOURCES.txt'
writing manifest file '../../build/mybot_py_programs/mybot_py_programs.egg-info/SOURCES.txt'
running build
running build_py
running install
running install_lib
creating /home/uditr/mybot_ws/install/mybot_py_programs/lib/python3.10/site-packages/mybot_py_programs
copying /home/uditr/mybot_ws/build/mybot_py_programs/build/lib/mybot_py_programs/__init__.py -> /home/uditr/mybot_ws/install/mybot_py_programs/lib/python3.10/site-packages/mybot_py_programs
copying /home/uditr/mybot_ws/build/mybot_py_programs/build/lib/mybot_py_programs/simple_publisher.py -> /home/uditr/mybot_ws/install/mybot_py_programs/lib/python3.10/site-packages/mybot_py_programs
copying /home/uditr/mybot_ws/build/mybot_py_programs/build/lib/mybot_py_programs/simple_parameter.py -> /home/uditr/mybot_ws/install/mybot_py_programs/lib/python3.10/site-packages/mybot_py_programs
copying /home/uditr/mybot_ws/build/mybot_py_programs/build/lib/mybot_py_programs/simple_subscriber.py -> /home/uditr/mybot_ws/install/mybot_py_programs/lib/python3.10/site-packages/mybot_py_programs
byte-compiling /home/uditr/mybot_ws/install/mybot_py_programs/lib/python3.10/site-packages/mybot_py_programs/__init__.py to __init__.cpython-310.pyc
byte-compiling /home/uditr/mybot_ws/install/mybot_py_programs/lib/python3.10/site-packages/mybot_py_programs/simple_publisher.py to simple_publisher.cpython-310.pyc
byte-compiling /home/uditr/mybot_ws/install/mybot_py_programs/lib/python3.10/site-packages/mybot_py_programs/simple_parameter.py to simple_parameter.cpython-310.pyc
byte-compiling /home/uditr/mybot_ws/install/mybot_py_programs/lib/python3.10/site-packages/mybot_py_programs/simple_subscriber.py to simple_subscriber.cpython-310.pyc
running install_data
copying resource/mybot_py_programs -> /home/uditr/mybot_ws/install/mybot_py_programs/share/ament_index/resource_index/packages
copying package.xml -> /home/uditr/mybot_ws/install/mybot_py_programs/share/mybot_py_programs
running install_egg_info
Copying ../../build/mybot_py_programs/mybot_py_programs.egg-info to /home/uditr/mybot_ws/install/mybot_py_programs/lib/python3.10/site-packages/mybot_py_programs-0.0.0-py3.10.egg-info
running install_scripts
Installing simple_parameter script to /home/uditr/mybot_ws/install/mybot_py_programs/lib/mybot_py_programs
Installing simple_publisher script to /home/uditr/mybot_ws/install/mybot_py_programs/lib/mybot_py_programs
Installing simple_subscriber script to /home/uditr/mybot_ws/install/mybot_py_programs/lib/mybot_py_programs
writing list of installed files to '/home/uditr/mybot_ws/build/mybot_py_programs/install.log'
