[1.885s] DEBUG:colcon:Command line arguments: ['/usr/bin/colcon', 'build']
[1.885s] DEBUG:colcon:Parsed command line arguments: Namespace(log_base=None, log_level=None, verb_name='build', build_base='build', install_base='install', merge_install=False, symlink_install=False, test_result_base=None, continue_on_error=False, executor='parallel', parallel_workers=8, event_handlers=None, ignore_user_meta=False, metas=['./colcon.meta'], base_paths=['.'], packages_ignore=None, packages_ignore_regex=None, paths=None, packages_up_to=None, packages_up_to_regex=None, packages_above=None, packages_above_and_dependencies=None, packages_above_depth=None, packages_select_by_dep=None, packages_skip_by_dep=None, packages_skip_up_to=None, packages_select_build_failed=False, packages_skip_build_finished=False, packages_select_test_failures=False, packages_skip_test_passed=False, packages_select=None, packages_skip=None, packages_select_regex=None, packages_skip_regex=None, packages_start=None, packages_end=None, allow_overriding=[], cmake_args=None, cmake_target=None, cmake_target_skip_unavailable=False, cmake_clean_cache=False, cmake_clean_first=False, cmake_force_configure=False, ament_cmake_args=None, catkin_cmake_args=None, catkin_skip_building_tests=False, verb_parser=<colcon_defaults.argument_parser.defaults.DefaultArgumentsDecorator object at 0x7acb57c1a1a0>, verb_extension=<colcon_core.verb.build.BuildVerb object at 0x7acb57c19c60>, main=<bound method BuildVerb.main of <colcon_core.verb.build.BuildVerb object at 0x7acb57c19c60>>)
[7.959s] Level 1:colcon.colcon_core.package_discovery:discover_packages(colcon_meta) check parameters
[7.960s] Level 1:colcon.colcon_core.package_discovery:discover_packages(recursive) check parameters
[7.960s] Level 1:colcon.colcon_core.package_discovery:discover_packages(ignore) check parameters
[7.960s] Level 1:colcon.colcon_core.package_discovery:discover_packages(path) check parameters
[7.960s] Level 1:colcon.colcon_core.package_discovery:discover_packages(colcon_meta) discover
[7.960s] Level 1:colcon.colcon_core.package_discovery:discover_packages(recursive) discover
[7.960s] INFO:colcon.colcon_core.package_discovery:Crawling recursively for packages in '/home/uditr/mybot_ws'
[7.961s] Level 1:colcon.colcon_core.package_identification:_identify(.) by extensions ['ignore', 'ignore_ament_install']
[7.961s] Level 1:colcon.colcon_core.package_identification:_identify(.) by extension 'ignore'
[7.962s] Level 1:colcon.colcon_core.package_identification:_identify(.) by extension 'ignore_ament_install'
[7.962s] Level 1:colcon.colcon_core.package_identification:_identify(.) by extensions ['colcon_pkg']
[7.962s] Level 1:colcon.colcon_core.package_identification:_identify(.) by extension 'colcon_pkg'
[7.962s] Level 1:colcon.colcon_core.package_identification:_identify(.) by extensions ['colcon_meta']
[7.962s] Level 1:colcon.colcon_core.package_identification:_identify(.) by extension 'colcon_meta'
[7.963s] Level 1:colcon.colcon_core.package_identification:_identify(.) by extensions ['ros']
[7.963s] Level 1:colcon.colcon_core.package_identification:_identify(.) by extension 'ros'
[8.045s] Level 1:colcon.colcon_core.package_identification:_identify(.) by extensions ['cmake', 'python']
[8.045s] Level 1:colcon.colcon_core.package_identification:_identify(.) by extension 'cmake'
[8.046s] Level 1:colcon.colcon_core.package_identification:_identify(.) by extension 'python'
[8.046s] Level 1:colcon.colcon_core.package_identification:_identify(.) by extensions ['python_setup_py']
[8.046s] Level 1:colcon.colcon_core.package_identification:_identify(.) by extension 'python_setup_py'
[8.046s] Level 1:colcon.colcon_core.package_identification:_identify(build) by extensions ['ignore', 'ignore_ament_install']
[8.046s] Level 1:colcon.colcon_core.package_identification:_identify(build) by extension 'ignore'
[8.046s] Level 1:colcon.colcon_core.package_identification:_identify(build) ignored
[8.074s] Level 1:colcon.colcon_core.package_identification:_identify(install) by extensions ['ignore', 'ignore_ament_install']
[8.074s] Level 1:colcon.colcon_core.package_identification:_identify(install) by extension 'ignore'
[8.074s] Level 1:colcon.colcon_core.package_identification:_identify(install) ignored
[8.075s] Level 1:colcon.colcon_core.package_identification:_identify(log) by extensions ['ignore', 'ignore_ament_install']
[8.075s] Level 1:colcon.colcon_core.package_identification:_identify(log) by extension 'ignore'
[8.075s] Level 1:colcon.colcon_core.package_identification:_identify(log) ignored
[8.075s] Level 1:colcon.colcon_core.package_identification:_identify(src) by extensions ['ignore', 'ignore_ament_install']
[8.075s] Level 1:colcon.colcon_core.package_identification:_identify(src) by extension 'ignore'
[8.075s] Level 1:colcon.colcon_core.package_identification:_identify(src) by extension 'ignore_ament_install'
[8.075s] Level 1:colcon.colcon_core.package_identification:_identify(src) by extensions ['colcon_pkg']
[8.076s] Level 1:colcon.colcon_core.package_identification:_identify(src) by extension 'colcon_pkg'
[8.076s] Level 1:colcon.colcon_core.package_identification:_identify(src) by extensions ['colcon_meta']
[8.076s] Level 1:colcon.colcon_core.package_identification:_identify(src) by extension 'colcon_meta'
[8.076s] Level 1:colcon.colcon_core.package_identification:_identify(src) by extensions ['ros']
[8.076s] Level 1:colcon.colcon_core.package_identification:_identify(src) by extension 'ros'
[8.076s] Level 1:colcon.colcon_core.package_identification:_identify(src) by extensions ['cmake', 'python']
[8.076s] Level 1:colcon.colcon_core.package_identification:_identify(src) by extension 'cmake'
[8.076s] Level 1:colcon.colcon_core.package_identification:_identify(src) by extension 'python'
[8.076s] Level 1:colcon.colcon_core.package_identification:_identify(src) by extensions ['python_setup_py']
[8.076s] Level 1:colcon.colcon_core.package_identification:_identify(src) by extension 'python_setup_py'
[8.077s] Level 1:colcon.colcon_core.package_identification:_identify(src/build) by extensions ['ignore', 'ignore_ament_install']
[8.077s] Level 1:colcon.colcon_core.package_identification:_identify(src/build) by extension 'ignore'
[8.077s] Level 1:colcon.colcon_core.package_identification:_identify(src/build) ignored
[8.078s] Level 1:colcon.colcon_core.package_identification:_identify(src/install) by extensions ['ignore', 'ignore_ament_install']
[8.078s] Level 1:colcon.colcon_core.package_identification:_identify(src/install) by extension 'ignore'
[8.078s] Level 1:colcon.colcon_core.package_identification:_identify(src/install) ignored
[8.085s] Level 1:colcon.colcon_core.package_identification:_identify(src/log) by extensions ['ignore', 'ignore_ament_install']
[8.085s] Level 1:colcon.colcon_core.package_identification:_identify(src/log) by extension 'ignore'
[8.085s] Level 1:colcon.colcon_core.package_identification:_identify(src/log) ignored
[8.085s] Level 1:colcon.colcon_core.package_identification:_identify(src/mybot_controller) by extensions ['ignore', 'ignore_ament_install']
[8.086s] Level 1:colcon.colcon_core.package_identification:_identify(src/mybot_controller) by extension 'ignore'
[8.086s] Level 1:colcon.colcon_core.package_identification:_identify(src/mybot_controller) by extension 'ignore_ament_install'
[8.086s] Level 1:colcon.colcon_core.package_identification:_identify(src/mybot_controller) by extensions ['colcon_pkg']
[8.086s] Level 1:colcon.colcon_core.package_identification:_identify(src/mybot_controller) by extension 'colcon_pkg'
[8.086s] Level 1:colcon.colcon_core.package_identification:_identify(src/mybot_controller) by extensions ['colcon_meta']
[8.086s] Level 1:colcon.colcon_core.package_identification:_identify(src/mybot_controller) by extension 'colcon_meta'
[8.086s] Level 1:colcon.colcon_core.package_identification:_identify(src/mybot_controller) by extensions ['ros']
[8.086s] Level 1:colcon.colcon_core.package_identification:_identify(src/mybot_controller) by extension 'ros'
[8.107s] DEBUG:colcon.colcon_core.package_identification:Package 'src/mybot_controller' with type 'ros.ament_cmake' and name 'mybot_controller'
[8.118s] Level 1:colcon.colcon_core.package_identification:_identify(src/mybot_cpp_programs) by extensions ['ignore', 'ignore_ament_install']
[8.118s] Level 1:colcon.colcon_core.package_identification:_identify(src/mybot_cpp_programs) by extension 'ignore'
[8.119s] Level 1:colcon.colcon_core.package_identification:_identify(src/mybot_cpp_programs) by extension 'ignore_ament_install'
[8.119s] Level 1:colcon.colcon_core.package_identification:_identify(src/mybot_cpp_programs) by extensions ['colcon_pkg']
[8.119s] Level 1:colcon.colcon_core.package_identification:_identify(src/mybot_cpp_programs) by extension 'colcon_pkg'
[8.119s] Level 1:colcon.colcon_core.package_identification:_identify(src/mybot_cpp_programs) by extensions ['colcon_meta']
[8.119s] Level 1:colcon.colcon_core.package_identification:_identify(src/mybot_cpp_programs) by extension 'colcon_meta'
[8.119s] Level 1:colcon.colcon_core.package_identification:_identify(src/mybot_cpp_programs) by extensions ['ros']
[8.119s] Level 1:colcon.colcon_core.package_identification:_identify(src/mybot_cpp_programs) by extension 'ros'
[8.125s] DEBUG:colcon.colcon_core.package_identification:Package 'src/mybot_cpp_programs' with type 'ros.ament_cmake' and name 'mybot_cpp_programs'
[8.126s] Level 1:colcon.colcon_core.package_identification:_identify(src/mybot_description) by extensions ['ignore', 'ignore_ament_install']
[8.126s] Level 1:colcon.colcon_core.package_identification:_identify(src/mybot_description) by extension 'ignore'
[8.126s] Level 1:colcon.colcon_core.package_identification:_identify(src/mybot_description) by extension 'ignore_ament_install'
[8.126s] Level 1:colcon.colcon_core.package_identification:_identify(src/mybot_description) by extensions ['colcon_pkg']
[8.126s] Level 1:colcon.colcon_core.package_identification:_identify(src/mybot_description) by extension 'colcon_pkg'
[8.126s] Level 1:colcon.colcon_core.package_identification:_identify(src/mybot_description) by extensions ['colcon_meta']
[8.126s] Level 1:colcon.colcon_core.package_identification:_identify(src/mybot_description) by extension 'colcon_meta'
[8.126s] Level 1:colcon.colcon_core.package_identification:_identify(src/mybot_description) by extensions ['ros']
[8.126s] Level 1:colcon.colcon_core.package_identification:_identify(src/mybot_description) by extension 'ros'
[8.134s] DEBUG:colcon.colcon_core.package_identification:Package 'src/mybot_description' with type 'ros.ament_cmake' and name 'mybot_description'
[8.134s] Level 1:colcon.colcon_core.package_identification:_identify(src/mybot_py_programs) by extensions ['ignore', 'ignore_ament_install']
[8.134s] Level 1:colcon.colcon_core.package_identification:_identify(src/mybot_py_programs) by extension 'ignore'
[8.134s] Level 1:colcon.colcon_core.package_identification:_identify(src/mybot_py_programs) by extension 'ignore_ament_install'
[8.134s] Level 1:colcon.colcon_core.package_identification:_identify(src/mybot_py_programs) by extensions ['colcon_pkg']
[8.134s] Level 1:colcon.colcon_core.package_identification:_identify(src/mybot_py_programs) by extension 'colcon_pkg'
[8.134s] Level 1:colcon.colcon_core.package_identification:_identify(src/mybot_py_programs) by extensions ['colcon_meta']
[8.134s] Level 1:colcon.colcon_core.package_identification:_identify(src/mybot_py_programs) by extension 'colcon_meta'
[8.135s] Level 1:colcon.colcon_core.package_identification:_identify(src/mybot_py_programs) by extensions ['ros']
[8.135s] Level 1:colcon.colcon_core.package_identification:_identify(src/mybot_py_programs) by extension 'ros'
[8.152s] DEBUG:colcon.colcon_core.package_identification:Package 'src/mybot_py_programs' with type 'ros.ament_python' and name 'mybot_py_programs'
[8.152s] Level 1:colcon.colcon_core.package_discovery:discover_packages(recursive) using defaults
[8.152s] Level 1:colcon.colcon_core.package_discovery:discover_packages(ignore) discover
[8.152s] Level 1:colcon.colcon_core.package_discovery:discover_packages(ignore) using defaults
[8.152s] Level 1:colcon.colcon_core.package_discovery:discover_packages(path) discover
[8.152s] Level 1:colcon.colcon_core.package_discovery:discover_packages(path) using defaults
[8.433s] Level 1:colcon.colcon_core.package_discovery:discover_packages(prefix_path) check parameters
[8.433s] Level 1:colcon.colcon_core.package_discovery:discover_packages(prefix_path) discover
[8.478s] DEBUG:colcon.colcon_installed_package_information.package_discovery:Found 449 installed packages in /opt/ros/humble
[8.486s] Level 1:colcon.colcon_core.package_discovery:discover_packages(prefix_path) using defaults
[8.566s] Level 5:colcon.colcon_core.verb:set package 'mybot_controller' build argument 'cmake_args' from command line to 'None'
[8.566s] Level 5:colcon.colcon_core.verb:set package 'mybot_controller' build argument 'cmake_target' from command line to 'None'
[8.566s] Level 5:colcon.colcon_core.verb:set package 'mybot_controller' build argument 'cmake_target_skip_unavailable' from command line to 'False'
[8.566s] Level 5:colcon.colcon_core.verb:set package 'mybot_controller' build argument 'cmake_clean_cache' from command line to 'False'
[8.566s] Level 5:colcon.colcon_core.verb:set package 'mybot_controller' build argument 'cmake_clean_first' from command line to 'False'
[8.566s] Level 5:colcon.colcon_core.verb:set package 'mybot_controller' build argument 'cmake_force_configure' from command line to 'False'
[8.566s] Level 5:colcon.colcon_core.verb:set package 'mybot_controller' build argument 'ament_cmake_args' from command line to 'None'
[8.566s] Level 5:colcon.colcon_core.verb:set package 'mybot_controller' build argument 'catkin_cmake_args' from command line to 'None'
[8.566s] Level 5:colcon.colcon_core.verb:set package 'mybot_controller' build argument 'catkin_skip_building_tests' from command line to 'False'
[8.566s] DEBUG:colcon.colcon_core.verb:Building package 'mybot_controller' with the following arguments: {'ament_cmake_args': None, 'build_base': '/home/uditr/mybot_ws/build/mybot_controller', 'catkin_cmake_args': None, 'catkin_skip_building_tests': False, 'cmake_args': None, 'cmake_clean_cache': False, 'cmake_clean_first': False, 'cmake_force_configure': False, 'cmake_target': None, 'cmake_target_skip_unavailable': False, 'install_base': '/home/uditr/mybot_ws/install/mybot_controller', 'merge_install': False, 'path': '/home/uditr/mybot_ws/src/mybot_controller', 'symlink_install': False, 'test_result_base': None}
[8.566s] Level 5:colcon.colcon_core.verb:set package 'mybot_cpp_programs' build argument 'cmake_args' from command line to 'None'
[8.566s] Level 5:colcon.colcon_core.verb:set package 'mybot_cpp_programs' build argument 'cmake_target' from command line to 'None'
[8.566s] Level 5:colcon.colcon_core.verb:set package 'mybot_cpp_programs' build argument 'cmake_target_skip_unavailable' from command line to 'False'
[8.567s] Level 5:colcon.colcon_core.verb:set package 'mybot_cpp_programs' build argument 'cmake_clean_cache' from command line to 'False'
[8.567s] Level 5:colcon.colcon_core.verb:set package 'mybot_cpp_programs' build argument 'cmake_clean_first' from command line to 'False'
[8.567s] Level 5:colcon.colcon_core.verb:set package 'mybot_cpp_programs' build argument 'cmake_force_configure' from command line to 'False'
[8.567s] Level 5:colcon.colcon_core.verb:set package 'mybot_cpp_programs' build argument 'ament_cmake_args' from command line to 'None'
[8.567s] Level 5:colcon.colcon_core.verb:set package 'mybot_cpp_programs' build argument 'catkin_cmake_args' from command line to 'None'
[8.567s] Level 5:colcon.colcon_core.verb:set package 'mybot_cpp_programs' build argument 'catkin_skip_building_tests' from command line to 'False'
[8.567s] DEBUG:colcon.colcon_core.verb:Building package 'mybot_cpp_programs' with the following arguments: {'ament_cmake_args': None, 'build_base': '/home/uditr/mybot_ws/build/mybot_cpp_programs', 'catkin_cmake_args': None, 'catkin_skip_building_tests': False, 'cmake_args': None, 'cmake_clean_cache': False, 'cmake_clean_first': False, 'cmake_force_configure': False, 'cmake_target': None, 'cmake_target_skip_unavailable': False, 'install_base': '/home/uditr/mybot_ws/install/mybot_cpp_programs', 'merge_install': False, 'path': '/home/uditr/mybot_ws/src/mybot_cpp_programs', 'symlink_install': False, 'test_result_base': None}
[8.567s] Level 5:colcon.colcon_core.verb:set package 'mybot_description' build argument 'cmake_args' from command line to 'None'
[8.567s] Level 5:colcon.colcon_core.verb:set package 'mybot_description' build argument 'cmake_target' from command line to 'None'
[8.567s] Level 5:colcon.colcon_core.verb:set package 'mybot_description' build argument 'cmake_target_skip_unavailable' from command line to 'False'
[8.567s] Level 5:colcon.colcon_core.verb:set package 'mybot_description' build argument 'cmake_clean_cache' from command line to 'False'
[8.567s] Level 5:colcon.colcon_core.verb:set package 'mybot_description' build argument 'cmake_clean_first' from command line to 'False'
[8.567s] Level 5:colcon.colcon_core.verb:set package 'mybot_description' build argument 'cmake_force_configure' from command line to 'False'
[8.567s] Level 5:colcon.colcon_core.verb:set package 'mybot_description' build argument 'ament_cmake_args' from command line to 'None'
[8.567s] Level 5:colcon.colcon_core.verb:set package 'mybot_description' build argument 'catkin_cmake_args' from command line to 'None'
[8.567s] Level 5:colcon.colcon_core.verb:set package 'mybot_description' build argument 'catkin_skip_building_tests' from command line to 'False'
[8.567s] DEBUG:colcon.colcon_core.verb:Building package 'mybot_description' with the following arguments: {'ament_cmake_args': None, 'build_base': '/home/uditr/mybot_ws/build/mybot_description', 'catkin_cmake_args': None, 'catkin_skip_building_tests': False, 'cmake_args': None, 'cmake_clean_cache': False, 'cmake_clean_first': False, 'cmake_force_configure': False, 'cmake_target': None, 'cmake_target_skip_unavailable': False, 'install_base': '/home/uditr/mybot_ws/install/mybot_description', 'merge_install': False, 'path': '/home/uditr/mybot_ws/src/mybot_description', 'symlink_install': False, 'test_result_base': None}
[8.568s] Level 5:colcon.colcon_core.verb:set package 'mybot_py_programs' build argument 'cmake_args' from command line to 'None'
[8.568s] Level 5:colcon.colcon_core.verb:set package 'mybot_py_programs' build argument 'cmake_target' from command line to 'None'
[8.568s] Level 5:colcon.colcon_core.verb:set package 'mybot_py_programs' build argument 'cmake_target_skip_unavailable' from command line to 'False'
[8.568s] Level 5:colcon.colcon_core.verb:set package 'mybot_py_programs' build argument 'cmake_clean_cache' from command line to 'False'
[8.568s] Level 5:colcon.colcon_core.verb:set package 'mybot_py_programs' build argument 'cmake_clean_first' from command line to 'False'
[8.568s] Level 5:colcon.colcon_core.verb:set package 'mybot_py_programs' build argument 'cmake_force_configure' from command line to 'False'
[8.568s] Level 5:colcon.colcon_core.verb:set package 'mybot_py_programs' build argument 'ament_cmake_args' from command line to 'None'
[8.568s] Level 5:colcon.colcon_core.verb:set package 'mybot_py_programs' build argument 'catkin_cmake_args' from command line to 'None'
[8.568s] Level 5:colcon.colcon_core.verb:set package 'mybot_py_programs' build argument 'catkin_skip_building_tests' from command line to 'False'
[8.568s] DEBUG:colcon.colcon_core.verb:Building package 'mybot_py_programs' with the following arguments: {'ament_cmake_args': None, 'build_base': '/home/uditr/mybot_ws/build/mybot_py_programs', 'catkin_cmake_args': None, 'catkin_skip_building_tests': False, 'cmake_args': None, 'cmake_clean_cache': False, 'cmake_clean_first': False, 'cmake_force_configure': False, 'cmake_target': None, 'cmake_target_skip_unavailable': False, 'install_base': '/home/uditr/mybot_ws/install/mybot_py_programs', 'merge_install': False, 'path': '/home/uditr/mybot_ws/src/mybot_py_programs', 'symlink_install': False, 'test_result_base': None}
[8.568s] INFO:colcon.colcon_core.executor:Executing jobs using 'parallel' executor
[8.569s] DEBUG:colcon.colcon_parallel_executor.executor.parallel:run_until_complete
[8.569s] INFO:colcon.colcon_ros.task.ament_cmake.build:Building ROS package in '/home/uditr/mybot_ws/src/mybot_controller' with build type 'ament_cmake'
[8.569s] INFO:colcon.colcon_cmake.task.cmake.build:Building CMake package in '/home/uditr/mybot_ws/src/mybot_controller'
[8.601s] INFO:colcon.colcon_core.plugin_system:Skipping extension 'colcon_core.shell.bat': Not used on non-Windows systems
[8.602s] INFO:colcon.colcon_core.shell:Skip shell extension 'powershell' for command environment: Not usable outside of PowerShell
[8.602s] DEBUG:colcon.colcon_core.shell:Skip shell extension 'dsv' for command environment
[8.650s] INFO:colcon.colcon_ros.task.ament_cmake.build:Building ROS package in '/home/uditr/mybot_ws/src/mybot_cpp_programs' with build type 'ament_cmake'
[8.651s] INFO:colcon.colcon_cmake.task.cmake.build:Building CMake package in '/home/uditr/mybot_ws/src/mybot_cpp_programs'
[8.652s] INFO:colcon.colcon_core.shell:Skip shell extension 'powershell' for command environment: Not usable outside of PowerShell
[8.653s] DEBUG:colcon.colcon_core.shell:Skip shell extension 'dsv' for command environment
[8.680s] INFO:colcon.colcon_ros.task.ament_cmake.build:Building ROS package in '/home/uditr/mybot_ws/src/mybot_description' with build type 'ament_cmake'
[8.681s] INFO:colcon.colcon_cmake.task.cmake.build:Building CMake package in '/home/uditr/mybot_ws/src/mybot_description'
[8.682s] INFO:colcon.colcon_core.shell:Skip shell extension 'powershell' for command environment: Not usable outside of PowerShell
[8.682s] DEBUG:colcon.colcon_core.shell:Skip shell extension 'dsv' for command environment
[8.696s] INFO:colcon.colcon_ros.task.ament_python.build:Building ROS package in '/home/uditr/mybot_ws/src/mybot_py_programs' with build type 'ament_python'
[8.696s] Level 1:colcon.colcon_core.shell:create_environment_hook('mybot_py_programs', 'ament_prefix_path')
[8.697s] INFO:colcon.colcon_core.shell:Creating environment hook '/home/uditr/mybot_ws/install/mybot_py_programs/share/mybot_py_programs/hook/ament_prefix_path.ps1'
[8.724s] INFO:colcon.colcon_core.shell:Creating environment descriptor '/home/uditr/mybot_ws/install/mybot_py_programs/share/mybot_py_programs/hook/ament_prefix_path.dsv'
[8.726s] INFO:colcon.colcon_core.shell:Creating environment hook '/home/uditr/mybot_ws/install/mybot_py_programs/share/mybot_py_programs/hook/ament_prefix_path.sh'
[8.728s] INFO:colcon.colcon_core.shell:Skip shell extension 'powershell' for command environment: Not usable outside of PowerShell
[8.728s] DEBUG:colcon.colcon_core.shell:Skip shell extension 'dsv' for command environment
[8.806s] DEBUG:colcon.colcon_core.event_handler.log_command:Invoking command in '/home/uditr/mybot_ws/build/mybot_controller': CMAKE_PREFIX_PATH=/opt/ros/humble /usr/bin/cmake --build /home/uditr/mybot_ws/build/mybot_controller -- -j8 -l8
[8.965s] DEBUG:colcon.colcon_core.event_handler.log_command:Invoking command in '/home/uditr/mybot_ws/build/mybot_cpp_programs': CMAKE_PREFIX_PATH=/opt/ros/humble /usr/bin/cmake --build /home/uditr/mybot_ws/build/mybot_cpp_programs -- -j8 -l8
[9.104s] DEBUG:colcon.colcon_core.event_handler.log_command:Invoking command in '/home/uditr/mybot_ws/build/mybot_description': CMAKE_PREFIX_PATH=/opt/ros/humble /usr/bin/cmake --build /home/uditr/mybot_ws/build/mybot_description -- -j8 -l8
[9.639s] INFO:colcon.colcon_core.task.python.build:Building Python package in '/home/uditr/mybot_ws/src/mybot_py_programs'
[9.639s] INFO:colcon.colcon_core.shell:Skip shell extension 'powershell' for command environment: Not usable outside of PowerShell
[9.639s] DEBUG:colcon.colcon_core.shell:Skip shell extension 'dsv' for command environment
[10.692s] DEBUG:colcon.colcon_core.event_handler.log_command:Invoked command in '/home/uditr/mybot_ws/build/mybot_cpp_programs' returned '0': CMAKE_PREFIX_PATH=/opt/ros/humble /usr/bin/cmake --build /home/uditr/mybot_ws/build/mybot_cpp_programs -- -j8 -l8
[10.694s] DEBUG:colcon.colcon_core.event_handler.log_command:Invoked command in '/home/uditr/mybot_ws/build/mybot_description' returned '0': CMAKE_PREFIX_PATH=/opt/ros/humble /usr/bin/cmake --build /home/uditr/mybot_ws/build/mybot_description -- -j8 -l8
[10.727s] DEBUG:colcon.colcon_core.event_handler.log_command:Invoking command in '/home/uditr/mybot_ws/build/mybot_cpp_programs': CMAKE_PREFIX_PATH=/opt/ros/humble /usr/bin/cmake --install /home/uditr/mybot_ws/build/mybot_cpp_programs
[10.729s] DEBUG:colcon.colcon_core.event_handler.log_command:Invoking command in '/home/uditr/mybot_ws/build/mybot_description': CMAKE_PREFIX_PATH=/opt/ros/humble /usr/bin/cmake --install /home/uditr/mybot_ws/build/mybot_description
[11.171s] Level 1:colcon.colcon_core.environment:create_environment_scripts_only(mybot_description)
[11.172s] DEBUG:colcon.colcon_core.event_handler.log_command:Invoked command in '/home/uditr/mybot_ws/build/mybot_description' returned '0': CMAKE_PREFIX_PATH=/opt/ros/humble /usr/bin/cmake --install /home/uditr/mybot_ws/build/mybot_description
[11.300s] Level 1:colcon.colcon_core.environment:checking '/home/uditr/mybot_ws/install/mybot_description' for CMake module files
[11.301s] Level 1:colcon.colcon_core.environment:checking '/home/uditr/mybot_ws/install/mybot_description' for CMake config files
[11.354s] Level 1:colcon.colcon_core.shell:create_environment_hook('mybot_description', 'cmake_prefix_path')
[11.355s] INFO:colcon.colcon_core.shell:Creating environment hook '/home/uditr/mybot_ws/install/mybot_description/share/mybot_description/hook/cmake_prefix_path.ps1'
[11.356s] INFO:colcon.colcon_core.shell:Creating environment descriptor '/home/uditr/mybot_ws/install/mybot_description/share/mybot_description/hook/cmake_prefix_path.dsv'
[11.358s] INFO:colcon.colcon_core.shell:Creating environment hook '/home/uditr/mybot_ws/install/mybot_description/share/mybot_description/hook/cmake_prefix_path.sh'
[11.360s] Level 1:colcon.colcon_core.environment:checking '/home/uditr/mybot_ws/install/mybot_description/bin'
[11.360s] Level 1:colcon.colcon_core.environment:checking '/home/uditr/mybot_ws/install/mybot_description/lib/pkgconfig/mybot_description.pc'
[11.361s] Level 1:colcon.colcon_core.environment:checking '/home/uditr/mybot_ws/install/mybot_description/lib/python3.10/site-packages'
[11.361s] Level 1:colcon.colcon_core.environment:checking '/home/uditr/mybot_ws/install/mybot_description/bin'
[11.362s] INFO:colcon.colcon_core.shell:Creating package script '/home/uditr/mybot_ws/install/mybot_description/share/mybot_description/package.ps1'
[11.364s] INFO:colcon.colcon_core.shell:Creating package descriptor '/home/uditr/mybot_ws/install/mybot_description/share/mybot_description/package.dsv'
[11.366s] INFO:colcon.colcon_core.shell:Creating package script '/home/uditr/mybot_ws/install/mybot_description/share/mybot_description/package.sh'
[11.367s] INFO:colcon.colcon_core.shell:Creating package script '/home/uditr/mybot_ws/install/mybot_description/share/mybot_description/package.bash'
[11.369s] INFO:colcon.colcon_core.shell:Creating package script '/home/uditr/mybot_ws/install/mybot_description/share/mybot_description/package.zsh'
[11.391s] Level 1:colcon.colcon_core.environment:create_file_with_runtime_dependencies(/home/uditr/mybot_ws/install/mybot_description/share/colcon-core/packages/mybot_description)
[11.393s] Level 1:colcon.colcon_core.environment:create_environment_scripts_only(mybot_cpp_programs)
[11.394s] Level 1:colcon.colcon_core.environment:checking '/home/uditr/mybot_ws/install/mybot_cpp_programs' for CMake module files
[11.394s] DEBUG:colcon.colcon_core.event_handler.log_command:Invoked command in '/home/uditr/mybot_ws/build/mybot_cpp_programs' returned '0': CMAKE_PREFIX_PATH=/opt/ros/humble /usr/bin/cmake --install /home/uditr/mybot_ws/build/mybot_cpp_programs
[11.394s] Level 1:colcon.colcon_core.environment:checking '/home/uditr/mybot_ws/install/mybot_cpp_programs' for CMake config files
[11.395s] Level 1:colcon.colcon_core.shell:create_environment_hook('mybot_cpp_programs', 'cmake_prefix_path')
[11.395s] INFO:colcon.colcon_core.shell:Creating environment hook '/home/uditr/mybot_ws/install/mybot_cpp_programs/share/mybot_cpp_programs/hook/cmake_prefix_path.ps1'
[11.396s] INFO:colcon.colcon_core.shell:Creating environment descriptor '/home/uditr/mybot_ws/install/mybot_cpp_programs/share/mybot_cpp_programs/hook/cmake_prefix_path.dsv'
[11.396s] INFO:colcon.colcon_core.shell:Creating environment hook '/home/uditr/mybot_ws/install/mybot_cpp_programs/share/mybot_cpp_programs/hook/cmake_prefix_path.sh'
[11.397s] Level 1:colcon.colcon_core.environment:checking '/home/uditr/mybot_ws/install/mybot_cpp_programs/bin'
[11.397s] Level 1:colcon.colcon_core.environment:checking '/home/uditr/mybot_ws/install/mybot_cpp_programs/lib/pkgconfig/mybot_cpp_programs.pc'
[11.397s] Level 1:colcon.colcon_core.environment:checking '/home/uditr/mybot_ws/install/mybot_cpp_programs/lib/python3.10/site-packages'
[11.397s] Level 1:colcon.colcon_core.environment:checking '/home/uditr/mybot_ws/install/mybot_cpp_programs/bin'
[11.397s] INFO:colcon.colcon_core.shell:Creating package script '/home/uditr/mybot_ws/install/mybot_cpp_programs/share/mybot_cpp_programs/package.ps1'
[11.398s] INFO:colcon.colcon_core.shell:Creating package descriptor '/home/uditr/mybot_ws/install/mybot_cpp_programs/share/mybot_cpp_programs/package.dsv'
[11.398s] INFO:colcon.colcon_core.shell:Creating package script '/home/uditr/mybot_ws/install/mybot_cpp_programs/share/mybot_cpp_programs/package.sh'
[11.398s] INFO:colcon.colcon_core.shell:Creating package script '/home/uditr/mybot_ws/install/mybot_cpp_programs/share/mybot_cpp_programs/package.bash'
[11.399s] INFO:colcon.colcon_core.shell:Creating package script '/home/uditr/mybot_ws/install/mybot_cpp_programs/share/mybot_cpp_programs/package.zsh'
[11.399s] Level 1:colcon.colcon_core.environment:create_file_with_runtime_dependencies(/home/uditr/mybot_ws/install/mybot_cpp_programs/share/colcon-core/packages/mybot_cpp_programs)
[11.412s] Level 1:colcon.colcon_core.environment:create_environment_scripts_only(mybot_description)
[11.413s] Level 1:colcon.colcon_core.environment:checking '/home/uditr/mybot_ws/install/mybot_description' for CMake module files
[11.413s] Level 1:colcon.colcon_core.environment:checking '/home/uditr/mybot_ws/install/mybot_description' for CMake config files
[11.414s] Level 1:colcon.colcon_core.shell:create_environment_hook('mybot_description', 'cmake_prefix_path')
[11.414s] INFO:colcon.colcon_core.shell:Creating environment hook '/home/uditr/mybot_ws/install/mybot_description/share/mybot_description/hook/cmake_prefix_path.ps1'
[11.415s] INFO:colcon.colcon_core.shell:Creating environment descriptor '/home/uditr/mybot_ws/install/mybot_description/share/mybot_description/hook/cmake_prefix_path.dsv'
[11.415s] INFO:colcon.colcon_core.shell:Creating environment hook '/home/uditr/mybot_ws/install/mybot_description/share/mybot_description/hook/cmake_prefix_path.sh'
[11.416s] Level 1:colcon.colcon_core.environment:checking '/home/uditr/mybot_ws/install/mybot_description/bin'
[11.416s] Level 1:colcon.colcon_core.environment:checking '/home/uditr/mybot_ws/install/mybot_description/lib/pkgconfig/mybot_description.pc'
[11.416s] Level 1:colcon.colcon_core.environment:checking '/home/uditr/mybot_ws/install/mybot_description/lib/python3.10/site-packages'
[11.416s] Level 1:colcon.colcon_core.environment:checking '/home/uditr/mybot_ws/install/mybot_description/bin'
[11.417s] INFO:colcon.colcon_core.shell:Creating package script '/home/uditr/mybot_ws/install/mybot_description/share/mybot_description/package.ps1'
[11.417s] INFO:colcon.colcon_core.shell:Creating package descriptor '/home/uditr/mybot_ws/install/mybot_description/share/mybot_description/package.dsv'
[11.418s] INFO:colcon.colcon_core.shell:Creating package script '/home/uditr/mybot_ws/install/mybot_description/share/mybot_description/package.sh'
[11.418s] INFO:colcon.colcon_core.shell:Creating package script '/home/uditr/mybot_ws/install/mybot_description/share/mybot_description/package.bash'
[11.419s] INFO:colcon.colcon_core.shell:Creating package script '/home/uditr/mybot_ws/install/mybot_description/share/mybot_description/package.zsh'
[11.419s] Level 1:colcon.colcon_core.environment:create_file_with_runtime_dependencies(/home/uditr/mybot_ws/install/mybot_description/share/colcon-core/packages/mybot_description)
[11.421s] Level 1:colcon.colcon_core.environment:create_environment_scripts_only(mybot_cpp_programs)
[11.421s] Level 1:colcon.colcon_core.environment:checking '/home/uditr/mybot_ws/install/mybot_cpp_programs' for CMake module files
[11.422s] Level 1:colcon.colcon_core.environment:checking '/home/uditr/mybot_ws/install/mybot_cpp_programs' for CMake config files
[11.422s] Level 1:colcon.colcon_core.shell:create_environment_hook('mybot_cpp_programs', 'cmake_prefix_path')
[11.423s] INFO:colcon.colcon_core.shell:Creating environment hook '/home/uditr/mybot_ws/install/mybot_cpp_programs/share/mybot_cpp_programs/hook/cmake_prefix_path.ps1'
[11.423s] INFO:colcon.colcon_core.shell:Creating environment descriptor '/home/uditr/mybot_ws/install/mybot_cpp_programs/share/mybot_cpp_programs/hook/cmake_prefix_path.dsv'
[11.423s] INFO:colcon.colcon_core.shell:Creating environment hook '/home/uditr/mybot_ws/install/mybot_cpp_programs/share/mybot_cpp_programs/hook/cmake_prefix_path.sh'
[11.424s] Level 1:colcon.colcon_core.environment:checking '/home/uditr/mybot_ws/install/mybot_cpp_programs/bin'
[11.424s] Level 1:colcon.colcon_core.environment:checking '/home/uditr/mybot_ws/install/mybot_cpp_programs/lib/pkgconfig/mybot_cpp_programs.pc'
[11.424s] Level 1:colcon.colcon_core.environment:checking '/home/uditr/mybot_ws/install/mybot_cpp_programs/lib/python3.10/site-packages'
[11.425s] Level 1:colcon.colcon_core.environment:checking '/home/uditr/mybot_ws/install/mybot_cpp_programs/bin'
[11.425s] INFO:colcon.colcon_core.shell:Creating package script '/home/uditr/mybot_ws/install/mybot_cpp_programs/share/mybot_cpp_programs/package.ps1'
[11.425s] INFO:colcon.colcon_core.shell:Creating package descriptor '/home/uditr/mybot_ws/install/mybot_cpp_programs/share/mybot_cpp_programs/package.dsv'
[11.426s] INFO:colcon.colcon_core.shell:Creating package script '/home/uditr/mybot_ws/install/mybot_cpp_programs/share/mybot_cpp_programs/package.sh'
[11.426s] INFO:colcon.colcon_core.shell:Creating package script '/home/uditr/mybot_ws/install/mybot_cpp_programs/share/mybot_cpp_programs/package.bash'
[11.427s] INFO:colcon.colcon_core.shell:Creating package script '/home/uditr/mybot_ws/install/mybot_cpp_programs/share/mybot_cpp_programs/package.zsh'
[11.427s] Level 1:colcon.colcon_core.environment:create_file_with_runtime_dependencies(/home/uditr/mybot_ws/install/mybot_cpp_programs/share/colcon-core/packages/mybot_cpp_programs)
[11.667s] DEBUG:colcon.colcon_core.event_handler.log_command:Invoked command in '/home/uditr/mybot_ws/build/mybot_controller' returned '0': CMAKE_PREFIX_PATH=/opt/ros/humble /usr/bin/cmake --build /home/uditr/mybot_ws/build/mybot_controller -- -j8 -l8
[11.688s] DEBUG:colcon.colcon_core.event_handler.log_command:Invoking command in '/home/uditr/mybot_ws/build/mybot_controller': CMAKE_PREFIX_PATH=/opt/ros/humble /usr/bin/cmake --install /home/uditr/mybot_ws/build/mybot_controller
[12.137s] DEBUG:colcon.colcon_core.event_handler.log_command:Invoking command in '/home/uditr/mybot_ws/src/mybot_py_programs': PYTHONPATH=/home/uditr/mybot_ws/build/mybot_py_programs/prefix_override:/usr/lib/python3/dist-packages/colcon_core/task/python/colcon_distutils_commands:/home/uditr/mybot_ws/install/mybot_py_programs/lib/python3.10/site-packages:${PYTHONPATH} /usr/bin/python3 -W ignore:setup.py install is deprecated setup.py egg_info --egg-base ../../build/mybot_py_programs build --build-base /home/uditr/mybot_ws/build/mybot_py_programs/build install --record /home/uditr/mybot_ws/build/mybot_py_programs/install.log --single-version-externally-managed install_data
[12.167s] Level 1:colcon.colcon_core.environment:create_environment_scripts_only(mybot_controller)
[12.167s] Level 1:colcon.colcon_core.environment:checking '/home/uditr/mybot_ws/install/mybot_controller' for CMake module files
[12.168s] DEBUG:colcon.colcon_core.event_handler.log_command:Invoked command in '/home/uditr/mybot_ws/build/mybot_controller' returned '0': CMAKE_PREFIX_PATH=/opt/ros/humble /usr/bin/cmake --install /home/uditr/mybot_ws/build/mybot_controller
[12.168s] Level 1:colcon.colcon_core.environment:checking '/home/uditr/mybot_ws/install/mybot_controller' for CMake config files
[12.181s] Level 1:colcon.colcon_core.shell:create_environment_hook('mybot_controller', 'cmake_prefix_path')
[12.182s] INFO:colcon.colcon_core.shell:Creating environment hook '/home/uditr/mybot_ws/install/mybot_controller/share/mybot_controller/hook/cmake_prefix_path.ps1'
[12.182s] INFO:colcon.colcon_core.shell:Creating environment descriptor '/home/uditr/mybot_ws/install/mybot_controller/share/mybot_controller/hook/cmake_prefix_path.dsv'
[12.182s] INFO:colcon.colcon_core.shell:Creating environment hook '/home/uditr/mybot_ws/install/mybot_controller/share/mybot_controller/hook/cmake_prefix_path.sh'
[12.183s] Level 1:colcon.colcon_core.environment:checking '/home/uditr/mybot_ws/install/mybot_controller/lib'
[12.183s] Level 1:colcon.colcon_core.environment:checking '/home/uditr/mybot_ws/install/mybot_controller/bin'
[12.183s] Level 1:colcon.colcon_core.environment:checking '/home/uditr/mybot_ws/install/mybot_controller/lib/pkgconfig/mybot_controller.pc'
[12.184s] Level 1:colcon.colcon_core.environment:checking '/home/uditr/mybot_ws/install/mybot_controller/lib/python3.10/site-packages'
[12.184s] Level 1:colcon.colcon_core.environment:checking '/home/uditr/mybot_ws/install/mybot_controller/bin'
[12.184s] INFO:colcon.colcon_core.shell:Creating package script '/home/uditr/mybot_ws/install/mybot_controller/share/mybot_controller/package.ps1'
[12.185s] INFO:colcon.colcon_core.shell:Creating package descriptor '/home/uditr/mybot_ws/install/mybot_controller/share/mybot_controller/package.dsv'
[12.185s] INFO:colcon.colcon_core.shell:Creating package script '/home/uditr/mybot_ws/install/mybot_controller/share/mybot_controller/package.sh'
[12.185s] INFO:colcon.colcon_core.shell:Creating package script '/home/uditr/mybot_ws/install/mybot_controller/share/mybot_controller/package.bash'
[12.186s] INFO:colcon.colcon_core.shell:Creating package script '/home/uditr/mybot_ws/install/mybot_controller/share/mybot_controller/package.zsh'
[12.186s] Level 1:colcon.colcon_core.environment:create_file_with_runtime_dependencies(/home/uditr/mybot_ws/install/mybot_controller/share/colcon-core/packages/mybot_controller)
[12.208s] Level 1:colcon.colcon_core.environment:create_environment_scripts_only(mybot_controller)
[12.209s] Level 1:colcon.colcon_core.environment:checking '/home/uditr/mybot_ws/install/mybot_controller' for CMake module files
[12.210s] Level 1:colcon.colcon_core.environment:checking '/home/uditr/mybot_ws/install/mybot_controller' for CMake config files
[12.210s] Level 1:colcon.colcon_core.shell:create_environment_hook('mybot_controller', 'cmake_prefix_path')
[12.211s] INFO:colcon.colcon_core.shell:Creating environment hook '/home/uditr/mybot_ws/install/mybot_controller/share/mybot_controller/hook/cmake_prefix_path.ps1'
[12.211s] INFO:colcon.colcon_core.shell:Creating environment descriptor '/home/uditr/mybot_ws/install/mybot_controller/share/mybot_controller/hook/cmake_prefix_path.dsv'
[12.211s] INFO:colcon.colcon_core.shell:Creating environment hook '/home/uditr/mybot_ws/install/mybot_controller/share/mybot_controller/hook/cmake_prefix_path.sh'
[12.212s] Level 1:colcon.colcon_core.environment:checking '/home/uditr/mybot_ws/install/mybot_controller/lib'
[12.212s] Level 1:colcon.colcon_core.environment:checking '/home/uditr/mybot_ws/install/mybot_controller/bin'
[12.212s] Level 1:colcon.colcon_core.environment:checking '/home/uditr/mybot_ws/install/mybot_controller/lib/pkgconfig/mybot_controller.pc'
[12.212s] Level 1:colcon.colcon_core.environment:checking '/home/uditr/mybot_ws/install/mybot_controller/lib/python3.10/site-packages'
[12.213s] Level 1:colcon.colcon_core.environment:checking '/home/uditr/mybot_ws/install/mybot_controller/bin'
[12.213s] INFO:colcon.colcon_core.shell:Creating package script '/home/uditr/mybot_ws/install/mybot_controller/share/mybot_controller/package.ps1'
[12.213s] INFO:colcon.colcon_core.shell:Creating package descriptor '/home/uditr/mybot_ws/install/mybot_controller/share/mybot_controller/package.dsv'
[12.214s] INFO:colcon.colcon_core.shell:Creating package script '/home/uditr/mybot_ws/install/mybot_controller/share/mybot_controller/package.sh'
[12.214s] INFO:colcon.colcon_core.shell:Creating package script '/home/uditr/mybot_ws/install/mybot_controller/share/mybot_controller/package.bash'
[12.215s] INFO:colcon.colcon_core.shell:Creating package script '/home/uditr/mybot_ws/install/mybot_controller/share/mybot_controller/package.zsh'
[12.216s] Level 1:colcon.colcon_core.environment:create_file_with_runtime_dependencies(/home/uditr/mybot_ws/install/mybot_controller/share/colcon-core/packages/mybot_controller)
[12.571s] Level 1:colcon.colcon_core.environment:checking '/home/uditr/mybot_ws/install/mybot_py_programs' for CMake module files
[12.571s] DEBUG:colcon.colcon_core.event_handler.log_command:Invoked command in '/home/uditr/mybot_ws/src/mybot_py_programs' returned '0': PYTHONPATH=/home/uditr/mybot_ws/build/mybot_py_programs/prefix_override:/usr/lib/python3/dist-packages/colcon_core/task/python/colcon_distutils_commands:/home/uditr/mybot_ws/install/mybot_py_programs/lib/python3.10/site-packages:${PYTHONPATH} /usr/bin/python3 -W ignore:setup.py install is deprecated setup.py egg_info --egg-base ../../build/mybot_py_programs build --build-base /home/uditr/mybot_ws/build/mybot_py_programs/build install --record /home/uditr/mybot_ws/build/mybot_py_programs/install.log --single-version-externally-managed install_data
[12.572s] Level 1:colcon.colcon_core.environment:checking '/home/uditr/mybot_ws/install/mybot_py_programs' for CMake config files
[12.573s] Level 1:colcon.colcon_core.environment:checking '/home/uditr/mybot_ws/install/mybot_py_programs/lib'
[12.573s] Level 1:colcon.colcon_core.environment:checking '/home/uditr/mybot_ws/install/mybot_py_programs/bin'
[12.573s] Level 1:colcon.colcon_core.environment:checking '/home/uditr/mybot_ws/install/mybot_py_programs/lib/pkgconfig/mybot_py_programs.pc'
[12.573s] Level 1:colcon.colcon_core.environment:checking '/home/uditr/mybot_ws/install/mybot_py_programs/lib/python3.10/site-packages'
[12.573s] Level 1:colcon.colcon_core.shell:create_environment_hook('mybot_py_programs', 'pythonpath')
[12.573s] INFO:colcon.colcon_core.shell:Creating environment hook '/home/uditr/mybot_ws/install/mybot_py_programs/share/mybot_py_programs/hook/pythonpath.ps1'
[12.574s] INFO:colcon.colcon_core.shell:Creating environment descriptor '/home/uditr/mybot_ws/install/mybot_py_programs/share/mybot_py_programs/hook/pythonpath.dsv'
[12.574s] INFO:colcon.colcon_core.shell:Creating environment hook '/home/uditr/mybot_ws/install/mybot_py_programs/share/mybot_py_programs/hook/pythonpath.sh'
[12.574s] Level 1:colcon.colcon_core.environment:checking '/home/uditr/mybot_ws/install/mybot_py_programs/bin'
[12.574s] Level 1:colcon.colcon_core.environment:create_environment_scripts_only(mybot_py_programs)
[12.575s] INFO:colcon.colcon_core.shell:Creating package script '/home/uditr/mybot_ws/install/mybot_py_programs/share/mybot_py_programs/package.ps1'
[12.575s] INFO:colcon.colcon_core.shell:Creating package descriptor '/home/uditr/mybot_ws/install/mybot_py_programs/share/mybot_py_programs/package.dsv'
[12.576s] INFO:colcon.colcon_core.shell:Creating package script '/home/uditr/mybot_ws/install/mybot_py_programs/share/mybot_py_programs/package.sh'
[12.576s] INFO:colcon.colcon_core.shell:Creating package script '/home/uditr/mybot_ws/install/mybot_py_programs/share/mybot_py_programs/package.bash'
[12.576s] INFO:colcon.colcon_core.shell:Creating package script '/home/uditr/mybot_ws/install/mybot_py_programs/share/mybot_py_programs/package.zsh'
[12.576s] Level 1:colcon.colcon_core.environment:create_file_with_runtime_dependencies(/home/uditr/mybot_ws/install/mybot_py_programs/share/colcon-core/packages/mybot_py_programs)
[12.577s] DEBUG:colcon.colcon_parallel_executor.executor.parallel:closing loop
[12.577s] DEBUG:colcon.colcon_parallel_executor.executor.parallel:loop closed
[12.577s] DEBUG:colcon.colcon_parallel_executor.executor.parallel:run_until_complete finished with '0'
[12.577s] DEBUG:colcon.colcon_core.event_reactor:joining thread
[12.715s] INFO:colcon.colcon_core.plugin_system:Skipping extension 'colcon_notification.desktop_notification.terminal_notifier': Not used on non-Darwin systems
[12.715s] INFO:colcon.colcon_core.plugin_system:Skipping extension 'colcon_notification.desktop_notification.win32': Not used on non-Windows systems
[12.715s] INFO:colcon.colcon_notification.desktop_notification:Sending desktop notification using 'notify2'
[12.744s] DEBUG:colcon.colcon_core.event_reactor:joined thread
[12.745s] INFO:colcon.colcon_core.shell:Creating prefix script '/home/uditr/mybot_ws/install/local_setup.ps1'
[12.747s] INFO:colcon.colcon_core.shell:Creating prefix util module '/home/uditr/mybot_ws/install/_local_setup_util_ps1.py'
[12.749s] INFO:colcon.colcon_core.shell:Creating prefix chain script '/home/uditr/mybot_ws/install/setup.ps1'
[12.751s] INFO:colcon.colcon_core.shell:Creating prefix script '/home/uditr/mybot_ws/install/local_setup.sh'
[12.752s] INFO:colcon.colcon_core.shell:Creating prefix util module '/home/uditr/mybot_ws/install/_local_setup_util_sh.py'
[12.752s] INFO:colcon.colcon_core.shell:Creating prefix chain script '/home/uditr/mybot_ws/install/setup.sh'
[12.754s] INFO:colcon.colcon_core.shell:Creating prefix script '/home/uditr/mybot_ws/install/local_setup.bash'
[12.755s] INFO:colcon.colcon_core.shell:Creating prefix chain script '/home/uditr/mybot_ws/install/setup.bash'
[12.756s] INFO:colcon.colcon_core.shell:Creating prefix script '/home/uditr/mybot_ws/install/local_setup.zsh'
[12.757s] INFO:colcon.colcon_core.shell:Creating prefix chain script '/home/uditr/mybot_ws/install/setup.zsh'
