[0.087s] Invoking command in '/home/uditr/mybot_ws/build/mybot_controller': CMAKE_PREFIX_PATH=/opt/ros/humble /usr/bin/cmake --build /home/uditr/mybot_ws/build/mybot_controller -- -j8 -l8
[0.373s] Invoked command in '/home/uditr/mybot_ws/build/mybot_controller' returned '0': CMAKE_PREFIX_PATH=/opt/ros/humble /usr/bin/cmake --build /home/uditr/mybot_ws/build/mybot_controller -- -j8 -l8
[0.403s] Invoking command in '/home/uditr/mybot_ws/build/mybot_controller': CMAKE_PREFIX_PATH=/opt/ros/humble /usr/bin/cmake --install /home/uditr/mybot_ws/build/mybot_controller
[0.413s] -- Install configuration: ""
[0.413s] -- Up-to-date: /home/uditr/mybot_ws/install/mybot_controller/share/mybot_controller/config
[0.413s] -- Installing: /home/uditr/mybot_ws/install/mybot_controller/share/mybot_controller/config/mybot_controllers.yaml
[0.414s] -- Up-to-date: /home/uditr/mybot_ws/install/mybot_controller/share/ament_index/resource_index/package_run_dependencies/mybot_controller
[0.414s] -- Up-to-date: /home/uditr/mybot_ws/install/mybot_controller/share/ament_index/resource_index/parent_prefix_path/mybot_controller
[0.414s] -- Up-to-date: /home/uditr/mybot_ws/install/mybot_controller/share/mybot_controller/environment/ament_prefix_path.sh
[0.414s] -- Up-to-date: /home/uditr/mybot_ws/install/mybot_controller/share/mybot_controller/environment/ament_prefix_path.dsv
[0.415s] -- Up-to-date: /home/uditr/mybot_ws/install/mybot_controller/share/mybot_controller/environment/path.sh
[0.415s] -- Up-to-date: /home/uditr/mybot_ws/install/mybot_controller/share/mybot_controller/environment/path.dsv
[0.415s] -- Up-to-date: /home/uditr/mybot_ws/install/mybot_controller/share/mybot_controller/local_setup.bash
[0.415s] -- Up-to-date: /home/uditr/mybot_ws/install/mybot_controller/share/mybot_controller/local_setup.sh
[0.415s] -- Up-to-date: /home/uditr/mybot_ws/install/mybot_controller/share/mybot_controller/local_setup.zsh
[0.415s] -- Up-to-date: /home/uditr/mybot_ws/install/mybot_controller/share/mybot_controller/local_setup.dsv
[0.415s] -- Installing: /home/uditr/mybot_ws/install/mybot_controller/share/mybot_controller/package.dsv
[0.443s] -- Up-to-date: /home/uditr/mybot_ws/install/mybot_controller/share/ament_index/resource_index/packages/mybot_controller
[0.443s] -- Up-to-date: /home/uditr/mybot_ws/install/mybot_controller/share/mybot_controller/cmake/mybot_controllerConfig.cmake
[0.443s] -- Up-to-date: /home/uditr/mybot_ws/install/mybot_controller/share/mybot_controller/cmake/mybot_controllerConfig-version.cmake
[0.443s] -- Up-to-date: /home/uditr/mybot_ws/install/mybot_controller/share/mybot_controller/package.xml
[0.458s] Invoked command in '/home/uditr/mybot_ws/build/mybot_controller' returned '0': CMAKE_PREFIX_PATH=/opt/ros/humble /usr/bin/cmake --install /home/uditr/mybot_ws/build/mybot_controller
