[0.010s] Invoking command in '/home/uditr/mybot_ws/build/mybot_cpp_programs': /usr/bin/cmake --build /home/uditr/mybot_ws/build/mybot_cpp_programs -- -j8 -l8
[0.193s] Invoked command in '/home/uditr/mybot_ws/build/mybot_cpp_programs' returned '0': /usr/bin/cmake --build /home/uditr/mybot_ws/build/mybot_cpp_programs -- -j8 -l8
[0.215s] Invoking command in '/home/uditr/mybot_ws/build/mybot_cpp_programs': /usr/bin/cmake --install /home/uditr/mybot_ws/build/mybot_cpp_programs
[0.222s] -- Install configuration: ""
[0.222s] -- Up-to-date: /home/uditr/mybot_ws/install/mybot_cpp_programs/share/ament_index/resource_index/package_run_dependencies/mybot_cpp_programs
[0.223s] -- Up-to-date: /home/uditr/mybot_ws/install/mybot_cpp_programs/share/ament_index/resource_index/parent_prefix_path/mybot_cpp_programs
[0.223s] -- Up-to-date: /home/uditr/mybot_ws/install/mybot_cpp_programs/share/mybot_cpp_programs/environment/ament_prefix_path.sh
[0.223s] -- Up-to-date: /home/uditr/mybot_ws/install/mybot_cpp_programs/share/mybot_cpp_programs/environment/ament_prefix_path.dsv
[0.223s] -- Up-to-date: /home/uditr/mybot_ws/install/mybot_cpp_programs/share/mybot_cpp_programs/environment/path.sh
[0.223s] -- Up-to-date: /home/uditr/mybot_ws/install/mybot_cpp_programs/share/mybot_cpp_programs/environment/path.dsv
[0.223s] -- Up-to-date: /home/uditr/mybot_ws/install/mybot_cpp_programs/share/mybot_cpp_programs/local_setup.bash
[0.223s] -- Up-to-date: /home/uditr/mybot_ws/install/mybot_cpp_programs/share/mybot_cpp_programs/local_setup.sh
[0.223s] -- Up-to-date: /home/uditr/mybot_ws/install/mybot_cpp_programs/share/mybot_cpp_programs/local_setup.zsh
[0.223s] -- Up-to-date: /home/uditr/mybot_ws/install/mybot_cpp_programs/share/mybot_cpp_programs/local_setup.dsv
[0.224s] -- Installing: /home/uditr/mybot_ws/install/mybot_cpp_programs/share/mybot_cpp_programs/package.dsv
[0.224s] -- Up-to-date: /home/uditr/mybot_ws/install/mybot_cpp_programs/share/ament_index/resource_index/packages/mybot_cpp_programs
[0.224s] -- Up-to-date: /home/uditr/mybot_ws/install/mybot_cpp_programs/share/mybot_cpp_programs/cmake/mybot_cpp_programsConfig.cmake
[0.224s] -- Up-to-date: /home/uditr/mybot_ws/install/mybot_cpp_programs/share/mybot_cpp_programs/cmake/mybot_cpp_programsConfig-version.cmake
[0.225s] -- Up-to-date: /home/uditr/mybot_ws/install/mybot_cpp_programs/share/mybot_cpp_programs/package.xml
[0.231s] Invoked command in '/home/uditr/mybot_ws/build/mybot_cpp_programs' returned '0': /usr/bin/cmake --install /home/uditr/mybot_ws/build/mybot_cpp_programs
