[0.037s] Invoking command in '/home/uditr/mybot_ws/src/build/mybot_cpp_programs': CMAKE_PREFIX_PATH=/opt/ros/humble /usr/bin/cmake /home/uditr/mybot_ws/src/mybot_cpp_programs -DCMAKE_INSTALL_PREFIX=/home/uditr/mybot_ws/src/install/mybot_cpp_programs
[0.878s] -- The C compiler identification is GNU 11.4.0
[3.459s] -- The CXX compiler identification is GNU 11.4.0
[3.472s] -- Detecting C compiler ABI info
[3.591s] -- Detecting C compiler ABI info - done
[3.596s] -- Check for working C compiler: /usr/bin/cc - skipped
[3.596s] -- Detecting C compile features
[3.622s] -- Detecting C compile features - done
[3.627s] -- Detecting CXX compiler ABI info
[3.710s] -- Detecting CXX compiler ABI info - done
[3.715s] -- Check for working CXX compiler: /usr/bin/c++ - skipped
[3.715s] -- Detecting CXX compile features
[3.716s] -- Detecting CXX compile features - done
[3.940s] -- Found ament_cmake: 1.3.9 (/opt/ros/humble/share/ament_cmake/cmake)
[4.132s] -- Found Python3: /usr/bin/python3 (found version "3.10.12") found components: Interpreter 
[4.447s] -- Found ament_lint_auto: 0.12.11 (/opt/ros/humble/share/ament_lint_auto/cmake)
[4.567s] -- Added test 'lint_cmake' to check CMake code style
[4.569s] -- Added test 'xmllint' to check XML markup files
[4.571s] -- Configuring done
[4.572s] -- Generating done
[4.573s] -- Build files have been written to: /home/uditr/mybot_ws/src/build/mybot_cpp_programs
[4.577s] Invoked command in '/home/uditr/mybot_ws/src/build/mybot_cpp_programs' returned '0': CMAKE_PREFIX_PATH=/opt/ros/humble /usr/bin/cmake /home/uditr/mybot_ws/src/mybot_cpp_programs -DCMAKE_INSTALL_PREFIX=/home/uditr/mybot_ws/src/install/mybot_cpp_programs
[4.577s] Invoking command in '/home/uditr/mybot_ws/src/build/mybot_cpp_programs': CMAKE_PREFIX_PATH=/opt/ros/humble /usr/bin/cmake --build /home/uditr/mybot_ws/src/build/mybot_cpp_programs -- -j8 -l8
[4.603s] Invoked command in '/home/uditr/mybot_ws/src/build/mybot_cpp_programs' returned '0': CMAKE_PREFIX_PATH=/opt/ros/humble /usr/bin/cmake --build /home/uditr/mybot_ws/src/build/mybot_cpp_programs -- -j8 -l8
[4.624s] Invoking command in '/home/uditr/mybot_ws/src/build/mybot_cpp_programs': CMAKE_PREFIX_PATH=/opt/ros/humble /usr/bin/cmake --install /home/uditr/mybot_ws/src/build/mybot_cpp_programs
[4.629s] -- Install configuration: ""
[4.629s] -- Installing: /home/uditr/mybot_ws/src/install/mybot_cpp_programs/share/ament_index/resource_index/package_run_dependencies/mybot_cpp_programs
[4.630s] -- Installing: /home/uditr/mybot_ws/src/install/mybot_cpp_programs/share/ament_index/resource_index/parent_prefix_path/mybot_cpp_programs
[4.630s] -- Installing: /home/uditr/mybot_ws/src/install/mybot_cpp_programs/share/mybot_cpp_programs/environment/ament_prefix_path.sh
[4.630s] -- Installing: /home/uditr/mybot_ws/src/install/mybot_cpp_programs/share/mybot_cpp_programs/environment/ament_prefix_path.dsv
[4.630s] -- Installing: /home/uditr/mybot_ws/src/install/mybot_cpp_programs/share/mybot_cpp_programs/environment/path.sh
[4.630s] -- Installing: /home/uditr/mybot_ws/src/install/mybot_cpp_programs/share/mybot_cpp_programs/environment/path.dsv
[4.630s] -- Installing: /home/uditr/mybot_ws/src/install/mybot_cpp_programs/share/mybot_cpp_programs/local_setup.bash
[4.630s] -- Installing: /home/uditr/mybot_ws/src/install/mybot_cpp_programs/share/mybot_cpp_programs/local_setup.sh
[4.630s] -- Installing: /home/uditr/mybot_ws/src/install/mybot_cpp_programs/share/mybot_cpp_programs/local_setup.zsh
[4.630s] -- Installing: /home/uditr/mybot_ws/src/install/mybot_cpp_programs/share/mybot_cpp_programs/local_setup.dsv
[4.630s] -- Installing: /home/uditr/mybot_ws/src/install/mybot_cpp_programs/share/mybot_cpp_programs/package.dsv
[4.630s] -- Installing: /home/uditr/mybot_ws/src/install/mybot_cpp_programs/share/ament_index/resource_index/packages/mybot_cpp_programs
[4.630s] -- Installing: /home/uditr/mybot_ws/src/install/mybot_cpp_programs/share/mybot_cpp_programs/cmake/mybot_cpp_programsConfig.cmake
[4.630s] -- Installing: /home/uditr/mybot_ws/src/install/mybot_cpp_programs/share/mybot_cpp_programs/cmake/mybot_cpp_programsConfig-version.cmake
[4.630s] -- Installing: /home/uditr/mybot_ws/src/install/mybot_cpp_programs/share/mybot_cpp_programs/package.xml
[4.632s] Invoked command in '/home/uditr/mybot_ws/src/build/mybot_cpp_programs' returned '0': CMAKE_PREFIX_PATH=/opt/ros/humble /usr/bin/cmake --install /home/uditr/mybot_ws/src/build/mybot_cpp_programs
