[5.823s] Invoking command in '/home/uditr/mybot_ws/src/mybot_py_programs': PYTHONPATH=/home/uditr/mybot_ws/build/mybot_py_programs/prefix_override:/usr/lib/python3/dist-packages/colcon_core/task/python/colcon_distutils_commands:/home/uditr/mybot_ws/install/mybot_py_programs/lib/python3.10/site-packages:${PYTHONPATH} /usr/bin/python3 -W ignore:setup.py install is deprecated setup.py egg_info --egg-base ../../build/mybot_py_programs build --build-base /home/uditr/mybot_ws/build/mybot_py_programs/build install --record /home/uditr/mybot_ws/build/mybot_py_programs/install.log --single-version-externally-managed install_data
[6.038s] running egg_info
[6.038s] writing ../../build/mybot_py_programs/mybot_py_programs.egg-info/PKG-INFO
[6.071s] writing dependency_links to ../../build/mybot_py_programs/mybot_py_programs.egg-info/dependency_links.txt
[6.071s] writing entry points to ../../build/mybot_py_programs/mybot_py_programs.egg-info/entry_points.txt
[6.072s] writing requirements to ../../build/mybot_py_programs/mybot_py_programs.egg-info/requires.txt
[6.072s] writing top-level names to ../../build/mybot_py_programs/mybot_py_programs.egg-info/top_level.txt
[6.073s] reading manifest file '../../build/mybot_py_programs/mybot_py_programs.egg-info/SOURCES.txt'
[6.120s] writing manifest file '../../build/mybot_py_programs/mybot_py_programs.egg-info/SOURCES.txt'
[6.120s] running build
[6.120s] running build_py
[6.159s] running install
[6.159s] running install_lib
[6.214s] running install_data
[6.214s] running install_egg_info
[6.216s] removing '/home/uditr/mybot_ws/install/mybot_py_programs/lib/python3.10/site-packages/mybot_py_programs-0.0.0-py3.10.egg-info' (and everything under it)
[6.216s] Copying ../../build/mybot_py_programs/mybot_py_programs.egg-info to /home/uditr/mybot_ws/install/mybot_py_programs/lib/python3.10/site-packages/mybot_py_programs-0.0.0-py3.10.egg-info
[6.254s] running install_scripts
[6.270s] Installing simple_parameter script to /home/uditr/mybot_ws/install/mybot_py_programs/lib/mybot_py_programs
[6.279s] Installing simple_publisher script to /home/uditr/mybot_ws/install/mybot_py_programs/lib/mybot_py_programs
[6.279s] Installing simple_subscriber script to /home/uditr/mybot_ws/install/mybot_py_programs/lib/mybot_py_programs
[6.280s] writing list of installed files to '/home/uditr/mybot_ws/build/mybot_py_programs/install.log'
[6.298s] Invoked command in '/home/uditr/mybot_ws/src/mybot_py_programs' returned '0': PYTHONPATH=/home/uditr/mybot_ws/build/mybot_py_programs/prefix_override:/usr/lib/python3/dist-packages/colcon_core/task/python/colcon_distutils_commands:/home/uditr/mybot_ws/install/mybot_py_programs/lib/python3.10/site-packages:${PYTHONPATH} /usr/bin/python3 -W ignore:setup.py install is deprecated setup.py egg_info --egg-base ../../build/mybot_py_programs build --build-base /home/uditr/mybot_ws/build/mybot_py_programs/build install --record /home/uditr/mybot_ws/build/mybot_py_programs/install.log --single-version-externally-managed install_data
