[0.084s] Invoking command in '/home/uditr/mybot_ws/build/mybot_cpp_programs': CMAKE_PREFIX_PATH=/opt/ros/humble /usr/bin/cmake --build /home/uditr/mybot_ws/build/mybot_cpp_programs -- -j8 -l8
[1.382s] Invoked command in '/home/uditr/mybot_ws/build/mybot_cpp_programs' returned '0': CMAKE_PREFIX_PATH=/opt/ros/humble /usr/bin/cmake --build /home/uditr/mybot_ws/build/mybot_cpp_programs -- -j8 -l8
[1.558s] Invoking command in '/home/uditr/mybot_ws/build/mybot_cpp_programs': CMAKE_PREFIX_PATH=/opt/ros/humble /usr/bin/cmake --install /home/uditr/mybot_ws/build/mybot_cpp_programs
[1.592s] -- Install configuration: ""
[1.594s] -- Execute custom install script
[1.596s] -- Up-to-date symlink: /home/uditr/mybot_ws/install/mybot_cpp_programs/share/ament_index/resource_index/package_run_dependencies/mybot_cpp_programs
[1.601s] -- Up-to-date symlink: /home/uditr/mybot_ws/install/mybot_cpp_programs/share/ament_index/resource_index/parent_prefix_path/mybot_cpp_programs
[1.603s] -- Up-to-date symlink: /home/uditr/mybot_ws/install/mybot_cpp_programs/share/mybot_cpp_programs/environment/ament_prefix_path.sh
[1.606s] -- Up-to-date symlink: /home/uditr/mybot_ws/install/mybot_cpp_programs/share/mybot_cpp_programs/environment/ament_prefix_path.dsv
[1.607s] -- Up-to-date symlink: /home/uditr/mybot_ws/install/mybot_cpp_programs/share/mybot_cpp_programs/environment/path.sh
[1.609s] -- Up-to-date symlink: /home/uditr/mybot_ws/install/mybot_cpp_programs/share/mybot_cpp_programs/environment/path.dsv
[1.610s] -- Up-to-date symlink: /home/uditr/mybot_ws/install/mybot_cpp_programs/share/mybot_cpp_programs/local_setup.bash
[1.611s] -- Up-to-date symlink: /home/uditr/mybot_ws/install/mybot_cpp_programs/share/mybot_cpp_programs/local_setup.sh
[1.611s] -- Up-to-date symlink: /home/uditr/mybot_ws/install/mybot_cpp_programs/share/mybot_cpp_programs/local_setup.zsh
[1.612s] -- Up-to-date symlink: /home/uditr/mybot_ws/install/mybot_cpp_programs/share/mybot_cpp_programs/local_setup.dsv
[1.613s] -- Symlinking: /home/uditr/mybot_ws/install/mybot_cpp_programs/share/mybot_cpp_programs/package.dsv
[1.669s] -- Up-to-date symlink: /home/uditr/mybot_ws/install/mybot_cpp_programs/share/ament_index/resource_index/packages/mybot_cpp_programs
[1.669s] -- Up-to-date symlink: /home/uditr/mybot_ws/install/mybot_cpp_programs/share/mybot_cpp_programs/cmake/mybot_cpp_programsConfig.cmake
[1.671s] -- Up-to-date symlink: /home/uditr/mybot_ws/install/mybot_cpp_programs/share/mybot_cpp_programs/cmake/mybot_cpp_programsConfig-version.cmake
[1.671s] -- Up-to-date symlink: /home/uditr/mybot_ws/install/mybot_cpp_programs/share/mybot_cpp_programs/package.xml
[1.679s] Invoked command in '/home/uditr/mybot_ws/build/mybot_cpp_programs' returned '0': CMAKE_PREFIX_PATH=/opt/ros/humble /usr/bin/cmake --install /home/uditr/mybot_ws/build/mybot_cpp_programs
