/home/uditr/mybot_ws/install/mybot_py_programs/lib/python3.10/site-packages/mybot_py_programs/simple_tf_kinematics.py
/home/uditr/mybot_ws/install/mybot_py_programs/lib/python3.10/site-packages/mybot_py_programs/simple_service_server.py
/home/uditr/mybot_ws/install/mybot_py_programs/lib/python3.10/site-packages/mybot_py_programs/__init__.py
/home/uditr/mybot_ws/install/mybot_py_programs/lib/python3.10/site-packages/mybot_py_programs/simple_service_client.py
/home/uditr/mybot_ws/install/mybot_py_programs/lib/python3.10/site-packages/mybot_py_programs/simple_publisher.py
/home/uditr/mybot_ws/install/mybot_py_programs/lib/python3.10/site-packages/mybot_py_programs/simple_parameter.py
/home/uditr/mybot_ws/install/mybot_py_programs/lib/python3.10/site-packages/mybot_py_programs/simple_subscriber.py
/home/uditr/mybot_ws/install/mybot_py_programs/lib/python3.10/site-packages/mybot_py_programs/simple_turtlesim_kinematics.py
/home/uditr/mybot_ws/install/mybot_py_programs/lib/python3.10/site-packages/mybot_py_programs/__pycache__/simple_tf_kinematics.cpython-310.pyc
/home/uditr/mybot_ws/install/mybot_py_programs/lib/python3.10/site-packages/mybot_py_programs/__pycache__/simple_service_server.cpython-310.pyc
/home/uditr/mybot_ws/install/mybot_py_programs/lib/python3.10/site-packages/mybot_py_programs/__pycache__/__init__.cpython-310.pyc
/home/uditr/mybot_ws/install/mybot_py_programs/lib/python3.10/site-packages/mybot_py_programs/__pycache__/simple_service_client.cpython-310.pyc
/home/uditr/mybot_ws/install/mybot_py_programs/lib/python3.10/site-packages/mybot_py_programs/__pycache__/simple_publisher.cpython-310.pyc
/home/uditr/mybot_ws/install/mybot_py_programs/lib/python3.10/site-packages/mybot_py_programs/__pycache__/simple_parameter.cpython-310.pyc
/home/uditr/mybot_ws/install/mybot_py_programs/lib/python3.10/site-packages/mybot_py_programs/__pycache__/simple_subscriber.cpython-310.pyc
/home/uditr/mybot_ws/install/mybot_py_programs/lib/python3.10/site-packages/mybot_py_programs/__pycache__/simple_turtlesim_kinematics.cpython-310.pyc
/home/uditr/mybot_ws/install/mybot_py_programs/share/ament_index/resource_index/packages/mybot_py_programs
/home/uditr/mybot_ws/install/mybot_py_programs/share/mybot_py_programs/package.xml
/home/uditr/mybot_ws/install/mybot_py_programs/lib/python3.10/site-packages/mybot_py_programs-0.0.0-py3.10.egg-info/zip-safe
/home/uditr/mybot_ws/install/mybot_py_programs/lib/python3.10/site-packages/mybot_py_programs-0.0.0-py3.10.egg-info/entry_points.txt
/home/uditr/mybot_ws/install/mybot_py_programs/lib/python3.10/site-packages/mybot_py_programs-0.0.0-py3.10.egg-info/requires.txt
/home/uditr/mybot_ws/install/mybot_py_programs/lib/python3.10/site-packages/mybot_py_programs-0.0.0-py3.10.egg-info/dependency_links.txt
/home/uditr/mybot_ws/install/mybot_py_programs/lib/python3.10/site-packages/mybot_py_programs-0.0.0-py3.10.egg-info/PKG-INFO
/home/uditr/mybot_ws/install/mybot_py_programs/lib/python3.10/site-packages/mybot_py_programs-0.0.0-py3.10.egg-info/top_level.txt
/home/uditr/mybot_ws/install/mybot_py_programs/lib/python3.10/site-packages/mybot_py_programs-0.0.0-py3.10.egg-info/SOURCES.txt
/home/uditr/mybot_ws/install/mybot_py_programs/lib/mybot_py_programs/simple_controller
/home/uditr/mybot_ws/install/mybot_py_programs/lib/mybot_py_programs/simple_parameter
/home/uditr/mybot_ws/install/mybot_py_programs/lib/mybot_py_programs/simple_publisher
/home/uditr/mybot_ws/install/mybot_py_programs/lib/mybot_py_programs/simple_service_client
/home/uditr/mybot_ws/install/mybot_py_programs/lib/mybot_py_programs/simple_service_server
/home/uditr/mybot_ws/install/mybot_py_programs/lib/mybot_py_programs/simple_subscriber
/home/uditr/mybot_ws/install/mybot_py_programs/lib/mybot_py_programs/simple_tf_kinematics
/home/uditr/mybot_ws/install/mybot_py_programs/lib/mybot_py_programs/simple_turtlesim_kinematics
