[0.141s] Invoking command in '/home/uditr/mybot_ws/build/mybot_controller': CMAKE_PREFIX_PATH=/opt/ros/humble /usr/bin/cmake /home/uditr/mybot_ws/src/mybot_controller -DCMAKE_INSTALL_PREFIX=/home/uditr/mybot_ws/install/mybot_controller
[3.655s] -- The C compiler identification is GNU 11.4.0
[4.714s] -- The CXX compiler identification is GNU 11.4.0
[5.756s] -- Detecting C compiler ABI info
[8.085s] -- Detecting C compiler ABI info - done
[8.092s] -- Check for working C compiler: /usr/bin/cc - skipped
[8.156s] -- Detecting C compile features
[8.199s] -- Detecting C compile features - done
[8.371s] -- Detecting CXX compiler ABI info
[8.517s] -- Detecting CXX compiler ABI info - done
[8.524s] -- Check for working CXX compiler: /usr/bin/c++ - skipped
[8.524s] -- Detecting CXX compile features
[8.525s] -- Detecting CXX compile features - done
[9.437s] -- Found ament_cmake: 1.3.9 (/opt/ros/humble/share/ament_cmake/cmake)
[10.686s] -- Found Python3: /usr/bin/python3 (found version "3.10.12") found components: Interpreter 
[15.049s] -- Found ament_lint_auto: 0.12.11 (/opt/ros/humble/share/ament_lint_auto/cmake)
[16.193s] -- Added test 'lint_cmake' to check CMake code style
[16.250s] -- Added test 'xmllint' to check XML markup files
[16.336s] -- Configuring done
[16.338s] -- Generating done
[16.339s] -- Build files have been written to: /home/uditr/mybot_ws/build/mybot_controller
[16.344s] Invoked command in '/home/uditr/mybot_ws/build/mybot_controller' returned '0': CMAKE_PREFIX_PATH=/opt/ros/humble /usr/bin/cmake /home/uditr/mybot_ws/src/mybot_controller -DCMAKE_INSTALL_PREFIX=/home/uditr/mybot_ws/install/mybot_controller
[16.345s] Invoking command in '/home/uditr/mybot_ws/build/mybot_controller': CMAKE_PREFIX_PATH=/opt/ros/humble /usr/bin/cmake --build /home/uditr/mybot_ws/build/mybot_controller -- -j8 -l8
[16.375s] Invoked command in '/home/uditr/mybot_ws/build/mybot_controller' returned '0': CMAKE_PREFIX_PATH=/opt/ros/humble /usr/bin/cmake --build /home/uditr/mybot_ws/build/mybot_controller -- -j8 -l8
[16.392s] Invoking command in '/home/uditr/mybot_ws/build/mybot_controller': CMAKE_PREFIX_PATH=/opt/ros/humble /usr/bin/cmake --install /home/uditr/mybot_ws/build/mybot_controller
[16.397s] -- Install configuration: ""
[16.397s] -- Installing: /home/uditr/mybot_ws/install/mybot_controller/share/mybot_controller/config
[16.397s] -- Installing: /home/uditr/mybot_ws/install/mybot_controller/share/mybot_controller/config/mybot_controllers.yaml
[16.397s] -- Installing: /home/uditr/mybot_ws/install/mybot_controller/share/ament_index/resource_index/package_run_dependencies/mybot_controller
[16.398s] -- Installing: /home/uditr/mybot_ws/install/mybot_controller/share/ament_index/resource_index/parent_prefix_path/mybot_controller
[16.398s] -- Installing: /home/uditr/mybot_ws/install/mybot_controller/share/mybot_controller/environment/ament_prefix_path.sh
[16.398s] -- Installing: /home/uditr/mybot_ws/install/mybot_controller/share/mybot_controller/environment/ament_prefix_path.dsv
[16.398s] -- Installing: /home/uditr/mybot_ws/install/mybot_controller/share/mybot_controller/environment/path.sh
[16.398s] -- Installing: /home/uditr/mybot_ws/install/mybot_controller/share/mybot_controller/environment/path.dsv
[16.398s] -- Installing: /home/uditr/mybot_ws/install/mybot_controller/share/mybot_controller/local_setup.bash
[16.398s] -- Installing: /home/uditr/mybot_ws/install/mybot_controller/share/mybot_controller/local_setup.sh
[16.398s] -- Installing: /home/uditr/mybot_ws/install/mybot_controller/share/mybot_controller/local_setup.zsh
[16.398s] -- Installing: /home/uditr/mybot_ws/install/mybot_controller/share/mybot_controller/local_setup.dsv
[16.399s] -- Installing: /home/uditr/mybot_ws/install/mybot_controller/share/mybot_controller/package.dsv
[16.399s] -- Installing: /home/uditr/mybot_ws/install/mybot_controller/share/ament_index/resource_index/packages/mybot_controller
[16.399s] -- Installing: /home/uditr/mybot_ws/install/mybot_controller/share/mybot_controller/cmake/mybot_controllerConfig.cmake
[16.400s] -- Installing: /home/uditr/mybot_ws/install/mybot_controller/share/mybot_controller/cmake/mybot_controllerConfig-version.cmake
[16.400s] -- Installing: /home/uditr/mybot_ws/install/mybot_controller/share/mybot_controller/package.xml
[16.403s] Invoked command in '/home/uditr/mybot_ws/build/mybot_controller' returned '0': CMAKE_PREFIX_PATH=/opt/ros/humble /usr/bin/cmake --install /home/uditr/mybot_ws/build/mybot_controller
