[0.014s] Invoking command in '/home/uditr/mybot_ws/build/mybot_description': CMAKE_PREFIX_PATH=/opt/ros/humble /usr/bin/cmake /home/uditr/mybot_ws/src/mybot_description -DCMAKE_INSTALL_PREFIX=/home/uditr/mybot_ws/install/mybot_description
[0.025s] -- Found ament_cmake: 1.3.9 (/opt/ros/humble/share/ament_cmake/cmake)
[0.155s] -- Override CMake install command with custom implementation using symlinks instead of copying resources
[0.167s] -- Found ament_lint_auto: 0.12.11 (/opt/ros/humble/share/ament_lint_auto/cmake)
[0.250s] -- Added test 'flake8' to check Python code syntax and style conventions
[0.251s] -- Added test 'lint_cmake' to check CMake code style
[0.252s] -- Added test 'pep257' to check Python code against some of the docstring style conventions in PEP 257
[0.254s] -- Added test 'xmllint' to check XML markup files
[0.255s] -- Configuring done
[0.259s] -- Generating done
[0.260s] -- Build files have been written to: /home/uditr/mybot_ws/build/mybot_description
[0.317s] Invoked command in '/home/uditr/mybot_ws/build/mybot_description' returned '0': CMAKE_PREFIX_PATH=/opt/ros/humble /usr/bin/cmake /home/uditr/mybot_ws/src/mybot_description -DCMAKE_INSTALL_PREFIX=/home/uditr/mybot_ws/install/mybot_description
[0.319s] Invoking command in '/home/uditr/mybot_ws/build/mybot_description': CMAKE_PREFIX_PATH=/opt/ros/humble /usr/bin/cmake --build /home/uditr/mybot_ws/build/mybot_description -- -j8 -l8
[0.357s] Invoked command in '/home/uditr/mybot_ws/build/mybot_description' returned '0': CMAKE_PREFIX_PATH=/opt/ros/humble /usr/bin/cmake --build /home/uditr/mybot_ws/build/mybot_description -- -j8 -l8
[0.389s] Invoking command in '/home/uditr/mybot_ws/build/mybot_description': CMAKE_PREFIX_PATH=/opt/ros/humble /usr/bin/cmake --install /home/uditr/mybot_ws/build/mybot_description
[0.400s] -- Install configuration: ""
[0.401s] -- Execute custom install script
[0.401s] -- Up-to-date symlink: /home/uditr/mybot_ws/install/mybot_description/share/mybot_description/meshesmain/base_link.STL
[0.402s] -- Up-to-date symlink: /home/uditr/mybot_ws/install/mybot_description/share/mybot_description/meshesmain/can.STL
[0.402s] -- Up-to-date symlink: /home/uditr/mybot_ws/install/mybot_description/share/mybot_description/meshesmain/caster_front_link.STL
[0.402s] -- Up-to-date symlink: /home/uditr/mybot_ws/install/mybot_description/share/mybot_description/meshesmain/caster_rear_link.STL
[0.402s] -- Up-to-date symlink: /home/uditr/mybot_ws/install/mybot_description/share/mybot_description/meshesmain/imu_link.STL
[0.403s] -- Up-to-date symlink: /home/uditr/mybot_ws/install/mybot_description/share/mybot_description/meshesmain/wheel_left_link.STL
[0.403s] -- Up-to-date symlink: /home/uditr/mybot_ws/install/mybot_description/share/mybot_description/meshesmain/wheel_right_link.STL
[0.404s] -- Up-to-date symlink: /home/uditr/mybot_ws/install/mybot_description/share/mybot_description/urdf/mybot.urdf.xacro
[0.404s] -- Up-to-date symlink: /home/uditr/mybot_ws/install/mybot_description/share/mybot_description/urdf/mybot_gazebo.xacro
[0.405s] -- Up-to-date symlink: /home/uditr/mybot_ws/install/mybot_description/share/mybot_description/urdf/mybot_ros2_control.xacro
[0.405s] -- Up-to-date symlink: /home/uditr/mybot_ws/install/mybot_description/share/mybot_description/models/ground_plane/model-1_2.sdf
[0.406s] -- Up-to-date symlink: /home/uditr/mybot_ws/install/mybot_description/share/mybot_description/models/ground_plane/model-1_3.sdf
[0.406s] -- Up-to-date symlink: /home/uditr/mybot_ws/install/mybot_description/share/mybot_description/models/ground_plane/model-1_4.sdf
[0.407s] -- Up-to-date symlink: /home/uditr/mybot_ws/install/mybot_description/share/mybot_description/models/ground_plane/model.config
[0.407s] -- Up-to-date symlink: /home/uditr/mybot_ws/install/mybot_description/share/mybot_description/models/ground_plane/model.sdf
[0.407s] -- Up-to-date symlink: /home/uditr/mybot_ws/install/mybot_description/share/mybot_description/models/sun/model-1_2.sdf
[0.408s] -- Up-to-date symlink: /home/uditr/mybot_ws/install/mybot_description/share/mybot_description/models/sun/model-1_3.sdf
[0.408s] -- Up-to-date symlink: /home/uditr/mybot_ws/install/mybot_description/share/mybot_description/models/sun/model-1_4.sdf
[0.408s] -- Up-to-date symlink: /home/uditr/mybot_ws/install/mybot_description/share/mybot_description/models/sun/model.config
[0.409s] -- Up-to-date symlink: /home/uditr/mybot_ws/install/mybot_description/share/mybot_description/models/sun/model.sdf
[0.409s] -- Up-to-date symlink: /home/uditr/mybot_ws/install/mybot_description/share/mybot_description/launch/display.launch.py
[0.409s] -- Up-to-date symlink: /home/uditr/mybot_ws/install/mybot_description/share/mybot_description/launch/gazebo.launch.py
[0.409s] -- Up-to-date symlink: /home/uditr/mybot_ws/install/mybot_description/share/mybot_description/rviz/display.rviz
[0.410s] -- Up-to-date symlink: /home/uditr/mybot_ws/install/mybot_description/share/ament_index/resource_index/package_run_dependencies/mybot_description
[0.410s] -- Up-to-date symlink: /home/uditr/mybot_ws/install/mybot_description/share/ament_index/resource_index/parent_prefix_path/mybot_description
[0.410s] -- Up-to-date symlink: /home/uditr/mybot_ws/install/mybot_description/share/mybot_description/environment/ament_prefix_path.sh
[0.411s] -- Up-to-date symlink: /home/uditr/mybot_ws/install/mybot_description/share/mybot_description/environment/ament_prefix_path.dsv
[0.411s] -- Up-to-date symlink: /home/uditr/mybot_ws/install/mybot_description/share/mybot_description/environment/path.sh
[0.411s] -- Up-to-date symlink: /home/uditr/mybot_ws/install/mybot_description/share/mybot_description/environment/path.dsv
[0.411s] -- Up-to-date symlink: /home/uditr/mybot_ws/install/mybot_description/share/mybot_description/local_setup.bash
[0.414s] -- Up-to-date symlink: /home/uditr/mybot_ws/install/mybot_description/share/mybot_description/local_setup.sh
[0.414s] -- Up-to-date symlink: /home/uditr/mybot_ws/install/mybot_description/share/mybot_description/local_setup.zsh
[0.415s] -- Up-to-date symlink: /home/uditr/mybot_ws/install/mybot_description/share/mybot_description/local_setup.dsv
[0.415s] -- Symlinking: /home/uditr/mybot_ws/install/mybot_description/share/mybot_description/package.dsv
[0.423s] -- Up-to-date symlink: /home/uditr/mybot_ws/install/mybot_description/share/ament_index/resource_index/packages/mybot_description
[0.423s] -- Up-to-date symlink: /home/uditr/mybot_ws/install/mybot_description/share/mybot_description/cmake/mybot_descriptionConfig.cmake
[0.423s] -- Up-to-date symlink: /home/uditr/mybot_ws/install/mybot_description/share/mybot_description/cmake/mybot_descriptionConfig-version.cmake
[0.423s] -- Up-to-date symlink: /home/uditr/mybot_ws/install/mybot_description/share/mybot_description/package.xml
[0.438s] Invoked command in '/home/uditr/mybot_ws/build/mybot_description' returned '0': CMAKE_PREFIX_PATH=/opt/ros/humble /usr/bin/cmake --install /home/uditr/mybot_ws/build/mybot_description
