[0.100s] Invoking command in '/home/uditr/mybot_ws/build/mybot_controller': CMAKE_PREFIX_PATH=/opt/ros/humble /usr/bin/cmake --build /home/uditr/mybot_ws/build/mybot_controller -- -j8 -l8
[0.368s] -- Found ament_cmake: 1.3.9 (/opt/ros/humble/share/ament_cmake/cmake)
[0.702s] -- Override CMake install command with custom implementation using symlinks instead of copying resources
[0.992s] -- Found rclpy: 3.3.13 (/opt/ros/humble/share/rclpy/cmake)
[1.046s] -- Found std_msgs: 4.2.4 (/opt/ros/humble/share/std_msgs/cmake)
[1.692s] -- Found rosidl_generator_c: 3.1.5 (/opt/ros/humble/share/rosidl_generator_c/cmake)
[1.754s] -- Found rosidl_adapter: 3.1.5 (/opt/ros/humble/share/rosidl_adapter/cmake)
[1.860s] -- Found rosidl_generator_cpp: 3.1.5 (/opt/ros/humble/share/rosidl_generator_cpp/cmake)
[1.938s] -- Using all available rosidl_typesupport_c: rosidl_typesupport_fastrtps_c;rosidl_typesupport_introspection_c
[2.103s] -- Using all available rosidl_typesupport_cpp: rosidl_typesupport_fastrtps_cpp;rosidl_typesupport_introspection_cpp
[2.333s] -- Found geometry_msgs: 4.2.4 (/opt/ros/humble/share/geometry_msgs/cmake)
[3.272s] -- Found ament_lint_auto: 0.12.11 (/opt/ros/humble/share/ament_lint_auto/cmake)
[5.308s] -- Added test 'copyright' to check source files copyright and LICENSE
[5.312s] -- Added test 'flake8' to check Python code syntax and style conventions
[5.313s] -- Added test 'lint_cmake' to check CMake code style
[5.314s] -- Added test 'pep257' to check Python code against some of the docstring style conventions in PEP 257
[5.316s] -- Added test 'xmllint' to check XML markup files
[5.319s] -- Configuring done
[5.389s] -- Generating done
[5.391s] -- Build files have been written to: /home/uditr/mybot_ws/build/mybot_controller
[5.447s] Built target ament_cmake_python_symlink_mybot_controller
[5.999s] running egg_info
[6.000s] creating mybot_controller.egg-info
[6.001s] writing mybot_controller.egg-info/PKG-INFO
[6.001s] writing dependency_links to mybot_controller.egg-info/dependency_links.txt
[6.001s] writing top-level names to mybot_controller.egg-info/top_level.txt
[6.002s] writing manifest file 'mybot_controller.egg-info/SOURCES.txt'
[6.006s] reading manifest file 'mybot_controller.egg-info/SOURCES.txt'
[6.006s] writing manifest file 'mybot_controller.egg-info/SOURCES.txt'
[6.040s] Built target ament_cmake_python_build_mybot_controller_egg
[6.054s] Invoked command in '/home/uditr/mybot_ws/build/mybot_controller' returned '0': CMAKE_PREFIX_PATH=/opt/ros/humble /usr/bin/cmake --build /home/uditr/mybot_ws/build/mybot_controller -- -j8 -l8
[6.080s] Invoking command in '/home/uditr/mybot_ws/build/mybot_controller': CMAKE_PREFIX_PATH=/opt/ros/humble /usr/bin/cmake --install /home/uditr/mybot_ws/build/mybot_controller
[6.089s] -- Install configuration: ""
[6.090s] -- Execute custom install script
[6.090s] -- Symlinking: /home/uditr/mybot_ws/install/mybot_controller/share/mybot_controller/environment/pythonpath.sh
[6.101s] -- Symlinking: /home/uditr/mybot_ws/install/mybot_controller/share/mybot_controller/environment/pythonpath.dsv
[6.112s] -- Symlinking: /home/uditr/mybot_ws/install/mybot_controller/local/lib/python3.10/dist-packages/mybot_controller-0.0.0-py3.10.egg-info/PKG-INFO
[6.122s] -- Symlinking: /home/uditr/mybot_ws/install/mybot_controller/local/lib/python3.10/dist-packages/mybot_controller-0.0.0-py3.10.egg-info/SOURCES.txt
[6.133s] -- Symlinking: /home/uditr/mybot_ws/install/mybot_controller/local/lib/python3.10/dist-packages/mybot_controller-0.0.0-py3.10.egg-info/dependency_links.txt
[6.145s] -- Symlinking: /home/uditr/mybot_ws/install/mybot_controller/local/lib/python3.10/dist-packages/mybot_controller-0.0.0-py3.10.egg-info/top_level.txt
[6.158s] -- Symlinking: /home/uditr/mybot_ws/install/mybot_controller/local/lib/python3.10/dist-packages/mybot_controller/__init__.py
[6.169s] -- Symlinking: /home/uditr/mybot_ws/install/mybot_controller/local/lib/python3.10/dist-packages/mybot_controller/simple_controller.py
[6.181s] -- Up-to-date symlink: /home/uditr/mybot_ws/install/mybot_controller/share/mybot_controller/config/mybot_controllers.yaml
[6.181s] -- Up-to-date symlink: /home/uditr/mybot_ws/install/mybot_controller/share/mybot_controller/launch/controller.launch.py
[6.182s] -- Symlinking: /home/uditr/mybot_ws/install/mybot_controller/lib/mybot_controller/simple_controller.py
[6.193s] -- Up-to-date symlink: /home/uditr/mybot_ws/install/mybot_controller/share/ament_index/resource_index/package_run_dependencies/mybot_controller
[6.193s] -- Up-to-date symlink: /home/uditr/mybot_ws/install/mybot_controller/share/ament_index/resource_index/parent_prefix_path/mybot_controller
[6.194s] -- Up-to-date symlink: /home/uditr/mybot_ws/install/mybot_controller/share/mybot_controller/environment/ament_prefix_path.sh
[6.194s] -- Up-to-date symlink: /home/uditr/mybot_ws/install/mybot_controller/share/mybot_controller/environment/ament_prefix_path.dsv
[6.194s] -- Up-to-date symlink: /home/uditr/mybot_ws/install/mybot_controller/share/mybot_controller/environment/path.sh
[6.195s] -- Up-to-date symlink: /home/uditr/mybot_ws/install/mybot_controller/share/mybot_controller/environment/path.dsv
[6.195s] -- Up-to-date symlink: /home/uditr/mybot_ws/install/mybot_controller/share/mybot_controller/local_setup.bash
[6.195s] -- Up-to-date symlink: /home/uditr/mybot_ws/install/mybot_controller/share/mybot_controller/local_setup.sh
[6.195s] -- Up-to-date symlink: /home/uditr/mybot_ws/install/mybot_controller/share/mybot_controller/local_setup.zsh
[6.196s] -- Up-to-date symlink: /home/uditr/mybot_ws/install/mybot_controller/share/mybot_controller/local_setup.dsv
[6.196s] -- Symlinking: /home/uditr/mybot_ws/install/mybot_controller/share/mybot_controller/package.dsv
[6.209s] -- Up-to-date symlink: /home/uditr/mybot_ws/install/mybot_controller/share/ament_index/resource_index/packages/mybot_controller
[6.209s] -- Up-to-date symlink: /home/uditr/mybot_ws/install/mybot_controller/share/mybot_controller/cmake/mybot_controllerConfig.cmake
[6.209s] -- Up-to-date symlink: /home/uditr/mybot_ws/install/mybot_controller/share/mybot_controller/cmake/mybot_controllerConfig-version.cmake
[6.209s] -- Up-to-date symlink: /home/uditr/mybot_ws/install/mybot_controller/share/mybot_controller/package.xml
[6.288s] Listing '/home/uditr/mybot_ws/install/mybot_controller/local/lib/python3.10/dist-packages/mybot_controller'...
[6.288s] Compiling '/home/uditr/mybot_ws/install/mybot_controller/local/lib/python3.10/dist-packages/mybot_controller/__init__.py'...
[6.289s] Compiling '/home/uditr/mybot_ws/install/mybot_controller/local/lib/python3.10/dist-packages/mybot_controller/simple_controller.py'...
[6.299s] Invoked command in '/home/uditr/mybot_ws/build/mybot_controller' returned '0': CMAKE_PREFIX_PATH=/opt/ros/humble /usr/bin/cmake --install /home/uditr/mybot_ws/build/mybot_controller
