[0.300s] Invoking command in '/home/uditr/mybot_ws/build/mybot_description': CMAKE_PREFIX_PATH=/opt/ros/humble /usr/bin/cmake --build /home/uditr/mybot_ws/build/mybot_description -- -j8 -l8
[0.849s] Invoked command in '/home/uditr/mybot_ws/build/mybot_description' returned '0': CMAKE_PREFIX_PATH=/opt/ros/humble /usr/bin/cmake --build /home/uditr/mybot_ws/build/mybot_description -- -j8 -l8
[0.871s] Invoking command in '/home/uditr/mybot_ws/build/mybot_description': CMAKE_PREFIX_PATH=/opt/ros/humble /usr/bin/cmake --install /home/uditr/mybot_ws/build/mybot_description
[0.876s] -- Install configuration: ""
[0.899s] -- Execute custom install script
[1.024s] -- Up-to-date symlink: /home/uditr/mybot_ws/install/mybot_description/share/mybot_description/meshesmain/base_link.STL
[1.025s] -- Up-to-date symlink: /home/uditr/mybot_ws/install/mybot_description/share/mybot_description/meshesmain/can.STL
[1.047s] -- Up-to-date symlink: /home/uditr/mybot_ws/install/mybot_description/share/mybot_description/meshesmain/caster_front_link.STL
[1.047s] -- Up-to-date symlink: /home/uditr/mybot_ws/install/mybot_description/share/mybot_description/meshesmain/caster_rear_link.STL
[1.069s] -- Up-to-date symlink: /home/uditr/mybot_ws/install/mybot_description/share/mybot_description/meshesmain/imu_link.STL
[1.069s] -- Up-to-date symlink: /home/uditr/mybot_ws/install/mybot_description/share/mybot_description/meshesmain/wheel_left_link.STL
[1.102s] -- Up-to-date symlink: /home/uditr/mybot_ws/install/mybot_description/share/mybot_description/meshesmain/wheel_right_link.STL
[1.115s] -- Up-to-date symlink: /home/uditr/mybot_ws/install/mybot_description/share/mybot_description/urdf/materials.xacro
[1.116s] -- Up-to-date symlink: /home/uditr/mybot_ws/install/mybot_description/share/mybot_description/urdf/mybot.urdf.xacro
[1.116s] -- Up-to-date symlink: /home/uditr/mybot_ws/install/mybot_description/share/mybot_description/urdf/mybot_gazebo.xacro
[1.117s] -- Up-to-date symlink: /home/uditr/mybot_ws/install/mybot_description/share/mybot_description/urdf/mybot_ros2_control.xacro
[1.119s] -- Up-to-date symlink: /home/uditr/mybot_ws/install/mybot_description/share/mybot_description/models/ground_plane/model-1_2.sdf
[1.119s] -- Up-to-date symlink: /home/uditr/mybot_ws/install/mybot_description/share/mybot_description/models/ground_plane/model-1_3.sdf
[1.119s] -- Up-to-date symlink: /home/uditr/mybot_ws/install/mybot_description/share/mybot_description/models/ground_plane/model-1_4.sdf
[1.120s] -- Up-to-date symlink: /home/uditr/mybot_ws/install/mybot_description/share/mybot_description/models/ground_plane/model.config
[1.120s] -- Up-to-date symlink: /home/uditr/mybot_ws/install/mybot_description/share/mybot_description/models/ground_plane/model.sdf
[1.121s] -- Up-to-date symlink: /home/uditr/mybot_ws/install/mybot_description/share/mybot_description/models/sun/model-1_2.sdf
[1.121s] -- Up-to-date symlink: /home/uditr/mybot_ws/install/mybot_description/share/mybot_description/models/sun/model-1_3.sdf
[1.121s] -- Up-to-date symlink: /home/uditr/mybot_ws/install/mybot_description/share/mybot_description/models/sun/model-1_4.sdf
[1.121s] -- Up-to-date symlink: /home/uditr/mybot_ws/install/mybot_description/share/mybot_description/models/sun/model.config
[1.122s] -- Up-to-date symlink: /home/uditr/mybot_ws/install/mybot_description/share/mybot_description/models/sun/model.sdf
[1.122s] -- Up-to-date symlink: /home/uditr/mybot_ws/install/mybot_description/share/mybot_description/launch/display.launch.py
[1.123s] -- Up-to-date symlink: /home/uditr/mybot_ws/install/mybot_description/share/mybot_description/launch/gazebo.launch.py
[1.124s] -- Up-to-date symlink: /home/uditr/mybot_ws/install/mybot_description/share/mybot_description/rviz/display.rviz
[1.124s] -- Up-to-date symlink: /home/uditr/mybot_ws/install/mybot_description/share/ament_index/resource_index/package_run_dependencies/mybot_description
[1.125s] -- Up-to-date symlink: /home/uditr/mybot_ws/install/mybot_description/share/ament_index/resource_index/parent_prefix_path/mybot_description
[1.125s] -- Up-to-date symlink: /home/uditr/mybot_ws/install/mybot_description/share/mybot_description/environment/ament_prefix_path.sh
[1.126s] -- Up-to-date symlink: /home/uditr/mybot_ws/install/mybot_description/share/mybot_description/environment/ament_prefix_path.dsv
[1.126s] -- Up-to-date symlink: /home/uditr/mybot_ws/install/mybot_description/share/mybot_description/environment/path.sh
[1.126s] -- Up-to-date symlink: /home/uditr/mybot_ws/install/mybot_description/share/mybot_description/environment/path.dsv
[1.126s] -- Up-to-date symlink: /home/uditr/mybot_ws/install/mybot_description/share/mybot_description/local_setup.bash
[1.127s] -- Up-to-date symlink: /home/uditr/mybot_ws/install/mybot_description/share/mybot_description/local_setup.sh
[1.127s] -- Up-to-date symlink: /home/uditr/mybot_ws/install/mybot_description/share/mybot_description/local_setup.zsh
[1.127s] -- Up-to-date symlink: /home/uditr/mybot_ws/install/mybot_description/share/mybot_description/local_setup.dsv
[1.127s] -- Symlinking: /home/uditr/mybot_ws/install/mybot_description/share/mybot_description/package.dsv
[1.230s] -- Up-to-date symlink: /home/uditr/mybot_ws/install/mybot_description/share/ament_index/resource_index/packages/mybot_description
[1.230s] -- Up-to-date symlink: /home/uditr/mybot_ws/install/mybot_description/share/mybot_description/cmake/mybot_descriptionConfig.cmake
[1.230s] -- Up-to-date symlink: /home/uditr/mybot_ws/install/mybot_description/share/mybot_description/cmake/mybot_descriptionConfig-version.cmake
[1.231s] -- Up-to-date symlink: /home/uditr/mybot_ws/install/mybot_description/share/mybot_description/package.xml
[1.232s] Invoked command in '/home/uditr/mybot_ws/build/mybot_description' returned '0': CMAKE_PREFIX_PATH=/opt/ros/humble /usr/bin/cmake --install /home/uditr/mybot_ws/build/mybot_description
