[0.054s] Invoking command in '/home/uditr/mybot_ws/build/mybot_controller': CMAKE_PREFIX_PATH=/opt/ros/humble /usr/bin/cmake --build /home/uditr/mybot_ws/build/mybot_controller -- -j8 -l8
[0.966s] Invoked command in '/home/uditr/mybot_ws/build/mybot_controller' returned '0': CMAKE_PREFIX_PATH=/opt/ros/humble /usr/bin/cmake --build /home/uditr/mybot_ws/build/mybot_controller -- -j8 -l8
[1.036s] Invoking command in '/home/uditr/mybot_ws/build/mybot_controller': CMAKE_PREFIX_PATH=/opt/ros/humble /usr/bin/cmake --install /home/uditr/mybot_ws/build/mybot_controller
[1.051s] -- Install configuration: ""
[1.052s] -- Execute custom install script
[1.053s] -- Up-to-date symlink: /home/uditr/mybot_ws/install/mybot_controller/share/mybot_controller/config/mybot_controllers.yaml
[1.054s] -- Up-to-date symlink: /home/uditr/mybot_ws/install/mybot_controller/share/mybot_controller/launch/controller.launch.py
[1.055s] -- Up-to-date symlink: /home/uditr/mybot_ws/install/mybot_controller/share/ament_index/resource_index/package_run_dependencies/mybot_controller
[1.056s] -- Up-to-date symlink: /home/uditr/mybot_ws/install/mybot_controller/share/ament_index/resource_index/parent_prefix_path/mybot_controller
[1.057s] -- Up-to-date symlink: /home/uditr/mybot_ws/install/mybot_controller/share/mybot_controller/environment/ament_prefix_path.sh
[1.058s] -- Up-to-date symlink: /home/uditr/mybot_ws/install/mybot_controller/share/mybot_controller/environment/ament_prefix_path.dsv
[1.059s] -- Up-to-date symlink: /home/uditr/mybot_ws/install/mybot_controller/share/mybot_controller/environment/path.sh
[1.059s] -- Up-to-date symlink: /home/uditr/mybot_ws/install/mybot_controller/share/mybot_controller/environment/path.dsv
[1.060s] -- Up-to-date symlink: /home/uditr/mybot_ws/install/mybot_controller/share/mybot_controller/local_setup.bash
[1.061s] -- Up-to-date symlink: /home/uditr/mybot_ws/install/mybot_controller/share/mybot_controller/local_setup.sh
[1.062s] -- Up-to-date symlink: /home/uditr/mybot_ws/install/mybot_controller/share/mybot_controller/local_setup.zsh
[1.062s] -- Up-to-date symlink: /home/uditr/mybot_ws/install/mybot_controller/share/mybot_controller/local_setup.dsv
[1.063s] -- Symlinking: /home/uditr/mybot_ws/install/mybot_controller/share/mybot_controller/package.dsv
[1.084s] -- Up-to-date symlink: /home/uditr/mybot_ws/install/mybot_controller/share/ament_index/resource_index/packages/mybot_controller
[1.085s] -- Up-to-date symlink: /home/uditr/mybot_ws/install/mybot_controller/share/mybot_controller/cmake/mybot_controllerConfig.cmake
[1.085s] -- Up-to-date symlink: /home/uditr/mybot_ws/install/mybot_controller/share/mybot_controller/cmake/mybot_controllerConfig-version.cmake
[1.086s] -- Up-to-date symlink: /home/uditr/mybot_ws/install/mybot_controller/share/mybot_controller/package.xml
[1.092s] Invoked command in '/home/uditr/mybot_ws/build/mybot_controller' returned '0': CMAKE_PREFIX_PATH=/opt/ros/humble /usr/bin/cmake --install /home/uditr/mybot_ws/build/mybot_controller
