[0.089s] Invoking command in '/home/uditr/mybot_ws/build/mybot_controller': CMAKE_PREFIX_PATH=/opt/ros/humble /usr/bin/cmake --build /home/uditr/mybot_ws/build/mybot_controller -- -j8 -l8
[0.368s] Built target ament_cmake_python_symlink_mybot_controller
[1.422s] running egg_info
[1.427s] writing mybot_controller.egg-info/PKG-INFO
[1.427s] writing dependency_links to mybot_controller.egg-info/dependency_links.txt
[1.427s] writing top-level names to mybot_controller.egg-info/top_level.txt
[1.446s] reading manifest file 'mybot_controller.egg-info/SOURCES.txt'
[1.449s] writing manifest file 'mybot_controller.egg-info/SOURCES.txt'
[1.716s] Built target ament_cmake_python_build_mybot_controller_egg
[1.828s] Invoked command in '/home/uditr/mybot_ws/build/mybot_controller' returned '0': CMAKE_PREFIX_PATH=/opt/ros/humble /usr/bin/cmake --build /home/uditr/mybot_ws/build/mybot_controller -- -j8 -l8
[2.023s] Invoking command in '/home/uditr/mybot_ws/build/mybot_controller': CMAKE_PREFIX_PATH=/opt/ros/humble /usr/bin/cmake --install /home/uditr/mybot_ws/build/mybot_controller
[2.057s] -- Install configuration: ""
[2.058s] -- Execute custom install script
[2.060s] -- Up-to-date symlink: /home/uditr/mybot_ws/install/mybot_controller/share/mybot_controller/environment/pythonpath.sh
[2.061s] -- Up-to-date symlink: /home/uditr/mybot_ws/install/mybot_controller/share/mybot_controller/environment/pythonpath.dsv
[2.062s] -- Up-to-date symlink: /home/uditr/mybot_ws/install/mybot_controller/local/lib/python3.10/dist-packages/mybot_controller-0.0.0-py3.10.egg-info/PKG-INFO
[2.063s] -- Up-to-date symlink: /home/uditr/mybot_ws/install/mybot_controller/local/lib/python3.10/dist-packages/mybot_controller-0.0.0-py3.10.egg-info/SOURCES.txt
[2.063s] -- Up-to-date symlink: /home/uditr/mybot_ws/install/mybot_controller/local/lib/python3.10/dist-packages/mybot_controller-0.0.0-py3.10.egg-info/dependency_links.txt
[2.064s] -- Up-to-date symlink: /home/uditr/mybot_ws/install/mybot_controller/local/lib/python3.10/dist-packages/mybot_controller-0.0.0-py3.10.egg-info/top_level.txt
[2.065s] -- Up-to-date symlink: /home/uditr/mybot_ws/install/mybot_controller/local/lib/python3.10/dist-packages/mybot_controller/__init__.py
[2.066s] -- Up-to-date symlink: /home/uditr/mybot_ws/install/mybot_controller/local/lib/python3.10/dist-packages/mybot_controller/simple_controller.py
[2.067s] -- Up-to-date symlink: /home/uditr/mybot_ws/install/mybot_controller/share/mybot_controller/config/mybot_controllers.yaml
[2.067s] -- Up-to-date symlink: /home/uditr/mybot_ws/install/mybot_controller/share/mybot_controller/launch/controller.launch.py
[2.068s] -- Up-to-date symlink: /home/uditr/mybot_ws/install/mybot_controller/lib/mybot_controller/simple_controller.py
[2.071s] -- Up-to-date symlink: /home/uditr/mybot_ws/install/mybot_controller/share/ament_index/resource_index/package_run_dependencies/mybot_controller
[2.073s] -- Up-to-date symlink: /home/uditr/mybot_ws/install/mybot_controller/share/ament_index/resource_index/parent_prefix_path/mybot_controller
[2.074s] -- Up-to-date symlink: /home/uditr/mybot_ws/install/mybot_controller/share/mybot_controller/environment/ament_prefix_path.sh
[2.076s] -- Up-to-date symlink: /home/uditr/mybot_ws/install/mybot_controller/share/mybot_controller/environment/ament_prefix_path.dsv
[2.081s] -- Up-to-date symlink: /home/uditr/mybot_ws/install/mybot_controller/share/mybot_controller/environment/path.sh
[2.082s] -- Up-to-date symlink: /home/uditr/mybot_ws/install/mybot_controller/share/mybot_controller/environment/path.dsv
[2.082s] -- Up-to-date symlink: /home/uditr/mybot_ws/install/mybot_controller/share/mybot_controller/local_setup.bash
[2.083s] -- Up-to-date symlink: /home/uditr/mybot_ws/install/mybot_controller/share/mybot_controller/local_setup.sh
[2.083s] -- Up-to-date symlink: /home/uditr/mybot_ws/install/mybot_controller/share/mybot_controller/local_setup.zsh
[2.083s] -- Up-to-date symlink: /home/uditr/mybot_ws/install/mybot_controller/share/mybot_controller/local_setup.dsv
[2.084s] -- Symlinking: /home/uditr/mybot_ws/install/mybot_controller/share/mybot_controller/package.dsv
[2.123s] -- Up-to-date symlink: /home/uditr/mybot_ws/install/mybot_controller/share/ament_index/resource_index/packages/mybot_controller
[2.125s] -- Up-to-date symlink: /home/uditr/mybot_ws/install/mybot_controller/share/mybot_controller/cmake/mybot_controllerConfig.cmake
[2.125s] -- Up-to-date symlink: /home/uditr/mybot_ws/install/mybot_controller/share/mybot_controller/cmake/mybot_controllerConfig-version.cmake
[2.125s] -- Up-to-date symlink: /home/uditr/mybot_ws/install/mybot_controller/share/mybot_controller/package.xml
[2.263s] Listing '/home/uditr/mybot_ws/install/mybot_controller/local/lib/python3.10/dist-packages/mybot_controller'...
[2.264s] Compiling '/home/uditr/mybot_ws/install/mybot_controller/local/lib/python3.10/dist-packages/mybot_controller/simple_controller.py'...
[2.319s] Invoked command in '/home/uditr/mybot_ws/build/mybot_controller' returned '0': CMAKE_PREFIX_PATH=/opt/ros/humble /usr/bin/cmake --install /home/uditr/mybot_ws/build/mybot_controller
