[0.178s] Invoking command in '/home/uditr/mybot_ws/build/mybot_msgs': CMAKE_PREFIX_PATH=/opt/ros/humble /usr/bin/cmake /home/uditr/mybot_ws/src/mybot_msgs -DCMAKE_INSTALL_PREFIX=/home/uditr/mybot_ws/install/mybot_msgs
[2.470s] -- The C compiler identification is GNU 11.4.0
[3.066s] -- The CXX compiler identification is GNU 11.4.0
[3.108s] -- Detecting C compiler ABI info
[3.202s] -- Detecting C compiler ABI info - done
[3.209s] -- Check for working C compiler: /usr/bin/cc - skipped
[3.210s] -- Detecting C compile features
[3.225s] -- Detecting C compile features - done
[3.230s] -- Detecting CXX compiler ABI info
[3.302s] -- Detecting CXX compiler ABI info - done
[3.310s] -- Check for working CXX compiler: /usr/bin/c++ - skipped
[3.310s] -- Detecting CXX compile features
[3.310s] -- Detecting CXX compile features - done
[4.217s] -- Found ament_cmake: 1.3.9 (/opt/ros/humble/share/ament_cmake/cmake)
[4.882s] -- Found Python3: /usr/bin/python3 (found version "3.10.12") found components: Interpreter 
[10.975s] -- Found std_msgs: 4.2.4 (/opt/ros/humble/share/std_msgs/cmake)
[12.862s] -- Found rosidl_generator_c: 3.1.5 (/opt/ros/humble/share/rosidl_generator_c/cmake)
[12.883s] -- Found rosidl_adapter: 3.1.5 (/opt/ros/humble/share/rosidl_adapter/cmake)
[12.921s] -- Found rosidl_generator_cpp: 3.1.5 (/opt/ros/humble/share/rosidl_generator_cpp/cmake)
[12.965s] -- Using all available rosidl_typesupport_c: rosidl_typesupport_fastrtps_c;rosidl_typesupport_introspection_c
[13.030s] -- Using all available rosidl_typesupport_cpp: rosidl_typesupport_fastrtps_cpp;rosidl_typesupport_introspection_cpp
[13.186s] -- Found rosidl_default_generators: 1.2.0 (/opt/ros/humble/share/rosidl_default_generators/cmake)
[13.602s] -- Configuring incomplete, errors occurred!
[13.602s] See also "/home/uditr/mybot_ws/build/mybot_msgs/CMakeFiles/CMakeOutput.log".
[13.610s] [31mCMake Error at /opt/ros/humble/share/rosidl_adapter/cmake/rosidl_adapt_interfaces.cmake:59 (message):
[13.610s]   execute_process(/usr/bin/python3 -m rosidl_adapter --package-name
[13.610s]   mybot_msgs --arguments-file
[13.610s]   /home/uditr/mybot_ws/build/mybot_msgs/rosidl_adapter__arguments__mybot_msgs.json
[13.610s]   --output-dir
[13.610s]   /home/uditr/mybot_ws/build/mybot_msgs/rosidl_adapter/mybot_msgs
[13.610s]   --output-file
[13.610s]   /home/uditr/mybot_ws/build/mybot_msgs/rosidl_adapter/mybot_msgs.idls)
[13.610s]   returned error code 1:
[13.610s] 
[13.611s]   Traceback (most recent call last):
[13.611s] 
[13.611s]     File "/usr/lib/python3.10/runpy.py", line 196, in _run_module_as_main
[13.611s]       return _run_code(code, main_globals, None,
[13.611s]     File "/usr/lib/python3.10/runpy.py", line 86, in _run_code
[13.611s]       exec(code, run_globals)
[13.611s]     File "/opt/ros/humble/local/lib/python3.10/dist-packages/rosidl_adapter/__main__.py", line 19, in <module>
[13.611s]       sys.exit(main())
[13.611s]     File "/opt/ros/humble/local/lib/python3.10/dist-packages/rosidl_adapter/main.py", line 53, in main
[13.611s]       abs_idl_file = convert_to_idl(
[13.611s]     File "/opt/ros/humble/local/lib/python3.10/dist-packages/rosidl_adapter/__init__.py", line 24, in convert_to_idl
[13.612s]       return convert_srv_to_idl(
[13.612s]     File "/opt/ros/humble/local/lib/python3.10/dist-packages/rosidl_adapter/srv/__init__.py", line 28, in convert_srv_to_idl
[13.612s]       srv = parse_service_string(package_name, input_file.stem, content)
[13.612s]     File "/opt/ros/humble/local/lib/python3.10/dist-packages/rosidl_adapter/parser.py", line 850, in parse_service_string
[13.612s]       raise InvalidServiceSpecification(
[13.612s] 
[13.612s]   rosidl_adapter.parser.InvalidServiceSpecification: Could not find separator
[13.612s]   '---' between request and response
[13.612s] 
[13.612s] Call Stack (most recent call first):
[13.613s]   /opt/ros/humble/share/rosidl_cmake/cmake/rosidl_generate_interfaces.cmake:130 (rosidl_adapt_interfaces)
[13.613s]   CMakeLists.txt:13 (rosidl_generate_interfaces)
[13.613s] 
[13.613s] [0m
[13.635s] Invoked command in '/home/uditr/mybot_ws/build/mybot_msgs' returned '1': CMAKE_PREFIX_PATH=/opt/ros/humble /usr/bin/cmake /home/uditr/mybot_ws/src/mybot_msgs -DCMAKE_INSTALL_PREFIX=/home/uditr/mybot_ws/install/mybot_msgs
