[0.013s] Invoking command in '/home/uditr/mybot_ws/build/mybot_description': CMAKE_PREFIX_PATH=/opt/ros/humble /usr/bin/cmake --build /home/uditr/mybot_ws/build/mybot_description -- -j8 -l8
[0.250s] Invoked command in '/home/uditr/mybot_ws/build/mybot_description' returned '0': CMAKE_PREFIX_PATH=/opt/ros/humble /usr/bin/cmake --build /home/uditr/mybot_ws/build/mybot_description -- -j8 -l8
[0.275s] Invoking command in '/home/uditr/mybot_ws/build/mybot_description': CMAKE_PREFIX_PATH=/opt/ros/humble /usr/bin/cmake --install /home/uditr/mybot_ws/build/mybot_description
[0.283s] -- Install configuration: ""
[0.283s] -- Up-to-date: /home/uditr/mybot_ws/install/mybot_description/share/mybot_description/meshesmain
[0.283s] -- Up-to-date: /home/uditr/mybot_ws/install/mybot_description/share/mybot_description/meshesmain/wheel_right_link.STL
[0.283s] -- Up-to-date: /home/uditr/mybot_ws/install/mybot_description/share/mybot_description/meshesmain/base_link.STL
[0.283s] -- Installing: /home/uditr/mybot_ws/install/mybot_description/share/mybot_description/meshesmain/can.STL
[0.284s] -- Up-to-date: /home/uditr/mybot_ws/install/mybot_description/share/mybot_description/meshesmain/wheel_left_link.STL
[0.284s] -- Up-to-date: /home/uditr/mybot_ws/install/mybot_description/share/mybot_description/meshesmain/caster_front_link.STL
[0.284s] -- Up-to-date: /home/uditr/mybot_ws/install/mybot_description/share/mybot_description/meshesmain/imu_link.STL
[0.284s] -- Up-to-date: /home/uditr/mybot_ws/install/mybot_description/share/mybot_description/meshesmain/caster_rear_link.STL
[0.284s] -- Up-to-date: /home/uditr/mybot_ws/install/mybot_description/share/mybot_description/urdf
[0.284s] -- Up-to-date: /home/uditr/mybot_ws/install/mybot_description/share/mybot_description/urdf/mybot.urdf.xacro
[0.285s] -- Up-to-date: /home/uditr/mybot_ws/install/mybot_description/share/mybot_description/launch
[0.285s] -- Up-to-date: /home/uditr/mybot_ws/install/mybot_description/share/mybot_description/launch/display.launch.py
[0.285s] -- Up-to-date: /home/uditr/mybot_ws/install/mybot_description/share/mybot_description/rviz
[0.286s] -- Up-to-date: /home/uditr/mybot_ws/install/mybot_description/share/mybot_description/rviz/display.rviz
[0.286s] -- Up-to-date: /home/uditr/mybot_ws/install/mybot_description/share/ament_index/resource_index/package_run_dependencies/mybot_description
[0.286s] -- Up-to-date: /home/uditr/mybot_ws/install/mybot_description/share/ament_index/resource_index/parent_prefix_path/mybot_description
[0.286s] -- Up-to-date: /home/uditr/mybot_ws/install/mybot_description/share/mybot_description/environment/ament_prefix_path.sh
[0.286s] -- Up-to-date: /home/uditr/mybot_ws/install/mybot_description/share/mybot_description/environment/ament_prefix_path.dsv
[0.286s] -- Up-to-date: /home/uditr/mybot_ws/install/mybot_description/share/mybot_description/environment/path.sh
[0.286s] -- Up-to-date: /home/uditr/mybot_ws/install/mybot_description/share/mybot_description/environment/path.dsv
[0.287s] -- Up-to-date: /home/uditr/mybot_ws/install/mybot_description/share/mybot_description/local_setup.bash
[0.287s] -- Up-to-date: /home/uditr/mybot_ws/install/mybot_description/share/mybot_description/local_setup.sh
[0.288s] -- Up-to-date: /home/uditr/mybot_ws/install/mybot_description/share/mybot_description/local_setup.zsh
[0.288s] -- Up-to-date: /home/uditr/mybot_ws/install/mybot_description/share/mybot_description/local_setup.dsv
[0.288s] -- Installing: /home/uditr/mybot_ws/install/mybot_description/share/mybot_description/package.dsv
[0.289s] -- Up-to-date: /home/uditr/mybot_ws/install/mybot_description/share/ament_index/resource_index/packages/mybot_description
[0.290s] -- Up-to-date: /home/uditr/mybot_ws/install/mybot_description/share/mybot_description/cmake/mybot_descriptionConfig.cmake
[0.291s] -- Up-to-date: /home/uditr/mybot_ws/install/mybot_description/share/mybot_description/cmake/mybot_descriptionConfig-version.cmake
[0.291s] -- Up-to-date: /home/uditr/mybot_ws/install/mybot_description/share/mybot_description/package.xml
[0.294s] Invoked command in '/home/uditr/mybot_ws/build/mybot_description' returned '0': CMAKE_PREFIX_PATH=/opt/ros/humble /usr/bin/cmake --install /home/uditr/mybot_ws/build/mybot_description
