[0.018s] Invoking command in '/home/uditr/mybot_ws/build/mybot_msgs': CMAKE_PREFIX_PATH=/opt/ros/humble /usr/bin/cmake --build /home/uditr/mybot_ws/build/mybot_msgs -- -j8 -l8
[0.056s] -- Found ament_cmake: 1.3.9 (/opt/ros/humble/share/ament_cmake/cmake)
[0.212s] -- Found std_msgs: 4.2.4 (/opt/ros/humble/share/std_msgs/cmake)
[0.252s] -- Found rosidl_generator_c: 3.1.5 (/opt/ros/humble/share/rosidl_generator_c/cmake)
[0.256s] -- Found rosidl_adapter: 3.1.5 (/opt/ros/humble/share/rosidl_adapter/cmake)
[0.266s] -- Found rosidl_generator_cpp: 3.1.5 (/opt/ros/humble/share/rosidl_generator_cpp/cmake)
[0.283s] -- Using all available rosidl_typesupport_c: rosidl_typesupport_fastrtps_c;rosidl_typesupport_introspection_c
[0.300s] -- Using all available rosidl_typesupport_cpp: rosidl_typesupport_fastrtps_cpp;rosidl_typesupport_introspection_cpp
[0.357s] -- Found geometry_msgs: 4.2.4 (/opt/ros/humble/share/geometry_msgs/cmake)
[0.402s] -- Found rosidl_default_generators: 1.2.0 (/opt/ros/humble/share/rosidl_default_generators/cmake)
[0.850s] -- Found ament_cmake_ros: 0.10.0 (/opt/ros/humble/share/ament_cmake_ros/cmake)
[1.406s] -- Using all available rosidl_typesupport_c: rosidl_typesupport_fastrtps_c;rosidl_typesupport_introspection_c
[1.567s] -- Using all available rosidl_typesupport_cpp: rosidl_typesupport_fastrtps_cpp;rosidl_typesupport_introspection_cpp
[1.728s] -- Found python_cmake_module: 0.10.0 (/opt/ros/humble/share/python_cmake_module/cmake)
[1.982s] -- Using PYTHON_EXECUTABLE: /usr/bin/python3
[1.982s] -- Using PYTHON_INCLUDE_DIRS: /usr/include/python3.10
[1.982s] -- Using PYTHON_LIBRARIES: /usr/lib/x86_64-linux-gnu/libpython3.10.so
[2.053s] -- Found ament_lint_auto: 0.12.11 (/opt/ros/humble/share/ament_lint_auto/cmake)
[2.171s] -- Configuring done
[2.330s] -- Generating done
[2.332s] -- Build files have been written to: /home/uditr/mybot_ws/build/mybot_msgs
[2.353s] [  2%] [34m[1mGenerating C code for ROS interfaces[0m
[2.362s] [  5%] [34m[1mGenerating C++ code for ROS interfaces[0m
[2.371s] [  5%] Built target ament_cmake_python_copy_mybot_msgs
[2.709s] running egg_info
[2.712s] writing mybot_msgs.egg-info/PKG-INFO
[2.712s] writing dependency_links to mybot_msgs.egg-info/dependency_links.txt
[2.712s] writing top-level names to mybot_msgs.egg-info/top_level.txt
[2.716s] reading manifest file 'mybot_msgs.egg-info/SOURCES.txt'
[2.752s] writing manifest file 'mybot_msgs.egg-info/SOURCES.txt'
[2.798s] [  5%] Built target ament_cmake_python_build_mybot_msgs_egg
[2.937s] [  5%] Built target mybot_msgs__cpp
[2.947s] [  7%] [34m[1mGenerating C++ type support for eProsima Fast-RTPS[0m
[2.948s] [ 12%] [34m[1mGenerating C++ introspection for ROS interfaces[0m
[2.948s] [ 12%] [34m[1mGenerating C++ type support dispatch for ROS interfaces[0m
[3.064s] [35m[1mConsolidate compiler generated dependencies of target mybot_msgs__rosidl_generator_c[0m
[3.077s] [ 15%] [32mBuilding C object CMakeFiles/mybot_msgs__rosidl_generator_c.dir/rosidl_generator_c/mybot_msgs/srv/detail/add_two_ints__functions.c.o[0m
[3.081s] [ 17%] [32mBuilding C object CMakeFiles/mybot_msgs__rosidl_generator_c.dir/rosidl_generator_c/mybot_msgs/srv/detail/get_transform__functions.c.o[0m
[3.332s] [35m[1mConsolidate compiler generated dependencies of target mybot_msgs__rosidl_typesupport_cpp[0m
[3.348s] [ 20%] [32mBuilding CXX object CMakeFiles/mybot_msgs__rosidl_typesupport_cpp.dir/rosidl_typesupport_cpp/mybot_msgs/srv/add_two_ints__type_support.cpp.o[0m
[3.349s] [ 23%] [32mBuilding CXX object CMakeFiles/mybot_msgs__rosidl_typesupport_cpp.dir/rosidl_typesupport_cpp/mybot_msgs/srv/get_transform__type_support.cpp.o[0m
[3.374s] [35m[1mConsolidate compiler generated dependencies of target mybot_msgs__rosidl_typesupport_introspection_cpp[0m
[3.388s] [ 28%] [32mBuilding CXX object CMakeFiles/mybot_msgs__rosidl_typesupport_introspection_cpp.dir/rosidl_typesupport_introspection_cpp/mybot_msgs/srv/detail/get_transform__type_support.cpp.o[0m
[3.388s] [ 28%] [32mBuilding CXX object CMakeFiles/mybot_msgs__rosidl_typesupport_introspection_cpp.dir/rosidl_typesupport_introspection_cpp/mybot_msgs/srv/detail/add_two_ints__type_support.cpp.o[0m
[3.402s] [35m[1mConsolidate compiler generated dependencies of target mybot_msgs__rosidl_typesupport_fastrtps_cpp[0m
[3.413s] [ 33%] [32mBuilding CXX object CMakeFiles/mybot_msgs__rosidl_typesupport_fastrtps_cpp.dir/rosidl_typesupport_fastrtps_cpp/mybot_msgs/srv/detail/dds_fastrtps/get_transform__type_support.cpp.o[0m
[3.414s] [ 33%] [32mBuilding CXX object CMakeFiles/mybot_msgs__rosidl_typesupport_fastrtps_cpp.dir/rosidl_typesupport_fastrtps_cpp/mybot_msgs/srv/detail/dds_fastrtps/add_two_ints__type_support.cpp.o[0m
[5.992s] [ 35%] [32m[1mLinking C shared library libmybot_msgs__rosidl_generator_c.so[0m
[7.650s] [ 43%] [32m[1mLinking CXX shared library libmybot_msgs__rosidl_typesupport_cpp.so[0m
[7.650s] [ 43%] [32m[1mLinking CXX shared library libmybot_msgs__rosidl_typesupport_fastrtps_cpp.so[0m
[7.650s] [ 43%] [32m[1mLinking CXX shared library libmybot_msgs__rosidl_typesupport_introspection_cpp.so[0m
[7.926s] [ 43%] Built target mybot_msgs__rosidl_generator_c
[8.268s] [ 48%] [34m[1mGenerating C type support dispatch for ROS interfaces[0m
[8.268s] [ 48%] [34m[1mGenerating C type support for eProsima Fast-RTPS[0m
[8.478s] [ 51%] [34m[1mGenerating C introspection for ROS interfaces[0m
[8.771s] [ 51%] Built target mybot_msgs__rosidl_typesupport_cpp
[8.833s] [ 51%] Built target mybot_msgs__rosidl_typesupport_introspection_cpp
[8.856s] [ 51%] Built target mybot_msgs__rosidl_typesupport_fastrtps_cpp
[9.538s] [35m[1mConsolidate compiler generated dependencies of target mybot_msgs__rosidl_typesupport_c[0m
[9.548s] [35m[1mConsolidate compiler generated dependencies of target mybot_msgs__rosidl_typesupport_introspection_c[0m
[9.562s] [ 53%] [32mBuilding CXX object CMakeFiles/mybot_msgs__rosidl_typesupport_c.dir/rosidl_typesupport_c/mybot_msgs/srv/add_two_ints__type_support.cpp.o[0m
[9.563s] [ 56%] [32mBuilding C object CMakeFiles/mybot_msgs__rosidl_typesupport_introspection_c.dir/rosidl_typesupport_introspection_c/mybot_msgs/srv/detail/add_two_ints__type_support.c.o[0m
[9.564s] [ 61%] [32mBuilding CXX object CMakeFiles/mybot_msgs__rosidl_typesupport_c.dir/rosidl_typesupport_c/mybot_msgs/srv/get_transform__type_support.cpp.o[0m
[9.564s] [ 61%] [32mBuilding C object CMakeFiles/mybot_msgs__rosidl_typesupport_introspection_c.dir/rosidl_typesupport_introspection_c/mybot_msgs/srv/detail/get_transform__type_support.c.o[0m
[9.567s] [35m[1mConsolidate compiler generated dependencies of target mybot_msgs__rosidl_typesupport_fastrtps_c[0m
[9.582s] [ 64%] [32mBuilding CXX object CMakeFiles/mybot_msgs__rosidl_typesupport_fastrtps_c.dir/rosidl_typesupport_fastrtps_c/mybot_msgs/srv/detail/add_two_ints__type_support_c.cpp.o[0m
[9.584s] [ 66%] [32mBuilding CXX object CMakeFiles/mybot_msgs__rosidl_typesupport_fastrtps_c.dir/rosidl_typesupport_fastrtps_c/mybot_msgs/srv/detail/get_transform__type_support_c.cpp.o[0m
[9.601s] [ 69%] [32m[1mLinking CXX shared library libmybot_msgs__rosidl_typesupport_c.so[0m
[9.685s] [ 69%] Built target mybot_msgs__rosidl_typesupport_c
[9.726s] [ 71%] [32m[1mLinking C shared library libmybot_msgs__rosidl_typesupport_introspection_c.so[0m
[9.761s] [ 71%] Built target mybot_msgs__rosidl_typesupport_introspection_c
[9.966s] [ 74%] [32m[1mLinking CXX shared library libmybot_msgs__rosidl_typesupport_fastrtps_c.so[0m
[10.038s] [ 74%] Built target mybot_msgs__rosidl_typesupport_fastrtps_c
[10.053s] [ 74%] Built target mybot_msgs
[10.069s] [ 76%] [34m[1mGenerating Python code for ROS interfaces[0m
[10.639s] [ 76%] Built target mybot_msgs__py
[10.647s] [35m[1mConsolidate compiler generated dependencies of target mybot_msgs__rosidl_generator_py[0m
[10.688s] [ 82%] [32mBuilding C object CMakeFiles/mybot_msgs__rosidl_generator_py.dir/rosidl_generator_py/mybot_msgs/srv/_add_two_ints_s.c.o[0m
[10.688s] [ 82%] [32mBuilding C object CMakeFiles/mybot_msgs__rosidl_generator_py.dir/rosidl_generator_py/mybot_msgs/srv/_get_transform_s.c.o[0m
[11.311s] [ 84%] [32m[1mLinking C shared library rosidl_generator_py/mybot_msgs/libmybot_msgs__rosidl_generator_py.so[0m
[11.370s] [ 84%] Built target mybot_msgs__rosidl_generator_py
[11.379s] [35m[1mConsolidate compiler generated dependencies of target mybot_msgs__rosidl_typesupport_fastrtps_c__pyext[0m
[11.379s] [35m[1mConsolidate compiler generated dependencies of target mybot_msgs__rosidl_typesupport_c__pyext[0m
[11.379s] [35m[1mConsolidate compiler generated dependencies of target mybot_msgs__rosidl_typesupport_introspection_c__pyext[0m
[11.391s] [ 92%] [32mBuilding C object CMakeFiles/mybot_msgs__rosidl_typesupport_fastrtps_c__pyext.dir/rosidl_generator_py/mybot_msgs/_mybot_msgs_s.ep.rosidl_typesupport_fastrtps_c.c.o[0m
[11.391s] [ 92%] [32mBuilding C object CMakeFiles/mybot_msgs__rosidl_typesupport_introspection_c__pyext.dir/rosidl_generator_py/mybot_msgs/_mybot_msgs_s.ep.rosidl_typesupport_introspection_c.c.o[0m
[11.392s] [ 92%] [32mBuilding C object CMakeFiles/mybot_msgs__rosidl_typesupport_c__pyext.dir/rosidl_generator_py/mybot_msgs/_mybot_msgs_s.ep.rosidl_typesupport_c.c.o[0m
[11.510s] [ 94%] [32m[1mLinking C shared library rosidl_generator_py/mybot_msgs/mybot_msgs_s__rosidl_typesupport_c.cpython-310-x86_64-linux-gnu.so[0m
[11.513s] [ 97%] [32m[1mLinking C shared library rosidl_generator_py/mybot_msgs/mybot_msgs_s__rosidl_typesupport_introspection_c.cpython-310-x86_64-linux-gnu.so[0m
[11.518s] [100%] [32m[1mLinking C shared library rosidl_generator_py/mybot_msgs/mybot_msgs_s__rosidl_typesupport_fastrtps_c.cpython-310-x86_64-linux-gnu.so[0m
[11.551s] [100%] Built target mybot_msgs__rosidl_typesupport_c__pyext
[11.554s] [100%] Built target mybot_msgs__rosidl_typesupport_introspection_c__pyext
[11.561s] [100%] Built target mybot_msgs__rosidl_typesupport_fastrtps_c__pyext
[11.572s] Invoked command in '/home/uditr/mybot_ws/build/mybot_msgs' returned '0': CMAKE_PREFIX_PATH=/opt/ros/humble /usr/bin/cmake --build /home/uditr/mybot_ws/build/mybot_msgs -- -j8 -l8
[11.651s] Invoking command in '/home/uditr/mybot_ws/build/mybot_msgs': CMAKE_PREFIX_PATH=/opt/ros/humble /usr/bin/cmake --install /home/uditr/mybot_ws/build/mybot_msgs
[11.660s] -- Install configuration: ""
[11.660s] -- Installing: /home/uditr/mybot_ws/install/mybot_msgs/share/ament_index/resource_index/rosidl_interfaces/mybot_msgs
[11.660s] -- Up-to-date: /home/uditr/mybot_ws/install/mybot_msgs/include/mybot_msgs/mybot_msgs
[11.660s] -- Up-to-date: /home/uditr/mybot_ws/install/mybot_msgs/include/mybot_msgs/mybot_msgs/msg
[11.660s] -- Up-to-date: /home/uditr/mybot_ws/install/mybot_msgs/include/mybot_msgs/mybot_msgs/msg/rosidl_generator_c__visibility_control.h
[11.660s] -- Up-to-date: /home/uditr/mybot_ws/install/mybot_msgs/include/mybot_msgs/mybot_msgs/srv
[11.660s] -- Installing: /home/uditr/mybot_ws/install/mybot_msgs/include/mybot_msgs/mybot_msgs/srv/get_transform.h
[11.660s] -- Up-to-date: /home/uditr/mybot_ws/install/mybot_msgs/include/mybot_msgs/mybot_msgs/srv/detail
[11.660s] -- Installing: /home/uditr/mybot_ws/install/mybot_msgs/include/mybot_msgs/mybot_msgs/srv/detail/add_two_ints__functions.h
[11.660s] -- Installing: /home/uditr/mybot_ws/install/mybot_msgs/include/mybot_msgs/mybot_msgs/srv/detail/add_two_ints__functions.c
[11.661s] -- Installing: /home/uditr/mybot_ws/install/mybot_msgs/include/mybot_msgs/mybot_msgs/srv/detail/add_two_ints__type_support.h
[11.661s] -- Installing: /home/uditr/mybot_ws/install/mybot_msgs/include/mybot_msgs/mybot_msgs/srv/detail/get_transform__struct.h
[11.661s] -- Installing: /home/uditr/mybot_ws/install/mybot_msgs/include/mybot_msgs/mybot_msgs/srv/detail/get_transform__type_support.h
[11.661s] -- Installing: /home/uditr/mybot_ws/install/mybot_msgs/include/mybot_msgs/mybot_msgs/srv/detail/get_transform__functions.h
[11.661s] -- Installing: /home/uditr/mybot_ws/install/mybot_msgs/include/mybot_msgs/mybot_msgs/srv/detail/get_transform__functions.c
[11.661s] -- Installing: /home/uditr/mybot_ws/install/mybot_msgs/include/mybot_msgs/mybot_msgs/srv/detail/add_two_ints__struct.h
[11.661s] -- Installing: /home/uditr/mybot_ws/install/mybot_msgs/include/mybot_msgs/mybot_msgs/srv/add_two_ints.h
[11.661s] -- Up-to-date: /home/uditr/mybot_ws/install/mybot_msgs/share/mybot_msgs/environment/library_path.sh
[11.661s] -- Installing: /home/uditr/mybot_ws/install/mybot_msgs/share/mybot_msgs/environment/library_path.dsv
[11.685s] -- Installing: /home/uditr/mybot_ws/install/mybot_msgs/lib/libmybot_msgs__rosidl_generator_c.so
[11.690s] -- Set runtime path of "/home/uditr/mybot_ws/install/mybot_msgs/lib/libmybot_msgs__rosidl_generator_c.so" to ""
[11.691s] -- Up-to-date: /home/uditr/mybot_ws/install/mybot_msgs/include/mybot_msgs/mybot_msgs
[11.691s] -- Up-to-date: /home/uditr/mybot_ws/install/mybot_msgs/include/mybot_msgs/mybot_msgs/msg
[11.691s] -- Up-to-date: /home/uditr/mybot_ws/install/mybot_msgs/include/mybot_msgs/mybot_msgs/msg/rosidl_typesupport_fastrtps_c__visibility_control.h
[11.691s] -- Up-to-date: /home/uditr/mybot_ws/install/mybot_msgs/include/mybot_msgs/mybot_msgs/srv
[11.691s] -- Up-to-date: /home/uditr/mybot_ws/install/mybot_msgs/include/mybot_msgs/mybot_msgs/srv/detail
[11.691s] -- Installing: /home/uditr/mybot_ws/install/mybot_msgs/include/mybot_msgs/mybot_msgs/srv/detail/add_two_ints__rosidl_typesupport_fastrtps_c.h
[11.691s] -- Installing: /home/uditr/mybot_ws/install/mybot_msgs/include/mybot_msgs/mybot_msgs/srv/detail/get_transform__rosidl_typesupport_fastrtps_c.h
[11.692s] -- Installing: /home/uditr/mybot_ws/install/mybot_msgs/lib/libmybot_msgs__rosidl_typesupport_fastrtps_c.so
[11.692s] -- Set runtime path of "/home/uditr/mybot_ws/install/mybot_msgs/lib/libmybot_msgs__rosidl_typesupport_fastrtps_c.so" to ""
[11.692s] -- Up-to-date: /home/uditr/mybot_ws/install/mybot_msgs/include/mybot_msgs/mybot_msgs
[11.692s] -- Up-to-date: /home/uditr/mybot_ws/install/mybot_msgs/include/mybot_msgs/mybot_msgs/srv
[11.692s] -- Installing: /home/uditr/mybot_ws/install/mybot_msgs/include/mybot_msgs/mybot_msgs/srv/get_transform.hpp
[11.692s] -- Installing: /home/uditr/mybot_ws/install/mybot_msgs/include/mybot_msgs/mybot_msgs/srv/add_two_ints.hpp
[11.692s] -- Up-to-date: /home/uditr/mybot_ws/install/mybot_msgs/include/mybot_msgs/mybot_msgs/srv/detail
[11.692s] -- Installing: /home/uditr/mybot_ws/install/mybot_msgs/include/mybot_msgs/mybot_msgs/srv/detail/add_two_ints__traits.hpp
[11.692s] -- Installing: /home/uditr/mybot_ws/install/mybot_msgs/include/mybot_msgs/mybot_msgs/srv/detail/get_transform__builder.hpp
[11.692s] -- Installing: /home/uditr/mybot_ws/install/mybot_msgs/include/mybot_msgs/mybot_msgs/srv/detail/get_transform__traits.hpp
[11.693s] -- Installing: /home/uditr/mybot_ws/install/mybot_msgs/include/mybot_msgs/mybot_msgs/srv/detail/add_two_ints__builder.hpp
[11.693s] -- Installing: /home/uditr/mybot_ws/install/mybot_msgs/include/mybot_msgs/mybot_msgs/srv/detail/get_transform__struct.hpp
[11.693s] -- Installing: /home/uditr/mybot_ws/install/mybot_msgs/include/mybot_msgs/mybot_msgs/srv/detail/add_two_ints__struct.hpp
[11.693s] -- Up-to-date: /home/uditr/mybot_ws/install/mybot_msgs/include/mybot_msgs/mybot_msgs
[11.693s] -- Up-to-date: /home/uditr/mybot_ws/install/mybot_msgs/include/mybot_msgs/mybot_msgs/msg
[11.693s] -- Up-to-date: /home/uditr/mybot_ws/install/mybot_msgs/include/mybot_msgs/mybot_msgs/msg/rosidl_typesupport_fastrtps_cpp__visibility_control.h
[11.693s] -- Up-to-date: /home/uditr/mybot_ws/install/mybot_msgs/include/mybot_msgs/mybot_msgs/srv
[11.693s] -- Up-to-date: /home/uditr/mybot_ws/install/mybot_msgs/include/mybot_msgs/mybot_msgs/srv/detail
[11.693s] -- Up-to-date: /home/uditr/mybot_ws/install/mybot_msgs/include/mybot_msgs/mybot_msgs/srv/detail/dds_fastrtps
[11.693s] -- Installing: /home/uditr/mybot_ws/install/mybot_msgs/include/mybot_msgs/mybot_msgs/srv/detail/add_two_ints__rosidl_typesupport_fastrtps_cpp.hpp
[11.693s] -- Installing: /home/uditr/mybot_ws/install/mybot_msgs/include/mybot_msgs/mybot_msgs/srv/detail/get_transform__rosidl_typesupport_fastrtps_cpp.hpp
[11.693s] -- Installing: /home/uditr/mybot_ws/install/mybot_msgs/lib/libmybot_msgs__rosidl_typesupport_fastrtps_cpp.so
[11.694s] -- Set runtime path of "/home/uditr/mybot_ws/install/mybot_msgs/lib/libmybot_msgs__rosidl_typesupport_fastrtps_cpp.so" to ""
[11.694s] -- Up-to-date: /home/uditr/mybot_ws/install/mybot_msgs/include/mybot_msgs/mybot_msgs
[11.694s] -- Up-to-date: /home/uditr/mybot_ws/install/mybot_msgs/include/mybot_msgs/mybot_msgs/msg
[11.694s] -- Up-to-date: /home/uditr/mybot_ws/install/mybot_msgs/include/mybot_msgs/mybot_msgs/msg/rosidl_typesupport_introspection_c__visibility_control.h
[11.694s] -- Up-to-date: /home/uditr/mybot_ws/install/mybot_msgs/include/mybot_msgs/mybot_msgs/srv
[11.699s] -- Up-to-date: /home/uditr/mybot_ws/install/mybot_msgs/include/mybot_msgs/mybot_msgs/srv/detail
[11.699s] -- Installing: /home/uditr/mybot_ws/install/mybot_msgs/include/mybot_msgs/mybot_msgs/srv/detail/get_transform__type_support.c
[11.700s] -- Installing: /home/uditr/mybot_ws/install/mybot_msgs/include/mybot_msgs/mybot_msgs/srv/detail/get_transform__rosidl_typesupport_introspection_c.h
[11.700s] -- Installing: /home/uditr/mybot_ws/install/mybot_msgs/include/mybot_msgs/mybot_msgs/srv/detail/add_two_ints__type_support.c
[11.700s] -- Installing: /home/uditr/mybot_ws/install/mybot_msgs/include/mybot_msgs/mybot_msgs/srv/detail/add_two_ints__rosidl_typesupport_introspection_c.h
[11.700s] -- Installing: /home/uditr/mybot_ws/install/mybot_msgs/lib/libmybot_msgs__rosidl_typesupport_introspection_c.so
[11.700s] -- Set runtime path of "/home/uditr/mybot_ws/install/mybot_msgs/lib/libmybot_msgs__rosidl_typesupport_introspection_c.so" to ""
[11.713s] -- Installing: /home/uditr/mybot_ws/install/mybot_msgs/lib/libmybot_msgs__rosidl_typesupport_c.so
[11.713s] -- Set runtime path of "/home/uditr/mybot_ws/install/mybot_msgs/lib/libmybot_msgs__rosidl_typesupport_c.so" to ""
[11.713s] -- Up-to-date: /home/uditr/mybot_ws/install/mybot_msgs/include/mybot_msgs/mybot_msgs
[11.713s] -- Up-to-date: /home/uditr/mybot_ws/install/mybot_msgs/include/mybot_msgs/mybot_msgs/srv
[11.714s] -- Up-to-date: /home/uditr/mybot_ws/install/mybot_msgs/include/mybot_msgs/mybot_msgs/srv/detail
[11.714s] -- Installing: /home/uditr/mybot_ws/install/mybot_msgs/include/mybot_msgs/mybot_msgs/srv/detail/add_two_ints__rosidl_typesupport_introspection_cpp.hpp
[11.714s] -- Installing: /home/uditr/mybot_ws/install/mybot_msgs/include/mybot_msgs/mybot_msgs/srv/detail/add_two_ints__type_support.cpp
[11.714s] -- Installing: /home/uditr/mybot_ws/install/mybot_msgs/include/mybot_msgs/mybot_msgs/srv/detail/get_transform__type_support.cpp
[11.714s] -- Installing: /home/uditr/mybot_ws/install/mybot_msgs/include/mybot_msgs/mybot_msgs/srv/detail/get_transform__rosidl_typesupport_introspection_cpp.hpp
[11.714s] -- Installing: /home/uditr/mybot_ws/install/mybot_msgs/lib/libmybot_msgs__rosidl_typesupport_introspection_cpp.so
[11.714s] -- Set runtime path of "/home/uditr/mybot_ws/install/mybot_msgs/lib/libmybot_msgs__rosidl_typesupport_introspection_cpp.so" to ""
[11.715s] -- Installing: /home/uditr/mybot_ws/install/mybot_msgs/lib/libmybot_msgs__rosidl_typesupport_cpp.so
[11.715s] -- Set runtime path of "/home/uditr/mybot_ws/install/mybot_msgs/lib/libmybot_msgs__rosidl_typesupport_cpp.so" to ""
[11.715s] -- Up-to-date: /home/uditr/mybot_ws/install/mybot_msgs/share/mybot_msgs/environment/pythonpath.sh
[11.715s] -- Installing: /home/uditr/mybot_ws/install/mybot_msgs/share/mybot_msgs/environment/pythonpath.dsv
[11.715s] -- Up-to-date: /home/uditr/mybot_ws/install/mybot_msgs/local/lib/python3.10/dist-packages/mybot_msgs-0.0.0-py3.10.egg-info
[11.715s] -- Installing: /home/uditr/mybot_ws/install/mybot_msgs/local/lib/python3.10/dist-packages/mybot_msgs-0.0.0-py3.10.egg-info/dependency_links.txt
[11.723s] -- Installing: /home/uditr/mybot_ws/install/mybot_msgs/local/lib/python3.10/dist-packages/mybot_msgs-0.0.0-py3.10.egg-info/PKG-INFO
[11.724s] -- Installing: /home/uditr/mybot_ws/install/mybot_msgs/local/lib/python3.10/dist-packages/mybot_msgs-0.0.0-py3.10.egg-info/top_level.txt
[11.724s] -- Installing: /home/uditr/mybot_ws/install/mybot_msgs/local/lib/python3.10/dist-packages/mybot_msgs-0.0.0-py3.10.egg-info/SOURCES.txt
[11.724s] -- Up-to-date: /home/uditr/mybot_ws/install/mybot_msgs/local/lib/python3.10/dist-packages/mybot_msgs
[11.724s] -- Installing: /home/uditr/mybot_ws/install/mybot_msgs/local/lib/python3.10/dist-packages/mybot_msgs/_mybot_msgs_s.ep.rosidl_typesupport_c.c
[11.724s] -- Installing: /home/uditr/mybot_ws/install/mybot_msgs/local/lib/python3.10/dist-packages/mybot_msgs/_mybot_msgs_s.ep.rosidl_typesupport_fastrtps_c.c
[11.724s] -- Installing: /home/uditr/mybot_ws/install/mybot_msgs/local/lib/python3.10/dist-packages/mybot_msgs/__init__.py
[11.724s] -- Installing: /home/uditr/mybot_ws/install/mybot_msgs/local/lib/python3.10/dist-packages/mybot_msgs/libmybot_msgs__rosidl_generator_py.so
[11.724s] -- Installing: /home/uditr/mybot_ws/install/mybot_msgs/local/lib/python3.10/dist-packages/mybot_msgs/mybot_msgs_s__rosidl_typesupport_introspection_c.cpython-310-x86_64-linux-gnu.so
[11.724s] -- Installing: /home/uditr/mybot_ws/install/mybot_msgs/local/lib/python3.10/dist-packages/mybot_msgs/_mybot_msgs_s.ep.rosidl_typesupport_introspection_c.c
[11.724s] -- Up-to-date: /home/uditr/mybot_ws/install/mybot_msgs/local/lib/python3.10/dist-packages/mybot_msgs/srv
[11.724s] -- Installing: /home/uditr/mybot_ws/install/mybot_msgs/local/lib/python3.10/dist-packages/mybot_msgs/srv/__init__.py
[11.724s] -- Installing: /home/uditr/mybot_ws/install/mybot_msgs/local/lib/python3.10/dist-packages/mybot_msgs/srv/_get_transform_s.c
[11.724s] -- Installing: /home/uditr/mybot_ws/install/mybot_msgs/local/lib/python3.10/dist-packages/mybot_msgs/srv/_get_transform.py
[11.725s] -- Installing: /home/uditr/mybot_ws/install/mybot_msgs/local/lib/python3.10/dist-packages/mybot_msgs/srv/_add_two_ints_s.c
[11.725s] -- Installing: /home/uditr/mybot_ws/install/mybot_msgs/local/lib/python3.10/dist-packages/mybot_msgs/srv/_add_two_ints.py
[11.725s] -- Installing: /home/uditr/mybot_ws/install/mybot_msgs/local/lib/python3.10/dist-packages/mybot_msgs/mybot_msgs_s__rosidl_typesupport_fastrtps_c.cpython-310-x86_64-linux-gnu.so
[11.725s] -- Installing: /home/uditr/mybot_ws/install/mybot_msgs/local/lib/python3.10/dist-packages/mybot_msgs/mybot_msgs_s__rosidl_typesupport_c.cpython-310-x86_64-linux-gnu.so
[11.815s] Listing '/home/uditr/mybot_ws/install/mybot_msgs/local/lib/python3.10/dist-packages/mybot_msgs'...
[11.815s] Compiling '/home/uditr/mybot_ws/install/mybot_msgs/local/lib/python3.10/dist-packages/mybot_msgs/__init__.py'...
[11.815s] Listing '/home/uditr/mybot_ws/install/mybot_msgs/local/lib/python3.10/dist-packages/mybot_msgs/srv'...
[11.815s] Compiling '/home/uditr/mybot_ws/install/mybot_msgs/local/lib/python3.10/dist-packages/mybot_msgs/srv/__init__.py'...
[11.816s] Compiling '/home/uditr/mybot_ws/install/mybot_msgs/local/lib/python3.10/dist-packages/mybot_msgs/srv/_add_two_ints.py'...
[11.816s] Compiling '/home/uditr/mybot_ws/install/mybot_msgs/local/lib/python3.10/dist-packages/mybot_msgs/srv/_get_transform.py'...
[11.819s] -- Installing: /home/uditr/mybot_ws/install/mybot_msgs/local/lib/python3.10/dist-packages/mybot_msgs/mybot_msgs_s__rosidl_typesupport_fastrtps_c.cpython-310-x86_64-linux-gnu.so
[11.819s] -- Set runtime path of "/home/uditr/mybot_ws/install/mybot_msgs/local/lib/python3.10/dist-packages/mybot_msgs/mybot_msgs_s__rosidl_typesupport_fastrtps_c.cpython-310-x86_64-linux-gnu.so" to ""
[11.819s] -- Installing: /home/uditr/mybot_ws/install/mybot_msgs/local/lib/python3.10/dist-packages/mybot_msgs/mybot_msgs_s__rosidl_typesupport_introspection_c.cpython-310-x86_64-linux-gnu.so
[11.819s] -- Set runtime path of "/home/uditr/mybot_ws/install/mybot_msgs/local/lib/python3.10/dist-packages/mybot_msgs/mybot_msgs_s__rosidl_typesupport_introspection_c.cpython-310-x86_64-linux-gnu.so" to ""
[11.819s] -- Installing: /home/uditr/mybot_ws/install/mybot_msgs/local/lib/python3.10/dist-packages/mybot_msgs/mybot_msgs_s__rosidl_typesupport_c.cpython-310-x86_64-linux-gnu.so
[11.820s] -- Set runtime path of "/home/uditr/mybot_ws/install/mybot_msgs/local/lib/python3.10/dist-packages/mybot_msgs/mybot_msgs_s__rosidl_typesupport_c.cpython-310-x86_64-linux-gnu.so" to ""
[11.820s] -- Installing: /home/uditr/mybot_ws/install/mybot_msgs/lib/libmybot_msgs__rosidl_generator_py.so
[11.821s] -- Set runtime path of "/home/uditr/mybot_ws/install/mybot_msgs/lib/libmybot_msgs__rosidl_generator_py.so" to ""
[11.821s] -- Up-to-date: /home/uditr/mybot_ws/install/mybot_msgs/share/mybot_msgs/srv/AddTwoInts.idl
[11.821s] -- Installing: /home/uditr/mybot_ws/install/mybot_msgs/share/mybot_msgs/srv/GetTransform.idl
[11.821s] -- Up-to-date: /home/uditr/mybot_ws/install/mybot_msgs/share/mybot_msgs/srv/AddTwoInts.srv
[11.821s] -- Up-to-date: /home/uditr/mybot_ws/install/mybot_msgs/share/mybot_msgs/srv/AddTwoInts_Request.msg
[11.821s] -- Up-to-date: /home/uditr/mybot_ws/install/mybot_msgs/share/mybot_msgs/srv/AddTwoInts_Response.msg
[11.821s] -- Installing: /home/uditr/mybot_ws/install/mybot_msgs/share/mybot_msgs/srv/GetTransform.srv
[11.821s] -- Installing: /home/uditr/mybot_ws/install/mybot_msgs/share/mybot_msgs/srv/GetTransform_Request.msg
[11.821s] -- Installing: /home/uditr/mybot_ws/install/mybot_msgs/share/mybot_msgs/srv/GetTransform_Response.msg
[11.821s] -- Installing: /home/uditr/mybot_ws/install/mybot_msgs/share/ament_index/resource_index/package_run_dependencies/mybot_msgs
[11.834s] -- Up-to-date: /home/uditr/mybot_ws/install/mybot_msgs/share/ament_index/resource_index/parent_prefix_path/mybot_msgs
[11.834s] -- Up-to-date: /home/uditr/mybot_ws/install/mybot_msgs/share/mybot_msgs/environment/ament_prefix_path.sh
[11.835s] -- Installing: /home/uditr/mybot_ws/install/mybot_msgs/share/mybot_msgs/environment/ament_prefix_path.dsv
[11.835s] -- Up-to-date: /home/uditr/mybot_ws/install/mybot_msgs/share/mybot_msgs/environment/path.sh
[11.835s] -- Installing: /home/uditr/mybot_ws/install/mybot_msgs/share/mybot_msgs/environment/path.dsv
[11.835s] -- Up-to-date: /home/uditr/mybot_ws/install/mybot_msgs/share/mybot_msgs/local_setup.bash
[11.835s] -- Up-to-date: /home/uditr/mybot_ws/install/mybot_msgs/share/mybot_msgs/local_setup.sh
[11.835s] -- Up-to-date: /home/uditr/mybot_ws/install/mybot_msgs/share/mybot_msgs/local_setup.zsh
[11.835s] -- Installing: /home/uditr/mybot_ws/install/mybot_msgs/share/mybot_msgs/local_setup.dsv
[11.858s] -- Installing: /home/uditr/mybot_ws/install/mybot_msgs/share/mybot_msgs/package.dsv
[11.858s] -- Up-to-date: /home/uditr/mybot_ws/install/mybot_msgs/share/ament_index/resource_index/packages/mybot_msgs
[11.912s] -- Old export file "/home/uditr/mybot_ws/install/mybot_msgs/share/mybot_msgs/cmake/export_mybot_msgs__rosidl_generator_cExport.cmake" will be replaced.  Removing files [/home/uditr/mybot_ws/install/mybot_msgs/share/mybot_msgs/cmake/export_mybot_msgs__rosidl_generator_cExport-noconfig.cmake].
[11.912s] -- Installing: /home/uditr/mybot_ws/install/mybot_msgs/share/mybot_msgs/cmake/export_mybot_msgs__rosidl_generator_cExport.cmake
[11.912s] -- Installing: /home/uditr/mybot_ws/install/mybot_msgs/share/mybot_msgs/cmake/export_mybot_msgs__rosidl_generator_cExport-noconfig.cmake
[11.912s] -- Old export file "/home/uditr/mybot_ws/install/mybot_msgs/share/mybot_msgs/cmake/export_mybot_msgs__rosidl_typesupport_fastrtps_cExport.cmake" will be replaced.  Removing files [/home/uditr/mybot_ws/install/mybot_msgs/share/mybot_msgs/cmake/export_mybot_msgs__rosidl_typesupport_fastrtps_cExport-noconfig.cmake].
[11.912s] -- Installing: /home/uditr/mybot_ws/install/mybot_msgs/share/mybot_msgs/cmake/export_mybot_msgs__rosidl_typesupport_fastrtps_cExport.cmake
[11.912s] -- Installing: /home/uditr/mybot_ws/install/mybot_msgs/share/mybot_msgs/cmake/export_mybot_msgs__rosidl_typesupport_fastrtps_cExport-noconfig.cmake
[11.913s] -- Installing: /home/uditr/mybot_ws/install/mybot_msgs/share/mybot_msgs/cmake/export_mybot_msgs__rosidl_generator_cppExport.cmake
[11.913s] -- Old export file "/home/uditr/mybot_ws/install/mybot_msgs/share/mybot_msgs/cmake/export_mybot_msgs__rosidl_typesupport_fastrtps_cppExport.cmake" will be replaced.  Removing files [/home/uditr/mybot_ws/install/mybot_msgs/share/mybot_msgs/cmake/export_mybot_msgs__rosidl_typesupport_fastrtps_cppExport-noconfig.cmake].
[11.913s] -- Installing: /home/uditr/mybot_ws/install/mybot_msgs/share/mybot_msgs/cmake/export_mybot_msgs__rosidl_typesupport_fastrtps_cppExport.cmake
[11.913s] -- Installing: /home/uditr/mybot_ws/install/mybot_msgs/share/mybot_msgs/cmake/export_mybot_msgs__rosidl_typesupport_fastrtps_cppExport-noconfig.cmake
[11.913s] -- Old export file "/home/uditr/mybot_ws/install/mybot_msgs/share/mybot_msgs/cmake/mybot_msgs__rosidl_typesupport_introspection_cExport.cmake" will be replaced.  Removing files [/home/uditr/mybot_ws/install/mybot_msgs/share/mybot_msgs/cmake/mybot_msgs__rosidl_typesupport_introspection_cExport-noconfig.cmake].
[11.913s] -- Installing: /home/uditr/mybot_ws/install/mybot_msgs/share/mybot_msgs/cmake/mybot_msgs__rosidl_typesupport_introspection_cExport.cmake
[11.913s] -- Installing: /home/uditr/mybot_ws/install/mybot_msgs/share/mybot_msgs/cmake/mybot_msgs__rosidl_typesupport_introspection_cExport-noconfig.cmake
[11.913s] -- Old export file "/home/uditr/mybot_ws/install/mybot_msgs/share/mybot_msgs/cmake/mybot_msgs__rosidl_typesupport_cExport.cmake" will be replaced.  Removing files [/home/uditr/mybot_ws/install/mybot_msgs/share/mybot_msgs/cmake/mybot_msgs__rosidl_typesupport_cExport-noconfig.cmake].
[11.913s] -- Installing: /home/uditr/mybot_ws/install/mybot_msgs/share/mybot_msgs/cmake/mybot_msgs__rosidl_typesupport_cExport.cmake
[11.913s] -- Installing: /home/uditr/mybot_ws/install/mybot_msgs/share/mybot_msgs/cmake/mybot_msgs__rosidl_typesupport_cExport-noconfig.cmake
[11.913s] -- Old export file "/home/uditr/mybot_ws/install/mybot_msgs/share/mybot_msgs/cmake/mybot_msgs__rosidl_typesupport_introspection_cppExport.cmake" will be replaced.  Removing files [/home/uditr/mybot_ws/install/mybot_msgs/share/mybot_msgs/cmake/mybot_msgs__rosidl_typesupport_introspection_cppExport-noconfig.cmake].
[11.913s] -- Installing: /home/uditr/mybot_ws/install/mybot_msgs/share/mybot_msgs/cmake/mybot_msgs__rosidl_typesupport_introspection_cppExport.cmake
[11.913s] -- Installing: /home/uditr/mybot_ws/install/mybot_msgs/share/mybot_msgs/cmake/mybot_msgs__rosidl_typesupport_introspection_cppExport-noconfig.cmake
[11.913s] -- Old export file "/home/uditr/mybot_ws/install/mybot_msgs/share/mybot_msgs/cmake/mybot_msgs__rosidl_typesupport_cppExport.cmake" will be replaced.  Removing files [/home/uditr/mybot_ws/install/mybot_msgs/share/mybot_msgs/cmake/mybot_msgs__rosidl_typesupport_cppExport-noconfig.cmake].
[11.914s] -- Installing: /home/uditr/mybot_ws/install/mybot_msgs/share/mybot_msgs/cmake/mybot_msgs__rosidl_typesupport_cppExport.cmake
[11.914s] -- Installing: /home/uditr/mybot_ws/install/mybot_msgs/share/mybot_msgs/cmake/mybot_msgs__rosidl_typesupport_cppExport-noconfig.cmake
[11.914s] -- Old export file "/home/uditr/mybot_ws/install/mybot_msgs/share/mybot_msgs/cmake/export_mybot_msgs__rosidl_generator_pyExport.cmake" will be replaced.  Removing files [/home/uditr/mybot_ws/install/mybot_msgs/share/mybot_msgs/cmake/export_mybot_msgs__rosidl_generator_pyExport-noconfig.cmake].
[11.914s] -- Installing: /home/uditr/mybot_ws/install/mybot_msgs/share/mybot_msgs/cmake/export_mybot_msgs__rosidl_generator_pyExport.cmake
[11.914s] -- Installing: /home/uditr/mybot_ws/install/mybot_msgs/share/mybot_msgs/cmake/export_mybot_msgs__rosidl_generator_pyExport-noconfig.cmake
[11.914s] -- Installing: /home/uditr/mybot_ws/install/mybot_msgs/share/mybot_msgs/cmake/rosidl_cmake-extras.cmake
[11.914s] -- Installing: /home/uditr/mybot_ws/install/mybot_msgs/share/mybot_msgs/cmake/ament_cmake_export_dependencies-extras.cmake
[11.914s] -- Up-to-date: /home/uditr/mybot_ws/install/mybot_msgs/share/mybot_msgs/cmake/ament_cmake_export_include_directories-extras.cmake
[11.914s] -- Up-to-date: /home/uditr/mybot_ws/install/mybot_msgs/share/mybot_msgs/cmake/ament_cmake_export_libraries-extras.cmake
[11.914s] -- Up-to-date: /home/uditr/mybot_ws/install/mybot_msgs/share/mybot_msgs/cmake/ament_cmake_export_targets-extras.cmake
[11.914s] -- Up-to-date: /home/uditr/mybot_ws/install/mybot_msgs/share/mybot_msgs/cmake/rosidl_cmake_export_typesupport_targets-extras.cmake
[11.914s] -- Up-to-date: /home/uditr/mybot_ws/install/mybot_msgs/share/mybot_msgs/cmake/rosidl_cmake_export_typesupport_libraries-extras.cmake
[11.914s] -- Installing: /home/uditr/mybot_ws/install/mybot_msgs/share/mybot_msgs/cmake/mybot_msgsConfig.cmake
[11.914s] -- Up-to-date: /home/uditr/mybot_ws/install/mybot_msgs/share/mybot_msgs/cmake/mybot_msgsConfig-version.cmake
[11.914s] -- Installing: /home/uditr/mybot_ws/install/mybot_msgs/share/mybot_msgs/package.xml
[11.947s] Invoked command in '/home/uditr/mybot_ws/build/mybot_msgs' returned '0': CMAKE_PREFIX_PATH=/opt/ros/humble /usr/bin/cmake --install /home/uditr/mybot_ws/build/mybot_msgs
