[0.013s] Invoking command in '/home/uditr/mybot_ws/build/mybot_description': CMAKE_PREFIX_PATH=/opt/ros/humble /usr/bin/cmake --build /home/uditr/mybot_ws/build/mybot_description -- -j8 -l8
[1.101s] Invoked command in '/home/uditr/mybot_ws/build/mybot_description' returned '0': CMAKE_PREFIX_PATH=/opt/ros/humble /usr/bin/cmake --build /home/uditr/mybot_ws/build/mybot_description -- -j8 -l8
[1.127s] Invoking command in '/home/uditr/mybot_ws/build/mybot_description': CMAKE_PREFIX_PATH=/opt/ros/humble /usr/bin/cmake --install /home/uditr/mybot_ws/build/mybot_description
[1.133s] -- Install configuration: ""
[1.134s] -- Up-to-date: /home/uditr/mybot_ws/install/mybot_description/share/mybot_description/meshesmain
[1.134s] -- Up-to-date: /home/uditr/mybot_ws/install/mybot_description/share/mybot_description/meshesmain/wheel_right_link.STL
[1.134s] -- Up-to-date: /home/uditr/mybot_ws/install/mybot_description/share/mybot_description/meshesmain/base_link.STL
[1.134s] -- Up-to-date: /home/uditr/mybot_ws/install/mybot_description/share/mybot_description/meshesmain/wheel_left_link.STL
[1.134s] -- Up-to-date: /home/uditr/mybot_ws/install/mybot_description/share/mybot_description/meshesmain/caster_front_link.STL
[1.135s] -- Up-to-date: /home/uditr/mybot_ws/install/mybot_description/share/mybot_description/meshesmain/imu_link.STL
[1.135s] -- Up-to-date: /home/uditr/mybot_ws/install/mybot_description/share/mybot_description/meshesmain/caster_rear_link.STL
[1.135s] -- Up-to-date: /home/uditr/mybot_ws/install/mybot_description/share/mybot_description/urdf
[1.135s] -- Installing: /home/uditr/mybot_ws/install/mybot_description/share/mybot_description/urdf/mybot.urdf.xacro
[1.135s] -- Up-to-date: /home/uditr/mybot_ws/install/mybot_description/share/ament_index/resource_index/package_run_dependencies/mybot_description
[1.135s] -- Up-to-date: /home/uditr/mybot_ws/install/mybot_description/share/ament_index/resource_index/parent_prefix_path/mybot_description
[1.135s] -- Up-to-date: /home/uditr/mybot_ws/install/mybot_description/share/mybot_description/environment/ament_prefix_path.sh
[1.135s] -- Up-to-date: /home/uditr/mybot_ws/install/mybot_description/share/mybot_description/environment/ament_prefix_path.dsv
[1.136s] -- Up-to-date: /home/uditr/mybot_ws/install/mybot_description/share/mybot_description/environment/path.sh
[1.136s] -- Up-to-date: /home/uditr/mybot_ws/install/mybot_description/share/mybot_description/environment/path.dsv
[1.136s] -- Up-to-date: /home/uditr/mybot_ws/install/mybot_description/share/mybot_description/local_setup.bash
[1.136s] -- Up-to-date: /home/uditr/mybot_ws/install/mybot_description/share/mybot_description/local_setup.sh
[1.136s] -- Up-to-date: /home/uditr/mybot_ws/install/mybot_description/share/mybot_description/local_setup.zsh
[1.137s] -- Up-to-date: /home/uditr/mybot_ws/install/mybot_description/share/mybot_description/local_setup.dsv
[1.138s] -- Installing: /home/uditr/mybot_ws/install/mybot_description/share/mybot_description/package.dsv
[1.138s] -- Up-to-date: /home/uditr/mybot_ws/install/mybot_description/share/ament_index/resource_index/packages/mybot_description
[1.138s] -- Up-to-date: /home/uditr/mybot_ws/install/mybot_description/share/mybot_description/cmake/mybot_descriptionConfig.cmake
[1.139s] -- Up-to-date: /home/uditr/mybot_ws/install/mybot_description/share/mybot_description/cmake/mybot_descriptionConfig-version.cmake
[1.139s] -- Up-to-date: /home/uditr/mybot_ws/install/mybot_description/share/mybot_description/package.xml
[1.142s] Invoked command in '/home/uditr/mybot_ws/build/mybot_description' returned '0': CMAKE_PREFIX_PATH=/opt/ros/humble /usr/bin/cmake --install /home/uditr/mybot_ws/build/mybot_description
