[0.233s] Invoking command in '/home/uditr/mybot_ws/build/mybot_controller': CMAKE_PREFIX_PATH=/opt/ros/humble /usr/bin/cmake --build /home/uditr/mybot_ws/build/mybot_controller -- -j8 -l8
[2.918s] -- Found ament_cmake: 1.3.9 (/opt/ros/humble/share/ament_cmake/cmake)
[3.650s] -- Override CMake install command with custom implementation using symlinks instead of copying resources
[4.031s] -- Found rclpy: 3.3.13 (/opt/ros/humble/share/rclpy/cmake)
[4.126s] -- Found std_msgs: 4.2.4 (/opt/ros/humble/share/std_msgs/cmake)
[4.494s] -- Found rosidl_generator_c: 3.1.5 (/opt/ros/humble/share/rosidl_generator_c/cmake)
[4.547s] -- Found rosidl_adapter: 3.1.5 (/opt/ros/humble/share/rosidl_adapter/cmake)
[4.598s] -- Found rosidl_generator_cpp: 3.1.5 (/opt/ros/humble/share/rosidl_generator_cpp/cmake)
[4.686s] -- Using all available rosidl_typesupport_c: rosidl_typesupport_fastrtps_c;rosidl_typesupport_introspection_c
[4.795s] -- Using all available rosidl_typesupport_cpp: rosidl_typesupport_fastrtps_cpp;rosidl_typesupport_introspection_cpp
[4.914s] -- Found geometry_msgs: 4.2.4 (/opt/ros/humble/share/geometry_msgs/cmake)
[5.024s] [31mCMake Error at /opt/ros/humble/share/ament_cmake_python/cmake/ament_python_install_package.cmake:66 (message):
[5.024s]   ament_python_install_package() the Python package folder
[5.024s]   '/home/uditr/mybot_ws/src/mybot_controller/$(PROJECT_NAME)' doesn't contain
[5.024s]   an '__init__.py' file
[5.024s] Call Stack (most recent call first):
[5.024s]   /opt/ros/humble/share/ament_cmake_python/cmake/ament_python_install_package.cmake:39 (_ament_cmake_python_install_package)
[5.024s]   CMakeLists.txt:15 (ament_python_install_package)
[5.024s] 
[5.024s] [0m
[5.024s] -- Configuring incomplete, errors occurred!
[5.024s] See also "/home/uditr/mybot_ws/build/mybot_controller/CMakeFiles/CMakeOutput.log".
[5.042s] gmake: *** [Makefile:226: cmake_check_build_system] Error 1
[5.044s] Invoked command in '/home/uditr/mybot_ws/build/mybot_controller' returned '2': CMAKE_PREFIX_PATH=/opt/ros/humble /usr/bin/cmake --build /home/uditr/mybot_ws/build/mybot_controller -- -j8 -l8
