[9.997s] Invoking command in '/home/uditr/mybot_ws/src/mybot_py_programs': PYTHONPATH=/home/uditr/mybot_ws/build/mybot_py_programs/prefix_override:/usr/lib/python3/dist-packages/colcon_core/task/python/colcon_distutils_commands:/home/uditr/mybot_ws/install/mybot_py_programs/lib/python3.10/site-packages:${PYTHONPATH} /usr/bin/python3 -W ignore:setup.py install is deprecated setup.py egg_info --egg-base ../../build/mybot_py_programs build --build-base /home/uditr/mybot_ws/build/mybot_py_programs/build install --record /home/uditr/mybot_ws/build/mybot_py_programs/install.log --single-version-externally-managed install_data
[10.223s] running egg_info
[10.224s] writing ../../build/mybot_py_programs/mybot_py_programs.egg-info/PKG-INFO
[10.239s] writing dependency_links to ../../build/mybot_py_programs/mybot_py_programs.egg-info/dependency_links.txt
[10.503s] writing entry points to ../../build/mybot_py_programs/mybot_py_programs.egg-info/entry_points.txt
[10.503s] writing requirements to ../../build/mybot_py_programs/mybot_py_programs.egg-info/requires.txt
[10.503s] writing top-level names to ../../build/mybot_py_programs/mybot_py_programs.egg-info/top_level.txt
[10.504s] reading manifest file '../../build/mybot_py_programs/mybot_py_programs.egg-info/SOURCES.txt'
[10.792s] writing manifest file '../../build/mybot_py_programs/mybot_py_programs.egg-info/SOURCES.txt'
[10.792s] running build
[10.792s] running build_py
[10.792s] running install
[10.792s] running install_lib
[11.002s] running install_data
[11.002s] running install_egg_info
[11.003s] removing '/home/uditr/mybot_ws/install/mybot_py_programs/lib/python3.10/site-packages/mybot_py_programs-0.0.0-py3.10.egg-info' (and everything under it)
[11.003s] Copying ../../build/mybot_py_programs/mybot_py_programs.egg-info to /home/uditr/mybot_ws/install/mybot_py_programs/lib/python3.10/site-packages/mybot_py_programs-0.0.0-py3.10.egg-info
[11.183s] running install_scripts
[11.199s] Installing simple_parameter script to /home/uditr/mybot_ws/install/mybot_py_programs/lib/mybot_py_programs
[11.199s] Installing simple_publisher script to /home/uditr/mybot_ws/install/mybot_py_programs/lib/mybot_py_programs
[11.199s] Installing simple_subscriber script to /home/uditr/mybot_ws/install/mybot_py_programs/lib/mybot_py_programs
[11.199s] writing list of installed files to '/home/uditr/mybot_ws/build/mybot_py_programs/install.log'
[11.221s] Invoked command in '/home/uditr/mybot_ws/src/mybot_py_programs' returned '0': PYTHONPATH=/home/uditr/mybot_ws/build/mybot_py_programs/prefix_override:/usr/lib/python3/dist-packages/colcon_core/task/python/colcon_distutils_commands:/home/uditr/mybot_ws/install/mybot_py_programs/lib/python3.10/site-packages:${PYTHONPATH} /usr/bin/python3 -W ignore:setup.py install is deprecated setup.py egg_info --egg-base ../../build/mybot_py_programs build --build-base /home/uditr/mybot_ws/build/mybot_py_programs/build install --record /home/uditr/mybot_ws/build/mybot_py_programs/install.log --single-version-externally-managed install_data
